<?xml version="1.0" encoding="UTF-8"?>
<!-- Generated by org.testng.reporters.JUnitXMLReporter -->
<testsuite hostname="MONO-HYD-LAP-44" ignored="2" name="Test" tests="16" failures="0" timestamp="27 Mar 2019 07:26:43 GMT" time="102.181" errors="0">
  <testcase name="@BeforeClass createNewRLAssetOfTypeSeries" time="93.784" classname="com.amc.testclasses.RLTestCasesForSeries">
    <failure type="org.openqa.selenium.WebDriverException" message="unknown error: Element &amp;lt;iframe src=&amp;quot;/Asset_Maintenance/Home.aspx?module=Asset Maintenance&amp;quot; marginheight=&amp;quot;0&amp;quot; marginwidth=&amp;quot;0&amp;quot; frameborder=&amp;quot;0&amp;quot; title=&amp;quot;RL_Content_Frame&amp;quot; style=&amp;quot;width:100%;height:100%;&amp;quot; cd_frame_id_=&amp;quot;9b9751d91877fbb7f054d34e44dce0a6&amp;quot; tabindex=&amp;quot;-1&amp;quot;&amp;gt;...&amp;lt;/iframe&amp;gt; is not clickable at point (239, 165). Other element would receive the click: &amp;lt;iframe frameborder=&amp;quot;0&amp;quot; marginwidth=&amp;quot;0&amp;quot; marginheight=&amp;quot;0&amp;quot; src=&amp;quot;/asset_maintenance/contEdit.aspx?TYPE=program&amp;amp;amp;LEVEL=1&amp;amp;amp;id_asset=217752&amp;amp;amp;id_network=417&amp;amp;amp;PREVIEW=0&amp;quot; style=&amp;quot;height: 100%; width: 100%;&amp;quot; cd_frame_id_=&amp;quot;ccaf2bef53e86417601bb35e64131831&amp;quot;&amp;gt;&amp;lt;/iframe&amp;gt;
  (Session info: chrome=73.0.3683.86)
  (Driver info: chromedriver=2.42.591088 (7b2b2dca23cca0862f674758c9a3933e685c27d5),platform=Windows NT 10.0.17134 x86_64) (WARNING: The server did not provide any stacktrace information)
Command duration or timeout: 0 milliseconds
Build info: version: &amp;apos;3.14.0&amp;apos;, revision: &amp;apos;aacccce0&amp;apos;, time: &amp;apos;2018-08-02T20:13:22.693Z&amp;apos;
System info: host: &amp;apos;MONO-HYD-LAP-44&amp;apos;, ip: &amp;apos;10.6.237.210&amp;apos;, os.name: &amp;apos;Windows 10&amp;apos;, os.arch: &amp;apos;amd64&amp;apos;, os.version: &amp;apos;10.0&amp;apos;, java.version: &amp;apos;1.8.0_191&amp;apos;
Driver info: org.openqa.selenium.chrome.ChromeDriver
Capabilities {acceptInsecureCerts: false, acceptSslCerts: false, applicationCacheEnabled: false, browserConnectionEnabled: false, browserName: chrome, chrome: {chromedriverVersion: 2.42.591088 (7b2b2dca23cca0..., userDataDir: C:\Users\Monocept\AppData\L...}, cssSelectorsEnabled: true, databaseEnabled: false, goog:chromeOptions: {debuggerAddress: localhost:59443}, handlesAlerts: true, hasTouchScreen: false, javascriptEnabled: true, locationContextEnabled: true, mobileEmulationEnabled: false, nativeEvents: true, networkConnectionEnabled: false, pageLoadStrategy: normal, platform: XP, platformName: XP, rotatable: false, setWindowRect: true, takesHeapSnapshot: true, takesScreenshot: true, unexpectedAlertBehaviour: , unhandledPromptBehavior: , version: 73.0.3683.86, webStorageEnabled: true}
Session ID: 00e52ecfb492f138f12a0c33a9c8dce9">
      <![CDATA[org.openqa.selenium.WebDriverException: unknown error: Element <iframe src="/Asset_Maintenance/Home.aspx?module=Asset Maintenance" marginheight="0" marginwidth="0" frameborder="0" title="RL_Content_Frame" style="width:100%;height:100%;" cd_frame_id_="9b9751d91877fbb7f054d34e44dce0a6" tabindex="-1">...</iframe> is not clickable at point (239, 165). Other element would receive the click: <iframe frameborder="0" marginwidth="0" marginheight="0" src="/asset_maintenance/contEdit.aspx?TYPE=program&amp;LEVEL=1&amp;id_asset=217752&amp;id_network=417&amp;PREVIEW=0" style="height: 100%; width: 100%;" cd_frame_id_="ccaf2bef53e86417601bb35e64131831"></iframe>
  (Session info: chrome=73.0.3683.86)
  (Driver info: chromedriver=2.42.591088 (7b2b2dca23cca0862f674758c9a3933e685c27d5),platform=Windows NT 10.0.17134 x86_64) (WARNING: The server did not provide any stacktrace information)
Command duration or timeout: 0 milliseconds
Build info: version: '3.14.0', revision: 'aacccce0', time: '2018-08-02T20:13:22.693Z'
System info: host: 'MONO-HYD-LAP-44', ip: '10.6.237.210', os.name: 'Windows 10', os.arch: 'amd64', os.version: '10.0', java.version: '1.8.0_191'
Driver info: org.openqa.selenium.chrome.ChromeDriver
Capabilities {acceptInsecureCerts: false, acceptSslCerts: false, applicationCacheEnabled: false, browserConnectionEnabled: false, browserName: chrome, chrome: {chromedriverVersion: 2.42.591088 (7b2b2dca23cca0..., userDataDir: C:\Users\Monocept\AppData\L...}, cssSelectorsEnabled: true, databaseEnabled: false, goog:chromeOptions: {debuggerAddress: localhost:59443}, handlesAlerts: true, hasTouchScreen: false, javascriptEnabled: true, locationContextEnabled: true, mobileEmulationEnabled: false, nativeEvents: true, networkConnectionEnabled: false, pageLoadStrategy: normal, platform: XP, platformName: XP, rotatable: false, setWindowRect: true, takesHeapSnapshot: true, takesScreenshot: true, unexpectedAlertBehaviour: , unhandledPromptBehavior: , version: 73.0.3683.86, webStorageEnabled: true}
Session ID: 00e52ecfb492f138f12a0c33a9c8dce9
at org.openqa.selenium.remote.ErrorHandler.createThrowable(ErrorHandler.java:214)
at org.openqa.selenium.remote.ErrorHandler.throwIfResponseFailed(ErrorHandler.java:166)
at org.openqa.selenium.remote.http.JsonHttpResponseCodec.reconstructValue(JsonHttpResponseCodec.java:40)
at org.openqa.selenium.remote.http.AbstractHttpResponseCodec.decode(AbstractHttpResponseCodec.java:80)
at org.openqa.selenium.remote.http.AbstractHttpResponseCodec.decode(AbstractHttpResponseCodec.java:44)
at org.openqa.selenium.remote.HttpCommandExecutor.execute(HttpCommandExecutor.java:158)
at org.openqa.selenium.remote.service.DriverCommandExecutor.execute(DriverCommandExecutor.java:83)
at org.openqa.selenium.remote.RemoteWebDriver.execute(RemoteWebDriver.java:548)
at org.openqa.selenium.remote.RemoteWebElement.execute(RemoteWebElement.java:276)
at org.openqa.selenium.remote.RemoteWebElement.click(RemoteWebElement.java:83)
at org.openqa.selenium.support.pagefactory.internal.LocatingElementHandler.invoke(LocatingElementHandler.java:51)
at com.sun.proxy.$Proxy14.click(Unknown Source)
at com.amc.pageobjects.CreateAssetRightsLogic.clickOnGeneralTab(CreateAssetRightsLogic.java:284)
at com.amc.pageobjects.CreateAssetRightsLogic.assignContributorsToEpisode(CreateAssetRightsLogic.java:618)
at com.amc.testclasses.RLTestCasesForSeries.createNewRLAssetOfTypeSeries(RLTestCasesForSeries.java:32)
... Removed 33 stack frames]]>
    </failure>
  </testcase> <!-- @BeforeClass createNewRLAssetOfTypeSeries -->
  <testcase name="@BeforeClass createNewRLAssetOfTypeForOneOff" time="0.037" classname="com.amc.testclasses.RLTestCasesForOneOff">
    <failure type="java.lang.NullPointerException">
      <![CDATA[java.lang.NullPointerException
at java.util.Objects.requireNonNull(Objects.java:203)
at org.openqa.selenium.support.ui.FluentWait.<init>(FluentWait.java:115)
at org.openqa.selenium.support.ui.WebDriverWait.<init>(WebDriverWait.java:102)
at org.openqa.selenium.support.ui.WebDriverWait.<init>(WebDriverWait.java:45)
at com.amc.baseclass.AMCBaseClass.waitTillElementVisible(AMCBaseClass.java:405)
at com.amc.baseclass.AMCBaseClass.setData(AMCBaseClass.java:424)
at com.amc.pageobjects.LoginModule.enterUsername(LoginModule.java:62)
at com.amc.pageobjects.LoginModule.login(LoginModule.java:78)
at com.amc.pageobjects.LoginModule.clickOnRightsLogin(LoginModule.java:87)
at com.amc.testclasses.RLTestCasesForOneOff.createNewRLAssetOfTypeForOneOff(RLTestCasesForOneOff.java:29)
... Removed 26 stack frames]]>
    </failure>
  </testcase> <!-- @BeforeClass createNewRLAssetOfTypeForOneOff -->
  <testcase name="validateAMCNID" time="0.0" classname="com.amc.testclasses.RLTestCasesForSeries">
    <skipped/>
  </testcase> <!-- validateAMCNID -->
  <testcase name="validateAlternativeTitleForAKA" time="0.0" classname="com.amc.testclasses.RLTestCasesForSeries">
    <skipped/>
  </testcase> <!-- validateAlternativeTitleForAKA -->
  <testcase name="validateAlternativeTitleForLegal" time="0.0" classname="com.amc.testclasses.RLTestCasesForSeries">
    <skipped/>
  </testcase> <!-- validateAlternativeTitleForLegal -->
  <testcase name="validateAlternativeTitleTypeForAKA" time="0.0" classname="com.amc.testclasses.RLTestCasesForSeries">
    <skipped/>
  </testcase> <!-- validateAlternativeTitleTypeForAKA -->
  <testcase name="validateAlternativeTitleTypeForLegalType" time="0.0" classname="com.amc.testclasses.RLTestCasesForSeries">
    <skipped/>
  </testcase> <!-- validateAlternativeTitleTypeForLegalType -->
  <testcase name="validateAssetShowType" time="0.0" classname="com.amc.testclasses.RLTestCasesForSeries">
    <skipped/>
  </testcase> <!-- validateAssetShowType -->
  <testcase name="validateAssetSource" time="0.0" classname="com.amc.testclasses.RLTestCasesForSeries">
    <skipped/>
  </testcase> <!-- validateAssetSource -->
  <testcase name="validateAssetTitle" time="0.0" classname="com.amc.testclasses.RLTestCasesForSeries">
    <skipped/>
  </testcase> <!-- validateAssetTitle -->
  <testcase name="validateCastType" time="0.0" classname="com.amc.testclasses.RLTestCasesForSeries">
    <skipped/>
  </testcase> <!-- validateCastType -->
  <testcase name="validateFirstNameOfCastMember" time="0.0" classname="com.amc.testclasses.RLTestCasesForSeries">
    <skipped/>
  </testcase> <!-- validateFirstNameOfCastMember -->
  <testcase name="validateOrigin" time="0.0" classname="com.amc.testclasses.RLTestCasesForSeries">
    <skipped/>
  </testcase> <!-- validateOrigin -->
  <testcase name="validateOwnerNetwork" time="0.0" classname="com.amc.testclasses.RLTestCasesForSeries">
    <skipped/>
  </testcase> <!-- validateOwnerNetwork -->
  <testcase name="validateProductionMode" time="0.0" classname="com.amc.testclasses.RLTestCasesForSeries">
    <skipped/>
  </testcase> <!-- validateProductionMode -->
  <testcase name="validateTitleType" time="0.0" classname="com.amc.testclasses.RLTestCasesForSeries">
    <skipped/>
  </testcase> <!-- validateTitleType -->
  <testcase name="validateTotalNumberOfEpisodes" time="0.0" classname="com.amc.testclasses.RLTestCasesForSeries">
    <skipped/>
  </testcase> <!-- validateTotalNumberOfEpisodes -->
  <testcase name="validateAMCNID" time="0.0" classname="com.amc.testclasses.RLTestCasesForOneOff">
    <skipped/>
  </testcase> <!-- validateAMCNID -->
  <testcase name="@BeforeTest initializeTestBaseSetup" time="0.0" classname="com.amc.baseclass.AMCBaseClass">
    <ignored/>
  </testcase> <!-- @BeforeTest initializeTestBaseSetup -->
  <testcase name="@BeforeSuite connectToESBDatabase" time="0.0" classname="com.amc.baseclass.AMCBaseClass">
    <ignored/>
  </testcase> <!-- @BeforeSuite connectToESBDatabase -->
</testsuite> <!-- Test -->
