<?xml version="1.0" encoding="UTF-8"?>
<!-- Generated by org.testng.reporters.JUnitReportReporter -->
<testsuite skipped="0" hostname="MONO-HYD-LAP-41" name="com.amc.testclasses.RLTestCasesForDemo" tests="16" failures="0" timestamp="16 May 2019 09:00:54 GMT" time="0.422" errors="1">
  <testcase name="validateAssetShowTypeForDemo" time="0.024" classname="com.amc.testclasses.RLTestCasesForDemo"/>
  <testcase name="validateOriginForDemo" time="0.025" classname="com.amc.testclasses.RLTestCasesForDemo"/>
  <testcase name="validateProductionCompanyForDemo" time="0.025" classname="com.amc.testclasses.RLTestCasesForDemo"/>
  <testcase name="validateTRTForDemo" time="0.025" classname="com.amc.testclasses.RLTestCasesForDemo">
    <error type="org.json.JSONException" message="JSONObject[&quot;tdc:TITLE_CUST_field_83&quot;] not found.">
      <![CDATA[org.json.JSONException: JSONObject["tdc:TITLE_CUST_field_83"] not found.
at org.json.JSONObject.get(JSONObject.java:520)
at com.amc.pageobjects.ApiExecutionTypes.getValue(ApiExecutionTypes.java:473)
at com.amc.pageobjects.LoginModule.validateRLValuesWithMP(LoginModule.java:83)
at com.amc.testclasses.RLTestCasesForDemo.validateTRTForDemo(RLTestCasesForDemo.java:179)
at sun.reflect.NativeMethodAccessorImpl.invoke0(Native Method)
at sun.reflect.NativeMethodAccessorImpl.invoke(NativeMethodAccessorImpl.java:62)
at sun.reflect.DelegatingMethodAccessorImpl.invoke(DelegatingMethodAccessorImpl.java:43)
at java.lang.reflect.Method.invoke(Method.java:498)
at org.testng.internal.MethodInvocationHelper.invokeMethod(MethodInvocationHelper.java:124)
at org.testng.internal.Invoker.invokeMethod(Invoker.java:583)
at org.testng.internal.Invoker.invokeTestMethod(Invoker.java:719)
at org.testng.internal.Invoker.invokeTestMethods(Invoker.java:989)
at org.testng.internal.TestMethodWorker.invokeTestMethods(TestMethodWorker.java:125)
at org.testng.internal.TestMethodWorker.run(TestMethodWorker.java:109)
at java.util.concurrent.ThreadPoolExecutor.runWorker(ThreadPoolExecutor.java:1149)
at java.util.concurrent.ThreadPoolExecutor$Worker.run(ThreadPoolExecutor.java:624)
at java.lang.Thread.run(Thread.java:748)
]]>
    </error>
  </testcase> <!-- validateTRTForDemo -->
  <testcase name="validateAssetSourceForDemo" time="0.022" classname="com.amc.testclasses.RLTestCasesForDemo"/>
  <testcase name="validateReleaseYearForDemo" time="0.022" classname="com.amc.testclasses.RLTestCasesForDemo"/>
  <testcase name="validateAlternativeTitleForLegalForDemo" time="0.027" classname="com.amc.testclasses.RLTestCasesForDemo"/>
  <testcase name="validateFirstNameOfCastMemberForDemo" time="0.023" classname="com.amc.testclasses.RLTestCasesForDemo"/>
  <testcase name="validateTitleTypeForDemo" time="0.024" classname="com.amc.testclasses.RLTestCasesForDemo"/>
  <testcase name="validateAlternativeTitleTypeForAKAForDemo" time="0.048" classname="com.amc.testclasses.RLTestCasesForDemo"/>
  <testcase name="validateAssetTitleForDemo" time="0.023" classname="com.amc.testclasses.RLTestCasesForDemo"/>
  <testcase name="validateAlternativeTitleTypeForLegalTypeForDemo" time="0.020" classname="com.amc.testclasses.RLTestCasesForDemo"/>
  <testcase name="validateAMCNIDForDemo" time="0.036" classname="com.amc.testclasses.RLTestCasesForDemo"/>
  <testcase name="validateProductionModeForDemo" time="0.026" classname="com.amc.testclasses.RLTestCasesForDemo"/>
  <testcase name="validateCastTypeForDemo" time="0.029" classname="com.amc.testclasses.RLTestCasesForDemo"/>
  <testcase name="validateAlternativeTitleForAKAForDemo" time="0.023" classname="com.amc.testclasses.RLTestCasesForDemo"/>
</testsuite> <!-- com.amc.testclasses.RLTestCasesForDemo -->
