<?xml version="1.0" encoding="UTF-8"?>
<!-- Generated by org.testng.reporters.JUnitReportReporter -->
<testsuite skipped="0" hostname="MONO-HYD-LAP-41" name="com.amc.testclasses.RLTestCasesForSpecial" tests="16" failures="0" timestamp="16 May 2019 09:00:54 GMT" time="0.440" errors="1">
  <testcase name="validateCastTypeForSpecial" time="0.034" classname="com.amc.testclasses.RLTestCasesForSpecial"/>
  <testcase name="validateFirstNameOfCastMemberForSpecial" time="0.025" classname="com.amc.testclasses.RLTestCasesForSpecial"/>
  <testcase name="validateAlternativeTitleForLegalForSpecial" time="0.026" classname="com.amc.testclasses.RLTestCasesForSpecial"/>
  <testcase name="validateTRTForSpecial" time="0.021" classname="com.amc.testclasses.RLTestCasesForSpecial">
    <error type="org.json.JSONException" message="JSONObject[&quot;tdc:TITLE_CUST_field_83&quot;] not found.">
      <![CDATA[org.json.JSONException: JSONObject["tdc:TITLE_CUST_field_83"] not found.
at org.json.JSONObject.get(JSONObject.java:520)
at com.amc.pageobjects.ApiExecutionTypes.getValue(ApiExecutionTypes.java:473)
at com.amc.pageobjects.LoginModule.validateRLValuesWithMP(LoginModule.java:83)
at com.amc.testclasses.RLTestCasesForSpecial.validateTRTForSpecial(RLTestCasesForSpecial.java:180)
at sun.reflect.NativeMethodAccessorImpl.invoke0(Native Method)
at sun.reflect.NativeMethodAccessorImpl.invoke(NativeMethodAccessorImpl.java:62)
at sun.reflect.DelegatingMethodAccessorImpl.invoke(DelegatingMethodAccessorImpl.java:43)
at java.lang.reflect.Method.invoke(Method.java:498)
at org.testng.internal.MethodInvocationHelper.invokeMethod(MethodInvocationHelper.java:124)
at org.testng.internal.Invoker.invokeMethod(Invoker.java:583)
at org.testng.internal.Invoker.invokeTestMethod(Invoker.java:719)
at org.testng.internal.Invoker.invokeTestMethods(Invoker.java:989)
at org.testng.internal.TestMethodWorker.invokeTestMethods(TestMethodWorker.java:125)
at org.testng.internal.TestMethodWorker.run(TestMethodWorker.java:109)
at java.util.concurrent.ThreadPoolExecutor.runWorker(ThreadPoolExecutor.java:1149)
at java.util.concurrent.ThreadPoolExecutor$Worker.run(ThreadPoolExecutor.java:624)
at java.lang.Thread.run(Thread.java:748)
]]>
    </error>
  </testcase> <!-- validateTRTForSpecial -->
  <testcase name="validateProductionCompanyForSpecial" time="0.024" classname="com.amc.testclasses.RLTestCasesForSpecial"/>
  <testcase name="validateAssetSourceForSpecial" time="0.043" classname="com.amc.testclasses.RLTestCasesForSpecial"/>
  <testcase name="validateProductionModeForSpecial" time="0.028" classname="com.amc.testclasses.RLTestCasesForSpecial"/>
  <testcase name="validateAlternativeTitleTypeForAKAForSpecial" time="0.029" classname="com.amc.testclasses.RLTestCasesForSpecial"/>
  <testcase name="validateTitleTypeForSpecial" time="0.027" classname="com.amc.testclasses.RLTestCasesForSpecial"/>
  <testcase name="validateReleaseYearForSpecial" time="0.026" classname="com.amc.testclasses.RLTestCasesForSpecial"/>
  <testcase name="validateOriginForSpecial" time="0.025" classname="com.amc.testclasses.RLTestCasesForSpecial"/>
  <testcase name="validateAssetTitleForSpecial" time="0.027" classname="com.amc.testclasses.RLTestCasesForSpecial"/>
  <testcase name="validateAssetShowTypeForSpecial" time="0.025" classname="com.amc.testclasses.RLTestCasesForSpecial"/>
  <testcase name="validateAlternativeTitleTypeForLegalTypeForSpecial" time="0.021" classname="com.amc.testclasses.RLTestCasesForSpecial"/>
  <testcase name="validateAlternativeTitleForAKAForSpecial" time="0.032" classname="com.amc.testclasses.RLTestCasesForSpecial"/>
  <testcase name="validateAMCNIDForSpecial" time="0.027" classname="com.amc.testclasses.RLTestCasesForSpecial"/>
</testsuite> <!-- com.amc.testclasses.RLTestCasesForSpecial -->
