<?xml version="1.0" encoding="UTF-8"?>
<!-- Generated by org.testng.reporters.JUnitReportReporter -->
<testsuite skipped="0" hostname="MONO-HYD-LAP-41" name="com.amc.testclasses.RLTestCasesForPilot" tests="16" failures="0" timestamp="16 May 2019 09:00:54 GMT" time="0.508" errors="1">
  <testcase name="validateAMCNIDForPilot" time="0.061" classname="com.amc.testclasses.RLTestCasesForPilot"/>
  <testcase name="validateCastTypeForPilot" time="0.037" classname="com.amc.testclasses.RLTestCasesForPilot"/>
  <testcase name="validateFirstNameOfCastMemberForPilot" time="0.034" classname="com.amc.testclasses.RLTestCasesForPilot"/>
  <testcase name="validateAssetShowTypeForPilot" time="0.024" classname="com.amc.testclasses.RLTestCasesForPilot"/>
  <testcase name="validateAlternativeTitleTypeForLegalTypeForPilot" time="0.040" classname="com.amc.testclasses.RLTestCasesForPilot"/>
  <testcase name="validateOriginForPilot" time="0.026" classname="com.amc.testclasses.RLTestCasesForPilot"/>
  <testcase name="validateAlternativeTitleTypeForAKAForPilot" time="0.038" classname="com.amc.testclasses.RLTestCasesForPilot"/>
  <testcase name="validateAlternativeTitleForAKAForPilot" time="0.020" classname="com.amc.testclasses.RLTestCasesForPilot"/>
  <testcase name="validateAssetSourceForPilot" time="0.024" classname="com.amc.testclasses.RLTestCasesForPilot"/>
  <testcase name="validateProductionModeForPilot" time="0.030" classname="com.amc.testclasses.RLTestCasesForPilot"/>
  <testcase name="validateAssetTitleForPilot" time="0.035" classname="com.amc.testclasses.RLTestCasesForPilot"/>
  <testcase name="validateReleaseYearForPilot" time="0.035" classname="com.amc.testclasses.RLTestCasesForPilot"/>
  <testcase name="validateTitleTypeForPilot" time="0.029" classname="com.amc.testclasses.RLTestCasesForPilot"/>
  <testcase name="validateProductionCompanyForPilot" time="0.029" classname="com.amc.testclasses.RLTestCasesForPilot"/>
  <testcase name="validateTRTForPilot" time="0.023" classname="com.amc.testclasses.RLTestCasesForPilot">
    <error type="org.json.JSONException" message="JSONObject[&quot;tdc:TITLE_CUST_field_83&quot;] not found.">
      <![CDATA[org.json.JSONException: JSONObject["tdc:TITLE_CUST_field_83"] not found.
at org.json.JSONObject.get(JSONObject.java:520)
at com.amc.pageobjects.ApiExecutionTypes.getValue(ApiExecutionTypes.java:473)
at com.amc.pageobjects.LoginModule.validateRLValuesWithMP(LoginModule.java:83)
at com.amc.testclasses.RLTestCasesForPilot.validateTRTForPilot(RLTestCasesForPilot.java:180)
at sun.reflect.NativeMethodAccessorImpl.invoke0(Native Method)
at sun.reflect.NativeMethodAccessorImpl.invoke(NativeMethodAccessorImpl.java:62)
at sun.reflect.DelegatingMethodAccessorImpl.invoke(DelegatingMethodAccessorImpl.java:43)
at java.lang.reflect.Method.invoke(Method.java:498)
at org.testng.internal.MethodInvocationHelper.invokeMethod(MethodInvocationHelper.java:124)
at org.testng.internal.Invoker.invokeMethod(Invoker.java:583)
at org.testng.internal.Invoker.invokeTestMethod(Invoker.java:719)
at org.testng.internal.Invoker.invokeTestMethods(Invoker.java:989)
at org.testng.internal.TestMethodWorker.invokeTestMethods(TestMethodWorker.java:125)
at org.testng.internal.TestMethodWorker.run(TestMethodWorker.java:109)
at java.util.concurrent.ThreadPoolExecutor.runWorker(ThreadPoolExecutor.java:1149)
at java.util.concurrent.ThreadPoolExecutor$Worker.run(ThreadPoolExecutor.java:624)
at java.lang.Thread.run(Thread.java:748)
]]>
    </error>
  </testcase> <!-- validateTRTForPilot -->
  <testcase name="validateAlternativeTitleForLegalForPilot" time="0.023" classname="com.amc.testclasses.RLTestCasesForPilot"/>
</testsuite> <!-- com.amc.testclasses.RLTestCasesForPilot -->
