<?xml version="1.0" encoding="UTF-8"?>
<!-- Generated by org.testng.reporters.JUnitReportReporter -->
<testsuite skipped="0" hostname="MONO-HYD-LAP-41" name="com.amc.testclasses.RLTestCasesForShortFilm" tests="16" failures="0" timestamp="16 May 2019 09:00:54 GMT" time="0.470" errors="1">
  <testcase name="validateReleaseYearForShortFilm" time="0.023" classname="com.amc.testclasses.RLTestCasesForShortFilm"/>
  <testcase name="validateTitleTypeForShortFilm" time="0.042" classname="com.amc.testclasses.RLTestCasesForShortFilm"/>
  <testcase name="validateAssetTitleForShortFilm" time="0.024" classname="com.amc.testclasses.RLTestCasesForShortFilm"/>
  <testcase name="validateOriginForShortFilm" time="0.034" classname="com.amc.testclasses.RLTestCasesForShortFilm"/>
  <testcase name="validateProductionModeForShortFilm" time="0.033" classname="com.amc.testclasses.RLTestCasesForShortFilm"/>
  <testcase name="validateFirstNameOfCastMemberForShortFilm" time="0.025" classname="com.amc.testclasses.RLTestCasesForShortFilm"/>
  <testcase name="validateCastTypeForShortFilm" time="0.024" classname="com.amc.testclasses.RLTestCasesForShortFilm"/>
  <testcase name="validateAlternativeTitleForLegalForShortFilm" time="0.020" classname="com.amc.testclasses.RLTestCasesForShortFilm"/>
  <testcase name="validateProductionCompanyForShortFilm" time="0.024" classname="com.amc.testclasses.RLTestCasesForShortFilm"/>
  <testcase name="validateAlternativeTitleTypeForLegalTypeForShortFilm" time="0.024" classname="com.amc.testclasses.RLTestCasesForShortFilm"/>
  <testcase name="validateAlternativeTitleTypeForAKAForShortFilm" time="0.057" classname="com.amc.testclasses.RLTestCasesForShortFilm"/>
  <testcase name="validateAssetSourceForShortFilm" time="0.035" classname="com.amc.testclasses.RLTestCasesForShortFilm"/>
  <testcase name="validateAlternativeTitleForAKAForShortFilm" time="0.024" classname="com.amc.testclasses.RLTestCasesForShortFilm"/>
  <testcase name="validateAMCNIDForShortFilm" time="0.025" classname="com.amc.testclasses.RLTestCasesForShortFilm"/>
  <testcase name="validateTRTForShortFilm" time="0.032" classname="com.amc.testclasses.RLTestCasesForShortFilm">
    <error type="org.json.JSONException" message="JSONObject[&quot;tdc:TITLE_CUST_field_83&quot;] not found.">
      <![CDATA[org.json.JSONException: JSONObject["tdc:TITLE_CUST_field_83"] not found.
at org.json.JSONObject.get(JSONObject.java:520)
at com.amc.pageobjects.ApiExecutionTypes.getValue(ApiExecutionTypes.java:473)
at com.amc.pageobjects.LoginModule.validateRLValuesWithMP(LoginModule.java:83)
at com.amc.testclasses.RLTestCasesForShortFilm.validateTRTForShortFilm(RLTestCasesForShortFilm.java:178)
at sun.reflect.NativeMethodAccessorImpl.invoke0(Native Method)
at sun.reflect.NativeMethodAccessorImpl.invoke(NativeMethodAccessorImpl.java:62)
at sun.reflect.DelegatingMethodAccessorImpl.invoke(DelegatingMethodAccessorImpl.java:43)
at java.lang.reflect.Method.invoke(Method.java:498)
at org.testng.internal.MethodInvocationHelper.invokeMethod(MethodInvocationHelper.java:124)
at org.testng.internal.Invoker.invokeMethod(Invoker.java:583)
at org.testng.internal.Invoker.invokeTestMethod(Invoker.java:719)
at org.testng.internal.Invoker.invokeTestMethods(Invoker.java:989)
at org.testng.internal.TestMethodWorker.invokeTestMethods(TestMethodWorker.java:125)
at org.testng.internal.TestMethodWorker.run(TestMethodWorker.java:109)
at java.util.concurrent.ThreadPoolExecutor.runWorker(ThreadPoolExecutor.java:1149)
at java.util.concurrent.ThreadPoolExecutor$Worker.run(ThreadPoolExecutor.java:624)
at java.lang.Thread.run(Thread.java:748)
]]>
    </error>
  </testcase> <!-- validateTRTForShortFilm -->
  <testcase name="validateAssetShowTypeForShortFilm" time="0.024" classname="com.amc.testclasses.RLTestCasesForShortFilm"/>
</testsuite> <!-- com.amc.testclasses.RLTestCasesForShortFilm -->
