<?xml version="1.0" encoding="UTF-8"?>
<!-- Generated by org.testng.reporters.JUnitReportReporter -->
<testsuite skipped="0" hostname="MONO-HYD-LAP-41" name="com.amc.testclasses.RLTestCasesForDocumentary" tests="16" failures="0" timestamp="16 May 2019 09:00:54 GMT" time="0.464" errors="1">
  <testcase name="validateAlternativeTitleTypeForAKAForDocumentary" time="0.037" classname="com.amc.testclasses.RLTestCasesForDocumentary"/>
  <testcase name="validateFirstNameOfCastMemberForDocumentary" time="0.022" classname="com.amc.testclasses.RLTestCasesForDocumentary"/>
  <testcase name="validateProductionCompanyForDocumentary" time="0.020" classname="com.amc.testclasses.RLTestCasesForDocumentary"/>
  <testcase name="validateAssetSourceForDocumentary" time="0.025" classname="com.amc.testclasses.RLTestCasesForDocumentary"/>
  <testcase name="validateOriginForDocumentary" time="0.029" classname="com.amc.testclasses.RLTestCasesForDocumentary"/>
  <testcase name="validateTitleTypeForDocumentary" time="0.037" classname="com.amc.testclasses.RLTestCasesForDocumentary"/>
  <testcase name="validateAssetShowTypeForDocumentary" time="0.026" classname="com.amc.testclasses.RLTestCasesForDocumentary"/>
  <testcase name="validateAMCNIDForDocumentary" time="0.047" classname="com.amc.testclasses.RLTestCasesForDocumentary"/>
  <testcase name="validateAlternativeTitleForLegalForDocumentary" time="0.019" classname="com.amc.testclasses.RLTestCasesForDocumentary"/>
  <testcase name="validateCastTypeForDocumentary" time="0.022" classname="com.amc.testclasses.RLTestCasesForDocumentary"/>
  <testcase name="validateProductionModeForDocumentary" time="0.035" classname="com.amc.testclasses.RLTestCasesForDocumentary"/>
  <testcase name="validateReleaseYearForDocumentary" time="0.025" classname="com.amc.testclasses.RLTestCasesForDocumentary"/>
  <testcase name="validateAlternativeTitleForAKAForDocumentary" time="0.021" classname="com.amc.testclasses.RLTestCasesForDocumentary"/>
  <testcase name="validateAssetTitleForDocumentary" time="0.038" classname="com.amc.testclasses.RLTestCasesForDocumentary"/>
  <testcase name="validateAlternativeTitleTypeForLegalTypeForDocumentary" time="0.040" classname="com.amc.testclasses.RLTestCasesForDocumentary"/>
  <testcase name="validateTRTForDocumentary" time="0.021" classname="com.amc.testclasses.RLTestCasesForDocumentary">
    <error type="org.json.JSONException" message="JSONObject[&quot;tdc:TITLE_CUST_field_83&quot;] not found.">
      <![CDATA[org.json.JSONException: JSONObject["tdc:TITLE_CUST_field_83"] not found.
at org.json.JSONObject.get(JSONObject.java:520)
at com.amc.pageobjects.ApiExecutionTypes.getValue(ApiExecutionTypes.java:473)
at com.amc.pageobjects.LoginModule.validateRLValuesWithMP(LoginModule.java:83)
at com.amc.testclasses.RLTestCasesForDocumentary.validateTRTForDocumentary(RLTestCasesForDocumentary.java:180)
at sun.reflect.NativeMethodAccessorImpl.invoke0(Native Method)
at sun.reflect.NativeMethodAccessorImpl.invoke(NativeMethodAccessorImpl.java:62)
at sun.reflect.DelegatingMethodAccessorImpl.invoke(DelegatingMethodAccessorImpl.java:43)
at java.lang.reflect.Method.invoke(Method.java:498)
at org.testng.internal.MethodInvocationHelper.invokeMethod(MethodInvocationHelper.java:124)
at org.testng.internal.Invoker.invokeMethod(Invoker.java:583)
at org.testng.internal.Invoker.invokeTestMethod(Invoker.java:719)
at org.testng.internal.Invoker.invokeTestMethods(Invoker.java:989)
at org.testng.internal.TestMethodWorker.invokeTestMethods(TestMethodWorker.java:125)
at org.testng.internal.TestMethodWorker.run(TestMethodWorker.java:109)
at java.util.concurrent.ThreadPoolExecutor.runWorker(ThreadPoolExecutor.java:1149)
at java.util.concurrent.ThreadPoolExecutor$Worker.run(ThreadPoolExecutor.java:624)
at java.lang.Thread.run(Thread.java:748)
]]>
    </error>
  </testcase> <!-- validateTRTForDocumentary -->
</testsuite> <!-- com.amc.testclasses.RLTestCasesForDocumentary -->
