<?xml version="1.0" encoding="UTF-8" standalone="yes"?>
<ns2:test-suite start="1556094545380" stop="1556094549694" version="1.5.4" xmlns:ns2="urn:model.allure.qatools.yandex.ru">
    <name>Suite : AssetCreationForOneOff[assetType=One-Off]</name>
    <title>Suite : AssetCreationForOneOff[assetType=One-Off]</title>
    <test-cases>
        <test-case start="1556094549173" stop="1556094549174" status="broken">
            <name>executeAPI</name>
            <description>@BeforeTest</description>
            <failure>
                <message>RuntimeException: Failed : HTTP error code : 404</message>
                <stack-trace>java.lang.RuntimeException: Failed : HTTP error code : 404
	at com.amc.pageobjects.ApiExecutionTypes.getapiExecute(ApiExecutionTypes.java:155)
	at com.amc.pageobjects.ApiExecutionTypes.APIResponse(ApiExecutionTypes.java:79)
	at com.amc.baseclass.AMCBaseClass.executeAPI(AMCBaseClass.java:172)
	at sun.reflect.NativeMethodAccessorImpl.invoke0(Native Method)
	at sun.reflect.NativeMethodAccessorImpl.invoke(NativeMethodAccessorImpl.java:62)
	at sun.reflect.DelegatingMethodAccessorImpl.invoke(DelegatingMethodAccessorImpl.java:43)
	at java.lang.reflect.Method.invoke(Method.java:498)
	at org.testng.internal.MethodInvocationHelper.invokeMethod(MethodInvocationHelper.java:124)
	at org.testng.internal.MethodInvocationHelper.invokeMethodConsideringTimeout(MethodInvocationHelper.java:59)
	at org.testng.internal.Invoker.invokeConfigurationMethod(Invoker.java:458)
	at org.testng.internal.Invoker.invokeConfigurations(Invoker.java:222)
	at org.testng.internal.Invoker.invokeConfigurations(Invoker.java:142)
	at org.testng.TestRunner.beforeRun(TestRunner.java:529)
	at org.testng.TestRunner.run(TestRunner.java:497)
	at org.testng.SuiteRunner.runTest(SuiteRunner.java:455)
	at org.testng.SuiteRunner.runSequentially(SuiteRunner.java:450)
	at org.testng.SuiteRunner.privateRun(SuiteRunner.java:415)
	at org.testng.SuiteRunner.run(SuiteRunner.java:364)
	at org.testng.SuiteRunnerWorker.runSuite(SuiteRunnerWorker.java:52)
	at org.testng.SuiteRunnerWorker.run(SuiteRunnerWorker.java:84)
	at org.testng.TestNG.runSuitesSequentially(TestNG.java:1208)
	at org.testng.TestNG.runSuitesLocally(TestNG.java:1137)
	at org.testng.TestNG.runSuites(TestNG.java:1049)
	at org.testng.TestNG.run(TestNG.java:1017)
	at org.testng.remote.AbstractRemoteTestNG.run(AbstractRemoteTestNG.java:114)
	at org.testng.remote.RemoteTestNG.initAndRun(RemoteTestNG.java:251)
	at org.testng.remote.RemoteTestNG.main(RemoteTestNG.java:77)
</stack-trace>
            </failure>
            <steps>
                <step start="1556094545381" stop="1556094545381" status="passed">
                    <name>logStep[Get the details from Excel]</name>
                    <title>Get the details from Excel</title>
                </step>
                <step start="1556094545381" stop="1556094545381" status="passed">
                    <name>logStep[Http Client service is invoked]</name>
                    <title>Http Client service is invoked</title>
                </step>
                <step start="1556094545383" stop="1556094545383" status="passed">
                    <name>logStep[apirequest is  : --grant_type=client_credentials&amp;client_id=cebff59a-4e80-4a47-9c2a-6e25ec3c5397&amp;client_secret=xY...]</name>
                    <title>apirequest is  : --grant_type=client_credentials&amp;client_id=cebff59a-4e80-4a47-9c2a-6e25ec3c5397&amp;client_secret=xY2sJ4xW1b...</title>
                </step>
                <step start="1556094545383" stop="1556094545383" status="passed">
                    <name>logStep[Executing request with http Post method]</name>
                    <title>Executing request with http Post method</title>
                </step>
                <step start="1556094546489" stop="1556094546489" status="passed">
                    <name>logStep[Response is : HttpResponseProxy{HTTP/1.1 200 OK [X-Backside-Transport: FAIL FAIL, Connection: Keep-Alive, Transf...]</name>
                    <title>Response is : HttpResponseProxy{HTTP/1.1 200 OK [X-Backside-Transport: FAIL FAIL, Connection: Keep-Alive, Transfer-Encod...</title>
                </step>
                <step start="1556094546490" stop="1556094546490" status="passed">
                    <name>logStep[API Executed Successully : ]</name>
                    <title>API Executed Successully : </title>
                </step>
                <step start="1556094546492" stop="1556094546492" status="passed">
                    <name>logStep[API Executed Successfully]</name>
                    <title>API Executed Successfully</title>
                </step>
                <step start="1556094546493" stop="1556094546493" status="passed">
                    <name>logStep[{"access_token":"AAIkY2ViZmY1OWEtNGU4MC00YTQ3LTljMmEtNmUyNWVjM2M1Mzk3FM6u0R_0ivOYWt11amjn9spWy95wV9WhqJEIRYwTeEG...]</name>
                    <title>{"access_token":"AAIkY2ViZmY1OWEtNGU4MC00YTQ3LTljMmEtNmUyNWVjM2M1Mzk3FM6u0R_0ivOYWt11amjn9spWy95wV9WhqJEIRYwTeEGbjflI0OY...</title>
                </step>
                <step start="1556094546493" stop="1556094546493" status="passed">
                    <name>logStep[access_token value is :AAIkY2ViZmY1OWEtNGU4MC00YTQ3LTljMmEtNmUyNWVjM2M1Mzk3FM6u0R_0ivOYWt11amjn9spWy95wV9WhqJEIR...]</name>
                    <title>access_token value is :AAIkY2ViZmY1OWEtNGU4MC00YTQ3LTljMmEtNmUyNWVjM2M1Mzk3FM6u0R_0ivOYWt11amjn9spWy95wV9WhqJEIRYwTeEGbj...</title>
                </step>
                <step start="1556094546493" stop="1556094546493" status="passed">
                    <name>logStep[Get the details from Excel]</name>
                    <title>Get the details from Excel</title>
                </step>
                <step start="1556094546494" stop="1556094546494" status="passed">
                    <name>logStep[Http Client service is invoked]</name>
                    <title>Http Client service is invoked</title>
                </step>
                <step start="1556094546495" stop="1556094546495" status="passed">
                    <name>logStep[apirequest is  : --{"username":"restRightsLogic5", "password": "abcd1234"} ]</name>
                    <title>apirequest is  : --{"username":"restRightsLogic5", "password": "abcd1234"} </title>
                </step>
                <step start="1556094546496" stop="1556094546496" status="passed">
                    <name>logStep[Using Access tokena as Bearer : no value]</name>
                    <title>Using Access tokena as Bearer : no value</title>
                </step>
                <step start="1556094546496" stop="1556094546496" status="passed">
                    <name>logStep[Headers are: : Content-Type------application/json]</name>
                    <title>Headers are: : Content-Type------application/json</title>
                </step>
                <step start="1556094546496" stop="1556094546496" status="passed">
                    <name>logStep[Using Access tokena as Bearer : no value]</name>
                    <title>Using Access tokena as Bearer : no value</title>
                </step>
                <step start="1556094546496" stop="1556094546496" status="passed">
                    <name>logStep[Using Access tokena as Bearer : AAIkY2ViZmY1OWEtNGU4MC00YTQ3LTljMmEtNmUyNWVjM2M1Mzk3FM6u0R_0ivOYWt11amjn9spWy95w...]</name>
                    <title>Using Access tokena as Bearer : AAIkY2ViZmY1OWEtNGU4MC00YTQ3LTljMmEtNmUyNWVjM2M1Mzk3FM6u0R_0ivOYWt11amjn9spWy95wV9WhqJEI...</title>
                </step>
                <step start="1556094546497" stop="1556094546497" status="passed">
                    <name>logStep[Headers are: : Authorization------Bearer AAIkY2ViZmY1OWEtNGU4MC00YTQ3LTljMmEtNmUyNWVjM2M1Mzk3FM6u0R_0ivOYWt11amj...]</name>
                    <title>Headers are: : Authorization------Bearer AAIkY2ViZmY1OWEtNGU4MC00YTQ3LTljMmEtNmUyNWVjM2M1Mzk3FM6u0R_0ivOYWt11amjn9spWy95...</title>
                </step>
                <step start="1556094546497" stop="1556094546497" status="passed">
                    <name>logStep[Using Access tokena as Bearer : no value]</name>
                    <title>Using Access tokena as Bearer : no value</title>
                </step>
                <step start="1556094546497" stop="1556094546497" status="passed">
                    <name>logStep[Headers are: : Accept------application/json]</name>
                    <title>Headers are: : Accept------application/json</title>
                </step>
                <step start="1556094546497" stop="1556094546497" status="passed">
                    <name>logStep[Using Access tokena as Bearer : no value]</name>
                    <title>Using Access tokena as Bearer : no value</title>
                </step>
                <step start="1556094546497" stop="1556094546497" status="passed">
                    <name>logStep[Headers are: : endpoint------https://cap-sg-prd-4.integration.ibmcloud.com:17433]</name>
                    <title>Headers are: : endpoint------https://cap-sg-prd-4.integration.ibmcloud.com:17433</title>
                </step>
                <step start="1556094546498" stop="1556094546498" status="passed">
                    <name>logStep[Using Access tokena as Bearer : no value]</name>
                    <title>Using Access tokena as Bearer : no value</title>
                </step>
                <step start="1556094546498" stop="1556094546498" status="passed">
                    <name>logStep[Headers are: : resource------/dev/program/login]</name>
                    <title>Headers are: : resource------/dev/program/login</title>
                </step>
                <step start="1556094546498" stop="1556094546498" status="passed">
                    <name>logStep[Using Access tokena as Bearer : no value]</name>
                    <title>Using Access tokena as Bearer : no value</title>
                </step>
                <step start="1556094546498" stop="1556094546498" status="passed">
                    <name>logStep[Headers are: : tls-profile------asit-wo-101059121-50697]</name>
                    <title>Headers are: : tls-profile------asit-wo-101059121-50697</title>
                </step>
                <step start="1556094546498" stop="1556094546498" status="passed">
                    <name>logStep[Using Access tokena as Bearer : no value]</name>
                    <title>Using Access tokena as Bearer : no value</title>
                </step>
                <step start="1556094546498" stop="1556094546498" status="passed">
                    <name>logStep[Headers are: : x-ibm-client-id------cebff59a-4e80-4a47-9c2a-6e25ec3c5397]</name>
                    <title>Headers are: : x-ibm-client-id------cebff59a-4e80-4a47-9c2a-6e25ec3c5397</title>
                </step>
                <step start="1556094546499" stop="1556094546499" status="passed">
                    <name>logStep[Executing post API with Http Post method]</name>
                    <title>Executing post API with Http Post method</title>
                </step>
                <step start="1556094547899" stop="1556094547899" status="passed">
                    <name>logStep[Response is : HttpResponseProxy{HTTP/1.1 200 OK [X-Backside-Transport: OK OK, Connection: Keep-Alive, Transfer-E...]</name>
                    <title>Response is : HttpResponseProxy{HTTP/1.1 200 OK [X-Backside-Transport: OK OK, Connection: Keep-Alive, Transfer-Encoding:...</title>
                </step>
                <step start="1556094547900" stop="1556094547900" status="passed">
                    <name>logStep[API Executed Successully : ]</name>
                    <title>API Executed Successully : </title>
                </step>
                <step start="1556094547909" stop="1556094547909" status="passed">
                    <name>logStep[API Executed Successfully]</name>
                    <title>API Executed Successfully</title>
                </step>
                <step start="1556094547910" stop="1556094547910" status="passed">
                    <name>logStep[{"service":"AMCN Integration Service","message":"Authentication successful","statusCode":"0","token":"eyJhbGciOi...]</name>
                    <title>{"service":"AMCN Integration Service","message":"Authentication successful","statusCode":"0","token":"eyJhbGciOiJIUzI1Ni...</title>
                </step>
                <step start="1556094547910" stop="1556094547910" status="passed">
                    <name>logStep[token value is :eyJhbGciOiJIUzI1NiIsInR5cCI6IkpXVCJ9.eyJ1c2VybmFtZSI6InJlc3RSaWdodHNMb2dpYzUiLCJwYXNzd29yZCI6bnV...]</name>
                    <title>token value is :eyJhbGciOiJIUzI1NiIsInR5cCI6IkpXVCJ9.eyJ1c2VybmFtZSI6InJlc3RSaWdodHNMb2dpYzUiLCJwYXNzd29yZCI6bnVsbCwiaWF...</title>
                </step>
                <step start="1556094547910" stop="1556094547910" status="passed">
                    <name>logStep[Started executing API Testing]</name>
                    <title>Started executing API Testing</title>
                </step>
                <step start="1556094547910" stop="1556094547910" status="passed">
                    <name>logStep[Verify Api Type is Get  or Post]</name>
                    <title>Verify Api Type is Get  or Post</title>
                </step>
                <step start="1556094547911" stop="1556094547911" status="passed">
                    <name>logStep[Given url is Get API continue execution]</name>
                    <title>Given url is Get API continue execution</title>
                </step>
                <step start="1556094547912" stop="1556094547912" status="passed">
                    <name>logStep[Given API is : https://api.us.apiconnect.ibmcloud.com/amc-networks-inc-dev/asit/1.2.0/adam/get]</name>
                    <title>Given API is : https://api.us.apiconnect.ibmcloud.com/amc-networks-inc-dev/asit/1.2.0/adam/get</title>
                </step>
                <step start="1556094547913" stop="1556094547913" status="passed">
                    <name>logStep[Using Access tokena as Bearer : AAIkY2ViZmY1OWEtNGU4MC00YTQ3LTljMmEtNmUyNWVjM2M1Mzk3FM6u0R_0ivOYWt11amjn9spWy95w...]</name>
                    <title>Using Access tokena as Bearer : AAIkY2ViZmY1OWEtNGU4MC00YTQ3LTljMmEtNmUyNWVjM2M1Mzk3FM6u0R_0ivOYWt11amjn9spWy95wV9WhqJEI...</title>
                </step>
                <step start="1556094547913" stop="1556094547913" status="passed">
                    <name>logStep[Headers are: : Authorization------Bearer AAIkY2ViZmY1OWEtNGU4MC00YTQ3LTljMmEtNmUyNWVjM2M1Mzk3FM6u0R_0ivOYWt11amj...]</name>
                    <title>Headers are: : Authorization------Bearer AAIkY2ViZmY1OWEtNGU4MC00YTQ3LTljMmEtNmUyNWVjM2M1Mzk3FM6u0R_0ivOYWt11amjn9spWy95...</title>
                </step>
                <step start="1556094547913" stop="1556094547913" status="passed">
                    <name>logStep[Headers are: : Content-Type------application/xml]</name>
                    <title>Headers are: : Content-Type------application/xml</title>
                </step>
                <step start="1556094547913" stop="1556094547913" status="passed">
                    <name>logStep[Using Access tokena as Bearer : eyJhbGciOiJIUzI1NiIsInR5cCI6IkpXVCJ9.eyJ1c2VybmFtZSI6InJlc3RSaWdodHNMb2dpYzUiLCJ...]</name>
                    <title>Using Access tokena as Bearer : eyJhbGciOiJIUzI1NiIsInR5cCI6IkpXVCJ9.eyJ1c2VybmFtZSI6InJlc3RSaWdodHNMb2dpYzUiLCJwYXNzd29...</title>
                </step>
                <step start="1556094547913" stop="1556094547913" status="passed">
                    <name>logStep[Headers are: : auth2------Bearer eyJhbGciOiJIUzI1NiIsInR5cCI6IkpXVCJ9.eyJ1c2VybmFtZSI6InJlc3RSaWdodHNMb2dpYzUiLC...]</name>
                    <title>Headers are: : auth2------Bearer eyJhbGciOiJIUzI1NiIsInR5cCI6IkpXVCJ9.eyJ1c2VybmFtZSI6InJlc3RSaWdodHNMb2dpYzUiLCJwYXNzd2...</title>
                </step>
                <step start="1556094547914" stop="1556094547914" status="passed">
                    <name>logStep[Headers are: : endpoint------https://cap-sg-prd-4.integration.ibmcloud.com:17433]</name>
                    <title>Headers are: : endpoint------https://cap-sg-prd-4.integration.ibmcloud.com:17433</title>
                </step>
                <step start="1556094547914" stop="1556094547914" status="passed">
                    <name>logStep[Headers are: : resource------/dev/program/getEpisodeSeasonSeries/externalReference/RLA218721]</name>
                    <title>Headers are: : resource------/dev/program/getEpisodeSeasonSeries/externalReference/RLA218721</title>
                </step>
                <step start="1556094547914" stop="1556094547914" status="passed">
                    <name>logStep[Headers are: : tls-profile------asit-wo-101059121-50697]</name>
                    <title>Headers are: : tls-profile------asit-wo-101059121-50697</title>
                </step>
                <step start="1556094547914" stop="1556094547914" status="passed">
                    <name>logStep[Headers are: : x-ibm-client-id------cebff59a-4e80-4a47-9c2a-6e25ec3c5397]</name>
                    <title>Headers are: : x-ibm-client-id------cebff59a-4e80-4a47-9c2a-6e25ec3c5397</title>
                </step>
                <step start="1556094549170" stop="1556094549170" status="passed">
                    <name>logStep[Execution Completed and reading response now]</name>
                    <title>Execution Completed and reading response now</title>
                </step>
                <step start="1556094549171" stop="1556094549171" status="passed">
                    <name>logStep[Verify Status code in response]</name>
                    <title>Verify Status code in response</title>
                </step>
                <step start="1556094549173" stop="1556094549173" status="passed">
                    <name>logStep[java.lang.RuntimeException: Failed : HTTP error code : 404]</name>
                    <title>java.lang.RuntimeException: Failed : HTTP error code : 404</title>
                </step>
            </steps>
            <attachments/>
            <labels>
                <label name="host" value="MONO-HYD-LAP-44"/>
                <label name="thread" value="6308@MONO-HYD-LAP-44.main(1)"/>
            </labels>
        </test-case>
        <test-case start="1556094549622" stop="1556094549622" status="canceled">
            <name>checkExecutionCondition</name>
            <description>@BeforeClass</description>
            <failure>
                <message>: Skipped due to dependency on other skipped or failed test methods</message>
                <stack-trace>ru.yandex.qatools.allure.testng.AllureTestListener$1: Skipped due to dependency on other skipped or failed test methods
	at ru.yandex.qatools.allure.testng.AllureTestListener.fireTestCaseCancel(AllureTestListener.java:425)
	at ru.yandex.qatools.allure.testng.AllureTestListener.onConfigurationSkip(AllureTestListener.java:120)
	at org.testng.internal.TestListenerHelper.runPostConfigurationListeners(TestListenerHelper.java:37)
	at org.testng.internal.Invoker.runConfigurationListeners(Invoker.java:1384)
	at org.testng.internal.Invoker.handleConfigurationSkip(Invoker.java:250)
	at org.testng.internal.Invoker.invokeConfigurations(Invoker.java:200)
	at org.testng.internal.Invoker.invokeConfigurations(Invoker.java:142)
	at org.testng.internal.TestMethodWorker.invokeBeforeClassMethods(TestMethodWorker.java:168)
	at org.testng.internal.TestMethodWorker.run(TestMethodWorker.java:105)
	at java.util.concurrent.ThreadPoolExecutor.runWorker(ThreadPoolExecutor.java:1149)
	at java.util.concurrent.ThreadPoolExecutor$Worker.run(ThreadPoolExecutor.java:624)
	at java.lang.Thread.run(Thread.java:748)
</stack-trace>
            </failure>
            <steps/>
            <attachments/>
            <labels>
                <label name="host" value="MONO-HYD-LAP-44"/>
                <label name="thread" value="6308@MONO-HYD-LAP-44.TestNG-test=AssetCreationForOneOff-1(66)"/>
            </labels>
        </test-case>
        <test-case start="1556094549624" stop="1556094549624" status="canceled">
            <name>validateAMCNIDForOneOff</name>
            <description>Validate AMCN id of WOP</description>
            <failure>
                <message>: Skipped due to dependency on other skipped or failed test methods</message>
                <stack-trace>ru.yandex.qatools.allure.testng.AllureTestListener$1: Skipped due to dependency on other skipped or failed test methods
	at ru.yandex.qatools.allure.testng.AllureTestListener.fireTestCaseCancel(AllureTestListener.java:425)
	at ru.yandex.qatools.allure.testng.AllureTestListener.onTestSkipped(AllureTestListener.java:186)
	at org.testng.internal.TestListenerHelper.runTestListeners(TestListenerHelper.java:61)
	at org.testng.internal.Invoker.runTestListeners(Invoker.java:1389)
	at org.testng.internal.Invoker.registerSkippedTestResult(Invoker.java:1063)
	at org.testng.internal.Invoker.invokeMethod(Invoker.java:529)
	at org.testng.internal.Invoker.invokeTestMethod(Invoker.java:719)
	at org.testng.internal.Invoker.invokeTestMethods(Invoker.java:989)
	at org.testng.internal.TestMethodWorker.invokeTestMethods(TestMethodWorker.java:125)
	at org.testng.internal.TestMethodWorker.run(TestMethodWorker.java:109)
	at java.util.concurrent.ThreadPoolExecutor.runWorker(ThreadPoolExecutor.java:1149)
	at java.util.concurrent.ThreadPoolExecutor$Worker.run(ThreadPoolExecutor.java:624)
	at java.lang.Thread.run(Thread.java:748)
</stack-trace>
            </failure>
            <steps/>
            <attachments/>
            <labels>
                <label name="testSuite" value="Suite"/>
                <label name="testGroup" value="AssetCreationForOneOff"/>
                <label name="testClass" value="com.amc.testclasses.RLTestCasesForOneOff"/>
                <label name="testMethod" value="validateAMCNIDForOneOff"/>
                <label name="host" value="MONO-HYD-LAP-44"/>
                <label name="thread" value="6308@MONO-HYD-LAP-44.TestNG-test=AssetCreationForOneOff-1(66)"/>
            </labels>
        </test-case>
        <test-case start="1556094549627" stop="1556094549627" status="canceled">
            <name>validateAlternativeTitleForAKAForOneOff</name>
            <description>Validate alternative title of the asset for AKA Type</description>
            <failure>
                <message>: Skipped due to dependency on other skipped or failed test methods</message>
                <stack-trace>ru.yandex.qatools.allure.testng.AllureTestListener$1: Skipped due to dependency on other skipped or failed test methods
	at ru.yandex.qatools.allure.testng.AllureTestListener.fireTestCaseCancel(AllureTestListener.java:425)
	at ru.yandex.qatools.allure.testng.AllureTestListener.onTestSkipped(AllureTestListener.java:186)
	at org.testng.internal.TestListenerHelper.runTestListeners(TestListenerHelper.java:61)
	at org.testng.internal.Invoker.runTestListeners(Invoker.java:1389)
	at org.testng.internal.Invoker.registerSkippedTestResult(Invoker.java:1063)
	at org.testng.internal.Invoker.invokeMethod(Invoker.java:529)
	at org.testng.internal.Invoker.invokeTestMethod(Invoker.java:719)
	at org.testng.internal.Invoker.invokeTestMethods(Invoker.java:989)
	at org.testng.internal.TestMethodWorker.invokeTestMethods(TestMethodWorker.java:125)
	at org.testng.internal.TestMethodWorker.run(TestMethodWorker.java:109)
	at java.util.concurrent.ThreadPoolExecutor.runWorker(ThreadPoolExecutor.java:1149)
	at java.util.concurrent.ThreadPoolExecutor$Worker.run(ThreadPoolExecutor.java:624)
	at java.lang.Thread.run(Thread.java:748)
</stack-trace>
            </failure>
            <steps/>
            <attachments/>
            <labels>
                <label name="testSuite" value="Suite"/>
                <label name="testGroup" value="AssetCreationForOneOff"/>
                <label name="testClass" value="com.amc.testclasses.RLTestCasesForOneOff"/>
                <label name="testMethod" value="validateAlternativeTitleForAKAForOneOff"/>
                <label name="host" value="MONO-HYD-LAP-44"/>
                <label name="thread" value="6308@MONO-HYD-LAP-44.TestNG-test=AssetCreationForOneOff-1(66)"/>
            </labels>
        </test-case>
        <test-case start="1556094549629" stop="1556094549630" status="canceled">
            <name>validateAlternativeTitleForLegalForOneOff</name>
            <description>Validate alternative title of the asset for Legal Type</description>
            <failure>
                <message>: Skipped due to dependency on other skipped or failed test methods</message>
                <stack-trace>ru.yandex.qatools.allure.testng.AllureTestListener$1: Skipped due to dependency on other skipped or failed test methods
	at ru.yandex.qatools.allure.testng.AllureTestListener.fireTestCaseCancel(AllureTestListener.java:425)
	at ru.yandex.qatools.allure.testng.AllureTestListener.onTestSkipped(AllureTestListener.java:186)
	at org.testng.internal.TestListenerHelper.runTestListeners(TestListenerHelper.java:61)
	at org.testng.internal.Invoker.runTestListeners(Invoker.java:1389)
	at org.testng.internal.Invoker.registerSkippedTestResult(Invoker.java:1063)
	at org.testng.internal.Invoker.invokeMethod(Invoker.java:529)
	at org.testng.internal.Invoker.invokeTestMethod(Invoker.java:719)
	at org.testng.internal.Invoker.invokeTestMethods(Invoker.java:989)
	at org.testng.internal.TestMethodWorker.invokeTestMethods(TestMethodWorker.java:125)
	at org.testng.internal.TestMethodWorker.run(TestMethodWorker.java:109)
	at java.util.concurrent.ThreadPoolExecutor.runWorker(ThreadPoolExecutor.java:1149)
	at java.util.concurrent.ThreadPoolExecutor$Worker.run(ThreadPoolExecutor.java:624)
	at java.lang.Thread.run(Thread.java:748)
</stack-trace>
            </failure>
            <steps/>
            <attachments/>
            <labels>
                <label name="testSuite" value="Suite"/>
                <label name="testGroup" value="AssetCreationForOneOff"/>
                <label name="testClass" value="com.amc.testclasses.RLTestCasesForOneOff"/>
                <label name="testMethod" value="validateAlternativeTitleForLegalForOneOff"/>
                <label name="host" value="MONO-HYD-LAP-44"/>
                <label name="thread" value="6308@MONO-HYD-LAP-44.TestNG-test=AssetCreationForOneOff-1(66)"/>
            </labels>
        </test-case>
        <test-case start="1556094549632" stop="1556094549633" status="canceled">
            <name>validateAlternativeTitleTypeForAKAForOneOff</name>
            <description>Validate alternative title type of the asset for AKA Type</description>
            <failure>
                <message>: Skipped due to dependency on other skipped or failed test methods</message>
                <stack-trace>ru.yandex.qatools.allure.testng.AllureTestListener$1: Skipped due to dependency on other skipped or failed test methods
	at ru.yandex.qatools.allure.testng.AllureTestListener.fireTestCaseCancel(AllureTestListener.java:425)
	at ru.yandex.qatools.allure.testng.AllureTestListener.onTestSkipped(AllureTestListener.java:186)
	at org.testng.internal.TestListenerHelper.runTestListeners(TestListenerHelper.java:61)
	at org.testng.internal.Invoker.runTestListeners(Invoker.java:1389)
	at org.testng.internal.Invoker.registerSkippedTestResult(Invoker.java:1063)
	at org.testng.internal.Invoker.invokeMethod(Invoker.java:529)
	at org.testng.internal.Invoker.invokeTestMethod(Invoker.java:719)
	at org.testng.internal.Invoker.invokeTestMethods(Invoker.java:989)
	at org.testng.internal.TestMethodWorker.invokeTestMethods(TestMethodWorker.java:125)
	at org.testng.internal.TestMethodWorker.run(TestMethodWorker.java:109)
	at java.util.concurrent.ThreadPoolExecutor.runWorker(ThreadPoolExecutor.java:1149)
	at java.util.concurrent.ThreadPoolExecutor$Worker.run(ThreadPoolExecutor.java:624)
	at java.lang.Thread.run(Thread.java:748)
</stack-trace>
            </failure>
            <steps/>
            <attachments/>
            <labels>
                <label name="testSuite" value="Suite"/>
                <label name="testGroup" value="AssetCreationForOneOff"/>
                <label name="testClass" value="com.amc.testclasses.RLTestCasesForOneOff"/>
                <label name="testMethod" value="validateAlternativeTitleTypeForAKAForOneOff"/>
                <label name="host" value="MONO-HYD-LAP-44"/>
                <label name="thread" value="6308@MONO-HYD-LAP-44.TestNG-test=AssetCreationForOneOff-1(66)"/>
            </labels>
        </test-case>
        <test-case start="1556094549635" stop="1556094549635" status="canceled">
            <name>validateAlternativeTitleTypeForLegalTypeForOneOff</name>
            <description>Validate alternative title type of the asset for Legal Type</description>
            <failure>
                <message>: Skipped due to dependency on other skipped or failed test methods</message>
                <stack-trace>ru.yandex.qatools.allure.testng.AllureTestListener$1: Skipped due to dependency on other skipped or failed test methods
	at ru.yandex.qatools.allure.testng.AllureTestListener.fireTestCaseCancel(AllureTestListener.java:425)
	at ru.yandex.qatools.allure.testng.AllureTestListener.onTestSkipped(AllureTestListener.java:186)
	at org.testng.internal.TestListenerHelper.runTestListeners(TestListenerHelper.java:61)
	at org.testng.internal.Invoker.runTestListeners(Invoker.java:1389)
	at org.testng.internal.Invoker.registerSkippedTestResult(Invoker.java:1063)
	at org.testng.internal.Invoker.invokeMethod(Invoker.java:529)
	at org.testng.internal.Invoker.invokeTestMethod(Invoker.java:719)
	at org.testng.internal.Invoker.invokeTestMethods(Invoker.java:989)
	at org.testng.internal.TestMethodWorker.invokeTestMethods(TestMethodWorker.java:125)
	at org.testng.internal.TestMethodWorker.run(TestMethodWorker.java:109)
	at java.util.concurrent.ThreadPoolExecutor.runWorker(ThreadPoolExecutor.java:1149)
	at java.util.concurrent.ThreadPoolExecutor$Worker.run(ThreadPoolExecutor.java:624)
	at java.lang.Thread.run(Thread.java:748)
</stack-trace>
            </failure>
            <steps/>
            <attachments/>
            <labels>
                <label name="testSuite" value="Suite"/>
                <label name="testGroup" value="AssetCreationForOneOff"/>
                <label name="testClass" value="com.amc.testclasses.RLTestCasesForOneOff"/>
                <label name="testMethod" value="validateAlternativeTitleTypeForLegalTypeForOneOff"/>
                <label name="host" value="MONO-HYD-LAP-44"/>
                <label name="thread" value="6308@MONO-HYD-LAP-44.TestNG-test=AssetCreationForOneOff-1(66)"/>
            </labels>
        </test-case>
        <test-case start="1556094549638" stop="1556094549639" status="canceled">
            <name>validateAssetShowTypeForOneOff</name>
            <description>Validate Asset Shpw Type of WOP</description>
            <failure>
                <message>: Skipped due to dependency on other skipped or failed test methods</message>
                <stack-trace>ru.yandex.qatools.allure.testng.AllureTestListener$1: Skipped due to dependency on other skipped or failed test methods
	at ru.yandex.qatools.allure.testng.AllureTestListener.fireTestCaseCancel(AllureTestListener.java:425)
	at ru.yandex.qatools.allure.testng.AllureTestListener.onTestSkipped(AllureTestListener.java:186)
	at org.testng.internal.TestListenerHelper.runTestListeners(TestListenerHelper.java:61)
	at org.testng.internal.Invoker.runTestListeners(Invoker.java:1389)
	at org.testng.internal.Invoker.registerSkippedTestResult(Invoker.java:1063)
	at org.testng.internal.Invoker.invokeMethod(Invoker.java:529)
	at org.testng.internal.Invoker.invokeTestMethod(Invoker.java:719)
	at org.testng.internal.Invoker.invokeTestMethods(Invoker.java:989)
	at org.testng.internal.TestMethodWorker.invokeTestMethods(TestMethodWorker.java:125)
	at org.testng.internal.TestMethodWorker.run(TestMethodWorker.java:109)
	at java.util.concurrent.ThreadPoolExecutor.runWorker(ThreadPoolExecutor.java:1149)
	at java.util.concurrent.ThreadPoolExecutor$Worker.run(ThreadPoolExecutor.java:624)
	at java.lang.Thread.run(Thread.java:748)
</stack-trace>
            </failure>
            <steps/>
            <attachments/>
            <labels>
                <label name="testSuite" value="Suite"/>
                <label name="testGroup" value="AssetCreationForOneOff"/>
                <label name="testClass" value="com.amc.testclasses.RLTestCasesForOneOff"/>
                <label name="testMethod" value="validateAssetShowTypeForOneOff"/>
                <label name="host" value="MONO-HYD-LAP-44"/>
                <label name="thread" value="6308@MONO-HYD-LAP-44.TestNG-test=AssetCreationForOneOff-1(66)"/>
            </labels>
        </test-case>
        <test-case start="1556094549640" stop="1556094549640" status="canceled">
            <name>validateAssetSourceForOneOff</name>
            <description>Validate Asset Source of WOP</description>
            <failure>
                <message>: Skipped due to dependency on other skipped or failed test methods</message>
                <stack-trace>ru.yandex.qatools.allure.testng.AllureTestListener$1: Skipped due to dependency on other skipped or failed test methods
	at ru.yandex.qatools.allure.testng.AllureTestListener.fireTestCaseCancel(AllureTestListener.java:425)
	at ru.yandex.qatools.allure.testng.AllureTestListener.onTestSkipped(AllureTestListener.java:186)
	at org.testng.internal.TestListenerHelper.runTestListeners(TestListenerHelper.java:61)
	at org.testng.internal.Invoker.runTestListeners(Invoker.java:1389)
	at org.testng.internal.Invoker.registerSkippedTestResult(Invoker.java:1063)
	at org.testng.internal.Invoker.invokeMethod(Invoker.java:529)
	at org.testng.internal.Invoker.invokeTestMethod(Invoker.java:719)
	at org.testng.internal.Invoker.invokeTestMethods(Invoker.java:989)
	at org.testng.internal.TestMethodWorker.invokeTestMethods(TestMethodWorker.java:125)
	at org.testng.internal.TestMethodWorker.run(TestMethodWorker.java:109)
	at java.util.concurrent.ThreadPoolExecutor.runWorker(ThreadPoolExecutor.java:1149)
	at java.util.concurrent.ThreadPoolExecutor$Worker.run(ThreadPoolExecutor.java:624)
	at java.lang.Thread.run(Thread.java:748)
</stack-trace>
            </failure>
            <steps/>
            <attachments/>
            <labels>
                <label name="testSuite" value="Suite"/>
                <label name="testGroup" value="AssetCreationForOneOff"/>
                <label name="testClass" value="com.amc.testclasses.RLTestCasesForOneOff"/>
                <label name="testMethod" value="validateAssetSourceForOneOff"/>
                <label name="host" value="MONO-HYD-LAP-44"/>
                <label name="thread" value="6308@MONO-HYD-LAP-44.TestNG-test=AssetCreationForOneOff-1(66)"/>
            </labels>
        </test-case>
        <test-case start="1556094549643" stop="1556094549643" status="canceled">
            <name>validateAssetTitleForOneOff</name>
            <description>Validate Asset Title of WOP</description>
            <failure>
                <message>: Skipped due to dependency on other skipped or failed test methods</message>
                <stack-trace>ru.yandex.qatools.allure.testng.AllureTestListener$1: Skipped due to dependency on other skipped or failed test methods
	at ru.yandex.qatools.allure.testng.AllureTestListener.fireTestCaseCancel(AllureTestListener.java:425)
	at ru.yandex.qatools.allure.testng.AllureTestListener.onTestSkipped(AllureTestListener.java:186)
	at org.testng.internal.TestListenerHelper.runTestListeners(TestListenerHelper.java:61)
	at org.testng.internal.Invoker.runTestListeners(Invoker.java:1389)
	at org.testng.internal.Invoker.registerSkippedTestResult(Invoker.java:1063)
	at org.testng.internal.Invoker.invokeMethod(Invoker.java:529)
	at org.testng.internal.Invoker.invokeTestMethod(Invoker.java:719)
	at org.testng.internal.Invoker.invokeTestMethods(Invoker.java:989)
	at org.testng.internal.TestMethodWorker.invokeTestMethods(TestMethodWorker.java:125)
	at org.testng.internal.TestMethodWorker.run(TestMethodWorker.java:109)
	at java.util.concurrent.ThreadPoolExecutor.runWorker(ThreadPoolExecutor.java:1149)
	at java.util.concurrent.ThreadPoolExecutor$Worker.run(ThreadPoolExecutor.java:624)
	at java.lang.Thread.run(Thread.java:748)
</stack-trace>
            </failure>
            <steps/>
            <attachments/>
            <labels>
                <label name="testSuite" value="Suite"/>
                <label name="testGroup" value="AssetCreationForOneOff"/>
                <label name="testClass" value="com.amc.testclasses.RLTestCasesForOneOff"/>
                <label name="testMethod" value="validateAssetTitleForOneOff"/>
                <label name="host" value="MONO-HYD-LAP-44"/>
                <label name="thread" value="6308@MONO-HYD-LAP-44.TestNG-test=AssetCreationForOneOff-1(66)"/>
            </labels>
        </test-case>
        <test-case start="1556094549646" stop="1556094549646" status="canceled">
            <name>validateCastTypeForOneOff</name>
            <description>Validate Cast Type</description>
            <failure>
                <message>: Skipped due to dependency on other skipped or failed test methods</message>
                <stack-trace>ru.yandex.qatools.allure.testng.AllureTestListener$1: Skipped due to dependency on other skipped or failed test methods
	at ru.yandex.qatools.allure.testng.AllureTestListener.fireTestCaseCancel(AllureTestListener.java:425)
	at ru.yandex.qatools.allure.testng.AllureTestListener.onTestSkipped(AllureTestListener.java:186)
	at org.testng.internal.TestListenerHelper.runTestListeners(TestListenerHelper.java:61)
	at org.testng.internal.Invoker.runTestListeners(Invoker.java:1389)
	at org.testng.internal.Invoker.registerSkippedTestResult(Invoker.java:1063)
	at org.testng.internal.Invoker.invokeMethod(Invoker.java:529)
	at org.testng.internal.Invoker.invokeTestMethod(Invoker.java:719)
	at org.testng.internal.Invoker.invokeTestMethods(Invoker.java:989)
	at org.testng.internal.TestMethodWorker.invokeTestMethods(TestMethodWorker.java:125)
	at org.testng.internal.TestMethodWorker.run(TestMethodWorker.java:109)
	at java.util.concurrent.ThreadPoolExecutor.runWorker(ThreadPoolExecutor.java:1149)
	at java.util.concurrent.ThreadPoolExecutor$Worker.run(ThreadPoolExecutor.java:624)
	at java.lang.Thread.run(Thread.java:748)
</stack-trace>
            </failure>
            <steps/>
            <attachments/>
            <labels>
                <label name="testSuite" value="Suite"/>
                <label name="testGroup" value="AssetCreationForOneOff"/>
                <label name="testClass" value="com.amc.testclasses.RLTestCasesForOneOff"/>
                <label name="testMethod" value="validateCastTypeForOneOff"/>
                <label name="host" value="MONO-HYD-LAP-44"/>
                <label name="thread" value="6308@MONO-HYD-LAP-44.TestNG-test=AssetCreationForOneOff-1(66)"/>
            </labels>
        </test-case>
        <test-case start="1556094549648" stop="1556094549648" status="canceled">
            <name>validateFirstNameOfCastMemberForOneOff</name>
            <description>Validate name of cast member</description>
            <failure>
                <message>: Skipped due to dependency on other skipped or failed test methods</message>
                <stack-trace>ru.yandex.qatools.allure.testng.AllureTestListener$1: Skipped due to dependency on other skipped or failed test methods
	at ru.yandex.qatools.allure.testng.AllureTestListener.fireTestCaseCancel(AllureTestListener.java:425)
	at ru.yandex.qatools.allure.testng.AllureTestListener.onTestSkipped(AllureTestListener.java:186)
	at org.testng.internal.TestListenerHelper.runTestListeners(TestListenerHelper.java:61)
	at org.testng.internal.Invoker.runTestListeners(Invoker.java:1389)
	at org.testng.internal.Invoker.registerSkippedTestResult(Invoker.java:1063)
	at org.testng.internal.Invoker.invokeMethod(Invoker.java:529)
	at org.testng.internal.Invoker.invokeTestMethod(Invoker.java:719)
	at org.testng.internal.Invoker.invokeTestMethods(Invoker.java:989)
	at org.testng.internal.TestMethodWorker.invokeTestMethods(TestMethodWorker.java:125)
	at org.testng.internal.TestMethodWorker.run(TestMethodWorker.java:109)
	at java.util.concurrent.ThreadPoolExecutor.runWorker(ThreadPoolExecutor.java:1149)
	at java.util.concurrent.ThreadPoolExecutor$Worker.run(ThreadPoolExecutor.java:624)
	at java.lang.Thread.run(Thread.java:748)
</stack-trace>
            </failure>
            <steps/>
            <attachments/>
            <labels>
                <label name="testSuite" value="Suite"/>
                <label name="testGroup" value="AssetCreationForOneOff"/>
                <label name="testClass" value="com.amc.testclasses.RLTestCasesForOneOff"/>
                <label name="testMethod" value="validateFirstNameOfCastMemberForOneOff"/>
                <label name="host" value="MONO-HYD-LAP-44"/>
                <label name="thread" value="6308@MONO-HYD-LAP-44.TestNG-test=AssetCreationForOneOff-1(66)"/>
            </labels>
        </test-case>
        <test-case start="1556094549651" stop="1556094549651" status="canceled">
            <name>validateOriginForOneOff</name>
            <description>Validate Origin of WOP</description>
            <failure>
                <message>: Skipped due to dependency on other skipped or failed test methods</message>
                <stack-trace>ru.yandex.qatools.allure.testng.AllureTestListener$1: Skipped due to dependency on other skipped or failed test methods
	at ru.yandex.qatools.allure.testng.AllureTestListener.fireTestCaseCancel(AllureTestListener.java:425)
	at ru.yandex.qatools.allure.testng.AllureTestListener.onTestSkipped(AllureTestListener.java:186)
	at org.testng.internal.TestListenerHelper.runTestListeners(TestListenerHelper.java:61)
	at org.testng.internal.Invoker.runTestListeners(Invoker.java:1389)
	at org.testng.internal.Invoker.registerSkippedTestResult(Invoker.java:1063)
	at org.testng.internal.Invoker.invokeMethod(Invoker.java:529)
	at org.testng.internal.Invoker.invokeTestMethod(Invoker.java:719)
	at org.testng.internal.Invoker.invokeTestMethods(Invoker.java:989)
	at org.testng.internal.TestMethodWorker.invokeTestMethods(TestMethodWorker.java:125)
	at org.testng.internal.TestMethodWorker.run(TestMethodWorker.java:109)
	at java.util.concurrent.ThreadPoolExecutor.runWorker(ThreadPoolExecutor.java:1149)
	at java.util.concurrent.ThreadPoolExecutor$Worker.run(ThreadPoolExecutor.java:624)
	at java.lang.Thread.run(Thread.java:748)
</stack-trace>
            </failure>
            <steps/>
            <attachments/>
            <labels>
                <label name="testSuite" value="Suite"/>
                <label name="testGroup" value="AssetCreationForOneOff"/>
                <label name="testClass" value="com.amc.testclasses.RLTestCasesForOneOff"/>
                <label name="testMethod" value="validateOriginForOneOff"/>
                <label name="host" value="MONO-HYD-LAP-44"/>
                <label name="thread" value="6308@MONO-HYD-LAP-44.TestNG-test=AssetCreationForOneOff-1(66)"/>
            </labels>
        </test-case>
        <test-case start="1556094549654" stop="1556094549654" status="canceled">
            <name>validateProductionCompanyForOneOff</name>
            <description>Validate Production Company of the asset</description>
            <failure>
                <message>: Skipped due to dependency on other skipped or failed test methods</message>
                <stack-trace>ru.yandex.qatools.allure.testng.AllureTestListener$1: Skipped due to dependency on other skipped or failed test methods
	at ru.yandex.qatools.allure.testng.AllureTestListener.fireTestCaseCancel(AllureTestListener.java:425)
	at ru.yandex.qatools.allure.testng.AllureTestListener.onTestSkipped(AllureTestListener.java:186)
	at org.testng.internal.TestListenerHelper.runTestListeners(TestListenerHelper.java:61)
	at org.testng.internal.Invoker.runTestListeners(Invoker.java:1389)
	at org.testng.internal.Invoker.registerSkippedTestResult(Invoker.java:1063)
	at org.testng.internal.Invoker.invokeMethod(Invoker.java:529)
	at org.testng.internal.Invoker.invokeTestMethod(Invoker.java:719)
	at org.testng.internal.Invoker.invokeTestMethods(Invoker.java:989)
	at org.testng.internal.TestMethodWorker.invokeTestMethods(TestMethodWorker.java:125)
	at org.testng.internal.TestMethodWorker.run(TestMethodWorker.java:109)
	at java.util.concurrent.ThreadPoolExecutor.runWorker(ThreadPoolExecutor.java:1149)
	at java.util.concurrent.ThreadPoolExecutor$Worker.run(ThreadPoolExecutor.java:624)
	at java.lang.Thread.run(Thread.java:748)
</stack-trace>
            </failure>
            <steps/>
            <attachments/>
            <labels>
                <label name="testSuite" value="Suite"/>
                <label name="testGroup" value="AssetCreationForOneOff"/>
                <label name="testClass" value="com.amc.testclasses.RLTestCasesForOneOff"/>
                <label name="testMethod" value="validateProductionCompanyForOneOff"/>
                <label name="host" value="MONO-HYD-LAP-44"/>
                <label name="thread" value="6308@MONO-HYD-LAP-44.TestNG-test=AssetCreationForOneOff-1(66)"/>
            </labels>
        </test-case>
        <test-case start="1556094549656" stop="1556094549657" status="canceled">
            <name>validateProductionModeForOneOff</name>
            <description>Validate Production Mode of WOP</description>
            <failure>
                <message>: Skipped due to dependency on other skipped or failed test methods</message>
                <stack-trace>ru.yandex.qatools.allure.testng.AllureTestListener$1: Skipped due to dependency on other skipped or failed test methods
	at ru.yandex.qatools.allure.testng.AllureTestListener.fireTestCaseCancel(AllureTestListener.java:425)
	at ru.yandex.qatools.allure.testng.AllureTestListener.onTestSkipped(AllureTestListener.java:186)
	at org.testng.internal.TestListenerHelper.runTestListeners(TestListenerHelper.java:61)
	at org.testng.internal.Invoker.runTestListeners(Invoker.java:1389)
	at org.testng.internal.Invoker.registerSkippedTestResult(Invoker.java:1063)
	at org.testng.internal.Invoker.invokeMethod(Invoker.java:529)
	at org.testng.internal.Invoker.invokeTestMethod(Invoker.java:719)
	at org.testng.internal.Invoker.invokeTestMethods(Invoker.java:989)
	at org.testng.internal.TestMethodWorker.invokeTestMethods(TestMethodWorker.java:125)
	at org.testng.internal.TestMethodWorker.run(TestMethodWorker.java:109)
	at java.util.concurrent.ThreadPoolExecutor.runWorker(ThreadPoolExecutor.java:1149)
	at java.util.concurrent.ThreadPoolExecutor$Worker.run(ThreadPoolExecutor.java:624)
	at java.lang.Thread.run(Thread.java:748)
</stack-trace>
            </failure>
            <steps/>
            <attachments/>
            <labels>
                <label name="testSuite" value="Suite"/>
                <label name="testGroup" value="AssetCreationForOneOff"/>
                <label name="testClass" value="com.amc.testclasses.RLTestCasesForOneOff"/>
                <label name="testMethod" value="validateProductionModeForOneOff"/>
                <label name="host" value="MONO-HYD-LAP-44"/>
                <label name="thread" value="6308@MONO-HYD-LAP-44.TestNG-test=AssetCreationForOneOff-1(66)"/>
            </labels>
        </test-case>
        <test-case start="1556094549659" stop="1556094549659" status="canceled">
            <name>validateReleaseYearForOneOff</name>
            <description>Validate release year of the asset</description>
            <failure>
                <message>: Skipped due to dependency on other skipped or failed test methods</message>
                <stack-trace>ru.yandex.qatools.allure.testng.AllureTestListener$1: Skipped due to dependency on other skipped or failed test methods
	at ru.yandex.qatools.allure.testng.AllureTestListener.fireTestCaseCancel(AllureTestListener.java:425)
	at ru.yandex.qatools.allure.testng.AllureTestListener.onTestSkipped(AllureTestListener.java:186)
	at org.testng.internal.TestListenerHelper.runTestListeners(TestListenerHelper.java:61)
	at org.testng.internal.Invoker.runTestListeners(Invoker.java:1389)
	at org.testng.internal.Invoker.registerSkippedTestResult(Invoker.java:1063)
	at org.testng.internal.Invoker.invokeMethod(Invoker.java:529)
	at org.testng.internal.Invoker.invokeTestMethod(Invoker.java:719)
	at org.testng.internal.Invoker.invokeTestMethods(Invoker.java:989)
	at org.testng.internal.TestMethodWorker.invokeTestMethods(TestMethodWorker.java:125)
	at org.testng.internal.TestMethodWorker.run(TestMethodWorker.java:109)
	at java.util.concurrent.ThreadPoolExecutor.runWorker(ThreadPoolExecutor.java:1149)
	at java.util.concurrent.ThreadPoolExecutor$Worker.run(ThreadPoolExecutor.java:624)
	at java.lang.Thread.run(Thread.java:748)
</stack-trace>
            </failure>
            <steps/>
            <attachments/>
            <labels>
                <label name="testSuite" value="Suite"/>
                <label name="testGroup" value="AssetCreationForOneOff"/>
                <label name="testClass" value="com.amc.testclasses.RLTestCasesForOneOff"/>
                <label name="testMethod" value="validateReleaseYearForOneOff"/>
                <label name="host" value="MONO-HYD-LAP-44"/>
                <label name="thread" value="6308@MONO-HYD-LAP-44.TestNG-test=AssetCreationForOneOff-1(66)"/>
            </labels>
        </test-case>
        <test-case start="1556094549664" stop="1556094549664" status="canceled">
            <name>validateTRTForOneOff</name>
            <description>Validate TRT of the asset</description>
            <failure>
                <message>: Skipped due to dependency on other skipped or failed test methods</message>
                <stack-trace>ru.yandex.qatools.allure.testng.AllureTestListener$1: Skipped due to dependency on other skipped or failed test methods
	at ru.yandex.qatools.allure.testng.AllureTestListener.fireTestCaseCancel(AllureTestListener.java:425)
	at ru.yandex.qatools.allure.testng.AllureTestListener.onTestSkipped(AllureTestListener.java:186)
	at org.testng.internal.TestListenerHelper.runTestListeners(TestListenerHelper.java:61)
	at org.testng.internal.Invoker.runTestListeners(Invoker.java:1389)
	at org.testng.internal.Invoker.registerSkippedTestResult(Invoker.java:1063)
	at org.testng.internal.Invoker.invokeMethod(Invoker.java:529)
	at org.testng.internal.Invoker.invokeTestMethod(Invoker.java:719)
	at org.testng.internal.Invoker.invokeTestMethods(Invoker.java:989)
	at org.testng.internal.TestMethodWorker.invokeTestMethods(TestMethodWorker.java:125)
	at org.testng.internal.TestMethodWorker.run(TestMethodWorker.java:109)
	at java.util.concurrent.ThreadPoolExecutor.runWorker(ThreadPoolExecutor.java:1149)
	at java.util.concurrent.ThreadPoolExecutor$Worker.run(ThreadPoolExecutor.java:624)
	at java.lang.Thread.run(Thread.java:748)
</stack-trace>
            </failure>
            <steps/>
            <attachments/>
            <labels>
                <label name="testSuite" value="Suite"/>
                <label name="testGroup" value="AssetCreationForOneOff"/>
                <label name="testClass" value="com.amc.testclasses.RLTestCasesForOneOff"/>
                <label name="testMethod" value="validateTRTForOneOff"/>
                <label name="host" value="MONO-HYD-LAP-44"/>
                <label name="thread" value="6308@MONO-HYD-LAP-44.TestNG-test=AssetCreationForOneOff-1(66)"/>
            </labels>
        </test-case>
        <test-case start="1556094549666" stop="1556094549667" status="canceled">
            <name>validateTitleTypeForOneOff</name>
            <description>Validate title type of the asset</description>
            <failure>
                <message>: Skipped due to dependency on other skipped or failed test methods</message>
                <stack-trace>ru.yandex.qatools.allure.testng.AllureTestListener$1: Skipped due to dependency on other skipped or failed test methods
	at ru.yandex.qatools.allure.testng.AllureTestListener.fireTestCaseCancel(AllureTestListener.java:425)
	at ru.yandex.qatools.allure.testng.AllureTestListener.onTestSkipped(AllureTestListener.java:186)
	at org.testng.internal.TestListenerHelper.runTestListeners(TestListenerHelper.java:61)
	at org.testng.internal.Invoker.runTestListeners(Invoker.java:1389)
	at org.testng.internal.Invoker.registerSkippedTestResult(Invoker.java:1063)
	at org.testng.internal.Invoker.invokeMethod(Invoker.java:529)
	at org.testng.internal.Invoker.invokeTestMethod(Invoker.java:719)
	at org.testng.internal.Invoker.invokeTestMethods(Invoker.java:989)
	at org.testng.internal.TestMethodWorker.invokeTestMethods(TestMethodWorker.java:125)
	at org.testng.internal.TestMethodWorker.run(TestMethodWorker.java:109)
	at java.util.concurrent.ThreadPoolExecutor.runWorker(ThreadPoolExecutor.java:1149)
	at java.util.concurrent.ThreadPoolExecutor$Worker.run(ThreadPoolExecutor.java:624)
	at java.lang.Thread.run(Thread.java:748)
</stack-trace>
            </failure>
            <steps/>
            <attachments/>
            <labels>
                <label name="testSuite" value="Suite"/>
                <label name="testGroup" value="AssetCreationForOneOff"/>
                <label name="testClass" value="com.amc.testclasses.RLTestCasesForOneOff"/>
                <label name="testMethod" value="validateTitleTypeForOneOff"/>
                <label name="host" value="MONO-HYD-LAP-44"/>
                <label name="thread" value="6308@MONO-HYD-LAP-44.TestNG-test=AssetCreationForOneOff-1(66)"/>
            </labels>
        </test-case>
        <test-case start="1556094549667" stop="1556094549668" status="canceled">
            <name>setExcelValuesToInitialValue</name>
            <description>@AfterTest</description>
            <failure>
                <message>: Skipped due to dependency on other skipped or failed test methods</message>
                <stack-trace>ru.yandex.qatools.allure.testng.AllureTestListener$1: Skipped due to dependency on other skipped or failed test methods
	at ru.yandex.qatools.allure.testng.AllureTestListener.fireTestCaseCancel(AllureTestListener.java:425)
	at ru.yandex.qatools.allure.testng.AllureTestListener.onConfigurationSkip(AllureTestListener.java:120)
	at org.testng.internal.TestListenerHelper.runPostConfigurationListeners(TestListenerHelper.java:37)
	at org.testng.internal.Invoker.runConfigurationListeners(Invoker.java:1384)
	at org.testng.internal.Invoker.handleConfigurationSkip(Invoker.java:250)
	at org.testng.internal.Invoker.invokeConfigurations(Invoker.java:200)
	at org.testng.internal.Invoker.invokeConfigurations(Invoker.java:142)
	at org.testng.TestRunner.afterRun(TestRunner.java:725)
	at org.testng.TestRunner.run(TestRunner.java:509)
	at org.testng.SuiteRunner.runTest(SuiteRunner.java:455)
	at org.testng.SuiteRunner.runSequentially(SuiteRunner.java:450)
	at org.testng.SuiteRunner.privateRun(SuiteRunner.java:415)
	at org.testng.SuiteRunner.run(SuiteRunner.java:364)
	at org.testng.SuiteRunnerWorker.runSuite(SuiteRunnerWorker.java:52)
	at org.testng.SuiteRunnerWorker.run(SuiteRunnerWorker.java:84)
	at org.testng.TestNG.runSuitesSequentially(TestNG.java:1208)
	at org.testng.TestNG.runSuitesLocally(TestNG.java:1137)
	at org.testng.TestNG.runSuites(TestNG.java:1049)
	at org.testng.TestNG.run(TestNG.java:1017)
	at org.testng.remote.AbstractRemoteTestNG.run(AbstractRemoteTestNG.java:114)
	at org.testng.remote.RemoteTestNG.initAndRun(RemoteTestNG.java:251)
	at org.testng.remote.RemoteTestNG.main(RemoteTestNG.java:77)
</stack-trace>
            </failure>
            <steps/>
            <attachments/>
            <labels>
                <label name="host" value="MONO-HYD-LAP-44"/>
                <label name="thread" value="6308@MONO-HYD-LAP-44.main(1)"/>
            </labels>
        </test-case>
    </test-cases>
    <labels>
        <label name="framework" value="TestNG"/>
        <label name="language" value="JAVA"/>
    </labels>
</ns2:test-suite>
