<?xml version="1.0" encoding="UTF-8" standalone="yes"?>
<ns2:test-suite start="1557318645067" stop="1557318653071" version="1.5.4" xmlns:ns2="urn:model.allure.qatools.yandex.ru">
    <name>Suite : AssetCreationForSeries[assetType=Series]</name>
    <title>Suite : AssetCreationForSeries[assetType=Series]</title>
    <test-cases>
        <test-case start="1557318652091" stop="1557318652144" status="passed">
            <name>validateAMCNID</name>
            <description>Validate AMCN id of WOP</description>
            <steps>
                <step start="1557318645155" stop="1557318645155" status="passed">
                    <name>logStep[Get the details from Excel]</name>
                    <title>Get the details from Excel</title>
                    <attachments/>
                    <steps/>
                </step>
                <step start="1557318645157" stop="1557318645157" status="passed">
                    <name>logStep[Http Client service is invoked]</name>
                    <title>Http Client service is invoked</title>
                    <attachments/>
                    <steps/>
                </step>
                <step start="1557318645579" stop="1557318645579" status="passed">
                    <name>logStep[apirequest is  : --grant_type=client_credentials&amp;client_id=cebff59a-4e80-4a47-9c2a-6e25ec3c5397&amp;client_secret=xY...]</name>
                    <title>apirequest is  : --grant_type=client_credentials&amp;client_id=cebff59a-4e80-4a47-9c2a-6e25ec3c5397&amp;client_secret=xY2sJ4xW1b...</title>
                    <attachments/>
                    <steps/>
                </step>
                <step start="1557318645585" stop="1557318645585" status="passed">
                    <name>logStep[Executing request with http Post method]</name>
                    <title>Executing request with http Post method</title>
                    <attachments/>
                    <steps/>
                </step>
                <step start="1557318647293" stop="1557318647293" status="passed">
                    <name>logStep[Response is : HttpResponseProxy{HTTP/1.1 200 OK [X-Backside-Transport: FAIL FAIL, Connection: Keep-Alive, Transf...]</name>
                    <title>Response is : HttpResponseProxy{HTTP/1.1 200 OK [X-Backside-Transport: FAIL FAIL, Connection: Keep-Alive, Transfer-Encod...</title>
                    <attachments/>
                    <steps/>
                </step>
                <step start="1557318647296" stop="1557318647296" status="passed">
                    <name>logStep[API Executed Successully : ]</name>
                    <title>API Executed Successully : </title>
                    <attachments/>
                    <steps/>
                </step>
                <step start="1557318647310" stop="1557318647310" status="passed">
                    <name>logStep[API Executed Successfully]</name>
                    <title>API Executed Successfully</title>
                    <attachments/>
                    <steps/>
                </step>
                <step start="1557318647321" stop="1557318647321" status="passed">
                    <name>logStep[{"access_token":"AAIkY2ViZmY1OWEtNGU4MC00YTQ3LTljMmEtNmUyNWVjM2M1Mzk3IibalUnUce43pHbcZZIAwBRGSNCc7uRTCqrraTz_lQv...]</name>
                    <title>{"access_token":"AAIkY2ViZmY1OWEtNGU4MC00YTQ3LTljMmEtNmUyNWVjM2M1Mzk3IibalUnUce43pHbcZZIAwBRGSNCc7uRTCqrraTz_lQvbY1NH5Tt...</title>
                    <attachments/>
                    <steps/>
                </step>
                <step start="1557318647322" stop="1557318647322" status="passed">
                    <name>logStep[access_token value is :AAIkY2ViZmY1OWEtNGU4MC00YTQ3LTljMmEtNmUyNWVjM2M1Mzk3IibalUnUce43pHbcZZIAwBRGSNCc7uRTCqrra...]</name>
                    <title>access_token value is :AAIkY2ViZmY1OWEtNGU4MC00YTQ3LTljMmEtNmUyNWVjM2M1Mzk3IibalUnUce43pHbcZZIAwBRGSNCc7uRTCqrraTz_lQvbY...</title>
                    <attachments/>
                    <steps/>
                </step>
                <step start="1557318647325" stop="1557318647325" status="passed">
                    <name>logStep[Get the details from Excel]</name>
                    <title>Get the details from Excel</title>
                    <attachments/>
                    <steps/>
                </step>
                <step start="1557318647328" stop="1557318647328" status="passed">
                    <name>logStep[Http Client service is invoked]</name>
                    <title>Http Client service is invoked</title>
                    <attachments/>
                    <steps/>
                </step>
                <step start="1557318647341" stop="1557318647341" status="passed">
                    <name>logStep[apirequest is  : --{"username":"restRightsLogic5", "password": "abcd1234"} ]</name>
                    <title>apirequest is  : --{"username":"restRightsLogic5", "password": "abcd1234"} </title>
                    <attachments/>
                    <steps/>
                </step>
                <step start="1557318647341" stop="1557318647341" status="passed">
                    <name>logStep[Using Access tokena as Bearer : no value]</name>
                    <title>Using Access tokena as Bearer : no value</title>
                    <attachments/>
                    <steps/>
                </step>
                <step start="1557318647346" stop="1557318647346" status="passed">
                    <name>logStep[Headers are: : Content-Type------application/json]</name>
                    <title>Headers are: : Content-Type------application/json</title>
                    <attachments/>
                    <steps/>
                </step>
                <step start="1557318647347" stop="1557318647347" status="passed">
                    <name>logStep[Using Access tokena as Bearer : no value]</name>
                    <title>Using Access tokena as Bearer : no value</title>
                    <attachments/>
                    <steps/>
                </step>
                <step start="1557318647349" stop="1557318647349" status="passed">
                    <name>logStep[Using Access tokena as Bearer : AAIkY2ViZmY1OWEtNGU4MC00YTQ3LTljMmEtNmUyNWVjM2M1Mzk3IibalUnUce43pHbcZZIAwBRGSNCc...]</name>
                    <title>Using Access tokena as Bearer : AAIkY2ViZmY1OWEtNGU4MC00YTQ3LTljMmEtNmUyNWVjM2M1Mzk3IibalUnUce43pHbcZZIAwBRGSNCc7uRTCqrr...</title>
                    <attachments/>
                    <steps/>
                </step>
                <step start="1557318647351" stop="1557318647351" status="passed">
                    <name>logStep[Headers are: : Authorization------Bearer AAIkY2ViZmY1OWEtNGU4MC00YTQ3LTljMmEtNmUyNWVjM2M1Mzk3IibalUnUce43pHbcZZI...]</name>
                    <title>Headers are: : Authorization------Bearer AAIkY2ViZmY1OWEtNGU4MC00YTQ3LTljMmEtNmUyNWVjM2M1Mzk3IibalUnUce43pHbcZZIAwBRGSNC...</title>
                    <attachments/>
                    <steps/>
                </step>
                <step start="1557318647352" stop="1557318647352" status="passed">
                    <name>logStep[Using Access tokena as Bearer : no value]</name>
                    <title>Using Access tokena as Bearer : no value</title>
                    <attachments/>
                    <steps/>
                </step>
                <step start="1557318647354" stop="1557318647354" status="passed">
                    <name>logStep[Headers are: : Accept------application/json]</name>
                    <title>Headers are: : Accept------application/json</title>
                    <attachments/>
                    <steps/>
                </step>
                <step start="1557318647356" stop="1557318647356" status="passed">
                    <name>logStep[Using Access tokena as Bearer : no value]</name>
                    <title>Using Access tokena as Bearer : no value</title>
                    <attachments/>
                    <steps/>
                </step>
                <step start="1557318647358" stop="1557318647358" status="passed">
                    <name>logStep[Headers are: : endpoint------https://cap-sg-prd-4.integration.ibmcloud.com:17433]</name>
                    <title>Headers are: : endpoint------https://cap-sg-prd-4.integration.ibmcloud.com:17433</title>
                    <attachments/>
                    <steps/>
                </step>
                <step start="1557318647359" stop="1557318647359" status="passed">
                    <name>logStep[Using Access tokena as Bearer : no value]</name>
                    <title>Using Access tokena as Bearer : no value</title>
                    <attachments/>
                    <steps/>
                </step>
                <step start="1557318647361" stop="1557318647361" status="passed">
                    <name>logStep[Headers are: : resource------/dev/program/login]</name>
                    <title>Headers are: : resource------/dev/program/login</title>
                    <attachments/>
                    <steps/>
                </step>
                <step start="1557318647362" stop="1557318647362" status="passed">
                    <name>logStep[Using Access tokena as Bearer : no value]</name>
                    <title>Using Access tokena as Bearer : no value</title>
                    <attachments/>
                    <steps/>
                </step>
                <step start="1557318647364" stop="1557318647364" status="passed">
                    <name>logStep[Headers are: : tls-profile------asit-wo-101059121-50697]</name>
                    <title>Headers are: : tls-profile------asit-wo-101059121-50697</title>
                    <attachments/>
                    <steps/>
                </step>
                <step start="1557318647365" stop="1557318647365" status="passed">
                    <name>logStep[Using Access tokena as Bearer : no value]</name>
                    <title>Using Access tokena as Bearer : no value</title>
                    <attachments/>
                    <steps/>
                </step>
                <step start="1557318647366" stop="1557318647366" status="passed">
                    <name>logStep[Headers are: : x-ibm-client-id------cebff59a-4e80-4a47-9c2a-6e25ec3c5397]</name>
                    <title>Headers are: : x-ibm-client-id------cebff59a-4e80-4a47-9c2a-6e25ec3c5397</title>
                    <attachments/>
                    <steps/>
                </step>
                <step start="1557318647368" stop="1557318647368" status="passed">
                    <name>logStep[Executing post API with Http Post method]</name>
                    <title>Executing post API with Http Post method</title>
                    <attachments/>
                    <steps/>
                </step>
                <step start="1557318648727" stop="1557318648727" status="passed">
                    <name>logStep[Response is : HttpResponseProxy{HTTP/1.1 200 OK [X-Backside-Transport: OK OK, Connection: Keep-Alive, Transfer-E...]</name>
                    <title>Response is : HttpResponseProxy{HTTP/1.1 200 OK [X-Backside-Transport: OK OK, Connection: Keep-Alive, Transfer-Encoding:...</title>
                    <attachments/>
                    <steps/>
                </step>
                <step start="1557318648729" stop="1557318648729" status="passed">
                    <name>logStep[API Executed Successully : ]</name>
                    <title>API Executed Successully : </title>
                    <attachments/>
                    <steps/>
                </step>
                <step start="1557318648733" stop="1557318648733" status="passed">
                    <name>logStep[API Executed Successfully]</name>
                    <title>API Executed Successfully</title>
                    <attachments/>
                    <steps/>
                </step>
                <step start="1557318648734" stop="1557318648734" status="passed">
                    <name>logStep[{"service":"AMCN Integration Service","message":"Authentication successful","statusCode":"0","token":"eyJhbGciOi...]</name>
                    <title>{"service":"AMCN Integration Service","message":"Authentication successful","statusCode":"0","token":"eyJhbGciOiJIUzI1Ni...</title>
                    <attachments/>
                    <steps/>
                </step>
                <step start="1557318648734" stop="1557318648734" status="passed">
                    <name>logStep[token value is :eyJhbGciOiJIUzI1NiIsInR5cCI6IkpXVCJ9.eyJ1c2VybmFtZSI6InJlc3RSaWdodHNMb2dpYzUiLCJwYXNzd29yZCI6bnV...]</name>
                    <title>token value is :eyJhbGciOiJIUzI1NiIsInR5cCI6IkpXVCJ9.eyJ1c2VybmFtZSI6InJlc3RSaWdodHNMb2dpYzUiLCJwYXNzd29yZCI6bnVsbCwiaWF...</title>
                    <attachments/>
                    <steps/>
                </step>
                <step start="1557318648738" stop="1557318648738" status="passed">
                    <name>logStep[Started executing API Testing]</name>
                    <title>Started executing API Testing</title>
                    <attachments/>
                    <steps/>
                </step>
                <step start="1557318648741" stop="1557318648741" status="passed">
                    <name>logStep[Verify Api Type is Get  or Post]</name>
                    <title>Verify Api Type is Get  or Post</title>
                    <attachments/>
                    <steps/>
                </step>
                <step start="1557318648741" stop="1557318648741" status="passed">
                    <name>logStep[Given url is Get API continue execution]</name>
                    <title>Given url is Get API continue execution</title>
                    <attachments/>
                    <steps/>
                </step>
                <step start="1557318648749" stop="1557318648749" status="passed">
                    <name>logStep[Given API is : https://api.us.apiconnect.ibmcloud.com/amc-networks-inc-dev/asit/1.2.0/adam/get]</name>
                    <title>Given API is : https://api.us.apiconnect.ibmcloud.com/amc-networks-inc-dev/asit/1.2.0/adam/get</title>
                    <attachments/>
                    <steps/>
                </step>
                <step start="1557318648752" stop="1557318648752" status="passed">
                    <name>logStep[Using Access tokena as Bearer : AAIkY2ViZmY1OWEtNGU4MC00YTQ3LTljMmEtNmUyNWVjM2M1Mzk3IibalUnUce43pHbcZZIAwBRGSNCc...]</name>
                    <title>Using Access tokena as Bearer : AAIkY2ViZmY1OWEtNGU4MC00YTQ3LTljMmEtNmUyNWVjM2M1Mzk3IibalUnUce43pHbcZZIAwBRGSNCc7uRTCqrr...</title>
                    <attachments/>
                    <steps/>
                </step>
                <step start="1557318648755" stop="1557318648755" status="passed">
                    <name>logStep[Headers are: : Authorization------Bearer AAIkY2ViZmY1OWEtNGU4MC00YTQ3LTljMmEtNmUyNWVjM2M1Mzk3IibalUnUce43pHbcZZI...]</name>
                    <title>Headers are: : Authorization------Bearer AAIkY2ViZmY1OWEtNGU4MC00YTQ3LTljMmEtNmUyNWVjM2M1Mzk3IibalUnUce43pHbcZZIAwBRGSNC...</title>
                    <attachments/>
                    <steps/>
                </step>
                <step start="1557318648756" stop="1557318648756" status="passed">
                    <name>logStep[Headers are: : Content-Type------application/xml]</name>
                    <title>Headers are: : Content-Type------application/xml</title>
                    <attachments/>
                    <steps/>
                </step>
                <step start="1557318648757" stop="1557318648757" status="passed">
                    <name>logStep[Using Access tokena as Bearer : eyJhbGciOiJIUzI1NiIsInR5cCI6IkpXVCJ9.eyJ1c2VybmFtZSI6InJlc3RSaWdodHNMb2dpYzUiLCJ...]</name>
                    <title>Using Access tokena as Bearer : eyJhbGciOiJIUzI1NiIsInR5cCI6IkpXVCJ9.eyJ1c2VybmFtZSI6InJlc3RSaWdodHNMb2dpYzUiLCJwYXNzd29...</title>
                    <attachments/>
                    <steps/>
                </step>
                <step start="1557318648757" stop="1557318648757" status="passed">
                    <name>logStep[Headers are: : auth2------Bearer eyJhbGciOiJIUzI1NiIsInR5cCI6IkpXVCJ9.eyJ1c2VybmFtZSI6InJlc3RSaWdodHNMb2dpYzUiLC...]</name>
                    <title>Headers are: : auth2------Bearer eyJhbGciOiJIUzI1NiIsInR5cCI6IkpXVCJ9.eyJ1c2VybmFtZSI6InJlc3RSaWdodHNMb2dpYzUiLCJwYXNzd2...</title>
                    <attachments/>
                    <steps/>
                </step>
                <step start="1557318648758" stop="1557318648758" status="passed">
                    <name>logStep[Headers are: : endpoint------https://cap-sg-prd-4.integration.ibmcloud.com:17433]</name>
                    <title>Headers are: : endpoint------https://cap-sg-prd-4.integration.ibmcloud.com:17433</title>
                    <attachments/>
                    <steps/>
                </step>
                <step start="1557318648759" stop="1557318648759" status="passed">
                    <name>logStep[Headers are: : resource------/dev/program/getEpisodeSeasonSeries/externalReference/RLA217484]</name>
                    <title>Headers are: : resource------/dev/program/getEpisodeSeasonSeries/externalReference/RLA217484</title>
                    <attachments/>
                    <steps/>
                </step>
                <step start="1557318648761" stop="1557318648761" status="passed">
                    <name>logStep[Headers are: : tls-profile------asit-wo-101059121-50697]</name>
                    <title>Headers are: : tls-profile------asit-wo-101059121-50697</title>
                    <attachments/>
                    <steps/>
                </step>
                <step start="1557318648762" stop="1557318648762" status="passed">
                    <name>logStep[Headers are: : x-ibm-client-id------cebff59a-4e80-4a47-9c2a-6e25ec3c5397]</name>
                    <title>Headers are: : x-ibm-client-id------cebff59a-4e80-4a47-9c2a-6e25ec3c5397</title>
                    <attachments/>
                    <steps/>
                </step>
                <step start="1557318650182" stop="1557318650182" status="passed">
                    <name>logStep[Execution Completed and reading response now]</name>
                    <title>Execution Completed and reading response now</title>
                    <attachments/>
                    <steps/>
                </step>
                <step start="1557318650183" stop="1557318650183" status="passed">
                    <name>logStep[Verify Status code in response]</name>
                    <title>Verify Status code in response</title>
                    <attachments/>
                    <steps/>
                </step>
                <step start="1557318650209" stop="1557318650209" status="passed">
                    <name>logStep[Get the details from Excel]</name>
                    <title>Get the details from Excel</title>
                    <attachments/>
                    <steps/>
                </step>
                <step start="1557318650209" stop="1557318650209" status="passed">
                    <name>logStep[Http Client service is invoked]</name>
                    <title>Http Client service is invoked</title>
                    <attachments/>
                    <steps/>
                </step>
                <step start="1557318650218" stop="1557318650218" status="passed">
                    <name>logStep[apirequest is  : --&lt;soapenv:Envelope xmlns:soapenv="http://schemas.xmlsoap.org/soap/envelope/" xmlns:xyt="urn:xy...]</name>
                    <title>apirequest is  : --&lt;soapenv:Envelope xmlns:soapenv="http://schemas.xmlsoap.org/soap/envelope/" xmlns:xyt="urn:xytechsyst...</title>
                    <attachments/>
                    <steps/>
                </step>
                <step start="1557318650219" stop="1557318650219" status="passed">
                    <name>logStep[Using Access tokena as Bearer : eyJhbGciOiJIUzI1NiIsInR5cCI6IkpXVCJ9.eyJ1c2VybmFtZSI6InJlc3RSaWdodHNMb2dpYzUiLCJ...]</name>
                    <title>Using Access tokena as Bearer : eyJhbGciOiJIUzI1NiIsInR5cCI6IkpXVCJ9.eyJ1c2VybmFtZSI6InJlc3RSaWdodHNMb2dpYzUiLCJwYXNzd29...</title>
                    <attachments/>
                    <steps/>
                </step>
                <step start="1557318650221" stop="1557318650221" status="passed">
                    <name>logStep[Headers are: : Content-Type------text/xml]</name>
                    <title>Headers are: : Content-Type------text/xml</title>
                    <attachments/>
                    <steps/>
                </step>
                <step start="1557318650223" stop="1557318650223" status="passed">
                    <name>logStep[Using Access tokena as Bearer : eyJhbGciOiJIUzI1NiIsInR5cCI6IkpXVCJ9.eyJ1c2VybmFtZSI6InJlc3RSaWdodHNMb2dpYzUiLCJ...]</name>
                    <title>Using Access tokena as Bearer : eyJhbGciOiJIUzI1NiIsInR5cCI6IkpXVCJ9.eyJ1c2VybmFtZSI6InJlc3RSaWdodHNMb2dpYzUiLCJwYXNzd29...</title>
                    <attachments/>
                    <steps/>
                </step>
                <step start="1557318650224" stop="1557318650224" status="passed">
                    <name>logStep[Headers are: : SOAPAction------Retrieve]</name>
                    <title>Headers are: : SOAPAction------Retrieve</title>
                    <attachments/>
                    <steps/>
                </step>
                <step start="1557318650225" stop="1557318650225" status="passed">
                    <name>logStep[Executing post API with Http Post method]</name>
                    <title>Executing post API with Http Post method</title>
                    <attachments/>
                    <steps/>
                </step>
                <step start="1557318651175" stop="1557318651175" status="passed">
                    <name>logStep[Response is : HttpResponseProxy{HTTP/1.1 200 OK [Content-Length: 10679, Content-Type: text/xml; charset=utf-8, S...]</name>
                    <title>Response is : HttpResponseProxy{HTTP/1.1 200 OK [Content-Length: 10679, Content-Type: text/xml; charset=utf-8, Server: M...</title>
                    <attachments/>
                    <steps/>
                </step>
                <step start="1557318651176" stop="1557318651176" status="passed">
                    <name>logStep[API Executed Successully : ]</name>
                    <title>API Executed Successully : </title>
                    <attachments/>
                    <steps/>
                </step>
                <step start="1557318651195" stop="1557318651195" status="passed">
                    <name>logStep[API Executed Successfully]</name>
                    <title>API Executed Successfully</title>
                    <attachments/>
                    <steps/>
                </step>
                <step start="1557318651201" stop="1557318651201" status="passed">
                    <name>logStep[{"s:Envelope":{"xmlns:s":"http://schemas.xmlsoap.org/soap/envelope/","s:Body":{"RetrieveResponse":{"xmlns":"urn:...]</name>
                    <title>{"s:Envelope":{"xmlns:s":"http://schemas.xmlsoap.org/soap/envelope/","s:Body":{"RetrieveResponse":{"xmlns":"urn:xytechsy...</title>
                    <attachments/>
                    <steps/>
                </step>
                <step start="1557318652136" stop="1557318652136" status="passed">
                    <name>logStep[Started reading Responses from WOP API ]</name>
                    <title>Started reading Responses from WOP API </title>
                    <attachments/>
                    <steps/>
                </step>
                <step start="1557318652137" stop="1557318652137" status="passed">
                    <name>logStep[Validating AMCN ID param name in WOP API]</name>
                    <title>Validating AMCN ID param name in WOP API</title>
                    <attachments/>
                    <steps/>
                </step>
                <step start="1557318652138" stop="1557318652138" status="passed">
                    <name>logStep[ Param values are ------ : [RLA217484]]</name>
                    <title> Param values are ------ : [RLA217484]</title>
                    <attachments/>
                    <steps/>
                </step>
                <step start="1557318652138" stop="1557318652138" status="passed">
                    <name>logStep[Validating WOP API value RLA217484 with test data value RLA217484]</name>
                    <title>Validating WOP API value RLA217484 with test data value RLA217484</title>
                    <attachments/>
                    <steps/>
                </step>
                <step start="1557318652143" stop="1557318652143" status="passed">
                    <name>logStep[Started reading Responses from MP API ]</name>
                    <title>Started reading Responses from MP API </title>
                    <attachments/>
                    <steps/>
                </step>
                <step start="1557318652143" stop="1557318652143" status="passed">
                    <name>logStep[Validating AMCN ID param name in MP API]</name>
                    <title>Validating AMCN ID param name in MP API</title>
                    <attachments/>
                    <steps/>
                </step>
                <step start="1557318652143" stop="1557318652143" status="passed">
                    <name>logStep[ Param values are ------ : [RLA217484]]</name>
                    <title> Param values are ------ : [RLA217484]</title>
                    <attachments/>
                    <steps/>
                </step>
                <step start="1557318652144" stop="1557318652144" status="passed">
                    <name>logStep[Validating MP API value RLA217484 with test data value RLA217484]</name>
                    <title>Validating MP API value RLA217484 with test data value RLA217484</title>
                    <attachments/>
                    <steps/>
                </step>
            </steps>
            <attachments/>
            <labels>
                <label name="testSuite" value="Suite"/>
                <label name="testGroup" value="AssetCreationForSeries"/>
                <label name="testClass" value="com.amc.testclasses.RLTestCasesForSeries"/>
                <label name="testMethod" value="validateAMCNID"/>
                <label name="story" value="RLRegressionValidation"/>
                <label name="feature" value="RLRegressionValidation"/>
                <label name="host" value="MONO-HYD-LAP-44"/>
                <label name="thread" value="18068@MONO-HYD-LAP-44.TestNG-test=AssetCreationForSeries-1(67)"/>
            </labels>
        </test-case>
        <test-case start="1557318652146" stop="1557318652205" status="broken">
            <name>validateAlternativeTitleForAKA</name>
            <description>Validate alternative title of the asset for AKA Type</description>
            <failure>
                <message>JSONException: JSONObject["1"] not found.</message>
                <stack-trace>org.json.JSONException: JSONObject["1"] not found.
	at org.json.JSONObject.get(JSONObject.java:520)
	at com.amc.pageobjects.ApiExecutionTypes.getValue(ApiExecutionTypes.java:456)
	at com.amc.pageobjects.LoginModule.validateRLValuesWithWOP(LoginModule.java:71)
	at com.amc.testclasses.RLTestCasesForSeries.validateAlternativeTitleForAKA(RLTestCasesForSeries.java:126)
	at sun.reflect.NativeMethodAccessorImpl.invoke0(Native Method)
	at sun.reflect.NativeMethodAccessorImpl.invoke(NativeMethodAccessorImpl.java:62)
	at sun.reflect.DelegatingMethodAccessorImpl.invoke(DelegatingMethodAccessorImpl.java:43)
	at java.lang.reflect.Method.invoke(Method.java:498)
	at org.testng.internal.MethodInvocationHelper.invokeMethod(MethodInvocationHelper.java:124)
	at org.testng.internal.Invoker.invokeMethod(Invoker.java:583)
	at org.testng.internal.Invoker.invokeTestMethod(Invoker.java:719)
	at org.testng.internal.Invoker.invokeTestMethods(Invoker.java:989)
	at org.testng.internal.TestMethodWorker.invokeTestMethods(TestMethodWorker.java:125)
	at org.testng.internal.TestMethodWorker.run(TestMethodWorker.java:109)
	at java.util.concurrent.ThreadPoolExecutor.runWorker(ThreadPoolExecutor.java:1149)
	at java.util.concurrent.ThreadPoolExecutor$Worker.run(ThreadPoolExecutor.java:624)
	at java.lang.Thread.run(Thread.java:748)
</stack-trace>
            </failure>
            <steps>
                <step start="1557318652197" stop="1557318652197" status="passed">
                    <name>logStep[Started reading Responses from WOP API ]</name>
                    <title>Started reading Responses from WOP API </title>
                </step>
                <step start="1557318652198" stop="1557318652198" status="passed">
                    <name>logStep[Validating Alt Title param name in WOP API]</name>
                    <title>Validating Alt Title param name in WOP API</title>
                </step>
            </steps>
            <attachments/>
            <labels>
                <label name="testSuite" value="Suite"/>
                <label name="testGroup" value="AssetCreationForSeries"/>
                <label name="testClass" value="com.amc.testclasses.RLTestCasesForSeries"/>
                <label name="testMethod" value="validateAlternativeTitleForAKA"/>
                <label name="story" value="RLRegressionValidation"/>
                <label name="feature" value="RLRegressionValidation"/>
                <label name="host" value="MONO-HYD-LAP-44"/>
                <label name="thread" value="18068@MONO-HYD-LAP-44.TestNG-test=AssetCreationForSeries-1(67)"/>
            </labels>
        </test-case>
        <test-case start="1557318652208" stop="1557318652256" status="broken">
            <name>validateAlternativeTitleForLegal</name>
            <description>Validate alternative title of the asset for Legal Type</description>
            <failure>
                <message>JSONException: JSONObject["2"] not found.</message>
                <stack-trace>org.json.JSONException: JSONObject["2"] not found.
	at org.json.JSONObject.get(JSONObject.java:520)
	at com.amc.pageobjects.ApiExecutionTypes.getValue(ApiExecutionTypes.java:456)
	at com.amc.pageobjects.LoginModule.validateRLValuesWithWOP(LoginModule.java:71)
	at com.amc.testclasses.RLTestCasesForSeries.validateAlternativeTitleForLegal(RLTestCasesForSeries.java:142)
	at sun.reflect.NativeMethodAccessorImpl.invoke0(Native Method)
	at sun.reflect.NativeMethodAccessorImpl.invoke(NativeMethodAccessorImpl.java:62)
	at sun.reflect.DelegatingMethodAccessorImpl.invoke(DelegatingMethodAccessorImpl.java:43)
	at java.lang.reflect.Method.invoke(Method.java:498)
	at org.testng.internal.MethodInvocationHelper.invokeMethod(MethodInvocationHelper.java:124)
	at org.testng.internal.Invoker.invokeMethod(Invoker.java:583)
	at org.testng.internal.Invoker.invokeTestMethod(Invoker.java:719)
	at org.testng.internal.Invoker.invokeTestMethods(Invoker.java:989)
	at org.testng.internal.TestMethodWorker.invokeTestMethods(TestMethodWorker.java:125)
	at org.testng.internal.TestMethodWorker.run(TestMethodWorker.java:109)
	at java.util.concurrent.ThreadPoolExecutor.runWorker(ThreadPoolExecutor.java:1149)
	at java.util.concurrent.ThreadPoolExecutor$Worker.run(ThreadPoolExecutor.java:624)
	at java.lang.Thread.run(Thread.java:748)
</stack-trace>
            </failure>
            <steps>
                <step start="1557318652254" stop="1557318652254" status="passed">
                    <name>logStep[Started reading Responses from WOP API ]</name>
                    <title>Started reading Responses from WOP API </title>
                </step>
                <step start="1557318652254" stop="1557318652254" status="passed">
                    <name>logStep[Validating Alt Title For Legal param name in WOP API]</name>
                    <title>Validating Alt Title For Legal param name in WOP API</title>
                </step>
            </steps>
            <attachments/>
            <labels>
                <label name="testSuite" value="Suite"/>
                <label name="testGroup" value="AssetCreationForSeries"/>
                <label name="testClass" value="com.amc.testclasses.RLTestCasesForSeries"/>
                <label name="testMethod" value="validateAlternativeTitleForLegal"/>
                <label name="story" value="RLRegressionValidation"/>
                <label name="feature" value="RLRegressionValidation"/>
                <label name="host" value="MONO-HYD-LAP-44"/>
                <label name="thread" value="18068@MONO-HYD-LAP-44.TestNG-test=AssetCreationForSeries-1(67)"/>
            </labels>
        </test-case>
        <test-case start="1557318652259" stop="1557318652303" status="broken">
            <name>validateAlternativeTitleTypeForAKA</name>
            <description>Validate alternative title type of the asset for AKA Type</description>
            <failure>
                <message>JSONException: JSONObject["1"] not found.</message>
                <stack-trace>org.json.JSONException: JSONObject["1"] not found.
	at org.json.JSONObject.get(JSONObject.java:520)
	at com.amc.pageobjects.ApiExecutionTypes.getValue(ApiExecutionTypes.java:456)
	at com.amc.pageobjects.LoginModule.validateRLValuesWithWOP(LoginModule.java:71)
	at com.amc.testclasses.RLTestCasesForSeries.validateAlternativeTitleTypeForAKA(RLTestCasesForSeries.java:134)
	at sun.reflect.NativeMethodAccessorImpl.invoke0(Native Method)
	at sun.reflect.NativeMethodAccessorImpl.invoke(NativeMethodAccessorImpl.java:62)
	at sun.reflect.DelegatingMethodAccessorImpl.invoke(DelegatingMethodAccessorImpl.java:43)
	at java.lang.reflect.Method.invoke(Method.java:498)
	at org.testng.internal.MethodInvocationHelper.invokeMethod(MethodInvocationHelper.java:124)
	at org.testng.internal.Invoker.invokeMethod(Invoker.java:583)
	at org.testng.internal.Invoker.invokeTestMethod(Invoker.java:719)
	at org.testng.internal.Invoker.invokeTestMethods(Invoker.java:989)
	at org.testng.internal.TestMethodWorker.invokeTestMethods(TestMethodWorker.java:125)
	at org.testng.internal.TestMethodWorker.run(TestMethodWorker.java:109)
	at java.util.concurrent.ThreadPoolExecutor.runWorker(ThreadPoolExecutor.java:1149)
	at java.util.concurrent.ThreadPoolExecutor$Worker.run(ThreadPoolExecutor.java:624)
	at java.lang.Thread.run(Thread.java:748)
</stack-trace>
            </failure>
            <steps>
                <step start="1557318652302" stop="1557318652302" status="passed">
                    <name>logStep[Started reading Responses from WOP API ]</name>
                    <title>Started reading Responses from WOP API </title>
                </step>
                <step start="1557318652302" stop="1557318652302" status="passed">
                    <name>logStep[Validating Alt Title Type param name in WOP API]</name>
                    <title>Validating Alt Title Type param name in WOP API</title>
                </step>
            </steps>
            <attachments/>
            <labels>
                <label name="testSuite" value="Suite"/>
                <label name="testGroup" value="AssetCreationForSeries"/>
                <label name="testClass" value="com.amc.testclasses.RLTestCasesForSeries"/>
                <label name="testMethod" value="validateAlternativeTitleTypeForAKA"/>
                <label name="story" value="RLRegressionValidation"/>
                <label name="feature" value="RLRegressionValidation"/>
                <label name="host" value="MONO-HYD-LAP-44"/>
                <label name="thread" value="18068@MONO-HYD-LAP-44.TestNG-test=AssetCreationForSeries-1(67)"/>
            </labels>
        </test-case>
        <test-case start="1557318652305" stop="1557318652354" status="broken">
            <name>validateAlternativeTitleTypeForLegalType</name>
            <description>Validate alternative title type of the asset for Legal Type</description>
            <failure>
                <message>JSONException: JSONObject["2"] not found.</message>
                <stack-trace>org.json.JSONException: JSONObject["2"] not found.
	at org.json.JSONObject.get(JSONObject.java:520)
	at com.amc.pageobjects.ApiExecutionTypes.getValue(ApiExecutionTypes.java:456)
	at com.amc.pageobjects.LoginModule.validateRLValuesWithWOP(LoginModule.java:71)
	at com.amc.testclasses.RLTestCasesForSeries.validateAlternativeTitleTypeForLegalType(RLTestCasesForSeries.java:150)
	at sun.reflect.NativeMethodAccessorImpl.invoke0(Native Method)
	at sun.reflect.NativeMethodAccessorImpl.invoke(NativeMethodAccessorImpl.java:62)
	at sun.reflect.DelegatingMethodAccessorImpl.invoke(DelegatingMethodAccessorImpl.java:43)
	at java.lang.reflect.Method.invoke(Method.java:498)
	at org.testng.internal.MethodInvocationHelper.invokeMethod(MethodInvocationHelper.java:124)
	at org.testng.internal.Invoker.invokeMethod(Invoker.java:583)
	at org.testng.internal.Invoker.invokeTestMethod(Invoker.java:719)
	at org.testng.internal.Invoker.invokeTestMethods(Invoker.java:989)
	at org.testng.internal.TestMethodWorker.invokeTestMethods(TestMethodWorker.java:125)
	at org.testng.internal.TestMethodWorker.run(TestMethodWorker.java:109)
	at java.util.concurrent.ThreadPoolExecutor.runWorker(ThreadPoolExecutor.java:1149)
	at java.util.concurrent.ThreadPoolExecutor$Worker.run(ThreadPoolExecutor.java:624)
	at java.lang.Thread.run(Thread.java:748)
</stack-trace>
            </failure>
            <steps>
                <step start="1557318652352" stop="1557318652352" status="passed">
                    <name>logStep[Started reading Responses from WOP API ]</name>
                    <title>Started reading Responses from WOP API </title>
                </step>
                <step start="1557318652352" stop="1557318652352" status="passed">
                    <name>logStep[Validating Alt Title Type For Legal param name in WOP API]</name>
                    <title>Validating Alt Title Type For Legal param name in WOP API</title>
                </step>
            </steps>
            <attachments/>
            <labels>
                <label name="testSuite" value="Suite"/>
                <label name="testGroup" value="AssetCreationForSeries"/>
                <label name="testClass" value="com.amc.testclasses.RLTestCasesForSeries"/>
                <label name="testMethod" value="validateAlternativeTitleTypeForLegalType"/>
                <label name="story" value="RLRegressionValidation"/>
                <label name="feature" value="RLRegressionValidation"/>
                <label name="host" value="MONO-HYD-LAP-44"/>
                <label name="thread" value="18068@MONO-HYD-LAP-44.TestNG-test=AssetCreationForSeries-1(67)"/>
            </labels>
        </test-case>
        <test-case start="1557318652356" stop="1557318652413" status="passed">
            <name>validateAssetShowType</name>
            <description>Validate Asset Shpw Type of WOP</description>
            <steps>
                <step start="1557318652410" stop="1557318652410" status="passed">
                    <name>logStep[Started reading Responses from WOP API ]</name>
                    <title>Started reading Responses from WOP API </title>
                    <attachments/>
                    <steps/>
                </step>
                <step start="1557318652410" stop="1557318652410" status="passed">
                    <name>logStep[Validating ShowType param name in WOP API]</name>
                    <title>Validating ShowType param name in WOP API</title>
                    <attachments/>
                    <steps/>
                </step>
                <step start="1557318652410" stop="1557318652410" status="passed">
                    <name>logStep[ Param values are ------ : [Series]]</name>
                    <title> Param values are ------ : [Series]</title>
                    <attachments/>
                    <steps/>
                </step>
                <step start="1557318652410" stop="1557318652410" status="passed">
                    <name>logStep[Validating WOP API value Series with test data value Series]</name>
                    <title>Validating WOP API value Series with test data value Series</title>
                    <attachments/>
                    <steps/>
                </step>
                <step start="1557318652411" stop="1557318652411" status="passed">
                    <name>logStep[Started reading Responses from MP API ]</name>
                    <title>Started reading Responses from MP API </title>
                    <attachments/>
                    <steps/>
                </step>
                <step start="1557318652411" stop="1557318652411" status="passed">
                    <name>logStep[Validating ShowType param name in MP API]</name>
                    <title>Validating ShowType param name in MP API</title>
                    <attachments/>
                    <steps/>
                </step>
                <step start="1557318652412" stop="1557318652412" status="passed">
                    <name>logStep[ Param values are ------ : [Series]]</name>
                    <title> Param values are ------ : [Series]</title>
                    <attachments/>
                    <steps/>
                </step>
                <step start="1557318652412" stop="1557318652412" status="passed">
                    <name>logStep[Validating MP API value Series with test data value Series]</name>
                    <title>Validating MP API value Series with test data value Series</title>
                    <attachments/>
                    <steps/>
                </step>
            </steps>
            <attachments/>
            <labels>
                <label name="testSuite" value="Suite"/>
                <label name="testGroup" value="AssetCreationForSeries"/>
                <label name="testClass" value="com.amc.testclasses.RLTestCasesForSeries"/>
                <label name="testMethod" value="validateAssetShowType"/>
                <label name="story" value="RLRegressionValidation"/>
                <label name="feature" value="RLRegressionValidation"/>
                <label name="host" value="MONO-HYD-LAP-44"/>
                <label name="thread" value="18068@MONO-HYD-LAP-44.TestNG-test=AssetCreationForSeries-1(67)"/>
            </labels>
        </test-case>
        <test-case start="1557318652416" stop="1557318652471" status="failed">
            <name>validateAssetSource</name>
            <description>Validate Asset Source of WOP</description>
            <failure>
                <message>AssertionError: Expected MP value was Original but found Acquired</message>
                <stack-trace>java.lang.AssertionError: Expected MP value was Original but found Acquired
	at org.testng.Assert.fail(Assert.java:96)
	at com.amc.pageobjects.LoginModule.validateRLValuesWithMP(LoginModule.java:90)
	at com.amc.testclasses.RLTestCasesForSeries.validateAssetSource(RLTestCasesForSeries.java:62)
	at sun.reflect.NativeMethodAccessorImpl.invoke0(Native Method)
	at sun.reflect.NativeMethodAccessorImpl.invoke(NativeMethodAccessorImpl.java:62)
	at sun.reflect.DelegatingMethodAccessorImpl.invoke(DelegatingMethodAccessorImpl.java:43)
	at java.lang.reflect.Method.invoke(Method.java:498)
	at org.testng.internal.MethodInvocationHelper.invokeMethod(MethodInvocationHelper.java:124)
	at org.testng.internal.Invoker.invokeMethod(Invoker.java:583)
	at org.testng.internal.Invoker.invokeTestMethod(Invoker.java:719)
	at org.testng.internal.Invoker.invokeTestMethods(Invoker.java:989)
	at org.testng.internal.TestMethodWorker.invokeTestMethods(TestMethodWorker.java:125)
	at org.testng.internal.TestMethodWorker.run(TestMethodWorker.java:109)
	at java.util.concurrent.ThreadPoolExecutor.runWorker(ThreadPoolExecutor.java:1149)
	at java.util.concurrent.ThreadPoolExecutor$Worker.run(ThreadPoolExecutor.java:624)
	at java.lang.Thread.run(Thread.java:748)
</stack-trace>
            </failure>
            <steps>
                <step start="1557318652467" stop="1557318652467" status="passed">
                    <name>logStep[Started reading Responses from WOP API ]</name>
                    <title>Started reading Responses from WOP API </title>
                </step>
                <step start="1557318652467" stop="1557318652467" status="passed">
                    <name>logStep[Validating Asset Source param name in WOP API]</name>
                    <title>Validating Asset Source param name in WOP API</title>
                </step>
                <step start="1557318652468" stop="1557318652468" status="passed">
                    <name>logStep[ Param values are ------ : [Original]]</name>
                    <title> Param values are ------ : [Original]</title>
                </step>
                <step start="1557318652468" stop="1557318652468" status="passed">
                    <name>logStep[Validating WOP API value Original with test data value Original]</name>
                    <title>Validating WOP API value Original with test data value Original</title>
                </step>
                <step start="1557318652469" stop="1557318652469" status="passed">
                    <name>logStep[Started reading Responses from MP API ]</name>
                    <title>Started reading Responses from MP API </title>
                </step>
                <step start="1557318652469" stop="1557318652469" status="passed">
                    <name>logStep[Validating Asset Source param name in MP API]</name>
                    <title>Validating Asset Source param name in MP API</title>
                </step>
                <step start="1557318652469" stop="1557318652469" status="passed">
                    <name>logStep[ Param values are ------ : [Acquired]]</name>
                    <title> Param values are ------ : [Acquired]</title>
                </step>
                <step start="1557318652469" stop="1557318652469" status="passed">
                    <name>logStep[Validating MP API value Acquired with test data value Original]</name>
                    <title>Validating MP API value Acquired with test data value Original</title>
                </step>
            </steps>
            <attachments/>
            <labels>
                <label name="testSuite" value="Suite"/>
                <label name="testGroup" value="AssetCreationForSeries"/>
                <label name="testClass" value="com.amc.testclasses.RLTestCasesForSeries"/>
                <label name="testMethod" value="validateAssetSource"/>
                <label name="story" value="RLRegressionValidation"/>
                <label name="feature" value="RLRegressionValidation"/>
                <label name="host" value="MONO-HYD-LAP-44"/>
                <label name="thread" value="18068@MONO-HYD-LAP-44.TestNG-test=AssetCreationForSeries-1(67)"/>
            </labels>
        </test-case>
        <test-case start="1557318652473" stop="1557318652533" status="failed">
            <name>validateAssetTitle</name>
            <description>Validate Asset Title of WOP</description>
            <failure>
                <message>AssertionError: Expected WOP value was ProgramSeriesTestAej but found Program Test Series 021146</message>
                <stack-trace>java.lang.AssertionError: Expected WOP value was ProgramSeriesTestAej but found Program Test Series 021146
	at org.testng.Assert.fail(Assert.java:96)
	at com.amc.pageobjects.LoginModule.validateRLValuesWithWOP(LoginModule.java:77)
	at com.amc.testclasses.RLTestCasesForSeries.validateAssetTitle(RLTestCasesForSeries.java:40)
	at sun.reflect.NativeMethodAccessorImpl.invoke0(Native Method)
	at sun.reflect.NativeMethodAccessorImpl.invoke(NativeMethodAccessorImpl.java:62)
	at sun.reflect.DelegatingMethodAccessorImpl.invoke(DelegatingMethodAccessorImpl.java:43)
	at java.lang.reflect.Method.invoke(Method.java:498)
	at org.testng.internal.MethodInvocationHelper.invokeMethod(MethodInvocationHelper.java:124)
	at org.testng.internal.Invoker.invokeMethod(Invoker.java:583)
	at org.testng.internal.Invoker.invokeTestMethod(Invoker.java:719)
	at org.testng.internal.Invoker.invokeTestMethods(Invoker.java:989)
	at org.testng.internal.TestMethodWorker.invokeTestMethods(TestMethodWorker.java:125)
	at org.testng.internal.TestMethodWorker.run(TestMethodWorker.java:109)
	at java.util.concurrent.ThreadPoolExecutor.runWorker(ThreadPoolExecutor.java:1149)
	at java.util.concurrent.ThreadPoolExecutor$Worker.run(ThreadPoolExecutor.java:624)
	at java.lang.Thread.run(Thread.java:748)
</stack-trace>
            </failure>
            <steps>
                <step start="1557318652530" stop="1557318652530" status="passed">
                    <name>logStep[Started reading Responses from WOP API ]</name>
                    <title>Started reading Responses from WOP API </title>
                </step>
                <step start="1557318652530" stop="1557318652530" status="passed">
                    <name>logStep[Validating Title param name in WOP API]</name>
                    <title>Validating Title param name in WOP API</title>
                </step>
                <step start="1557318652531" stop="1557318652531" status="passed">
                    <name>logStep[ Param values are ------ : [Program Test Series 021146]]</name>
                    <title> Param values are ------ : [Program Test Series 021146]</title>
                </step>
                <step start="1557318652531" stop="1557318652531" status="passed">
                    <name>logStep[Validating WOP API value Program Test Series 021146 with test data value ProgramSeriesTestAej]</name>
                    <title>Validating WOP API value Program Test Series 021146 with test data value ProgramSeriesTestAej</title>
                </step>
            </steps>
            <attachments/>
            <labels>
                <label name="testSuite" value="Suite"/>
                <label name="testGroup" value="AssetCreationForSeries"/>
                <label name="testClass" value="com.amc.testclasses.RLTestCasesForSeries"/>
                <label name="testMethod" value="validateAssetTitle"/>
                <label name="story" value="RLRegressionValidation"/>
                <label name="feature" value="RLRegressionValidation"/>
                <label name="host" value="MONO-HYD-LAP-44"/>
                <label name="thread" value="18068@MONO-HYD-LAP-44.TestNG-test=AssetCreationForSeries-1(67)"/>
            </labels>
        </test-case>
        <test-case start="1557318652537" stop="1557318652600" status="broken">
            <name>validateCastType</name>
            <description>Validate Cast Type</description>
            <failure>
                <message>ClassCastException: java.lang.String cannot be cast to org.json.JSONArray</message>
                <stack-trace>java.lang.ClassCastException: java.lang.String cannot be cast to org.json.JSONArray
	at com.amc.pageobjects.ApiExecutionTypes.getValue(ApiExecutionTypes.java:464)
	at com.amc.pageobjects.LoginModule.validateRLValuesWithWOP(LoginModule.java:71)
	at com.amc.testclasses.RLTestCasesForSeries.validateCastType(RLTestCasesForSeries.java:110)
	at sun.reflect.NativeMethodAccessorImpl.invoke0(Native Method)
	at sun.reflect.NativeMethodAccessorImpl.invoke(NativeMethodAccessorImpl.java:62)
	at sun.reflect.DelegatingMethodAccessorImpl.invoke(DelegatingMethodAccessorImpl.java:43)
	at java.lang.reflect.Method.invoke(Method.java:498)
	at org.testng.internal.MethodInvocationHelper.invokeMethod(MethodInvocationHelper.java:124)
	at org.testng.internal.Invoker.invokeMethod(Invoker.java:583)
	at org.testng.internal.Invoker.invokeTestMethod(Invoker.java:719)
	at org.testng.internal.Invoker.invokeTestMethods(Invoker.java:989)
	at org.testng.internal.TestMethodWorker.invokeTestMethods(TestMethodWorker.java:125)
	at org.testng.internal.TestMethodWorker.run(TestMethodWorker.java:109)
	at java.util.concurrent.ThreadPoolExecutor.runWorker(ThreadPoolExecutor.java:1149)
	at java.util.concurrent.ThreadPoolExecutor$Worker.run(ThreadPoolExecutor.java:624)
	at java.lang.Thread.run(Thread.java:748)
</stack-trace>
            </failure>
            <steps>
                <step start="1557318652596" stop="1557318652596" status="passed">
                    <name>logStep[Started reading Responses from WOP API ]</name>
                    <title>Started reading Responses from WOP API </title>
                </step>
                <step start="1557318652599" stop="1557318652599" status="passed">
                    <name>logStep[Validating Cast Type param name in WOP API]</name>
                    <title>Validating Cast Type param name in WOP API</title>
                </step>
            </steps>
            <attachments/>
            <labels>
                <label name="testSuite" value="Suite"/>
                <label name="testGroup" value="AssetCreationForSeries"/>
                <label name="testClass" value="com.amc.testclasses.RLTestCasesForSeries"/>
                <label name="testMethod" value="validateCastType"/>
                <label name="story" value="RLRegressionValidation"/>
                <label name="feature" value="RLRegressionValidation"/>
                <label name="host" value="MONO-HYD-LAP-44"/>
                <label name="thread" value="18068@MONO-HYD-LAP-44.TestNG-test=AssetCreationForSeries-1(67)"/>
            </labels>
        </test-case>
        <test-case start="1557318652603" stop="1557318652659" status="broken">
            <name>validateFirstNameOfCastMember</name>
            <description>Validate name of cast member</description>
            <failure>
                <message>ClassCastException: java.lang.String cannot be cast to org.json.JSONArray</message>
                <stack-trace>java.lang.ClassCastException: java.lang.String cannot be cast to org.json.JSONArray
	at com.amc.pageobjects.ApiExecutionTypes.getValue(ApiExecutionTypes.java:464)
	at com.amc.pageobjects.LoginModule.validateRLValuesWithWOP(LoginModule.java:71)
	at com.amc.testclasses.RLTestCasesForSeries.validateFirstNameOfCastMember(RLTestCasesForSeries.java:118)
	at sun.reflect.NativeMethodAccessorImpl.invoke0(Native Method)
	at sun.reflect.NativeMethodAccessorImpl.invoke(NativeMethodAccessorImpl.java:62)
	at sun.reflect.DelegatingMethodAccessorImpl.invoke(DelegatingMethodAccessorImpl.java:43)
	at java.lang.reflect.Method.invoke(Method.java:498)
	at org.testng.internal.MethodInvocationHelper.invokeMethod(MethodInvocationHelper.java:124)
	at org.testng.internal.Invoker.invokeMethod(Invoker.java:583)
	at org.testng.internal.Invoker.invokeTestMethod(Invoker.java:719)
	at org.testng.internal.Invoker.invokeTestMethods(Invoker.java:989)
	at org.testng.internal.TestMethodWorker.invokeTestMethods(TestMethodWorker.java:125)
	at org.testng.internal.TestMethodWorker.run(TestMethodWorker.java:109)
	at java.util.concurrent.ThreadPoolExecutor.runWorker(ThreadPoolExecutor.java:1149)
	at java.util.concurrent.ThreadPoolExecutor$Worker.run(ThreadPoolExecutor.java:624)
	at java.lang.Thread.run(Thread.java:748)
</stack-trace>
            </failure>
            <steps>
                <step start="1557318652658" stop="1557318652658" status="passed">
                    <name>logStep[Started reading Responses from WOP API ]</name>
                    <title>Started reading Responses from WOP API </title>
                </step>
                <step start="1557318652658" stop="1557318652658" status="passed">
                    <name>logStep[Validating First Name param name in WOP API]</name>
                    <title>Validating First Name param name in WOP API</title>
                </step>
            </steps>
            <attachments/>
            <labels>
                <label name="testSuite" value="Suite"/>
                <label name="testGroup" value="AssetCreationForSeries"/>
                <label name="testClass" value="com.amc.testclasses.RLTestCasesForSeries"/>
                <label name="testMethod" value="validateFirstNameOfCastMember"/>
                <label name="story" value="RLRegressionValidation"/>
                <label name="feature" value="RLRegressionValidation"/>
                <label name="host" value="MONO-HYD-LAP-44"/>
                <label name="thread" value="18068@MONO-HYD-LAP-44.TestNG-test=AssetCreationForSeries-1(67)"/>
            </labels>
        </test-case>
        <test-case start="1557318652662" stop="1557318652754" status="failed">
            <name>validateOrigin</name>
            <description>Validate Origin of WOP</description>
            <failure>
                <message>AssertionError: Expected MP value was Licensed but found {"xsi:nil":true}</message>
                <stack-trace>java.lang.AssertionError: Expected MP value was Licensed but found {"xsi:nil":true}
	at org.testng.Assert.fail(Assert.java:96)
	at com.amc.pageobjects.LoginModule.validateRLValuesWithMP(LoginModule.java:90)
	at com.amc.testclasses.RLTestCasesForSeries.validateOrigin(RLTestCasesForSeries.java:91)
	at sun.reflect.NativeMethodAccessorImpl.invoke0(Native Method)
	at sun.reflect.NativeMethodAccessorImpl.invoke(NativeMethodAccessorImpl.java:62)
	at sun.reflect.DelegatingMethodAccessorImpl.invoke(DelegatingMethodAccessorImpl.java:43)
	at java.lang.reflect.Method.invoke(Method.java:498)
	at org.testng.internal.MethodInvocationHelper.invokeMethod(MethodInvocationHelper.java:124)
	at org.testng.internal.Invoker.invokeMethod(Invoker.java:583)
	at org.testng.internal.Invoker.invokeTestMethod(Invoker.java:719)
	at org.testng.internal.Invoker.invokeTestMethods(Invoker.java:989)
	at org.testng.internal.TestMethodWorker.invokeTestMethods(TestMethodWorker.java:125)
	at org.testng.internal.TestMethodWorker.run(TestMethodWorker.java:109)
	at java.util.concurrent.ThreadPoolExecutor.runWorker(ThreadPoolExecutor.java:1149)
	at java.util.concurrent.ThreadPoolExecutor$Worker.run(ThreadPoolExecutor.java:624)
	at java.lang.Thread.run(Thread.java:748)
</stack-trace>
            </failure>
            <steps>
                <step start="1557318652750" stop="1557318652750" status="passed">
                    <name>logStep[Started reading Responses from WOP API ]</name>
                    <title>Started reading Responses from WOP API </title>
                </step>
                <step start="1557318652750" stop="1557318652750" status="passed">
                    <name>logStep[Validating Origin param name in WOP API]</name>
                    <title>Validating Origin param name in WOP API</title>
                </step>
                <step start="1557318652750" stop="1557318652750" status="passed">
                    <name>logStep[ Param values are ------ : [Licensed]]</name>
                    <title> Param values are ------ : [Licensed]</title>
                </step>
                <step start="1557318652750" stop="1557318652750" status="passed">
                    <name>logStep[Validating WOP API value Licensed with test data value Licensed]</name>
                    <title>Validating WOP API value Licensed with test data value Licensed</title>
                </step>
                <step start="1557318652751" stop="1557318652751" status="passed">
                    <name>logStep[Started reading Responses from MP API ]</name>
                    <title>Started reading Responses from MP API </title>
                </step>
                <step start="1557318652752" stop="1557318652752" status="passed">
                    <name>logStep[Validating Origin param name in MP API]</name>
                    <title>Validating Origin param name in MP API</title>
                </step>
                <step start="1557318652752" stop="1557318652752" status="passed">
                    <name>logStep[ Param values are ------ : [{"xsi:nil":true}]]</name>
                    <title> Param values are ------ : [{"xsi:nil":true}]</title>
                </step>
                <step start="1557318652752" stop="1557318652752" status="passed">
                    <name>logStep[Validating MP API value {"xsi:nil":true} with test data value Licensed]</name>
                    <title>Validating MP API value {"xsi:nil":true} with test data value Licensed</title>
                </step>
            </steps>
            <attachments/>
            <labels>
                <label name="testSuite" value="Suite"/>
                <label name="testGroup" value="AssetCreationForSeries"/>
                <label name="testClass" value="com.amc.testclasses.RLTestCasesForSeries"/>
                <label name="testMethod" value="validateOrigin"/>
                <label name="story" value="RLRegressionValidation"/>
                <label name="feature" value="RLRegressionValidation"/>
                <label name="host" value="MONO-HYD-LAP-44"/>
                <label name="thread" value="18068@MONO-HYD-LAP-44.TestNG-test=AssetCreationForSeries-1(67)"/>
            </labels>
        </test-case>
        <test-case start="1557318652756" stop="1557318652805" status="passed">
            <name>validateOwnerNetwork</name>
            <description>Validate Owner Network</description>
            <steps>
                <step start="1557318652799" stop="1557318652799" status="passed">
                    <name>logStep[Started reading Responses from WOP API ]</name>
                    <title>Started reading Responses from WOP API </title>
                    <attachments/>
                    <steps/>
                </step>
                <step start="1557318652800" stop="1557318652800" status="passed">
                    <name>logStep[Validating Owner Network param name in WOP API]</name>
                    <title>Validating Owner Network param name in WOP API</title>
                    <attachments/>
                    <steps/>
                </step>
                <step start="1557318652800" stop="1557318652800" status="passed">
                    <name>logStep[ Param values are ------ : [AMC]]</name>
                    <title> Param values are ------ : [AMC]</title>
                    <attachments/>
                    <steps/>
                </step>
                <step start="1557318652800" stop="1557318652800" status="passed">
                    <name>logStep[Validating WOP API value AMC with test data value AMC]</name>
                    <title>Validating WOP API value AMC with test data value AMC</title>
                    <attachments/>
                    <steps/>
                </step>
                <step start="1557318652802" stop="1557318652802" status="passed">
                    <name>logStep[Started reading Responses from MP API ]</name>
                    <title>Started reading Responses from MP API </title>
                    <attachments/>
                    <steps/>
                </step>
                <step start="1557318652802" stop="1557318652802" status="passed">
                    <name>logStep[Validating Owner Network param name in MP API]</name>
                    <title>Validating Owner Network param name in MP API</title>
                    <attachments/>
                    <steps/>
                </step>
                <step start="1557318652802" stop="1557318652802" status="passed">
                    <name>logStep[ Param values are ------ : [AMC]]</name>
                    <title> Param values are ------ : [AMC]</title>
                    <attachments/>
                    <steps/>
                </step>
                <step start="1557318652803" stop="1557318652803" status="passed">
                    <name>logStep[Validating MP API value AMC with test data value AMC]</name>
                    <title>Validating MP API value AMC with test data value AMC</title>
                    <attachments/>
                    <steps/>
                </step>
            </steps>
            <attachments/>
            <labels>
                <label name="testSuite" value="Suite"/>
                <label name="testGroup" value="AssetCreationForSeries"/>
                <label name="testClass" value="com.amc.testclasses.RLTestCasesForSeries"/>
                <label name="testMethod" value="validateOwnerNetwork"/>
                <label name="story" value="RLRegressionValidation"/>
                <label name="feature" value="RLRegressionValidation"/>
                <label name="host" value="MONO-HYD-LAP-44"/>
                <label name="thread" value="18068@MONO-HYD-LAP-44.TestNG-test=AssetCreationForSeries-1(67)"/>
            </labels>
        </test-case>
        <test-case start="1557318652809" stop="1557318652858" status="failed">
            <name>validateProductionMode</name>
            <description>Validate Production Mode of WOP</description>
            <failure>
                <message>AssertionError: Expected MP value was Scripted but found {"xsi:nil":true}</message>
                <stack-trace>java.lang.AssertionError: Expected MP value was Scripted but found {"xsi:nil":true}
	at org.testng.Assert.fail(Assert.java:96)
	at com.amc.pageobjects.LoginModule.validateRLValuesWithMP(LoginModule.java:90)
	at com.amc.testclasses.RLTestCasesForSeries.validateProductionMode(RLTestCasesForSeries.java:79)
	at sun.reflect.NativeMethodAccessorImpl.invoke0(Native Method)
	at sun.reflect.NativeMethodAccessorImpl.invoke(NativeMethodAccessorImpl.java:62)
	at sun.reflect.DelegatingMethodAccessorImpl.invoke(DelegatingMethodAccessorImpl.java:43)
	at java.lang.reflect.Method.invoke(Method.java:498)
	at org.testng.internal.MethodInvocationHelper.invokeMethod(MethodInvocationHelper.java:124)
	at org.testng.internal.Invoker.invokeMethod(Invoker.java:583)
	at org.testng.internal.Invoker.invokeTestMethod(Invoker.java:719)
	at org.testng.internal.Invoker.invokeTestMethods(Invoker.java:989)
	at org.testng.internal.TestMethodWorker.invokeTestMethods(TestMethodWorker.java:125)
	at org.testng.internal.TestMethodWorker.run(TestMethodWorker.java:109)
	at java.util.concurrent.ThreadPoolExecutor.runWorker(ThreadPoolExecutor.java:1149)
	at java.util.concurrent.ThreadPoolExecutor$Worker.run(ThreadPoolExecutor.java:624)
	at java.lang.Thread.run(Thread.java:748)
</stack-trace>
            </failure>
            <steps>
                <step start="1557318652854" stop="1557318652854" status="passed">
                    <name>logStep[Started reading Responses from WOP API ]</name>
                    <title>Started reading Responses from WOP API </title>
                </step>
                <step start="1557318652854" stop="1557318652854" status="passed">
                    <name>logStep[Validating Production Mode param name in WOP API]</name>
                    <title>Validating Production Mode param name in WOP API</title>
                </step>
                <step start="1557318652855" stop="1557318652855" status="passed">
                    <name>logStep[ Param values are ------ : [Scripted]]</name>
                    <title> Param values are ------ : [Scripted]</title>
                </step>
                <step start="1557318652855" stop="1557318652855" status="passed">
                    <name>logStep[Validating WOP API value Scripted with test data value Scripted]</name>
                    <title>Validating WOP API value Scripted with test data value Scripted</title>
                </step>
                <step start="1557318652856" stop="1557318652856" status="passed">
                    <name>logStep[Started reading Responses from MP API ]</name>
                    <title>Started reading Responses from MP API </title>
                </step>
                <step start="1557318652856" stop="1557318652856" status="passed">
                    <name>logStep[Validating Production Mode param name in MP API]</name>
                    <title>Validating Production Mode param name in MP API</title>
                </step>
                <step start="1557318652857" stop="1557318652857" status="passed">
                    <name>logStep[ Param values are ------ : [{"xsi:nil":true}]]</name>
                    <title> Param values are ------ : [{"xsi:nil":true}]</title>
                </step>
                <step start="1557318652857" stop="1557318652857" status="passed">
                    <name>logStep[Validating MP API value {"xsi:nil":true} with test data value Scripted]</name>
                    <title>Validating MP API value {"xsi:nil":true} with test data value Scripted</title>
                </step>
            </steps>
            <attachments/>
            <labels>
                <label name="testSuite" value="Suite"/>
                <label name="testGroup" value="AssetCreationForSeries"/>
                <label name="testClass" value="com.amc.testclasses.RLTestCasesForSeries"/>
                <label name="testMethod" value="validateProductionMode"/>
                <label name="story" value="RLRegressionValidation"/>
                <label name="feature" value="RLRegressionValidation"/>
                <label name="host" value="MONO-HYD-LAP-44"/>
                <label name="thread" value="18068@MONO-HYD-LAP-44.TestNG-test=AssetCreationForSeries-1(67)"/>
            </labels>
        </test-case>
        <test-case start="1557318652860" stop="1557318652929" status="passed">
            <name>validateTitleType</name>
            <description>Validate title type of the asset</description>
            <steps>
                <step start="1557318652926" stop="1557318652926" status="passed">
                    <name>logStep[Started reading Responses from WOP API ]</name>
                    <title>Started reading Responses from WOP API </title>
                    <attachments/>
                    <steps/>
                </step>
                <step start="1557318652926" stop="1557318652926" status="passed">
                    <name>logStep[Validating Title Type param name in WOP API]</name>
                    <title>Validating Title Type param name in WOP API</title>
                    <attachments/>
                    <steps/>
                </step>
                <step start="1557318652927" stop="1557318652927" status="passed">
                    <name>logStep[ Param values are ------ : [Series]]</name>
                    <title> Param values are ------ : [Series]</title>
                    <attachments/>
                    <steps/>
                </step>
                <step start="1557318652927" stop="1557318652927" status="passed">
                    <name>logStep[Validating WOP API value Series with test data value Series]</name>
                    <title>Validating WOP API value Series with test data value Series</title>
                    <attachments/>
                    <steps/>
                </step>
                <step start="1557318652927" stop="1557318652927" status="passed">
                    <name>logStep[Started reading Responses from MP API ]</name>
                    <title>Started reading Responses from MP API </title>
                    <attachments/>
                    <steps/>
                </step>
                <step start="1557318652928" stop="1557318652928" status="passed">
                    <name>logStep[Validating Title Type param name in MP API]</name>
                    <title>Validating Title Type param name in MP API</title>
                    <attachments/>
                    <steps/>
                </step>
                <step start="1557318652928" stop="1557318652928" status="passed">
                    <name>logStep[ Param values are ------ : [Series]]</name>
                    <title> Param values are ------ : [Series]</title>
                    <attachments/>
                    <steps/>
                </step>
                <step start="1557318652928" stop="1557318652928" status="passed">
                    <name>logStep[Validating MP API value Series with test data value Series]</name>
                    <title>Validating MP API value Series with test data value Series</title>
                    <attachments/>
                    <steps/>
                </step>
            </steps>
            <attachments/>
            <labels>
                <label name="testSuite" value="Suite"/>
                <label name="testGroup" value="AssetCreationForSeries"/>
                <label name="testClass" value="com.amc.testclasses.RLTestCasesForSeries"/>
                <label name="testMethod" value="validateTitleType"/>
                <label name="story" value="RLRegressionValidation"/>
                <label name="feature" value="RLRegressionValidation"/>
                <label name="host" value="MONO-HYD-LAP-44"/>
                <label name="thread" value="18068@MONO-HYD-LAP-44.TestNG-test=AssetCreationForSeries-1(67)"/>
            </labels>
        </test-case>
        <test-case start="1557318652931" stop="1557318652984" status="failed">
            <name>validateTotalNumberOfEpisodes</name>
            <description>Validate total number of episodes in the series</description>
            <failure>
                <message>AssertionError: Expected MP value was 1 but found 5</message>
                <stack-trace>java.lang.AssertionError: Expected MP value was 1 but found 5
	at org.testng.Assert.fail(Assert.java:96)
	at com.amc.pageobjects.LoginModule.validateRLValuesWithMP(LoginModule.java:90)
	at com.amc.testclasses.RLTestCasesForSeries.validateTotalNumberOfEpisodes(RLTestCasesForSeries.java:167)
	at sun.reflect.NativeMethodAccessorImpl.invoke0(Native Method)
	at sun.reflect.NativeMethodAccessorImpl.invoke(NativeMethodAccessorImpl.java:62)
	at sun.reflect.DelegatingMethodAccessorImpl.invoke(DelegatingMethodAccessorImpl.java:43)
	at java.lang.reflect.Method.invoke(Method.java:498)
	at org.testng.internal.MethodInvocationHelper.invokeMethod(MethodInvocationHelper.java:124)
	at org.testng.internal.Invoker.invokeMethod(Invoker.java:583)
	at org.testng.internal.Invoker.invokeTestMethod(Invoker.java:719)
	at org.testng.internal.Invoker.invokeTestMethods(Invoker.java:989)
	at org.testng.internal.TestMethodWorker.invokeTestMethods(TestMethodWorker.java:125)
	at org.testng.internal.TestMethodWorker.run(TestMethodWorker.java:109)
	at java.util.concurrent.ThreadPoolExecutor.runWorker(ThreadPoolExecutor.java:1149)
	at java.util.concurrent.ThreadPoolExecutor$Worker.run(ThreadPoolExecutor.java:624)
	at java.lang.Thread.run(Thread.java:748)
</stack-trace>
            </failure>
            <steps>
                <step start="1557318652983" stop="1557318652983" status="passed">
                    <name>logStep[Started reading Responses from MP API ]</name>
                    <title>Started reading Responses from MP API </title>
                </step>
                <step start="1557318652983" stop="1557318652983" status="passed">
                    <name>logStep[Validating TotalNumberOfEpisodes param name in MP API]</name>
                    <title>Validating TotalNumberOfEpisodes param name in MP API</title>
                </step>
                <step start="1557318652983" stop="1557318652983" status="passed">
                    <name>logStep[ Param values are ------ : [5]]</name>
                    <title> Param values are ------ : [5]</title>
                </step>
                <step start="1557318652984" stop="1557318652984" status="passed">
                    <name>logStep[Validating MP API value 5 with test data value 1]</name>
                    <title>Validating MP API value 5 with test data value 1</title>
                </step>
            </steps>
            <attachments/>
            <labels>
                <label name="testSuite" value="Suite"/>
                <label name="testGroup" value="AssetCreationForSeries"/>
                <label name="testClass" value="com.amc.testclasses.RLTestCasesForSeries"/>
                <label name="testMethod" value="validateTotalNumberOfEpisodes"/>
                <label name="story" value="RLRegressionValidation"/>
                <label name="feature" value="RLRegressionValidation"/>
                <label name="host" value="MONO-HYD-LAP-44"/>
                <label name="thread" value="18068@MONO-HYD-LAP-44.TestNG-test=AssetCreationForSeries-1(67)"/>
            </labels>
        </test-case>
    </test-cases>
    <labels>
        <label name="framework" value="TestNG"/>
        <label name="language" value="JAVA"/>
    </labels>
</ns2:test-suite>
