<?xml version="1.0" encoding="UTF-8" standalone="yes"?>
<ns2:test-suite start="1558001934291" stop="1558001943190" version="1.5.4" xmlns:ns2="urn:model.allure.qatools.yandex.ru">
    <name>Suite : AssetCreationForMusicPerformance[assetType=Music Performance]</name>
    <title>Suite : AssetCreationForMusicPerformance[assetType=Music Performance]</title>
    <test-cases>
        <test-case start="1558001934907" stop="1558001934907" status="failed">
            <name>checkExecutionCondition</name>
            <description>@BeforeClass</description>
            <failure>
                <message>AssertionError: Music Performance did not get created</message>
                <stack-trace>java.lang.AssertionError: Music Performance did not get created
	at org.testng.Assert.fail(Assert.java:96)
	at com.amc.baseclass.AMCBaseClass.checkExecutionCondition(AMCBaseClass.java:193)
	at sun.reflect.NativeMethodAccessorImpl.invoke0(Native Method)
	at sun.reflect.NativeMethodAccessorImpl.invoke(NativeMethodAccessorImpl.java:62)
	at sun.reflect.DelegatingMethodAccessorImpl.invoke(DelegatingMethodAccessorImpl.java:43)
	at java.lang.reflect.Method.invoke(Method.java:498)
	at org.testng.internal.MethodInvocationHelper.invokeMethod(MethodInvocationHelper.java:124)
	at org.testng.internal.MethodInvocationHelper.invokeMethodConsideringTimeout(MethodInvocationHelper.java:59)
	at org.testng.internal.Invoker.invokeConfigurationMethod(Invoker.java:458)
	at org.testng.internal.Invoker.invokeConfigurations(Invoker.java:222)
	at org.testng.internal.Invoker.invokeConfigurations(Invoker.java:142)
	at org.testng.internal.TestMethodWorker.invokeBeforeClassMethods(TestMethodWorker.java:168)
	at org.testng.internal.TestMethodWorker.run(TestMethodWorker.java:105)
	at java.util.concurrent.ThreadPoolExecutor.runWorker(ThreadPoolExecutor.java:1149)
	at java.util.concurrent.ThreadPoolExecutor$Worker.run(ThreadPoolExecutor.java:624)
	at java.lang.Thread.run(Thread.java:748)
</stack-trace>
            </failure>
            <steps/>
            <attachments/>
            <labels>
                <label name="story" value="RLRegressionValidation"/>
                <label name="feature" value="RLRegressionValidation"/>
                <label name="host" value="MONO-HYD-LAP-41"/>
                <label name="thread" value="16232@MONO-HYD-LAP-41.TestNG-test=AssetCreationForMusicPerformance-1(86)"/>
            </labels>
        </test-case>
        <test-case start="1558001935541" stop="1558001935542" status="canceled">
            <name>validateAMCNIDForMusicPerformance</name>
            <description>Validate AMCN id of WOP</description>
            <failure>
                <message>: Skipped due to dependency on other skipped or failed test methods</message>
                <stack-trace>ru.yandex.qatools.allure.testng.AllureTestListener$1: Skipped due to dependency on other skipped or failed test methods
	at ru.yandex.qatools.allure.testng.AllureTestListener.fireTestCaseCancel(AllureTestListener.java:425)
	at ru.yandex.qatools.allure.testng.AllureTestListener.onTestSkipped(AllureTestListener.java:186)
	at org.testng.internal.TestListenerHelper.runTestListeners(TestListenerHelper.java:61)
	at org.testng.internal.Invoker.runTestListeners(Invoker.java:1389)
	at org.testng.internal.Invoker.registerSkippedTestResult(Invoker.java:1063)
	at org.testng.internal.Invoker.invokeMethod(Invoker.java:529)
	at org.testng.internal.Invoker.invokeTestMethod(Invoker.java:719)
	at org.testng.internal.Invoker.invokeTestMethods(Invoker.java:989)
	at org.testng.internal.TestMethodWorker.invokeTestMethods(TestMethodWorker.java:125)
	at org.testng.internal.TestMethodWorker.run(TestMethodWorker.java:109)
	at java.util.concurrent.ThreadPoolExecutor.runWorker(ThreadPoolExecutor.java:1149)
	at java.util.concurrent.ThreadPoolExecutor$Worker.run(ThreadPoolExecutor.java:624)
	at java.lang.Thread.run(Thread.java:748)
</stack-trace>
            </failure>
            <steps/>
            <attachments/>
            <labels>
                <label name="testSuite" value="Suite"/>
                <label name="testGroup" value="AssetCreationForMusicPerformance"/>
                <label name="testClass" value="com.amc.testclasses.RLTestCasesForMusicPerformance"/>
                <label name="testMethod" value="validateAMCNIDForMusicPerformance"/>
                <label name="story" value="RLRegressionValidation"/>
                <label name="feature" value="RLRegressionValidation"/>
                <label name="host" value="MONO-HYD-LAP-41"/>
                <label name="thread" value="16232@MONO-HYD-LAP-41.TestNG-test=AssetCreationForMusicPerformance-1(86)"/>
            </labels>
        </test-case>
        <test-case start="1558001936081" stop="1558001936081" status="canceled">
            <name>validateAlternativeTitleForAKAForMusicPerformance</name>
            <description>Validate alternative title of the asset for AKA Type</description>
            <failure>
                <message>: Skipped due to dependency on other skipped or failed test methods</message>
                <stack-trace>ru.yandex.qatools.allure.testng.AllureTestListener$1: Skipped due to dependency on other skipped or failed test methods
	at ru.yandex.qatools.allure.testng.AllureTestListener.fireTestCaseCancel(AllureTestListener.java:425)
	at ru.yandex.qatools.allure.testng.AllureTestListener.onTestSkipped(AllureTestListener.java:186)
	at org.testng.internal.TestListenerHelper.runTestListeners(TestListenerHelper.java:61)
	at org.testng.internal.Invoker.runTestListeners(Invoker.java:1389)
	at org.testng.internal.Invoker.registerSkippedTestResult(Invoker.java:1063)
	at org.testng.internal.Invoker.invokeMethod(Invoker.java:529)
	at org.testng.internal.Invoker.invokeTestMethod(Invoker.java:719)
	at org.testng.internal.Invoker.invokeTestMethods(Invoker.java:989)
	at org.testng.internal.TestMethodWorker.invokeTestMethods(TestMethodWorker.java:125)
	at org.testng.internal.TestMethodWorker.run(TestMethodWorker.java:109)
	at java.util.concurrent.ThreadPoolExecutor.runWorker(ThreadPoolExecutor.java:1149)
	at java.util.concurrent.ThreadPoolExecutor$Worker.run(ThreadPoolExecutor.java:624)
	at java.lang.Thread.run(Thread.java:748)
</stack-trace>
            </failure>
            <steps/>
            <attachments/>
            <labels>
                <label name="testSuite" value="Suite"/>
                <label name="testGroup" value="AssetCreationForMusicPerformance"/>
                <label name="testClass" value="com.amc.testclasses.RLTestCasesForMusicPerformance"/>
                <label name="testMethod" value="validateAlternativeTitleForAKAForMusicPerformance"/>
                <label name="story" value="RLRegressionValidation"/>
                <label name="feature" value="RLRegressionValidation"/>
                <label name="host" value="MONO-HYD-LAP-41"/>
                <label name="thread" value="16232@MONO-HYD-LAP-41.TestNG-test=AssetCreationForMusicPerformance-1(86)"/>
            </labels>
        </test-case>
        <test-case start="1558001936577" stop="1558001936577" status="canceled">
            <name>validateAlternativeTitleForLegalForMusicPerformance</name>
            <description>Validate alternative title of the asset for Legal Type</description>
            <failure>
                <message>: Skipped due to dependency on other skipped or failed test methods</message>
                <stack-trace>ru.yandex.qatools.allure.testng.AllureTestListener$1: Skipped due to dependency on other skipped or failed test methods
	at ru.yandex.qatools.allure.testng.AllureTestListener.fireTestCaseCancel(AllureTestListener.java:425)
	at ru.yandex.qatools.allure.testng.AllureTestListener.onTestSkipped(AllureTestListener.java:186)
	at org.testng.internal.TestListenerHelper.runTestListeners(TestListenerHelper.java:61)
	at org.testng.internal.Invoker.runTestListeners(Invoker.java:1389)
	at org.testng.internal.Invoker.registerSkippedTestResult(Invoker.java:1063)
	at org.testng.internal.Invoker.invokeMethod(Invoker.java:529)
	at org.testng.internal.Invoker.invokeTestMethod(Invoker.java:719)
	at org.testng.internal.Invoker.invokeTestMethods(Invoker.java:989)
	at org.testng.internal.TestMethodWorker.invokeTestMethods(TestMethodWorker.java:125)
	at org.testng.internal.TestMethodWorker.run(TestMethodWorker.java:109)
	at java.util.concurrent.ThreadPoolExecutor.runWorker(ThreadPoolExecutor.java:1149)
	at java.util.concurrent.ThreadPoolExecutor$Worker.run(ThreadPoolExecutor.java:624)
	at java.lang.Thread.run(Thread.java:748)
</stack-trace>
            </failure>
            <steps/>
            <attachments/>
            <labels>
                <label name="testSuite" value="Suite"/>
                <label name="testGroup" value="AssetCreationForMusicPerformance"/>
                <label name="testClass" value="com.amc.testclasses.RLTestCasesForMusicPerformance"/>
                <label name="testMethod" value="validateAlternativeTitleForLegalForMusicPerformance"/>
                <label name="story" value="RLRegressionValidation"/>
                <label name="feature" value="RLRegressionValidation"/>
                <label name="host" value="MONO-HYD-LAP-41"/>
                <label name="thread" value="16232@MONO-HYD-LAP-41.TestNG-test=AssetCreationForMusicPerformance-1(86)"/>
            </labels>
        </test-case>
        <test-case start="1558001937099" stop="1558001937099" status="canceled">
            <name>validateAlternativeTitleTypeForAKAForMusicPerformance</name>
            <description>Validate alternative title type of the asset for AKA Type</description>
            <failure>
                <message>: Skipped due to dependency on other skipped or failed test methods</message>
                <stack-trace>ru.yandex.qatools.allure.testng.AllureTestListener$1: Skipped due to dependency on other skipped or failed test methods
	at ru.yandex.qatools.allure.testng.AllureTestListener.fireTestCaseCancel(AllureTestListener.java:425)
	at ru.yandex.qatools.allure.testng.AllureTestListener.onTestSkipped(AllureTestListener.java:186)
	at org.testng.internal.TestListenerHelper.runTestListeners(TestListenerHelper.java:61)
	at org.testng.internal.Invoker.runTestListeners(Invoker.java:1389)
	at org.testng.internal.Invoker.registerSkippedTestResult(Invoker.java:1063)
	at org.testng.internal.Invoker.invokeMethod(Invoker.java:529)
	at org.testng.internal.Invoker.invokeTestMethod(Invoker.java:719)
	at org.testng.internal.Invoker.invokeTestMethods(Invoker.java:989)
	at org.testng.internal.TestMethodWorker.invokeTestMethods(TestMethodWorker.java:125)
	at org.testng.internal.TestMethodWorker.run(TestMethodWorker.java:109)
	at java.util.concurrent.ThreadPoolExecutor.runWorker(ThreadPoolExecutor.java:1149)
	at java.util.concurrent.ThreadPoolExecutor$Worker.run(ThreadPoolExecutor.java:624)
	at java.lang.Thread.run(Thread.java:748)
</stack-trace>
            </failure>
            <steps/>
            <attachments/>
            <labels>
                <label name="testSuite" value="Suite"/>
                <label name="testGroup" value="AssetCreationForMusicPerformance"/>
                <label name="testClass" value="com.amc.testclasses.RLTestCasesForMusicPerformance"/>
                <label name="testMethod" value="validateAlternativeTitleTypeForAKAForMusicPerformance"/>
                <label name="story" value="RLRegressionValidation"/>
                <label name="feature" value="RLRegressionValidation"/>
                <label name="host" value="MONO-HYD-LAP-41"/>
                <label name="thread" value="16232@MONO-HYD-LAP-41.TestNG-test=AssetCreationForMusicPerformance-1(86)"/>
            </labels>
        </test-case>
        <test-case start="1558001937612" stop="1558001937613" status="canceled">
            <name>validateAlternativeTitleTypeForLegalTypeForMusicPerformance</name>
            <description>Validate alternative title type of the asset for Legal Type</description>
            <failure>
                <message>: Skipped due to dependency on other skipped or failed test methods</message>
                <stack-trace>ru.yandex.qatools.allure.testng.AllureTestListener$1: Skipped due to dependency on other skipped or failed test methods
	at ru.yandex.qatools.allure.testng.AllureTestListener.fireTestCaseCancel(AllureTestListener.java:425)
	at ru.yandex.qatools.allure.testng.AllureTestListener.onTestSkipped(AllureTestListener.java:186)
	at org.testng.internal.TestListenerHelper.runTestListeners(TestListenerHelper.java:61)
	at org.testng.internal.Invoker.runTestListeners(Invoker.java:1389)
	at org.testng.internal.Invoker.registerSkippedTestResult(Invoker.java:1063)
	at org.testng.internal.Invoker.invokeMethod(Invoker.java:529)
	at org.testng.internal.Invoker.invokeTestMethod(Invoker.java:719)
	at org.testng.internal.Invoker.invokeTestMethods(Invoker.java:989)
	at org.testng.internal.TestMethodWorker.invokeTestMethods(TestMethodWorker.java:125)
	at org.testng.internal.TestMethodWorker.run(TestMethodWorker.java:109)
	at java.util.concurrent.ThreadPoolExecutor.runWorker(ThreadPoolExecutor.java:1149)
	at java.util.concurrent.ThreadPoolExecutor$Worker.run(ThreadPoolExecutor.java:624)
	at java.lang.Thread.run(Thread.java:748)
</stack-trace>
            </failure>
            <steps/>
            <attachments/>
            <labels>
                <label name="testSuite" value="Suite"/>
                <label name="testGroup" value="AssetCreationForMusicPerformance"/>
                <label name="testClass" value="com.amc.testclasses.RLTestCasesForMusicPerformance"/>
                <label name="testMethod" value="validateAlternativeTitleTypeForLegalTypeForMusicPerformance"/>
                <label name="story" value="RLRegressionValidation"/>
                <label name="feature" value="RLRegressionValidation"/>
                <label name="host" value="MONO-HYD-LAP-41"/>
                <label name="thread" value="16232@MONO-HYD-LAP-41.TestNG-test=AssetCreationForMusicPerformance-1(86)"/>
            </labels>
        </test-case>
        <test-case start="1558001938084" stop="1558001938085" status="canceled">
            <name>validateAssetShowTypeForMusicPerformance</name>
            <description>Validate Asset Shpw Type of WOP</description>
            <failure>
                <message>: Skipped due to dependency on other skipped or failed test methods</message>
                <stack-trace>ru.yandex.qatools.allure.testng.AllureTestListener$1: Skipped due to dependency on other skipped or failed test methods
	at ru.yandex.qatools.allure.testng.AllureTestListener.fireTestCaseCancel(AllureTestListener.java:425)
	at ru.yandex.qatools.allure.testng.AllureTestListener.onTestSkipped(AllureTestListener.java:186)
	at org.testng.internal.TestListenerHelper.runTestListeners(TestListenerHelper.java:61)
	at org.testng.internal.Invoker.runTestListeners(Invoker.java:1389)
	at org.testng.internal.Invoker.registerSkippedTestResult(Invoker.java:1063)
	at org.testng.internal.Invoker.invokeMethod(Invoker.java:529)
	at org.testng.internal.Invoker.invokeTestMethod(Invoker.java:719)
	at org.testng.internal.Invoker.invokeTestMethods(Invoker.java:989)
	at org.testng.internal.TestMethodWorker.invokeTestMethods(TestMethodWorker.java:125)
	at org.testng.internal.TestMethodWorker.run(TestMethodWorker.java:109)
	at java.util.concurrent.ThreadPoolExecutor.runWorker(ThreadPoolExecutor.java:1149)
	at java.util.concurrent.ThreadPoolExecutor$Worker.run(ThreadPoolExecutor.java:624)
	at java.lang.Thread.run(Thread.java:748)
</stack-trace>
            </failure>
            <steps/>
            <attachments/>
            <labels>
                <label name="testSuite" value="Suite"/>
                <label name="testGroup" value="AssetCreationForMusicPerformance"/>
                <label name="testClass" value="com.amc.testclasses.RLTestCasesForMusicPerformance"/>
                <label name="testMethod" value="validateAssetShowTypeForMusicPerformance"/>
                <label name="story" value="RLRegressionValidation"/>
                <label name="feature" value="RLRegressionValidation"/>
                <label name="host" value="MONO-HYD-LAP-41"/>
                <label name="thread" value="16232@MONO-HYD-LAP-41.TestNG-test=AssetCreationForMusicPerformance-1(86)"/>
            </labels>
        </test-case>
        <test-case start="1558001938597" stop="1558001938598" status="canceled">
            <name>validateAssetSourceForMusicPerformance</name>
            <description>Validate Asset Source of WOP</description>
            <failure>
                <message>: Skipped due to dependency on other skipped or failed test methods</message>
                <stack-trace>ru.yandex.qatools.allure.testng.AllureTestListener$1: Skipped due to dependency on other skipped or failed test methods
	at ru.yandex.qatools.allure.testng.AllureTestListener.fireTestCaseCancel(AllureTestListener.java:425)
	at ru.yandex.qatools.allure.testng.AllureTestListener.onTestSkipped(AllureTestListener.java:186)
	at org.testng.internal.TestListenerHelper.runTestListeners(TestListenerHelper.java:61)
	at org.testng.internal.Invoker.runTestListeners(Invoker.java:1389)
	at org.testng.internal.Invoker.registerSkippedTestResult(Invoker.java:1063)
	at org.testng.internal.Invoker.invokeMethod(Invoker.java:529)
	at org.testng.internal.Invoker.invokeTestMethod(Invoker.java:719)
	at org.testng.internal.Invoker.invokeTestMethods(Invoker.java:989)
	at org.testng.internal.TestMethodWorker.invokeTestMethods(TestMethodWorker.java:125)
	at org.testng.internal.TestMethodWorker.run(TestMethodWorker.java:109)
	at java.util.concurrent.ThreadPoolExecutor.runWorker(ThreadPoolExecutor.java:1149)
	at java.util.concurrent.ThreadPoolExecutor$Worker.run(ThreadPoolExecutor.java:624)
	at java.lang.Thread.run(Thread.java:748)
</stack-trace>
            </failure>
            <steps/>
            <attachments/>
            <labels>
                <label name="testSuite" value="Suite"/>
                <label name="testGroup" value="AssetCreationForMusicPerformance"/>
                <label name="testClass" value="com.amc.testclasses.RLTestCasesForMusicPerformance"/>
                <label name="testMethod" value="validateAssetSourceForMusicPerformance"/>
                <label name="story" value="RLRegressionValidation"/>
                <label name="feature" value="RLRegressionValidation"/>
                <label name="host" value="MONO-HYD-LAP-41"/>
                <label name="thread" value="16232@MONO-HYD-LAP-41.TestNG-test=AssetCreationForMusicPerformance-1(86)"/>
            </labels>
        </test-case>
        <test-case start="1558001939108" stop="1558001939109" status="canceled">
            <name>validateAssetTitleForMusicPerformance</name>
            <description>Validate Asset Title of WOP</description>
            <failure>
                <message>: Skipped due to dependency on other skipped or failed test methods</message>
                <stack-trace>ru.yandex.qatools.allure.testng.AllureTestListener$1: Skipped due to dependency on other skipped or failed test methods
	at ru.yandex.qatools.allure.testng.AllureTestListener.fireTestCaseCancel(AllureTestListener.java:425)
	at ru.yandex.qatools.allure.testng.AllureTestListener.onTestSkipped(AllureTestListener.java:186)
	at org.testng.internal.TestListenerHelper.runTestListeners(TestListenerHelper.java:61)
	at org.testng.internal.Invoker.runTestListeners(Invoker.java:1389)
	at org.testng.internal.Invoker.registerSkippedTestResult(Invoker.java:1063)
	at org.testng.internal.Invoker.invokeMethod(Invoker.java:529)
	at org.testng.internal.Invoker.invokeTestMethod(Invoker.java:719)
	at org.testng.internal.Invoker.invokeTestMethods(Invoker.java:989)
	at org.testng.internal.TestMethodWorker.invokeTestMethods(TestMethodWorker.java:125)
	at org.testng.internal.TestMethodWorker.run(TestMethodWorker.java:109)
	at java.util.concurrent.ThreadPoolExecutor.runWorker(ThreadPoolExecutor.java:1149)
	at java.util.concurrent.ThreadPoolExecutor$Worker.run(ThreadPoolExecutor.java:624)
	at java.lang.Thread.run(Thread.java:748)
</stack-trace>
            </failure>
            <steps/>
            <attachments/>
            <labels>
                <label name="testSuite" value="Suite"/>
                <label name="testGroup" value="AssetCreationForMusicPerformance"/>
                <label name="testClass" value="com.amc.testclasses.RLTestCasesForMusicPerformance"/>
                <label name="testMethod" value="validateAssetTitleForMusicPerformance"/>
                <label name="story" value="RLRegressionValidation"/>
                <label name="feature" value="RLRegressionValidation"/>
                <label name="host" value="MONO-HYD-LAP-41"/>
                <label name="thread" value="16232@MONO-HYD-LAP-41.TestNG-test=AssetCreationForMusicPerformance-1(86)"/>
            </labels>
        </test-case>
        <test-case start="1558001939591" stop="1558001939592" status="canceled">
            <name>validateCastTypeForMusicPerformance</name>
            <description>Validate Cast Type</description>
            <failure>
                <message>: Skipped due to dependency on other skipped or failed test methods</message>
                <stack-trace>ru.yandex.qatools.allure.testng.AllureTestListener$1: Skipped due to dependency on other skipped or failed test methods
	at ru.yandex.qatools.allure.testng.AllureTestListener.fireTestCaseCancel(AllureTestListener.java:425)
	at ru.yandex.qatools.allure.testng.AllureTestListener.onTestSkipped(AllureTestListener.java:186)
	at org.testng.internal.TestListenerHelper.runTestListeners(TestListenerHelper.java:61)
	at org.testng.internal.Invoker.runTestListeners(Invoker.java:1389)
	at org.testng.internal.Invoker.registerSkippedTestResult(Invoker.java:1063)
	at org.testng.internal.Invoker.invokeMethod(Invoker.java:529)
	at org.testng.internal.Invoker.invokeTestMethod(Invoker.java:719)
	at org.testng.internal.Invoker.invokeTestMethods(Invoker.java:989)
	at org.testng.internal.TestMethodWorker.invokeTestMethods(TestMethodWorker.java:125)
	at org.testng.internal.TestMethodWorker.run(TestMethodWorker.java:109)
	at java.util.concurrent.ThreadPoolExecutor.runWorker(ThreadPoolExecutor.java:1149)
	at java.util.concurrent.ThreadPoolExecutor$Worker.run(ThreadPoolExecutor.java:624)
	at java.lang.Thread.run(Thread.java:748)
</stack-trace>
            </failure>
            <steps/>
            <attachments/>
            <labels>
                <label name="testSuite" value="Suite"/>
                <label name="testGroup" value="AssetCreationForMusicPerformance"/>
                <label name="testClass" value="com.amc.testclasses.RLTestCasesForMusicPerformance"/>
                <label name="testMethod" value="validateCastTypeForMusicPerformance"/>
                <label name="story" value="RLRegressionValidation"/>
                <label name="feature" value="RLRegressionValidation"/>
                <label name="host" value="MONO-HYD-LAP-41"/>
                <label name="thread" value="16232@MONO-HYD-LAP-41.TestNG-test=AssetCreationForMusicPerformance-1(86)"/>
            </labels>
        </test-case>
        <test-case start="1558001940067" stop="1558001940067" status="canceled">
            <name>validateFirstNameOfCastMemberForMusicPerformance</name>
            <description>Validate name of cast member</description>
            <failure>
                <message>: Skipped due to dependency on other skipped or failed test methods</message>
                <stack-trace>ru.yandex.qatools.allure.testng.AllureTestListener$1: Skipped due to dependency on other skipped or failed test methods
	at ru.yandex.qatools.allure.testng.AllureTestListener.fireTestCaseCancel(AllureTestListener.java:425)
	at ru.yandex.qatools.allure.testng.AllureTestListener.onTestSkipped(AllureTestListener.java:186)
	at org.testng.internal.TestListenerHelper.runTestListeners(TestListenerHelper.java:61)
	at org.testng.internal.Invoker.runTestListeners(Invoker.java:1389)
	at org.testng.internal.Invoker.registerSkippedTestResult(Invoker.java:1063)
	at org.testng.internal.Invoker.invokeMethod(Invoker.java:529)
	at org.testng.internal.Invoker.invokeTestMethod(Invoker.java:719)
	at org.testng.internal.Invoker.invokeTestMethods(Invoker.java:989)
	at org.testng.internal.TestMethodWorker.invokeTestMethods(TestMethodWorker.java:125)
	at org.testng.internal.TestMethodWorker.run(TestMethodWorker.java:109)
	at java.util.concurrent.ThreadPoolExecutor.runWorker(ThreadPoolExecutor.java:1149)
	at java.util.concurrent.ThreadPoolExecutor$Worker.run(ThreadPoolExecutor.java:624)
	at java.lang.Thread.run(Thread.java:748)
</stack-trace>
            </failure>
            <steps/>
            <attachments/>
            <labels>
                <label name="testSuite" value="Suite"/>
                <label name="testGroup" value="AssetCreationForMusicPerformance"/>
                <label name="testClass" value="com.amc.testclasses.RLTestCasesForMusicPerformance"/>
                <label name="testMethod" value="validateFirstNameOfCastMemberForMusicPerformance"/>
                <label name="story" value="RLRegressionValidation"/>
                <label name="feature" value="RLRegressionValidation"/>
                <label name="host" value="MONO-HYD-LAP-41"/>
                <label name="thread" value="16232@MONO-HYD-LAP-41.TestNG-test=AssetCreationForMusicPerformance-1(86)"/>
            </labels>
        </test-case>
        <test-case start="1558001940592" stop="1558001940592" status="canceled">
            <name>validateOriginForMusicPerformance</name>
            <description>Validate Origin of WOP</description>
            <failure>
                <message>: Skipped due to dependency on other skipped or failed test methods</message>
                <stack-trace>ru.yandex.qatools.allure.testng.AllureTestListener$1: Skipped due to dependency on other skipped or failed test methods
	at ru.yandex.qatools.allure.testng.AllureTestListener.fireTestCaseCancel(AllureTestListener.java:425)
	at ru.yandex.qatools.allure.testng.AllureTestListener.onTestSkipped(AllureTestListener.java:186)
	at org.testng.internal.TestListenerHelper.runTestListeners(TestListenerHelper.java:61)
	at org.testng.internal.Invoker.runTestListeners(Invoker.java:1389)
	at org.testng.internal.Invoker.registerSkippedTestResult(Invoker.java:1063)
	at org.testng.internal.Invoker.invokeMethod(Invoker.java:529)
	at org.testng.internal.Invoker.invokeTestMethod(Invoker.java:719)
	at org.testng.internal.Invoker.invokeTestMethods(Invoker.java:989)
	at org.testng.internal.TestMethodWorker.invokeTestMethods(TestMethodWorker.java:125)
	at org.testng.internal.TestMethodWorker.run(TestMethodWorker.java:109)
	at java.util.concurrent.ThreadPoolExecutor.runWorker(ThreadPoolExecutor.java:1149)
	at java.util.concurrent.ThreadPoolExecutor$Worker.run(ThreadPoolExecutor.java:624)
	at java.lang.Thread.run(Thread.java:748)
</stack-trace>
            </failure>
            <steps/>
            <attachments/>
            <labels>
                <label name="testSuite" value="Suite"/>
                <label name="testGroup" value="AssetCreationForMusicPerformance"/>
                <label name="testClass" value="com.amc.testclasses.RLTestCasesForMusicPerformance"/>
                <label name="testMethod" value="validateOriginForMusicPerformance"/>
                <label name="story" value="RLRegressionValidation"/>
                <label name="feature" value="RLRegressionValidation"/>
                <label name="host" value="MONO-HYD-LAP-41"/>
                <label name="thread" value="16232@MONO-HYD-LAP-41.TestNG-test=AssetCreationForMusicPerformance-1(86)"/>
            </labels>
        </test-case>
        <test-case start="1558001941083" stop="1558001941083" status="canceled">
            <name>validateProductionCompanyForMusicPerformance</name>
            <description>Validate Production Company of the asset</description>
            <failure>
                <message>: Skipped due to dependency on other skipped or failed test methods</message>
                <stack-trace>ru.yandex.qatools.allure.testng.AllureTestListener$1: Skipped due to dependency on other skipped or failed test methods
	at ru.yandex.qatools.allure.testng.AllureTestListener.fireTestCaseCancel(AllureTestListener.java:425)
	at ru.yandex.qatools.allure.testng.AllureTestListener.onTestSkipped(AllureTestListener.java:186)
	at org.testng.internal.TestListenerHelper.runTestListeners(TestListenerHelper.java:61)
	at org.testng.internal.Invoker.runTestListeners(Invoker.java:1389)
	at org.testng.internal.Invoker.registerSkippedTestResult(Invoker.java:1063)
	at org.testng.internal.Invoker.invokeMethod(Invoker.java:529)
	at org.testng.internal.Invoker.invokeTestMethod(Invoker.java:719)
	at org.testng.internal.Invoker.invokeTestMethods(Invoker.java:989)
	at org.testng.internal.TestMethodWorker.invokeTestMethods(TestMethodWorker.java:125)
	at org.testng.internal.TestMethodWorker.run(TestMethodWorker.java:109)
	at java.util.concurrent.ThreadPoolExecutor.runWorker(ThreadPoolExecutor.java:1149)
	at java.util.concurrent.ThreadPoolExecutor$Worker.run(ThreadPoolExecutor.java:624)
	at java.lang.Thread.run(Thread.java:748)
</stack-trace>
            </failure>
            <steps/>
            <attachments/>
            <labels>
                <label name="testSuite" value="Suite"/>
                <label name="testGroup" value="AssetCreationForMusicPerformance"/>
                <label name="testClass" value="com.amc.testclasses.RLTestCasesForMusicPerformance"/>
                <label name="testMethod" value="validateProductionCompanyForMusicPerformance"/>
                <label name="story" value="RLRegressionValidation"/>
                <label name="feature" value="RLRegressionValidation"/>
                <label name="host" value="MONO-HYD-LAP-41"/>
                <label name="thread" value="16232@MONO-HYD-LAP-41.TestNG-test=AssetCreationForMusicPerformance-1(86)"/>
            </labels>
        </test-case>
        <test-case start="1558001941617" stop="1558001941617" status="canceled">
            <name>validateProductionModeForMusicPerformance</name>
            <description>Validate Production Mode of WOP</description>
            <failure>
                <message>: Skipped due to dependency on other skipped or failed test methods</message>
                <stack-trace>ru.yandex.qatools.allure.testng.AllureTestListener$1: Skipped due to dependency on other skipped or failed test methods
	at ru.yandex.qatools.allure.testng.AllureTestListener.fireTestCaseCancel(AllureTestListener.java:425)
	at ru.yandex.qatools.allure.testng.AllureTestListener.onTestSkipped(AllureTestListener.java:186)
	at org.testng.internal.TestListenerHelper.runTestListeners(TestListenerHelper.java:61)
	at org.testng.internal.Invoker.runTestListeners(Invoker.java:1389)
	at org.testng.internal.Invoker.registerSkippedTestResult(Invoker.java:1063)
	at org.testng.internal.Invoker.invokeMethod(Invoker.java:529)
	at org.testng.internal.Invoker.invokeTestMethod(Invoker.java:719)
	at org.testng.internal.Invoker.invokeTestMethods(Invoker.java:989)
	at org.testng.internal.TestMethodWorker.invokeTestMethods(TestMethodWorker.java:125)
	at org.testng.internal.TestMethodWorker.run(TestMethodWorker.java:109)
	at java.util.concurrent.ThreadPoolExecutor.runWorker(ThreadPoolExecutor.java:1149)
	at java.util.concurrent.ThreadPoolExecutor$Worker.run(ThreadPoolExecutor.java:624)
	at java.lang.Thread.run(Thread.java:748)
</stack-trace>
            </failure>
            <steps/>
            <attachments/>
            <labels>
                <label name="testSuite" value="Suite"/>
                <label name="testGroup" value="AssetCreationForMusicPerformance"/>
                <label name="testClass" value="com.amc.testclasses.RLTestCasesForMusicPerformance"/>
                <label name="testMethod" value="validateProductionModeForMusicPerformance"/>
                <label name="story" value="RLRegressionValidation"/>
                <label name="feature" value="RLRegressionValidation"/>
                <label name="host" value="MONO-HYD-LAP-41"/>
                <label name="thread" value="16232@MONO-HYD-LAP-41.TestNG-test=AssetCreationForMusicPerformance-1(86)"/>
            </labels>
        </test-case>
        <test-case start="1558001942125" stop="1558001942125" status="canceled">
            <name>validateReleaseYearForMusicPerformance</name>
            <description>Validate release year of the asset</description>
            <failure>
                <message>: Skipped due to dependency on other skipped or failed test methods</message>
                <stack-trace>ru.yandex.qatools.allure.testng.AllureTestListener$1: Skipped due to dependency on other skipped or failed test methods
	at ru.yandex.qatools.allure.testng.AllureTestListener.fireTestCaseCancel(AllureTestListener.java:425)
	at ru.yandex.qatools.allure.testng.AllureTestListener.onTestSkipped(AllureTestListener.java:186)
	at org.testng.internal.TestListenerHelper.runTestListeners(TestListenerHelper.java:61)
	at org.testng.internal.Invoker.runTestListeners(Invoker.java:1389)
	at org.testng.internal.Invoker.registerSkippedTestResult(Invoker.java:1063)
	at org.testng.internal.Invoker.invokeMethod(Invoker.java:529)
	at org.testng.internal.Invoker.invokeTestMethod(Invoker.java:719)
	at org.testng.internal.Invoker.invokeTestMethods(Invoker.java:989)
	at org.testng.internal.TestMethodWorker.invokeTestMethods(TestMethodWorker.java:125)
	at org.testng.internal.TestMethodWorker.run(TestMethodWorker.java:109)
	at java.util.concurrent.ThreadPoolExecutor.runWorker(ThreadPoolExecutor.java:1149)
	at java.util.concurrent.ThreadPoolExecutor$Worker.run(ThreadPoolExecutor.java:624)
	at java.lang.Thread.run(Thread.java:748)
</stack-trace>
            </failure>
            <steps/>
            <attachments/>
            <labels>
                <label name="testSuite" value="Suite"/>
                <label name="testGroup" value="AssetCreationForMusicPerformance"/>
                <label name="testClass" value="com.amc.testclasses.RLTestCasesForMusicPerformance"/>
                <label name="testMethod" value="validateReleaseYearForMusicPerformance"/>
                <label name="story" value="RLRegressionValidation"/>
                <label name="feature" value="RLRegressionValidation"/>
                <label name="host" value="MONO-HYD-LAP-41"/>
                <label name="thread" value="16232@MONO-HYD-LAP-41.TestNG-test=AssetCreationForMusicPerformance-1(86)"/>
            </labels>
        </test-case>
        <test-case start="1558001942664" stop="1558001942664" status="canceled">
            <name>validateTRTForMusicPerformance</name>
            <description>Validate TRT of the asset</description>
            <failure>
                <message>: Skipped due to dependency on other skipped or failed test methods</message>
                <stack-trace>ru.yandex.qatools.allure.testng.AllureTestListener$1: Skipped due to dependency on other skipped or failed test methods
	at ru.yandex.qatools.allure.testng.AllureTestListener.fireTestCaseCancel(AllureTestListener.java:425)
	at ru.yandex.qatools.allure.testng.AllureTestListener.onTestSkipped(AllureTestListener.java:186)
	at org.testng.internal.TestListenerHelper.runTestListeners(TestListenerHelper.java:61)
	at org.testng.internal.Invoker.runTestListeners(Invoker.java:1389)
	at org.testng.internal.Invoker.registerSkippedTestResult(Invoker.java:1063)
	at org.testng.internal.Invoker.invokeMethod(Invoker.java:529)
	at org.testng.internal.Invoker.invokeTestMethod(Invoker.java:719)
	at org.testng.internal.Invoker.invokeTestMethods(Invoker.java:989)
	at org.testng.internal.TestMethodWorker.invokeTestMethods(TestMethodWorker.java:125)
	at org.testng.internal.TestMethodWorker.run(TestMethodWorker.java:109)
	at java.util.concurrent.ThreadPoolExecutor.runWorker(ThreadPoolExecutor.java:1149)
	at java.util.concurrent.ThreadPoolExecutor$Worker.run(ThreadPoolExecutor.java:624)
	at java.lang.Thread.run(Thread.java:748)
</stack-trace>
            </failure>
            <steps/>
            <attachments/>
            <labels>
                <label name="testSuite" value="Suite"/>
                <label name="testGroup" value="AssetCreationForMusicPerformance"/>
                <label name="testClass" value="com.amc.testclasses.RLTestCasesForMusicPerformance"/>
                <label name="testMethod" value="validateTRTForMusicPerformance"/>
                <label name="story" value="RLRegressionValidation"/>
                <label name="feature" value="RLRegressionValidation"/>
                <label name="host" value="MONO-HYD-LAP-41"/>
                <label name="thread" value="16232@MONO-HYD-LAP-41.TestNG-test=AssetCreationForMusicPerformance-1(86)"/>
            </labels>
        </test-case>
        <test-case start="1558001943171" stop="1558001943171" status="canceled">
            <name>validateTitleTypeForMusicPerformance</name>
            <description>Validate title type of the asset</description>
            <failure>
                <message>: Skipped due to dependency on other skipped or failed test methods</message>
                <stack-trace>ru.yandex.qatools.allure.testng.AllureTestListener$1: Skipped due to dependency on other skipped or failed test methods
	at ru.yandex.qatools.allure.testng.AllureTestListener.fireTestCaseCancel(AllureTestListener.java:425)
	at ru.yandex.qatools.allure.testng.AllureTestListener.onTestSkipped(AllureTestListener.java:186)
	at org.testng.internal.TestListenerHelper.runTestListeners(TestListenerHelper.java:61)
	at org.testng.internal.Invoker.runTestListeners(Invoker.java:1389)
	at org.testng.internal.Invoker.registerSkippedTestResult(Invoker.java:1063)
	at org.testng.internal.Invoker.invokeMethod(Invoker.java:529)
	at org.testng.internal.Invoker.invokeTestMethod(Invoker.java:719)
	at org.testng.internal.Invoker.invokeTestMethods(Invoker.java:989)
	at org.testng.internal.TestMethodWorker.invokeTestMethods(TestMethodWorker.java:125)
	at org.testng.internal.TestMethodWorker.run(TestMethodWorker.java:109)
	at java.util.concurrent.ThreadPoolExecutor.runWorker(ThreadPoolExecutor.java:1149)
	at java.util.concurrent.ThreadPoolExecutor$Worker.run(ThreadPoolExecutor.java:624)
	at java.lang.Thread.run(Thread.java:748)
</stack-trace>
            </failure>
            <steps/>
            <attachments/>
            <labels>
                <label name="testSuite" value="Suite"/>
                <label name="testGroup" value="AssetCreationForMusicPerformance"/>
                <label name="testClass" value="com.amc.testclasses.RLTestCasesForMusicPerformance"/>
                <label name="testMethod" value="validateTitleTypeForMusicPerformance"/>
                <label name="story" value="RLRegressionValidation"/>
                <label name="feature" value="RLRegressionValidation"/>
                <label name="host" value="MONO-HYD-LAP-41"/>
                <label name="thread" value="16232@MONO-HYD-LAP-41.TestNG-test=AssetCreationForMusicPerformance-1(86)"/>
            </labels>
        </test-case>
        <test-case start="1558001943172" stop="1558001943173" status="broken">
            <name>setExcelValuesToInitialValue</name>
            <description>@AfterTest</description>
            <failure>
                <message>FileNotFoundException: D:\AMC\AMCNetworks\src\main\java\com\amc\datasheets\AssestsIntegration.xlsx (The process cannot access the file because it is being used by another process)</message>
                <stack-trace>java.io.FileNotFoundException: D:\AMC\AMCNetworks\src\main\java\com\amc\datasheets\AssestsIntegration.xlsx (The process cannot access the file because it is being used by another process)
	at java.io.FileOutputStream.open0(Native Method)
	at java.io.FileOutputStream.open(FileOutputStream.java:270)
	at java.io.FileOutputStream.&lt;init&gt;(FileOutputStream.java:213)
	at java.io.FileOutputStream.&lt;init&gt;(FileOutputStream.java:101)
	at com.amc.baseclass.AMCBaseClass.setExcelValuesToInitialValue(AMCBaseClass.java:204)
	at sun.reflect.NativeMethodAccessorImpl.invoke0(Native Method)
	at sun.reflect.NativeMethodAccessorImpl.invoke(NativeMethodAccessorImpl.java:62)
	at sun.reflect.DelegatingMethodAccessorImpl.invoke(DelegatingMethodAccessorImpl.java:43)
	at java.lang.reflect.Method.invoke(Method.java:498)
	at org.testng.internal.MethodInvocationHelper.invokeMethod(MethodInvocationHelper.java:124)
	at org.testng.internal.MethodInvocationHelper.invokeMethodConsideringTimeout(MethodInvocationHelper.java:59)
	at org.testng.internal.Invoker.invokeConfigurationMethod(Invoker.java:458)
	at org.testng.internal.Invoker.invokeConfigurations(Invoker.java:222)
	at org.testng.internal.Invoker.invokeConfigurations(Invoker.java:142)
	at org.testng.TestRunner.afterRun(TestRunner.java:725)
	at org.testng.TestRunner.run(TestRunner.java:509)
	at org.testng.SuiteRunner.runTest(SuiteRunner.java:455)
	at org.testng.SuiteRunner.runSequentially(SuiteRunner.java:450)
	at org.testng.SuiteRunner.privateRun(SuiteRunner.java:415)
	at org.testng.SuiteRunner.run(SuiteRunner.java:364)
	at org.testng.SuiteRunnerWorker.runSuite(SuiteRunnerWorker.java:52)
	at org.testng.SuiteRunnerWorker.run(SuiteRunnerWorker.java:84)
	at org.testng.TestNG.runSuitesSequentially(TestNG.java:1208)
	at org.testng.TestNG.runSuitesLocally(TestNG.java:1137)
	at org.testng.TestNG.runSuites(TestNG.java:1049)
	at org.testng.TestNG.run(TestNG.java:1017)
	at org.testng.remote.AbstractRemoteTestNG.run(AbstractRemoteTestNG.java:114)
	at org.testng.remote.RemoteTestNG.initAndRun(RemoteTestNG.java:251)
	at org.testng.remote.RemoteTestNG.main(RemoteTestNG.java:77)
</stack-trace>
            </failure>
            <steps/>
            <attachments/>
            <labels>
                <label name="story" value="RLRegressionValidation"/>
                <label name="feature" value="RLRegressionValidation"/>
                <label name="host" value="MONO-HYD-LAP-41"/>
                <label name="thread" value="16232@MONO-HYD-LAP-41.main(1)"/>
            </labels>
        </test-case>
    </test-cases>
    <labels>
        <label name="framework" value="TestNG"/>
        <label name="language" value="JAVA"/>
    </labels>
</ns2:test-suite>
