<?xml version="1.0" encoding="UTF-8" standalone="yes"?>
<ns2:test-suite start="1557238058869" stop="1557238066691" version="1.5.4" xmlns:ns2="urn:model.allure.qatools.yandex.ru">
    <name>Suite : AssetCreationForSeries[assetType=Series]</name>
    <title>Suite : AssetCreationForSeries[assetType=Series]</title>
    <test-cases>
        <test-case start="1557238065772" stop="1557238065841" status="failed">
            <name>validateAMCNID</name>
            <description>Validate AMCN id of WOP</description>
            <failure>
                <message>AssertionError: Expected MP value was RLA217473 but found RLA217468</message>
                <stack-trace>java.lang.AssertionError: Expected MP value was RLA217473 but found RLA217468
	at org.testng.Assert.fail(Assert.java:96)
	at com.amc.pageobjects.LoginModule.validateRLValuesWithMP(LoginModule.java:90)
	at com.amc.testclasses.RLTestCasesForSeries.validateAMCNID(RLTestCasesForSeries.java:32)
	at sun.reflect.NativeMethodAccessorImpl.invoke0(Native Method)
	at sun.reflect.NativeMethodAccessorImpl.invoke(NativeMethodAccessorImpl.java:62)
	at sun.reflect.DelegatingMethodAccessorImpl.invoke(DelegatingMethodAccessorImpl.java:43)
	at java.lang.reflect.Method.invoke(Method.java:498)
	at org.testng.internal.MethodInvocationHelper.invokeMethod(MethodInvocationHelper.java:124)
	at org.testng.internal.Invoker.invokeMethod(Invoker.java:583)
	at org.testng.internal.Invoker.invokeTestMethod(Invoker.java:719)
	at org.testng.internal.Invoker.invokeTestMethods(Invoker.java:989)
	at org.testng.internal.TestMethodWorker.invokeTestMethods(TestMethodWorker.java:125)
	at org.testng.internal.TestMethodWorker.run(TestMethodWorker.java:109)
	at java.util.concurrent.ThreadPoolExecutor.runWorker(ThreadPoolExecutor.java:1149)
	at java.util.concurrent.ThreadPoolExecutor$Worker.run(ThreadPoolExecutor.java:624)
	at java.lang.Thread.run(Thread.java:748)
</stack-trace>
            </failure>
            <steps>
                <step start="1557238058926" stop="1557238058926" status="passed">
                    <name>logStep[Get the details from Excel]</name>
                    <title>Get the details from Excel</title>
                </step>
                <step start="1557238058927" stop="1557238058927" status="passed">
                    <name>logStep[Http Client service is invoked]</name>
                    <title>Http Client service is invoked</title>
                </step>
                <step start="1557238059337" stop="1557238059337" status="passed">
                    <name>logStep[apirequest is  : --grant_type=client_credentials&amp;client_id=cebff59a-4e80-4a47-9c2a-6e25ec3c5397&amp;client_secret=xY...]</name>
                    <title>apirequest is  : --grant_type=client_credentials&amp;client_id=cebff59a-4e80-4a47-9c2a-6e25ec3c5397&amp;client_secret=xY2sJ4xW1b...</title>
                </step>
                <step start="1557238059340" stop="1557238059340" status="passed">
                    <name>logStep[Executing request with http Post method]</name>
                    <title>Executing request with http Post method</title>
                </step>
                <step start="1557238061035" stop="1557238061035" status="passed">
                    <name>logStep[Response is : HttpResponseProxy{HTTP/1.1 200 OK [X-Backside-Transport: FAIL FAIL, Connection: Keep-Alive, Transf...]</name>
                    <title>Response is : HttpResponseProxy{HTTP/1.1 200 OK [X-Backside-Transport: FAIL FAIL, Connection: Keep-Alive, Transfer-Encod...</title>
                </step>
                <step start="1557238061038" stop="1557238061038" status="passed">
                    <name>logStep[API Executed Successully : ]</name>
                    <title>API Executed Successully : </title>
                </step>
                <step start="1557238061060" stop="1557238061060" status="passed">
                    <name>logStep[API Executed Successfully]</name>
                    <title>API Executed Successfully</title>
                </step>
                <step start="1557238061068" stop="1557238061068" status="passed">
                    <name>logStep[{"access_token":"AAIkY2ViZmY1OWEtNGU4MC00YTQ3LTljMmEtNmUyNWVjM2M1Mzk3SMH2bizmiy2aL0Xw4DSU0zo-Tq0-RMe0CO5MwxylwxJ...]</name>
                    <title>{"access_token":"AAIkY2ViZmY1OWEtNGU4MC00YTQ3LTljMmEtNmUyNWVjM2M1Mzk3SMH2bizmiy2aL0Xw4DSU0zo-Tq0-RMe0CO5MwxylwxJrcm30p3X...</title>
                </step>
                <step start="1557238061069" stop="1557238061069" status="passed">
                    <name>logStep[access_token value is :AAIkY2ViZmY1OWEtNGU4MC00YTQ3LTljMmEtNmUyNWVjM2M1Mzk3SMH2bizmiy2aL0Xw4DSU0zo-Tq0-RMe0CO5Mw...]</name>
                    <title>access_token value is :AAIkY2ViZmY1OWEtNGU4MC00YTQ3LTljMmEtNmUyNWVjM2M1Mzk3SMH2bizmiy2aL0Xw4DSU0zo-Tq0-RMe0CO5MwxylwxJrc...</title>
                </step>
                <step start="1557238061071" stop="1557238061071" status="passed">
                    <name>logStep[Get the details from Excel]</name>
                    <title>Get the details from Excel</title>
                </step>
                <step start="1557238061074" stop="1557238061074" status="passed">
                    <name>logStep[Http Client service is invoked]</name>
                    <title>Http Client service is invoked</title>
                </step>
                <step start="1557238061079" stop="1557238061079" status="passed">
                    <name>logStep[apirequest is  : --{"username":"restRightsLogic5", "password": "abcd1234"} ]</name>
                    <title>apirequest is  : --{"username":"restRightsLogic5", "password": "abcd1234"} </title>
                </step>
                <step start="1557238061083" stop="1557238061083" status="passed">
                    <name>logStep[Using Access tokena as Bearer : no value]</name>
                    <title>Using Access tokena as Bearer : no value</title>
                </step>
                <step start="1557238061084" stop="1557238061084" status="passed">
                    <name>logStep[Headers are: : Content-Type------application/json]</name>
                    <title>Headers are: : Content-Type------application/json</title>
                </step>
                <step start="1557238061086" stop="1557238061086" status="passed">
                    <name>logStep[Using Access tokena as Bearer : no value]</name>
                    <title>Using Access tokena as Bearer : no value</title>
                </step>
                <step start="1557238061087" stop="1557238061087" status="passed">
                    <name>logStep[Using Access tokena as Bearer : AAIkY2ViZmY1OWEtNGU4MC00YTQ3LTljMmEtNmUyNWVjM2M1Mzk3SMH2bizmiy2aL0Xw4DSU0zo-Tq0-...]</name>
                    <title>Using Access tokena as Bearer : AAIkY2ViZmY1OWEtNGU4MC00YTQ3LTljMmEtNmUyNWVjM2M1Mzk3SMH2bizmiy2aL0Xw4DSU0zo-Tq0-RMe0CO5M...</title>
                </step>
                <step start="1557238061088" stop="1557238061088" status="passed">
                    <name>logStep[Headers are: : Authorization------Bearer AAIkY2ViZmY1OWEtNGU4MC00YTQ3LTljMmEtNmUyNWVjM2M1Mzk3SMH2bizmiy2aL0Xw4DS...]</name>
                    <title>Headers are: : Authorization------Bearer AAIkY2ViZmY1OWEtNGU4MC00YTQ3LTljMmEtNmUyNWVjM2M1Mzk3SMH2bizmiy2aL0Xw4DSU0zo-Tq0...</title>
                </step>
                <step start="1557238061089" stop="1557238061089" status="passed">
                    <name>logStep[Using Access tokena as Bearer : no value]</name>
                    <title>Using Access tokena as Bearer : no value</title>
                </step>
                <step start="1557238061090" stop="1557238061090" status="passed">
                    <name>logStep[Headers are: : Accept------application/json]</name>
                    <title>Headers are: : Accept------application/json</title>
                </step>
                <step start="1557238061091" stop="1557238061091" status="passed">
                    <name>logStep[Using Access tokena as Bearer : no value]</name>
                    <title>Using Access tokena as Bearer : no value</title>
                </step>
                <step start="1557238061092" stop="1557238061092" status="passed">
                    <name>logStep[Headers are: : endpoint------https://cap-sg-prd-4.integration.ibmcloud.com:17433]</name>
                    <title>Headers are: : endpoint------https://cap-sg-prd-4.integration.ibmcloud.com:17433</title>
                </step>
                <step start="1557238061093" stop="1557238061093" status="passed">
                    <name>logStep[Using Access tokena as Bearer : no value]</name>
                    <title>Using Access tokena as Bearer : no value</title>
                </step>
                <step start="1557238061093" stop="1557238061093" status="passed">
                    <name>logStep[Headers are: : resource------/dev/program/login]</name>
                    <title>Headers are: : resource------/dev/program/login</title>
                </step>
                <step start="1557238061094" stop="1557238061094" status="passed">
                    <name>logStep[Using Access tokena as Bearer : no value]</name>
                    <title>Using Access tokena as Bearer : no value</title>
                </step>
                <step start="1557238061094" stop="1557238061094" status="passed">
                    <name>logStep[Headers are: : tls-profile------asit-wo-101059121-50697]</name>
                    <title>Headers are: : tls-profile------asit-wo-101059121-50697</title>
                </step>
                <step start="1557238061094" stop="1557238061094" status="passed">
                    <name>logStep[Using Access tokena as Bearer : no value]</name>
                    <title>Using Access tokena as Bearer : no value</title>
                </step>
                <step start="1557238061097" stop="1557238061097" status="passed">
                    <name>logStep[Headers are: : x-ibm-client-id------cebff59a-4e80-4a47-9c2a-6e25ec3c5397]</name>
                    <title>Headers are: : x-ibm-client-id------cebff59a-4e80-4a47-9c2a-6e25ec3c5397</title>
                </step>
                <step start="1557238061098" stop="1557238061098" status="passed">
                    <name>logStep[Executing post API with Http Post method]</name>
                    <title>Executing post API with Http Post method</title>
                </step>
                <step start="1557238062497" stop="1557238062497" status="passed">
                    <name>logStep[Response is : HttpResponseProxy{HTTP/1.1 200 OK [X-Backside-Transport: OK OK, Connection: Keep-Alive, Transfer-E...]</name>
                    <title>Response is : HttpResponseProxy{HTTP/1.1 200 OK [X-Backside-Transport: OK OK, Connection: Keep-Alive, Transfer-Encoding:...</title>
                </step>
                <step start="1557238062498" stop="1557238062498" status="passed">
                    <name>logStep[API Executed Successully : ]</name>
                    <title>API Executed Successully : </title>
                </step>
                <step start="1557238062505" stop="1557238062505" status="passed">
                    <name>logStep[API Executed Successfully]</name>
                    <title>API Executed Successfully</title>
                </step>
                <step start="1557238062505" stop="1557238062505" status="passed">
                    <name>logStep[{"service":"AMCN Integration Service","message":"Authentication successful","statusCode":"0","token":"eyJhbGciOi...]</name>
                    <title>{"service":"AMCN Integration Service","message":"Authentication successful","statusCode":"0","token":"eyJhbGciOiJIUzI1Ni...</title>
                </step>
                <step start="1557238062507" stop="1557238062507" status="passed">
                    <name>logStep[token value is :eyJhbGciOiJIUzI1NiIsInR5cCI6IkpXVCJ9.eyJ1c2VybmFtZSI6InJlc3RSaWdodHNMb2dpYzUiLCJwYXNzd29yZCI6bnV...]</name>
                    <title>token value is :eyJhbGciOiJIUzI1NiIsInR5cCI6IkpXVCJ9.eyJ1c2VybmFtZSI6InJlc3RSaWdodHNMb2dpYzUiLCJwYXNzd29yZCI6bnVsbCwiaWF...</title>
                </step>
                <step start="1557238062508" stop="1557238062508" status="passed">
                    <name>logStep[Started executing API Testing]</name>
                    <title>Started executing API Testing</title>
                </step>
                <step start="1557238062510" stop="1557238062510" status="passed">
                    <name>logStep[Verify Api Type is Get  or Post]</name>
                    <title>Verify Api Type is Get  or Post</title>
                </step>
                <step start="1557238062511" stop="1557238062511" status="passed">
                    <name>logStep[Given url is Get API continue execution]</name>
                    <title>Given url is Get API continue execution</title>
                </step>
                <step start="1557238062516" stop="1557238062516" status="passed">
                    <name>logStep[Given API is : https://api.us.apiconnect.ibmcloud.com/amc-networks-inc-dev/asit/1.2.0/adam/get]</name>
                    <title>Given API is : https://api.us.apiconnect.ibmcloud.com/amc-networks-inc-dev/asit/1.2.0/adam/get</title>
                </step>
                <step start="1557238062518" stop="1557238062518" status="passed">
                    <name>logStep[Using Access tokena as Bearer : AAIkY2ViZmY1OWEtNGU4MC00YTQ3LTljMmEtNmUyNWVjM2M1Mzk3SMH2bizmiy2aL0Xw4DSU0zo-Tq0-...]</name>
                    <title>Using Access tokena as Bearer : AAIkY2ViZmY1OWEtNGU4MC00YTQ3LTljMmEtNmUyNWVjM2M1Mzk3SMH2bizmiy2aL0Xw4DSU0zo-Tq0-RMe0CO5M...</title>
                </step>
                <step start="1557238062518" stop="1557238062518" status="passed">
                    <name>logStep[Headers are: : Authorization------Bearer AAIkY2ViZmY1OWEtNGU4MC00YTQ3LTljMmEtNmUyNWVjM2M1Mzk3SMH2bizmiy2aL0Xw4DS...]</name>
                    <title>Headers are: : Authorization------Bearer AAIkY2ViZmY1OWEtNGU4MC00YTQ3LTljMmEtNmUyNWVjM2M1Mzk3SMH2bizmiy2aL0Xw4DSU0zo-Tq0...</title>
                </step>
                <step start="1557238062520" stop="1557238062520" status="passed">
                    <name>logStep[Headers are: : Content-Type------application/xml]</name>
                    <title>Headers are: : Content-Type------application/xml</title>
                </step>
                <step start="1557238062521" stop="1557238062521" status="passed">
                    <name>logStep[Using Access tokena as Bearer : eyJhbGciOiJIUzI1NiIsInR5cCI6IkpXVCJ9.eyJ1c2VybmFtZSI6InJlc3RSaWdodHNMb2dpYzUiLCJ...]</name>
                    <title>Using Access tokena as Bearer : eyJhbGciOiJIUzI1NiIsInR5cCI6IkpXVCJ9.eyJ1c2VybmFtZSI6InJlc3RSaWdodHNMb2dpYzUiLCJwYXNzd29...</title>
                </step>
                <step start="1557238062521" stop="1557238062521" status="passed">
                    <name>logStep[Headers are: : auth2------Bearer eyJhbGciOiJIUzI1NiIsInR5cCI6IkpXVCJ9.eyJ1c2VybmFtZSI6InJlc3RSaWdodHNMb2dpYzUiLC...]</name>
                    <title>Headers are: : auth2------Bearer eyJhbGciOiJIUzI1NiIsInR5cCI6IkpXVCJ9.eyJ1c2VybmFtZSI6InJlc3RSaWdodHNMb2dpYzUiLCJwYXNzd2...</title>
                </step>
                <step start="1557238062522" stop="1557238062522" status="passed">
                    <name>logStep[Headers are: : endpoint------https://cap-sg-prd-4.integration.ibmcloud.com:17433]</name>
                    <title>Headers are: : endpoint------https://cap-sg-prd-4.integration.ibmcloud.com:17433</title>
                </step>
                <step start="1557238062522" stop="1557238062522" status="passed">
                    <name>logStep[Headers are: : resource------/dev/program/getEpisodeSeasonSeries/externalReference/RLA217473]</name>
                    <title>Headers are: : resource------/dev/program/getEpisodeSeasonSeries/externalReference/RLA217473</title>
                </step>
                <step start="1557238062524" stop="1557238062524" status="passed">
                    <name>logStep[Headers are: : tls-profile------asit-wo-101059121-50697]</name>
                    <title>Headers are: : tls-profile------asit-wo-101059121-50697</title>
                </step>
                <step start="1557238062525" stop="1557238062525" status="passed">
                    <name>logStep[Headers are: : x-ibm-client-id------cebff59a-4e80-4a47-9c2a-6e25ec3c5397]</name>
                    <title>Headers are: : x-ibm-client-id------cebff59a-4e80-4a47-9c2a-6e25ec3c5397</title>
                </step>
                <step start="1557238063928" stop="1557238063928" status="passed">
                    <name>logStep[Execution Completed and reading response now]</name>
                    <title>Execution Completed and reading response now</title>
                </step>
                <step start="1557238063930" stop="1557238063930" status="passed">
                    <name>logStep[Verify Status code in response]</name>
                    <title>Verify Status code in response</title>
                </step>
                <step start="1557238063952" stop="1557238063952" status="passed">
                    <name>logStep[Get the details from Excel]</name>
                    <title>Get the details from Excel</title>
                </step>
                <step start="1557238063954" stop="1557238063954" status="passed">
                    <name>logStep[Http Client service is invoked]</name>
                    <title>Http Client service is invoked</title>
                </step>
                <step start="1557238063962" stop="1557238063962" status="passed">
                    <name>logStep[apirequest is  : --&lt;soapenv:Envelope xmlns:soapenv="http://schemas.xmlsoap.org/soap/envelope/" xmlns:xyt="urn:xy...]</name>
                    <title>apirequest is  : --&lt;soapenv:Envelope xmlns:soapenv="http://schemas.xmlsoap.org/soap/envelope/" xmlns:xyt="urn:xytechsyst...</title>
                </step>
                <step start="1557238063963" stop="1557238063963" status="passed">
                    <name>logStep[Using Access tokena as Bearer : eyJhbGciOiJIUzI1NiIsInR5cCI6IkpXVCJ9.eyJ1c2VybmFtZSI6InJlc3RSaWdodHNMb2dpYzUiLCJ...]</name>
                    <title>Using Access tokena as Bearer : eyJhbGciOiJIUzI1NiIsInR5cCI6IkpXVCJ9.eyJ1c2VybmFtZSI6InJlc3RSaWdodHNMb2dpYzUiLCJwYXNzd29...</title>
                </step>
                <step start="1557238063963" stop="1557238063963" status="passed">
                    <name>logStep[Headers are: : Content-Type------text/xml]</name>
                    <title>Headers are: : Content-Type------text/xml</title>
                </step>
                <step start="1557238063964" stop="1557238063964" status="passed">
                    <name>logStep[Using Access tokena as Bearer : eyJhbGciOiJIUzI1NiIsInR5cCI6IkpXVCJ9.eyJ1c2VybmFtZSI6InJlc3RSaWdodHNMb2dpYzUiLCJ...]</name>
                    <title>Using Access tokena as Bearer : eyJhbGciOiJIUzI1NiIsInR5cCI6IkpXVCJ9.eyJ1c2VybmFtZSI6InJlc3RSaWdodHNMb2dpYzUiLCJwYXNzd29...</title>
                </step>
                <step start="1557238063965" stop="1557238063965" status="passed">
                    <name>logStep[Headers are: : SOAPAction------Retrieve]</name>
                    <title>Headers are: : SOAPAction------Retrieve</title>
                </step>
                <step start="1557238063965" stop="1557238063965" status="passed">
                    <name>logStep[Executing post API with Http Post method]</name>
                    <title>Executing post API with Http Post method</title>
                </step>
                <step start="1557238064918" stop="1557238064918" status="passed">
                    <name>logStep[Response is : HttpResponseProxy{HTTP/1.1 200 OK [Content-Length: 10936, Content-Type: text/xml; charset=utf-8, S...]</name>
                    <title>Response is : HttpResponseProxy{HTTP/1.1 200 OK [Content-Length: 10936, Content-Type: text/xml; charset=utf-8, Server: M...</title>
                </step>
                <step start="1557238064919" stop="1557238064919" status="passed">
                    <name>logStep[API Executed Successully : ]</name>
                    <title>API Executed Successully : </title>
                </step>
                <step start="1557238064929" stop="1557238064929" status="passed">
                    <name>logStep[API Executed Successfully]</name>
                    <title>API Executed Successfully</title>
                </step>
                <step start="1557238064933" stop="1557238064933" status="passed">
                    <name>logStep[{"s:Envelope":{"xmlns:s":"http://schemas.xmlsoap.org/soap/envelope/","s:Body":{"RetrieveResponse":{"xmlns":"urn:...]</name>
                    <title>{"s:Envelope":{"xmlns:s":"http://schemas.xmlsoap.org/soap/envelope/","s:Body":{"RetrieveResponse":{"xmlns":"urn:xytechsy...</title>
                </step>
                <step start="1557238065814" stop="1557238065814" status="passed">
                    <name>logStep[Started reading Responses from WOP API ]</name>
                    <title>Started reading Responses from WOP API </title>
                </step>
                <step start="1557238065824" stop="1557238065824" status="passed">
                    <name>logStep[Validating AMCN ID param name in WOP API]</name>
                    <title>Validating AMCN ID param name in WOP API</title>
                </step>
                <step start="1557238065824" stop="1557238065824" status="passed">
                    <name>logStep[ Param values are ------ : [RLA217473]]</name>
                    <title> Param values are ------ : [RLA217473]</title>
                </step>
                <step start="1557238065824" stop="1557238065824" status="passed">
                    <name>logStep[Validating WOP API value RLA217473 with test data value RLA217473]</name>
                    <title>Validating WOP API value RLA217473 with test data value RLA217473</title>
                </step>
                <step start="1557238065824" stop="1557238065824" status="passed">
                    <name>logStep[Started reading Responses from MP API ]</name>
                    <title>Started reading Responses from MP API </title>
                </step>
                <step start="1557238065833" stop="1557238065833" status="passed">
                    <name>logStep[Validating AMCN ID param name in MP API]</name>
                    <title>Validating AMCN ID param name in MP API</title>
                </step>
                <step start="1557238065833" stop="1557238065833" status="passed">
                    <name>logStep[ Param values are ------ : [RLA217468]]</name>
                    <title> Param values are ------ : [RLA217468]</title>
                </step>
                <step start="1557238065834" stop="1557238065834" status="passed">
                    <name>logStep[Validating MP API value RLA217468 with test data value RLA217473]</name>
                    <title>Validating MP API value RLA217468 with test data value RLA217473</title>
                </step>
            </steps>
            <attachments/>
            <labels>
                <label name="testSuite" value="Suite"/>
                <label name="testGroup" value="AssetCreationForSeries"/>
                <label name="testClass" value="com.amc.testclasses.RLTestCasesForSeries"/>
                <label name="testMethod" value="validateAMCNID"/>
                <label name="story" value="RLRegressionValidation"/>
                <label name="feature" value="RLRegressionValidation"/>
                <label name="host" value="MONO-HYD-LAP-44"/>
                <label name="thread" value="10020@MONO-HYD-LAP-44.TestNG-test=AssetCreationForSeries-1(66)"/>
            </labels>
        </test-case>
        <test-case start="1557238065844" stop="1557238065885" status="broken">
            <name>validateAlternativeTitleForAKA</name>
            <description>Validate alternative title of the asset for AKA Type</description>
            <failure>
                <message>JSONException: JSONObject["1"] not found.</message>
                <stack-trace>org.json.JSONException: JSONObject["1"] not found.
	at org.json.JSONObject.get(JSONObject.java:520)
	at com.amc.pageobjects.ApiExecutionTypes.getValue(ApiExecutionTypes.java:456)
	at com.amc.pageobjects.LoginModule.validateRLValuesWithWOP(LoginModule.java:71)
	at com.amc.testclasses.RLTestCasesForSeries.validateAlternativeTitleForAKA(RLTestCasesForSeries.java:126)
	at sun.reflect.NativeMethodAccessorImpl.invoke0(Native Method)
	at sun.reflect.NativeMethodAccessorImpl.invoke(NativeMethodAccessorImpl.java:62)
	at sun.reflect.DelegatingMethodAccessorImpl.invoke(DelegatingMethodAccessorImpl.java:43)
	at java.lang.reflect.Method.invoke(Method.java:498)
	at org.testng.internal.MethodInvocationHelper.invokeMethod(MethodInvocationHelper.java:124)
	at org.testng.internal.Invoker.invokeMethod(Invoker.java:583)
	at org.testng.internal.Invoker.invokeTestMethod(Invoker.java:719)
	at org.testng.internal.Invoker.invokeTestMethods(Invoker.java:989)
	at org.testng.internal.TestMethodWorker.invokeTestMethods(TestMethodWorker.java:125)
	at org.testng.internal.TestMethodWorker.run(TestMethodWorker.java:109)
	at java.util.concurrent.ThreadPoolExecutor.runWorker(ThreadPoolExecutor.java:1149)
	at java.util.concurrent.ThreadPoolExecutor$Worker.run(ThreadPoolExecutor.java:624)
	at java.lang.Thread.run(Thread.java:748)
</stack-trace>
            </failure>
            <steps>
                <step start="1557238065883" stop="1557238065883" status="passed">
                    <name>logStep[Started reading Responses from WOP API ]</name>
                    <title>Started reading Responses from WOP API </title>
                </step>
                <step start="1557238065883" stop="1557238065883" status="passed">
                    <name>logStep[Validating Alt Title param name in WOP API]</name>
                    <title>Validating Alt Title param name in WOP API</title>
                </step>
            </steps>
            <attachments/>
            <labels>
                <label name="testSuite" value="Suite"/>
                <label name="testGroup" value="AssetCreationForSeries"/>
                <label name="testClass" value="com.amc.testclasses.RLTestCasesForSeries"/>
                <label name="testMethod" value="validateAlternativeTitleForAKA"/>
                <label name="story" value="RLRegressionValidation"/>
                <label name="feature" value="RLRegressionValidation"/>
                <label name="host" value="MONO-HYD-LAP-44"/>
                <label name="thread" value="10020@MONO-HYD-LAP-44.TestNG-test=AssetCreationForSeries-1(66)"/>
            </labels>
        </test-case>
        <test-case start="1557238065886" stop="1557238065923" status="broken">
            <name>validateAlternativeTitleForLegal</name>
            <description>Validate alternative title of the asset for Legal Type</description>
            <failure>
                <message>JSONException: JSONObject["2"] not found.</message>
                <stack-trace>org.json.JSONException: JSONObject["2"] not found.
	at org.json.JSONObject.get(JSONObject.java:520)
	at com.amc.pageobjects.ApiExecutionTypes.getValue(ApiExecutionTypes.java:456)
	at com.amc.pageobjects.LoginModule.validateRLValuesWithWOP(LoginModule.java:71)
	at com.amc.testclasses.RLTestCasesForSeries.validateAlternativeTitleForLegal(RLTestCasesForSeries.java:142)
	at sun.reflect.NativeMethodAccessorImpl.invoke0(Native Method)
	at sun.reflect.NativeMethodAccessorImpl.invoke(NativeMethodAccessorImpl.java:62)
	at sun.reflect.DelegatingMethodAccessorImpl.invoke(DelegatingMethodAccessorImpl.java:43)
	at java.lang.reflect.Method.invoke(Method.java:498)
	at org.testng.internal.MethodInvocationHelper.invokeMethod(MethodInvocationHelper.java:124)
	at org.testng.internal.Invoker.invokeMethod(Invoker.java:583)
	at org.testng.internal.Invoker.invokeTestMethod(Invoker.java:719)
	at org.testng.internal.Invoker.invokeTestMethods(Invoker.java:989)
	at org.testng.internal.TestMethodWorker.invokeTestMethods(TestMethodWorker.java:125)
	at org.testng.internal.TestMethodWorker.run(TestMethodWorker.java:109)
	at java.util.concurrent.ThreadPoolExecutor.runWorker(ThreadPoolExecutor.java:1149)
	at java.util.concurrent.ThreadPoolExecutor$Worker.run(ThreadPoolExecutor.java:624)
	at java.lang.Thread.run(Thread.java:748)
</stack-trace>
            </failure>
            <steps>
                <step start="1557238065922" stop="1557238065922" status="passed">
                    <name>logStep[Started reading Responses from WOP API ]</name>
                    <title>Started reading Responses from WOP API </title>
                </step>
                <step start="1557238065922" stop="1557238065922" status="passed">
                    <name>logStep[Validating Alt Title For Legal param name in WOP API]</name>
                    <title>Validating Alt Title For Legal param name in WOP API</title>
                </step>
            </steps>
            <attachments/>
            <labels>
                <label name="testSuite" value="Suite"/>
                <label name="testGroup" value="AssetCreationForSeries"/>
                <label name="testClass" value="com.amc.testclasses.RLTestCasesForSeries"/>
                <label name="testMethod" value="validateAlternativeTitleForLegal"/>
                <label name="story" value="RLRegressionValidation"/>
                <label name="feature" value="RLRegressionValidation"/>
                <label name="host" value="MONO-HYD-LAP-44"/>
                <label name="thread" value="10020@MONO-HYD-LAP-44.TestNG-test=AssetCreationForSeries-1(66)"/>
            </labels>
        </test-case>
        <test-case start="1557238065926" stop="1557238066002" status="broken">
            <name>validateAlternativeTitleTypeForAKA</name>
            <description>Validate alternative title type of the asset for AKA Type</description>
            <failure>
                <message>JSONException: JSONObject["1"] not found.</message>
                <stack-trace>org.json.JSONException: JSONObject["1"] not found.
	at org.json.JSONObject.get(JSONObject.java:520)
	at com.amc.pageobjects.ApiExecutionTypes.getValue(ApiExecutionTypes.java:456)
	at com.amc.pageobjects.LoginModule.validateRLValuesWithWOP(LoginModule.java:71)
	at com.amc.testclasses.RLTestCasesForSeries.validateAlternativeTitleTypeForAKA(RLTestCasesForSeries.java:134)
	at sun.reflect.NativeMethodAccessorImpl.invoke0(Native Method)
	at sun.reflect.NativeMethodAccessorImpl.invoke(NativeMethodAccessorImpl.java:62)
	at sun.reflect.DelegatingMethodAccessorImpl.invoke(DelegatingMethodAccessorImpl.java:43)
	at java.lang.reflect.Method.invoke(Method.java:498)
	at org.testng.internal.MethodInvocationHelper.invokeMethod(MethodInvocationHelper.java:124)
	at org.testng.internal.Invoker.invokeMethod(Invoker.java:583)
	at org.testng.internal.Invoker.invokeTestMethod(Invoker.java:719)
	at org.testng.internal.Invoker.invokeTestMethods(Invoker.java:989)
	at org.testng.internal.TestMethodWorker.invokeTestMethods(TestMethodWorker.java:125)
	at org.testng.internal.TestMethodWorker.run(TestMethodWorker.java:109)
	at java.util.concurrent.ThreadPoolExecutor.runWorker(ThreadPoolExecutor.java:1149)
	at java.util.concurrent.ThreadPoolExecutor$Worker.run(ThreadPoolExecutor.java:624)
	at java.lang.Thread.run(Thread.java:748)
</stack-trace>
            </failure>
            <steps>
                <step start="1557238065995" stop="1557238065995" status="passed">
                    <name>logStep[Started reading Responses from WOP API ]</name>
                    <title>Started reading Responses from WOP API </title>
                </step>
                <step start="1557238066001" stop="1557238066001" status="passed">
                    <name>logStep[Validating Alt Title Type param name in WOP API]</name>
                    <title>Validating Alt Title Type param name in WOP API</title>
                </step>
            </steps>
            <attachments/>
            <labels>
                <label name="testSuite" value="Suite"/>
                <label name="testGroup" value="AssetCreationForSeries"/>
                <label name="testClass" value="com.amc.testclasses.RLTestCasesForSeries"/>
                <label name="testMethod" value="validateAlternativeTitleTypeForAKA"/>
                <label name="story" value="RLRegressionValidation"/>
                <label name="feature" value="RLRegressionValidation"/>
                <label name="host" value="MONO-HYD-LAP-44"/>
                <label name="thread" value="10020@MONO-HYD-LAP-44.TestNG-test=AssetCreationForSeries-1(66)"/>
            </labels>
        </test-case>
        <test-case start="1557238066003" stop="1557238066050" status="broken">
            <name>validateAlternativeTitleTypeForLegalType</name>
            <description>Validate alternative title type of the asset for Legal Type</description>
            <failure>
                <message>JSONException: JSONObject["2"] not found.</message>
                <stack-trace>org.json.JSONException: JSONObject["2"] not found.
	at org.json.JSONObject.get(JSONObject.java:520)
	at com.amc.pageobjects.ApiExecutionTypes.getValue(ApiExecutionTypes.java:456)
	at com.amc.pageobjects.LoginModule.validateRLValuesWithWOP(LoginModule.java:71)
	at com.amc.testclasses.RLTestCasesForSeries.validateAlternativeTitleTypeForLegalType(RLTestCasesForSeries.java:150)
	at sun.reflect.NativeMethodAccessorImpl.invoke0(Native Method)
	at sun.reflect.NativeMethodAccessorImpl.invoke(NativeMethodAccessorImpl.java:62)
	at sun.reflect.DelegatingMethodAccessorImpl.invoke(DelegatingMethodAccessorImpl.java:43)
	at java.lang.reflect.Method.invoke(Method.java:498)
	at org.testng.internal.MethodInvocationHelper.invokeMethod(MethodInvocationHelper.java:124)
	at org.testng.internal.Invoker.invokeMethod(Invoker.java:583)
	at org.testng.internal.Invoker.invokeTestMethod(Invoker.java:719)
	at org.testng.internal.Invoker.invokeTestMethods(Invoker.java:989)
	at org.testng.internal.TestMethodWorker.invokeTestMethods(TestMethodWorker.java:125)
	at org.testng.internal.TestMethodWorker.run(TestMethodWorker.java:109)
	at java.util.concurrent.ThreadPoolExecutor.runWorker(ThreadPoolExecutor.java:1149)
	at java.util.concurrent.ThreadPoolExecutor$Worker.run(ThreadPoolExecutor.java:624)
	at java.lang.Thread.run(Thread.java:748)
</stack-trace>
            </failure>
            <steps>
                <step start="1557238066044" stop="1557238066044" status="passed">
                    <name>logStep[Started reading Responses from WOP API ]</name>
                    <title>Started reading Responses from WOP API </title>
                </step>
                <step start="1557238066050" stop="1557238066050" status="passed">
                    <name>logStep[Validating Alt Title Type For Legal param name in WOP API]</name>
                    <title>Validating Alt Title Type For Legal param name in WOP API</title>
                </step>
            </steps>
            <attachments/>
            <labels>
                <label name="testSuite" value="Suite"/>
                <label name="testGroup" value="AssetCreationForSeries"/>
                <label name="testClass" value="com.amc.testclasses.RLTestCasesForSeries"/>
                <label name="testMethod" value="validateAlternativeTitleTypeForLegalType"/>
                <label name="story" value="RLRegressionValidation"/>
                <label name="feature" value="RLRegressionValidation"/>
                <label name="host" value="MONO-HYD-LAP-44"/>
                <label name="thread" value="10020@MONO-HYD-LAP-44.TestNG-test=AssetCreationForSeries-1(66)"/>
            </labels>
        </test-case>
        <test-case start="1557238066054" stop="1557238066107" status="passed">
            <name>validateAssetShowType</name>
            <description>Validate Asset Shpw Type of WOP</description>
            <steps>
                <step start="1557238066103" stop="1557238066103" status="passed">
                    <name>logStep[Started reading Responses from WOP API ]</name>
                    <title>Started reading Responses from WOP API </title>
                    <attachments/>
                    <steps/>
                </step>
                <step start="1557238066103" stop="1557238066103" status="passed">
                    <name>logStep[Validating ShowType param name in WOP API]</name>
                    <title>Validating ShowType param name in WOP API</title>
                    <attachments/>
                    <steps/>
                </step>
                <step start="1557238066104" stop="1557238066104" status="passed">
                    <name>logStep[ Param values are ------ : [Series]]</name>
                    <title> Param values are ------ : [Series]</title>
                    <attachments/>
                    <steps/>
                </step>
                <step start="1557238066104" stop="1557238066104" status="passed">
                    <name>logStep[Validating WOP API value Series with test data value Series]</name>
                    <title>Validating WOP API value Series with test data value Series</title>
                    <attachments/>
                    <steps/>
                </step>
                <step start="1557238066105" stop="1557238066105" status="passed">
                    <name>logStep[Started reading Responses from MP API ]</name>
                    <title>Started reading Responses from MP API </title>
                    <attachments/>
                    <steps/>
                </step>
                <step start="1557238066106" stop="1557238066106" status="passed">
                    <name>logStep[Validating ShowType param name in MP API]</name>
                    <title>Validating ShowType param name in MP API</title>
                    <attachments/>
                    <steps/>
                </step>
                <step start="1557238066106" stop="1557238066106" status="passed">
                    <name>logStep[ Param values are ------ : [Series]]</name>
                    <title> Param values are ------ : [Series]</title>
                    <attachments/>
                    <steps/>
                </step>
                <step start="1557238066107" stop="1557238066107" status="passed">
                    <name>logStep[Validating MP API value Series with test data value Series]</name>
                    <title>Validating MP API value Series with test data value Series</title>
                    <attachments/>
                    <steps/>
                </step>
            </steps>
            <attachments/>
            <labels>
                <label name="testSuite" value="Suite"/>
                <label name="testGroup" value="AssetCreationForSeries"/>
                <label name="testClass" value="com.amc.testclasses.RLTestCasesForSeries"/>
                <label name="testMethod" value="validateAssetShowType"/>
                <label name="story" value="RLRegressionValidation"/>
                <label name="feature" value="RLRegressionValidation"/>
                <label name="host" value="MONO-HYD-LAP-44"/>
                <label name="thread" value="10020@MONO-HYD-LAP-44.TestNG-test=AssetCreationForSeries-1(66)"/>
            </labels>
        </test-case>
        <test-case start="1557238066111" stop="1557238066153" status="failed">
            <name>validateAssetSource</name>
            <description>Validate Asset Source of WOP</description>
            <failure>
                <message>AssertionError: Expected MP value was Original but found Acquired</message>
                <stack-trace>java.lang.AssertionError: Expected MP value was Original but found Acquired
	at org.testng.Assert.fail(Assert.java:96)
	at com.amc.pageobjects.LoginModule.validateRLValuesWithMP(LoginModule.java:90)
	at com.amc.testclasses.RLTestCasesForSeries.validateAssetSource(RLTestCasesForSeries.java:62)
	at sun.reflect.NativeMethodAccessorImpl.invoke0(Native Method)
	at sun.reflect.NativeMethodAccessorImpl.invoke(NativeMethodAccessorImpl.java:62)
	at sun.reflect.DelegatingMethodAccessorImpl.invoke(DelegatingMethodAccessorImpl.java:43)
	at java.lang.reflect.Method.invoke(Method.java:498)
	at org.testng.internal.MethodInvocationHelper.invokeMethod(MethodInvocationHelper.java:124)
	at org.testng.internal.Invoker.invokeMethod(Invoker.java:583)
	at org.testng.internal.Invoker.invokeTestMethod(Invoker.java:719)
	at org.testng.internal.Invoker.invokeTestMethods(Invoker.java:989)
	at org.testng.internal.TestMethodWorker.invokeTestMethods(TestMethodWorker.java:125)
	at org.testng.internal.TestMethodWorker.run(TestMethodWorker.java:109)
	at java.util.concurrent.ThreadPoolExecutor.runWorker(ThreadPoolExecutor.java:1149)
	at java.util.concurrent.ThreadPoolExecutor$Worker.run(ThreadPoolExecutor.java:624)
	at java.lang.Thread.run(Thread.java:748)
</stack-trace>
            </failure>
            <steps>
                <step start="1557238066147" stop="1557238066147" status="passed">
                    <name>logStep[Started reading Responses from WOP API ]</name>
                    <title>Started reading Responses from WOP API </title>
                </step>
                <step start="1557238066149" stop="1557238066149" status="passed">
                    <name>logStep[Validating Asset Source param name in WOP API]</name>
                    <title>Validating Asset Source param name in WOP API</title>
                </step>
                <step start="1557238066149" stop="1557238066149" status="passed">
                    <name>logStep[ Param values are ------ : [Original]]</name>
                    <title> Param values are ------ : [Original]</title>
                </step>
                <step start="1557238066150" stop="1557238066150" status="passed">
                    <name>logStep[Validating WOP API value Original with test data value Original]</name>
                    <title>Validating WOP API value Original with test data value Original</title>
                </step>
                <step start="1557238066150" stop="1557238066150" status="passed">
                    <name>logStep[Started reading Responses from MP API ]</name>
                    <title>Started reading Responses from MP API </title>
                </step>
                <step start="1557238066150" stop="1557238066150" status="passed">
                    <name>logStep[Validating Asset Source param name in MP API]</name>
                    <title>Validating Asset Source param name in MP API</title>
                </step>
                <step start="1557238066151" stop="1557238066151" status="passed">
                    <name>logStep[ Param values are ------ : [Acquired]]</name>
                    <title> Param values are ------ : [Acquired]</title>
                </step>
                <step start="1557238066152" stop="1557238066152" status="passed">
                    <name>logStep[Validating MP API value Acquired with test data value Original]</name>
                    <title>Validating MP API value Acquired with test data value Original</title>
                </step>
            </steps>
            <attachments/>
            <labels>
                <label name="testSuite" value="Suite"/>
                <label name="testGroup" value="AssetCreationForSeries"/>
                <label name="testClass" value="com.amc.testclasses.RLTestCasesForSeries"/>
                <label name="testMethod" value="validateAssetSource"/>
                <label name="story" value="RLRegressionValidation"/>
                <label name="feature" value="RLRegressionValidation"/>
                <label name="host" value="MONO-HYD-LAP-44"/>
                <label name="thread" value="10020@MONO-HYD-LAP-44.TestNG-test=AssetCreationForSeries-1(66)"/>
            </labels>
        </test-case>
        <test-case start="1557238066155" stop="1557238066197" status="failed">
            <name>validateAssetTitle</name>
            <description>Validate Asset Title of WOP</description>
            <failure>
                <message>AssertionError: Expected WOP value was ProgramSeriesTestZlE2Ll but found Program Test Series 0202</message>
                <stack-trace>java.lang.AssertionError: Expected WOP value was ProgramSeriesTestZlE2Ll but found Program Test Series 0202
	at org.testng.Assert.fail(Assert.java:96)
	at com.amc.pageobjects.LoginModule.validateRLValuesWithWOP(LoginModule.java:77)
	at com.amc.testclasses.RLTestCasesForSeries.validateAssetTitle(RLTestCasesForSeries.java:40)
	at sun.reflect.NativeMethodAccessorImpl.invoke0(Native Method)
	at sun.reflect.NativeMethodAccessorImpl.invoke(NativeMethodAccessorImpl.java:62)
	at sun.reflect.DelegatingMethodAccessorImpl.invoke(DelegatingMethodAccessorImpl.java:43)
	at java.lang.reflect.Method.invoke(Method.java:498)
	at org.testng.internal.MethodInvocationHelper.invokeMethod(MethodInvocationHelper.java:124)
	at org.testng.internal.Invoker.invokeMethod(Invoker.java:583)
	at org.testng.internal.Invoker.invokeTestMethod(Invoker.java:719)
	at org.testng.internal.Invoker.invokeTestMethods(Invoker.java:989)
	at org.testng.internal.TestMethodWorker.invokeTestMethods(TestMethodWorker.java:125)
	at org.testng.internal.TestMethodWorker.run(TestMethodWorker.java:109)
	at java.util.concurrent.ThreadPoolExecutor.runWorker(ThreadPoolExecutor.java:1149)
	at java.util.concurrent.ThreadPoolExecutor$Worker.run(ThreadPoolExecutor.java:624)
	at java.lang.Thread.run(Thread.java:748)
</stack-trace>
            </failure>
            <steps>
                <step start="1557238066195" stop="1557238066195" status="passed">
                    <name>logStep[Started reading Responses from WOP API ]</name>
                    <title>Started reading Responses from WOP API </title>
                </step>
                <step start="1557238066195" stop="1557238066195" status="passed">
                    <name>logStep[Validating Title param name in WOP API]</name>
                    <title>Validating Title param name in WOP API</title>
                </step>
                <step start="1557238066196" stop="1557238066196" status="passed">
                    <name>logStep[ Param values are ------ : [Program Test Series 0202]]</name>
                    <title> Param values are ------ : [Program Test Series 0202]</title>
                </step>
                <step start="1557238066196" stop="1557238066196" status="passed">
                    <name>logStep[Validating WOP API value Program Test Series 0202 with test data value ProgramSeriesTestZlE2Ll]</name>
                    <title>Validating WOP API value Program Test Series 0202 with test data value ProgramSeriesTestZlE2Ll</title>
                </step>
            </steps>
            <attachments/>
            <labels>
                <label name="testSuite" value="Suite"/>
                <label name="testGroup" value="AssetCreationForSeries"/>
                <label name="testClass" value="com.amc.testclasses.RLTestCasesForSeries"/>
                <label name="testMethod" value="validateAssetTitle"/>
                <label name="story" value="RLRegressionValidation"/>
                <label name="feature" value="RLRegressionValidation"/>
                <label name="host" value="MONO-HYD-LAP-44"/>
                <label name="thread" value="10020@MONO-HYD-LAP-44.TestNG-test=AssetCreationForSeries-1(66)"/>
            </labels>
        </test-case>
        <test-case start="1557238066199" stop="1557238066258" status="broken">
            <name>validateCastType</name>
            <description>Validate Cast Type</description>
            <failure>
                <message>ClassCastException: java.lang.String cannot be cast to org.json.JSONArray</message>
                <stack-trace>java.lang.ClassCastException: java.lang.String cannot be cast to org.json.JSONArray
	at com.amc.pageobjects.ApiExecutionTypes.getValue(ApiExecutionTypes.java:464)
	at com.amc.pageobjects.LoginModule.validateRLValuesWithWOP(LoginModule.java:71)
	at com.amc.testclasses.RLTestCasesForSeries.validateCastType(RLTestCasesForSeries.java:110)
	at sun.reflect.NativeMethodAccessorImpl.invoke0(Native Method)
	at sun.reflect.NativeMethodAccessorImpl.invoke(NativeMethodAccessorImpl.java:62)
	at sun.reflect.DelegatingMethodAccessorImpl.invoke(DelegatingMethodAccessorImpl.java:43)
	at java.lang.reflect.Method.invoke(Method.java:498)
	at org.testng.internal.MethodInvocationHelper.invokeMethod(MethodInvocationHelper.java:124)
	at org.testng.internal.Invoker.invokeMethod(Invoker.java:583)
	at org.testng.internal.Invoker.invokeTestMethod(Invoker.java:719)
	at org.testng.internal.Invoker.invokeTestMethods(Invoker.java:989)
	at org.testng.internal.TestMethodWorker.invokeTestMethods(TestMethodWorker.java:125)
	at org.testng.internal.TestMethodWorker.run(TestMethodWorker.java:109)
	at java.util.concurrent.ThreadPoolExecutor.runWorker(ThreadPoolExecutor.java:1149)
	at java.util.concurrent.ThreadPoolExecutor$Worker.run(ThreadPoolExecutor.java:624)
	at java.lang.Thread.run(Thread.java:748)
</stack-trace>
            </failure>
            <steps>
                <step start="1557238066256" stop="1557238066256" status="passed">
                    <name>logStep[Started reading Responses from WOP API ]</name>
                    <title>Started reading Responses from WOP API </title>
                </step>
                <step start="1557238066256" stop="1557238066256" status="passed">
                    <name>logStep[Validating Cast Type param name in WOP API]</name>
                    <title>Validating Cast Type param name in WOP API</title>
                </step>
            </steps>
            <attachments/>
            <labels>
                <label name="testSuite" value="Suite"/>
                <label name="testGroup" value="AssetCreationForSeries"/>
                <label name="testClass" value="com.amc.testclasses.RLTestCasesForSeries"/>
                <label name="testMethod" value="validateCastType"/>
                <label name="story" value="RLRegressionValidation"/>
                <label name="feature" value="RLRegressionValidation"/>
                <label name="host" value="MONO-HYD-LAP-44"/>
                <label name="thread" value="10020@MONO-HYD-LAP-44.TestNG-test=AssetCreationForSeries-1(66)"/>
            </labels>
        </test-case>
        <test-case start="1557238066260" stop="1557238066329" status="broken">
            <name>validateFirstNameOfCastMember</name>
            <description>Validate name of cast member</description>
            <failure>
                <message>ClassCastException: java.lang.String cannot be cast to org.json.JSONArray</message>
                <stack-trace>java.lang.ClassCastException: java.lang.String cannot be cast to org.json.JSONArray
	at com.amc.pageobjects.ApiExecutionTypes.getValue(ApiExecutionTypes.java:464)
	at com.amc.pageobjects.LoginModule.validateRLValuesWithWOP(LoginModule.java:71)
	at com.amc.testclasses.RLTestCasesForSeries.validateFirstNameOfCastMember(RLTestCasesForSeries.java:118)
	at sun.reflect.NativeMethodAccessorImpl.invoke0(Native Method)
	at sun.reflect.NativeMethodAccessorImpl.invoke(NativeMethodAccessorImpl.java:62)
	at sun.reflect.DelegatingMethodAccessorImpl.invoke(DelegatingMethodAccessorImpl.java:43)
	at java.lang.reflect.Method.invoke(Method.java:498)
	at org.testng.internal.MethodInvocationHelper.invokeMethod(MethodInvocationHelper.java:124)
	at org.testng.internal.Invoker.invokeMethod(Invoker.java:583)
	at org.testng.internal.Invoker.invokeTestMethod(Invoker.java:719)
	at org.testng.internal.Invoker.invokeTestMethods(Invoker.java:989)
	at org.testng.internal.TestMethodWorker.invokeTestMethods(TestMethodWorker.java:125)
	at org.testng.internal.TestMethodWorker.run(TestMethodWorker.java:109)
	at java.util.concurrent.ThreadPoolExecutor.runWorker(ThreadPoolExecutor.java:1149)
	at java.util.concurrent.ThreadPoolExecutor$Worker.run(ThreadPoolExecutor.java:624)
	at java.lang.Thread.run(Thread.java:748)
</stack-trace>
            </failure>
            <steps>
                <step start="1557238066327" stop="1557238066327" status="passed">
                    <name>logStep[Started reading Responses from WOP API ]</name>
                    <title>Started reading Responses from WOP API </title>
                </step>
                <step start="1557238066327" stop="1557238066327" status="passed">
                    <name>logStep[Validating First Name param name in WOP API]</name>
                    <title>Validating First Name param name in WOP API</title>
                </step>
            </steps>
            <attachments/>
            <labels>
                <label name="testSuite" value="Suite"/>
                <label name="testGroup" value="AssetCreationForSeries"/>
                <label name="testClass" value="com.amc.testclasses.RLTestCasesForSeries"/>
                <label name="testMethod" value="validateFirstNameOfCastMember"/>
                <label name="story" value="RLRegressionValidation"/>
                <label name="feature" value="RLRegressionValidation"/>
                <label name="host" value="MONO-HYD-LAP-44"/>
                <label name="thread" value="10020@MONO-HYD-LAP-44.TestNG-test=AssetCreationForSeries-1(66)"/>
            </labels>
        </test-case>
        <test-case start="1557238066332" stop="1557238066374" status="failed">
            <name>validateOrigin</name>
            <description>Validate Origin of WOP</description>
            <failure>
                <message>AssertionError: Expected MP value was Licensed but found {"xsi:nil":true}</message>
                <stack-trace>java.lang.AssertionError: Expected MP value was Licensed but found {"xsi:nil":true}
	at org.testng.Assert.fail(Assert.java:96)
	at com.amc.pageobjects.LoginModule.validateRLValuesWithMP(LoginModule.java:90)
	at com.amc.testclasses.RLTestCasesForSeries.validateOrigin(RLTestCasesForSeries.java:91)
	at sun.reflect.NativeMethodAccessorImpl.invoke0(Native Method)
	at sun.reflect.NativeMethodAccessorImpl.invoke(NativeMethodAccessorImpl.java:62)
	at sun.reflect.DelegatingMethodAccessorImpl.invoke(DelegatingMethodAccessorImpl.java:43)
	at java.lang.reflect.Method.invoke(Method.java:498)
	at org.testng.internal.MethodInvocationHelper.invokeMethod(MethodInvocationHelper.java:124)
	at org.testng.internal.Invoker.invokeMethod(Invoker.java:583)
	at org.testng.internal.Invoker.invokeTestMethod(Invoker.java:719)
	at org.testng.internal.Invoker.invokeTestMethods(Invoker.java:989)
	at org.testng.internal.TestMethodWorker.invokeTestMethods(TestMethodWorker.java:125)
	at org.testng.internal.TestMethodWorker.run(TestMethodWorker.java:109)
	at java.util.concurrent.ThreadPoolExecutor.runWorker(ThreadPoolExecutor.java:1149)
	at java.util.concurrent.ThreadPoolExecutor$Worker.run(ThreadPoolExecutor.java:624)
	at java.lang.Thread.run(Thread.java:748)
</stack-trace>
            </failure>
            <steps>
                <step start="1557238066370" stop="1557238066370" status="passed">
                    <name>logStep[Started reading Responses from WOP API ]</name>
                    <title>Started reading Responses from WOP API </title>
                </step>
                <step start="1557238066370" stop="1557238066370" status="passed">
                    <name>logStep[Validating Origin param name in WOP API]</name>
                    <title>Validating Origin param name in WOP API</title>
                </step>
                <step start="1557238066371" stop="1557238066371" status="passed">
                    <name>logStep[ Param values are ------ : [Licensed]]</name>
                    <title> Param values are ------ : [Licensed]</title>
                </step>
                <step start="1557238066371" stop="1557238066371" status="passed">
                    <name>logStep[Validating WOP API value Licensed with test data value Licensed]</name>
                    <title>Validating WOP API value Licensed with test data value Licensed</title>
                </step>
                <step start="1557238066371" stop="1557238066371" status="passed">
                    <name>logStep[Started reading Responses from MP API ]</name>
                    <title>Started reading Responses from MP API </title>
                </step>
                <step start="1557238066373" stop="1557238066373" status="passed">
                    <name>logStep[Validating Origin param name in MP API]</name>
                    <title>Validating Origin param name in MP API</title>
                </step>
                <step start="1557238066373" stop="1557238066373" status="passed">
                    <name>logStep[ Param values are ------ : [{"xsi:nil":true}]]</name>
                    <title> Param values are ------ : [{"xsi:nil":true}]</title>
                </step>
                <step start="1557238066373" stop="1557238066373" status="passed">
                    <name>logStep[Validating MP API value {"xsi:nil":true} with test data value Licensed]</name>
                    <title>Validating MP API value {"xsi:nil":true} with test data value Licensed</title>
                </step>
            </steps>
            <attachments/>
            <labels>
                <label name="testSuite" value="Suite"/>
                <label name="testGroup" value="AssetCreationForSeries"/>
                <label name="testClass" value="com.amc.testclasses.RLTestCasesForSeries"/>
                <label name="testMethod" value="validateOrigin"/>
                <label name="story" value="RLRegressionValidation"/>
                <label name="feature" value="RLRegressionValidation"/>
                <label name="host" value="MONO-HYD-LAP-44"/>
                <label name="thread" value="10020@MONO-HYD-LAP-44.TestNG-test=AssetCreationForSeries-1(66)"/>
            </labels>
        </test-case>
        <test-case start="1557238066377" stop="1557238066429" status="passed">
            <name>validateOwnerNetwork</name>
            <description>Validate Owner Network</description>
            <steps>
                <step start="1557238066423" stop="1557238066423" status="passed">
                    <name>logStep[Started reading Responses from WOP API ]</name>
                    <title>Started reading Responses from WOP API </title>
                    <attachments/>
                    <steps/>
                </step>
                <step start="1557238066427" stop="1557238066427" status="passed">
                    <name>logStep[Validating Owner Network param name in WOP API]</name>
                    <title>Validating Owner Network param name in WOP API</title>
                    <attachments/>
                    <steps/>
                </step>
                <step start="1557238066427" stop="1557238066427" status="passed">
                    <name>logStep[ Param values are ------ : [AMC]]</name>
                    <title> Param values are ------ : [AMC]</title>
                    <attachments/>
                    <steps/>
                </step>
                <step start="1557238066427" stop="1557238066427" status="passed">
                    <name>logStep[Validating WOP API value AMC with test data value AMC]</name>
                    <title>Validating WOP API value AMC with test data value AMC</title>
                    <attachments/>
                    <steps/>
                </step>
                <step start="1557238066427" stop="1557238066427" status="passed">
                    <name>logStep[Started reading Responses from MP API ]</name>
                    <title>Started reading Responses from MP API </title>
                    <attachments/>
                    <steps/>
                </step>
                <step start="1557238066428" stop="1557238066428" status="passed">
                    <name>logStep[Validating Owner Network param name in MP API]</name>
                    <title>Validating Owner Network param name in MP API</title>
                    <attachments/>
                    <steps/>
                </step>
                <step start="1557238066428" stop="1557238066428" status="passed">
                    <name>logStep[ Param values are ------ : [AMC]]</name>
                    <title> Param values are ------ : [AMC]</title>
                    <attachments/>
                    <steps/>
                </step>
                <step start="1557238066428" stop="1557238066428" status="passed">
                    <name>logStep[Validating MP API value AMC with test data value AMC]</name>
                    <title>Validating MP API value AMC with test data value AMC</title>
                    <attachments/>
                    <steps/>
                </step>
            </steps>
            <attachments/>
            <labels>
                <label name="testSuite" value="Suite"/>
                <label name="testGroup" value="AssetCreationForSeries"/>
                <label name="testClass" value="com.amc.testclasses.RLTestCasesForSeries"/>
                <label name="testMethod" value="validateOwnerNetwork"/>
                <label name="story" value="RLRegressionValidation"/>
                <label name="feature" value="RLRegressionValidation"/>
                <label name="host" value="MONO-HYD-LAP-44"/>
                <label name="thread" value="10020@MONO-HYD-LAP-44.TestNG-test=AssetCreationForSeries-1(66)"/>
            </labels>
        </test-case>
        <test-case start="1557238066432" stop="1557238066483" status="failed">
            <name>validateProductionMode</name>
            <description>Validate Production Mode of WOP</description>
            <failure>
                <message>AssertionError: Expected MP value was Scripted but found {"xsi:nil":true}</message>
                <stack-trace>java.lang.AssertionError: Expected MP value was Scripted but found {"xsi:nil":true}
	at org.testng.Assert.fail(Assert.java:96)
	at com.amc.pageobjects.LoginModule.validateRLValuesWithMP(LoginModule.java:90)
	at com.amc.testclasses.RLTestCasesForSeries.validateProductionMode(RLTestCasesForSeries.java:79)
	at sun.reflect.NativeMethodAccessorImpl.invoke0(Native Method)
	at sun.reflect.NativeMethodAccessorImpl.invoke(NativeMethodAccessorImpl.java:62)
	at sun.reflect.DelegatingMethodAccessorImpl.invoke(DelegatingMethodAccessorImpl.java:43)
	at java.lang.reflect.Method.invoke(Method.java:498)
	at org.testng.internal.MethodInvocationHelper.invokeMethod(MethodInvocationHelper.java:124)
	at org.testng.internal.Invoker.invokeMethod(Invoker.java:583)
	at org.testng.internal.Invoker.invokeTestMethod(Invoker.java:719)
	at org.testng.internal.Invoker.invokeTestMethods(Invoker.java:989)
	at org.testng.internal.TestMethodWorker.invokeTestMethods(TestMethodWorker.java:125)
	at org.testng.internal.TestMethodWorker.run(TestMethodWorker.java:109)
	at java.util.concurrent.ThreadPoolExecutor.runWorker(ThreadPoolExecutor.java:1149)
	at java.util.concurrent.ThreadPoolExecutor$Worker.run(ThreadPoolExecutor.java:624)
	at java.lang.Thread.run(Thread.java:748)
</stack-trace>
            </failure>
            <steps>
                <step start="1557238066479" stop="1557238066479" status="passed">
                    <name>logStep[Started reading Responses from WOP API ]</name>
                    <title>Started reading Responses from WOP API </title>
                </step>
                <step start="1557238066479" stop="1557238066479" status="passed">
                    <name>logStep[Validating Production Mode param name in WOP API]</name>
                    <title>Validating Production Mode param name in WOP API</title>
                </step>
                <step start="1557238066479" stop="1557238066479" status="passed">
                    <name>logStep[ Param values are ------ : [Scripted]]</name>
                    <title> Param values are ------ : [Scripted]</title>
                </step>
                <step start="1557238066479" stop="1557238066479" status="passed">
                    <name>logStep[Validating WOP API value Scripted with test data value Scripted]</name>
                    <title>Validating WOP API value Scripted with test data value Scripted</title>
                </step>
                <step start="1557238066481" stop="1557238066481" status="passed">
                    <name>logStep[Started reading Responses from MP API ]</name>
                    <title>Started reading Responses from MP API </title>
                </step>
                <step start="1557238066481" stop="1557238066481" status="passed">
                    <name>logStep[Validating Production Mode param name in MP API]</name>
                    <title>Validating Production Mode param name in MP API</title>
                </step>
                <step start="1557238066481" stop="1557238066481" status="passed">
                    <name>logStep[ Param values are ------ : [{"xsi:nil":true}]]</name>
                    <title> Param values are ------ : [{"xsi:nil":true}]</title>
                </step>
                <step start="1557238066482" stop="1557238066482" status="passed">
                    <name>logStep[Validating MP API value {"xsi:nil":true} with test data value Scripted]</name>
                    <title>Validating MP API value {"xsi:nil":true} with test data value Scripted</title>
                </step>
            </steps>
            <attachments/>
            <labels>
                <label name="testSuite" value="Suite"/>
                <label name="testGroup" value="AssetCreationForSeries"/>
                <label name="testClass" value="com.amc.testclasses.RLTestCasesForSeries"/>
                <label name="testMethod" value="validateProductionMode"/>
                <label name="story" value="RLRegressionValidation"/>
                <label name="feature" value="RLRegressionValidation"/>
                <label name="host" value="MONO-HYD-LAP-44"/>
                <label name="thread" value="10020@MONO-HYD-LAP-44.TestNG-test=AssetCreationForSeries-1(66)"/>
            </labels>
        </test-case>
        <test-case start="1557238066484" stop="1557238066534" status="failed">
            <name>validateTitleType</name>
            <description>Validate title type of the asset</description>
            <failure>
                <message>AssertionError: Expected MP value was Series but found Episode/Theatrical</message>
                <stack-trace>java.lang.AssertionError: Expected MP value was Series but found Episode/Theatrical
	at org.testng.Assert.fail(Assert.java:96)
	at com.amc.pageobjects.LoginModule.validateRLValuesWithMP(LoginModule.java:90)
	at com.amc.testclasses.RLTestCasesForSeries.validateTitleType(RLTestCasesForSeries.java:159)
	at sun.reflect.NativeMethodAccessorImpl.invoke0(Native Method)
	at sun.reflect.NativeMethodAccessorImpl.invoke(NativeMethodAccessorImpl.java:62)
	at sun.reflect.DelegatingMethodAccessorImpl.invoke(DelegatingMethodAccessorImpl.java:43)
	at java.lang.reflect.Method.invoke(Method.java:498)
	at org.testng.internal.MethodInvocationHelper.invokeMethod(MethodInvocationHelper.java:124)
	at org.testng.internal.Invoker.invokeMethod(Invoker.java:583)
	at org.testng.internal.Invoker.invokeTestMethod(Invoker.java:719)
	at org.testng.internal.Invoker.invokeTestMethods(Invoker.java:989)
	at org.testng.internal.TestMethodWorker.invokeTestMethods(TestMethodWorker.java:125)
	at org.testng.internal.TestMethodWorker.run(TestMethodWorker.java:109)
	at java.util.concurrent.ThreadPoolExecutor.runWorker(ThreadPoolExecutor.java:1149)
	at java.util.concurrent.ThreadPoolExecutor$Worker.run(ThreadPoolExecutor.java:624)
	at java.lang.Thread.run(Thread.java:748)
</stack-trace>
            </failure>
            <steps>
                <step start="1557238066525" stop="1557238066525" status="passed">
                    <name>logStep[Started reading Responses from WOP API ]</name>
                    <title>Started reading Responses from WOP API </title>
                </step>
                <step start="1557238066532" stop="1557238066532" status="passed">
                    <name>logStep[Validating Title Type param name in WOP API]</name>
                    <title>Validating Title Type param name in WOP API</title>
                </step>
                <step start="1557238066532" stop="1557238066532" status="passed">
                    <name>logStep[ Param values are ------ : [Series]]</name>
                    <title> Param values are ------ : [Series]</title>
                </step>
                <step start="1557238066532" stop="1557238066532" status="passed">
                    <name>logStep[Validating WOP API value Series with test data value Series]</name>
                    <title>Validating WOP API value Series with test data value Series</title>
                </step>
                <step start="1557238066533" stop="1557238066533" status="passed">
                    <name>logStep[Started reading Responses from MP API ]</name>
                    <title>Started reading Responses from MP API </title>
                </step>
                <step start="1557238066533" stop="1557238066533" status="passed">
                    <name>logStep[Validating Title Type param name in MP API]</name>
                    <title>Validating Title Type param name in MP API</title>
                </step>
                <step start="1557238066533" stop="1557238066533" status="passed">
                    <name>logStep[ Param values are ------ : [Episode/Theatrical]]</name>
                    <title> Param values are ------ : [Episode/Theatrical]</title>
                </step>
                <step start="1557238066533" stop="1557238066533" status="passed">
                    <name>logStep[Validating MP API value Episode/Theatrical with test data value Series]</name>
                    <title>Validating MP API value Episode/Theatrical with test data value Series</title>
                </step>
            </steps>
            <attachments/>
            <labels>
                <label name="testSuite" value="Suite"/>
                <label name="testGroup" value="AssetCreationForSeries"/>
                <label name="testClass" value="com.amc.testclasses.RLTestCasesForSeries"/>
                <label name="testMethod" value="validateTitleType"/>
                <label name="story" value="RLRegressionValidation"/>
                <label name="feature" value="RLRegressionValidation"/>
                <label name="host" value="MONO-HYD-LAP-44"/>
                <label name="thread" value="10020@MONO-HYD-LAP-44.TestNG-test=AssetCreationForSeries-1(66)"/>
            </labels>
        </test-case>
        <test-case start="1557238066536" stop="1557238066574" status="failed">
            <name>validateTotalNumberOfEpisodes</name>
            <description>Validate total number of episodes in the series</description>
            <failure>
                <message>AssertionError: Expected MP value was 1 but found {"xsi:nil":true}</message>
                <stack-trace>java.lang.AssertionError: Expected MP value was 1 but found {"xsi:nil":true}
	at org.testng.Assert.fail(Assert.java:96)
	at com.amc.pageobjects.LoginModule.validateRLValuesWithMP(LoginModule.java:90)
	at com.amc.testclasses.RLTestCasesForSeries.validateTotalNumberOfEpisodes(RLTestCasesForSeries.java:167)
	at sun.reflect.NativeMethodAccessorImpl.invoke0(Native Method)
	at sun.reflect.NativeMethodAccessorImpl.invoke(NativeMethodAccessorImpl.java:62)
	at sun.reflect.DelegatingMethodAccessorImpl.invoke(DelegatingMethodAccessorImpl.java:43)
	at java.lang.reflect.Method.invoke(Method.java:498)
	at org.testng.internal.MethodInvocationHelper.invokeMethod(MethodInvocationHelper.java:124)
	at org.testng.internal.Invoker.invokeMethod(Invoker.java:583)
	at org.testng.internal.Invoker.invokeTestMethod(Invoker.java:719)
	at org.testng.internal.Invoker.invokeTestMethods(Invoker.java:989)
	at org.testng.internal.TestMethodWorker.invokeTestMethods(TestMethodWorker.java:125)
	at org.testng.internal.TestMethodWorker.run(TestMethodWorker.java:109)
	at java.util.concurrent.ThreadPoolExecutor.runWorker(ThreadPoolExecutor.java:1149)
	at java.util.concurrent.ThreadPoolExecutor$Worker.run(ThreadPoolExecutor.java:624)
	at java.lang.Thread.run(Thread.java:748)
</stack-trace>
            </failure>
            <steps>
                <step start="1557238066572" stop="1557238066572" status="passed">
                    <name>logStep[Started reading Responses from MP API ]</name>
                    <title>Started reading Responses from MP API </title>
                </step>
                <step start="1557238066572" stop="1557238066572" status="passed">
                    <name>logStep[Validating TotalNumberOfEpisodes param name in MP API]</name>
                    <title>Validating TotalNumberOfEpisodes param name in MP API</title>
                </step>
                <step start="1557238066573" stop="1557238066573" status="passed">
                    <name>logStep[ Param values are ------ : [{"xsi:nil":true}]]</name>
                    <title> Param values are ------ : [{"xsi:nil":true}]</title>
                </step>
                <step start="1557238066573" stop="1557238066573" status="passed">
                    <name>logStep[Validating MP API value {"xsi:nil":true} with test data value 1]</name>
                    <title>Validating MP API value {"xsi:nil":true} with test data value 1</title>
                </step>
            </steps>
            <attachments/>
            <labels>
                <label name="testSuite" value="Suite"/>
                <label name="testGroup" value="AssetCreationForSeries"/>
                <label name="testClass" value="com.amc.testclasses.RLTestCasesForSeries"/>
                <label name="testMethod" value="validateTotalNumberOfEpisodes"/>
                <label name="story" value="RLRegressionValidation"/>
                <label name="feature" value="RLRegressionValidation"/>
                <label name="host" value="MONO-HYD-LAP-44"/>
                <label name="thread" value="10020@MONO-HYD-LAP-44.TestNG-test=AssetCreationForSeries-1(66)"/>
            </labels>
        </test-case>
    </test-cases>
    <labels>
        <label name="framework" value="TestNG"/>
        <label name="language" value="JAVA"/>
    </labels>
</ns2:test-suite>
