<?xml version="1.0" encoding="UTF-8" standalone="yes"?>
<ns2:test-suite start="1556094562108" stop="1556094566241" version="1.5.4" xmlns:ns2="urn:model.allure.qatools.yandex.ru">
    <name>Suite : AssetCreationForPilot[assetType=Pilot]</name>
    <title>Suite : AssetCreationForPilot[assetType=Pilot]</title>
    <test-cases>
        <test-case start="1556094565891" stop="1556094565892" status="broken">
            <name>executeAPI</name>
            <description>@BeforeTest</description>
            <failure>
                <message>RuntimeException: Failed : HTTP error code : 404</message>
                <stack-trace>java.lang.RuntimeException: Failed : HTTP error code : 404
	at com.amc.pageobjects.ApiExecutionTypes.getapiExecute(ApiExecutionTypes.java:155)
	at com.amc.pageobjects.ApiExecutionTypes.APIResponse(ApiExecutionTypes.java:79)
	at com.amc.baseclass.AMCBaseClass.executeAPI(AMCBaseClass.java:172)
	at sun.reflect.NativeMethodAccessorImpl.invoke0(Native Method)
	at sun.reflect.NativeMethodAccessorImpl.invoke(NativeMethodAccessorImpl.java:62)
	at sun.reflect.DelegatingMethodAccessorImpl.invoke(DelegatingMethodAccessorImpl.java:43)
	at java.lang.reflect.Method.invoke(Method.java:498)
	at org.testng.internal.MethodInvocationHelper.invokeMethod(MethodInvocationHelper.java:124)
	at org.testng.internal.MethodInvocationHelper.invokeMethodConsideringTimeout(MethodInvocationHelper.java:59)
	at org.testng.internal.Invoker.invokeConfigurationMethod(Invoker.java:458)
	at org.testng.internal.Invoker.invokeConfigurations(Invoker.java:222)
	at org.testng.internal.Invoker.invokeConfigurations(Invoker.java:142)
	at org.testng.TestRunner.beforeRun(TestRunner.java:529)
	at org.testng.TestRunner.run(TestRunner.java:497)
	at org.testng.SuiteRunner.runTest(SuiteRunner.java:455)
	at org.testng.SuiteRunner.runSequentially(SuiteRunner.java:450)
	at org.testng.SuiteRunner.privateRun(SuiteRunner.java:415)
	at org.testng.SuiteRunner.run(SuiteRunner.java:364)
	at org.testng.SuiteRunnerWorker.runSuite(SuiteRunnerWorker.java:52)
	at org.testng.SuiteRunnerWorker.run(SuiteRunnerWorker.java:84)
	at org.testng.TestNG.runSuitesSequentially(TestNG.java:1208)
	at org.testng.TestNG.runSuitesLocally(TestNG.java:1137)
	at org.testng.TestNG.runSuites(TestNG.java:1049)
	at org.testng.TestNG.run(TestNG.java:1017)
	at org.testng.remote.AbstractRemoteTestNG.run(AbstractRemoteTestNG.java:114)
	at org.testng.remote.RemoteTestNG.initAndRun(RemoteTestNG.java:251)
	at org.testng.remote.RemoteTestNG.main(RemoteTestNG.java:77)
</stack-trace>
            </failure>
            <steps>
                <step start="1556094562108" stop="1556094562108" status="passed">
                    <name>logStep[Get the details from Excel]</name>
                    <title>Get the details from Excel</title>
                </step>
                <step start="1556094562109" stop="1556094562109" status="passed">
                    <name>logStep[Http Client service is invoked]</name>
                    <title>Http Client service is invoked</title>
                </step>
                <step start="1556094562110" stop="1556094562110" status="passed">
                    <name>logStep[apirequest is  : --grant_type=client_credentials&amp;client_id=cebff59a-4e80-4a47-9c2a-6e25ec3c5397&amp;client_secret=xY...]</name>
                    <title>apirequest is  : --grant_type=client_credentials&amp;client_id=cebff59a-4e80-4a47-9c2a-6e25ec3c5397&amp;client_secret=xY2sJ4xW1b...</title>
                </step>
                <step start="1556094562110" stop="1556094562110" status="passed">
                    <name>logStep[Executing request with http Post method]</name>
                    <title>Executing request with http Post method</title>
                </step>
                <step start="1556094563225" stop="1556094563225" status="passed">
                    <name>logStep[Response is : HttpResponseProxy{HTTP/1.1 200 OK [X-Backside-Transport: FAIL FAIL, Connection: Keep-Alive, Transf...]</name>
                    <title>Response is : HttpResponseProxy{HTTP/1.1 200 OK [X-Backside-Transport: FAIL FAIL, Connection: Keep-Alive, Transfer-Encod...</title>
                </step>
                <step start="1556094563226" stop="1556094563226" status="passed">
                    <name>logStep[API Executed Successully : ]</name>
                    <title>API Executed Successully : </title>
                </step>
                <step start="1556094563227" stop="1556094563227" status="passed">
                    <name>logStep[API Executed Successfully]</name>
                    <title>API Executed Successfully</title>
                </step>
                <step start="1556094563228" stop="1556094563228" status="passed">
                    <name>logStep[{"access_token":"AAIkY2ViZmY1OWEtNGU4MC00YTQ3LTljMmEtNmUyNWVjM2M1Mzk33M6IGp_zLacyy2CD3j7qgf9S15K2SEGs3VlyEENQMBC...]</name>
                    <title>{"access_token":"AAIkY2ViZmY1OWEtNGU4MC00YTQ3LTljMmEtNmUyNWVjM2M1Mzk33M6IGp_zLacyy2CD3j7qgf9S15K2SEGs3VlyEENQMBCt1kYS_xF...</title>
                </step>
                <step start="1556094563228" stop="1556094563228" status="passed">
                    <name>logStep[access_token value is :AAIkY2ViZmY1OWEtNGU4MC00YTQ3LTljMmEtNmUyNWVjM2M1Mzk33M6IGp_zLacyy2CD3j7qgf9S15K2SEGs3VlyE...]</name>
                    <title>access_token value is :AAIkY2ViZmY1OWEtNGU4MC00YTQ3LTljMmEtNmUyNWVjM2M1Mzk33M6IGp_zLacyy2CD3j7qgf9S15K2SEGs3VlyEENQMBCt1...</title>
                </step>
                <step start="1556094563228" stop="1556094563228" status="passed">
                    <name>logStep[Get the details from Excel]</name>
                    <title>Get the details from Excel</title>
                </step>
                <step start="1556094563228" stop="1556094563228" status="passed">
                    <name>logStep[Http Client service is invoked]</name>
                    <title>Http Client service is invoked</title>
                </step>
                <step start="1556094563230" stop="1556094563230" status="passed">
                    <name>logStep[apirequest is  : --{"username":"restRightsLogic5", "password": "abcd1234"} ]</name>
                    <title>apirequest is  : --{"username":"restRightsLogic5", "password": "abcd1234"} </title>
                </step>
                <step start="1556094563230" stop="1556094563230" status="passed">
                    <name>logStep[Using Access tokena as Bearer : no value]</name>
                    <title>Using Access tokena as Bearer : no value</title>
                </step>
                <step start="1556094563230" stop="1556094563230" status="passed">
                    <name>logStep[Headers are: : Content-Type------application/json]</name>
                    <title>Headers are: : Content-Type------application/json</title>
                </step>
                <step start="1556094563231" stop="1556094563231" status="passed">
                    <name>logStep[Using Access tokena as Bearer : no value]</name>
                    <title>Using Access tokena as Bearer : no value</title>
                </step>
                <step start="1556094563231" stop="1556094563231" status="passed">
                    <name>logStep[Using Access tokena as Bearer : AAIkY2ViZmY1OWEtNGU4MC00YTQ3LTljMmEtNmUyNWVjM2M1Mzk33M6IGp_zLacyy2CD3j7qgf9S15K2...]</name>
                    <title>Using Access tokena as Bearer : AAIkY2ViZmY1OWEtNGU4MC00YTQ3LTljMmEtNmUyNWVjM2M1Mzk33M6IGp_zLacyy2CD3j7qgf9S15K2SEGs3Vly...</title>
                </step>
                <step start="1556094563231" stop="1556094563231" status="passed">
                    <name>logStep[Headers are: : Authorization------Bearer AAIkY2ViZmY1OWEtNGU4MC00YTQ3LTljMmEtNmUyNWVjM2M1Mzk33M6IGp_zLacyy2CD3j7...]</name>
                    <title>Headers are: : Authorization------Bearer AAIkY2ViZmY1OWEtNGU4MC00YTQ3LTljMmEtNmUyNWVjM2M1Mzk33M6IGp_zLacyy2CD3j7qgf9S15K...</title>
                </step>
                <step start="1556094563231" stop="1556094563231" status="passed">
                    <name>logStep[Using Access tokena as Bearer : no value]</name>
                    <title>Using Access tokena as Bearer : no value</title>
                </step>
                <step start="1556094563231" stop="1556094563231" status="passed">
                    <name>logStep[Headers are: : Accept------application/json]</name>
                    <title>Headers are: : Accept------application/json</title>
                </step>
                <step start="1556094563232" stop="1556094563232" status="passed">
                    <name>logStep[Using Access tokena as Bearer : no value]</name>
                    <title>Using Access tokena as Bearer : no value</title>
                </step>
                <step start="1556094563232" stop="1556094563232" status="passed">
                    <name>logStep[Headers are: : endpoint------https://cap-sg-prd-4.integration.ibmcloud.com:17433]</name>
                    <title>Headers are: : endpoint------https://cap-sg-prd-4.integration.ibmcloud.com:17433</title>
                </step>
                <step start="1556094563232" stop="1556094563232" status="passed">
                    <name>logStep[Using Access tokena as Bearer : no value]</name>
                    <title>Using Access tokena as Bearer : no value</title>
                </step>
                <step start="1556094563232" stop="1556094563232" status="passed">
                    <name>logStep[Headers are: : resource------/dev/program/login]</name>
                    <title>Headers are: : resource------/dev/program/login</title>
                </step>
                <step start="1556094563232" stop="1556094563232" status="passed">
                    <name>logStep[Using Access tokena as Bearer : no value]</name>
                    <title>Using Access tokena as Bearer : no value</title>
                </step>
                <step start="1556094563233" stop="1556094563233" status="passed">
                    <name>logStep[Headers are: : tls-profile------asit-wo-101059121-50697]</name>
                    <title>Headers are: : tls-profile------asit-wo-101059121-50697</title>
                </step>
                <step start="1556094563233" stop="1556094563233" status="passed">
                    <name>logStep[Using Access tokena as Bearer : no value]</name>
                    <title>Using Access tokena as Bearer : no value</title>
                </step>
                <step start="1556094563233" stop="1556094563233" status="passed">
                    <name>logStep[Headers are: : x-ibm-client-id------cebff59a-4e80-4a47-9c2a-6e25ec3c5397]</name>
                    <title>Headers are: : x-ibm-client-id------cebff59a-4e80-4a47-9c2a-6e25ec3c5397</title>
                </step>
                <step start="1556094563233" stop="1556094563233" status="passed">
                    <name>logStep[Executing post API with Http Post method]</name>
                    <title>Executing post API with Http Post method</title>
                </step>
                <step start="1556094564592" stop="1556094564592" status="passed">
                    <name>logStep[Response is : HttpResponseProxy{HTTP/1.1 200 OK [X-Backside-Transport: OK OK, Connection: Keep-Alive, Transfer-E...]</name>
                    <title>Response is : HttpResponseProxy{HTTP/1.1 200 OK [X-Backside-Transport: OK OK, Connection: Keep-Alive, Transfer-Encoding:...</title>
                </step>
                <step start="1556094564593" stop="1556094564593" status="passed">
                    <name>logStep[API Executed Successully : ]</name>
                    <title>API Executed Successully : </title>
                </step>
                <step start="1556094564595" stop="1556094564595" status="passed">
                    <name>logStep[API Executed Successfully]</name>
                    <title>API Executed Successfully</title>
                </step>
                <step start="1556094564595" stop="1556094564595" status="passed">
                    <name>logStep[{"service":"AMCN Integration Service","message":"Authentication successful","statusCode":"0","token":"eyJhbGciOi...]</name>
                    <title>{"service":"AMCN Integration Service","message":"Authentication successful","statusCode":"0","token":"eyJhbGciOiJIUzI1Ni...</title>
                </step>
                <step start="1556094564595" stop="1556094564595" status="passed">
                    <name>logStep[token value is :eyJhbGciOiJIUzI1NiIsInR5cCI6IkpXVCJ9.eyJ1c2VybmFtZSI6InJlc3RSaWdodHNMb2dpYzUiLCJwYXNzd29yZCI6bnV...]</name>
                    <title>token value is :eyJhbGciOiJIUzI1NiIsInR5cCI6IkpXVCJ9.eyJ1c2VybmFtZSI6InJlc3RSaWdodHNMb2dpYzUiLCJwYXNzd29yZCI6bnVsbCwiaWF...</title>
                </step>
                <step start="1556094564596" stop="1556094564596" status="passed">
                    <name>logStep[Started executing API Testing]</name>
                    <title>Started executing API Testing</title>
                </step>
                <step start="1556094564596" stop="1556094564596" status="passed">
                    <name>logStep[Verify Api Type is Get  or Post]</name>
                    <title>Verify Api Type is Get  or Post</title>
                </step>
                <step start="1556094564596" stop="1556094564596" status="passed">
                    <name>logStep[Given url is Get API continue execution]</name>
                    <title>Given url is Get API continue execution</title>
                </step>
                <step start="1556094564597" stop="1556094564597" status="passed">
                    <name>logStep[Given API is : https://api.us.apiconnect.ibmcloud.com/amc-networks-inc-dev/asit/1.2.0/adam/get]</name>
                    <title>Given API is : https://api.us.apiconnect.ibmcloud.com/amc-networks-inc-dev/asit/1.2.0/adam/get</title>
                </step>
                <step start="1556094564598" stop="1556094564598" status="passed">
                    <name>logStep[Using Access tokena as Bearer : AAIkY2ViZmY1OWEtNGU4MC00YTQ3LTljMmEtNmUyNWVjM2M1Mzk33M6IGp_zLacyy2CD3j7qgf9S15K2...]</name>
                    <title>Using Access tokena as Bearer : AAIkY2ViZmY1OWEtNGU4MC00YTQ3LTljMmEtNmUyNWVjM2M1Mzk33M6IGp_zLacyy2CD3j7qgf9S15K2SEGs3Vly...</title>
                </step>
                <step start="1556094564598" stop="1556094564598" status="passed">
                    <name>logStep[Headers are: : Authorization------Bearer AAIkY2ViZmY1OWEtNGU4MC00YTQ3LTljMmEtNmUyNWVjM2M1Mzk33M6IGp_zLacyy2CD3j7...]</name>
                    <title>Headers are: : Authorization------Bearer AAIkY2ViZmY1OWEtNGU4MC00YTQ3LTljMmEtNmUyNWVjM2M1Mzk33M6IGp_zLacyy2CD3j7qgf9S15K...</title>
                </step>
                <step start="1556094564598" stop="1556094564598" status="passed">
                    <name>logStep[Headers are: : Content-Type------application/xml]</name>
                    <title>Headers are: : Content-Type------application/xml</title>
                </step>
                <step start="1556094564598" stop="1556094564598" status="passed">
                    <name>logStep[Using Access tokena as Bearer : eyJhbGciOiJIUzI1NiIsInR5cCI6IkpXVCJ9.eyJ1c2VybmFtZSI6InJlc3RSaWdodHNMb2dpYzUiLCJ...]</name>
                    <title>Using Access tokena as Bearer : eyJhbGciOiJIUzI1NiIsInR5cCI6IkpXVCJ9.eyJ1c2VybmFtZSI6InJlc3RSaWdodHNMb2dpYzUiLCJwYXNzd29...</title>
                </step>
                <step start="1556094564598" stop="1556094564598" status="passed">
                    <name>logStep[Headers are: : auth2------Bearer eyJhbGciOiJIUzI1NiIsInR5cCI6IkpXVCJ9.eyJ1c2VybmFtZSI6InJlc3RSaWdodHNMb2dpYzUiLC...]</name>
                    <title>Headers are: : auth2------Bearer eyJhbGciOiJIUzI1NiIsInR5cCI6IkpXVCJ9.eyJ1c2VybmFtZSI6InJlc3RSaWdodHNMb2dpYzUiLCJwYXNzd2...</title>
                </step>
                <step start="1556094564599" stop="1556094564599" status="passed">
                    <name>logStep[Headers are: : endpoint------https://cap-sg-prd-4.integration.ibmcloud.com:17433]</name>
                    <title>Headers are: : endpoint------https://cap-sg-prd-4.integration.ibmcloud.com:17433</title>
                </step>
                <step start="1556094564599" stop="1556094564599" status="passed">
                    <name>logStep[Headers are: : resource------/dev/program/getEpisodeSeasonSeries/externalReference/RLA218725]</name>
                    <title>Headers are: : resource------/dev/program/getEpisodeSeasonSeries/externalReference/RLA218725</title>
                </step>
                <step start="1556094564599" stop="1556094564599" status="passed">
                    <name>logStep[Headers are: : tls-profile------asit-wo-101059121-50697]</name>
                    <title>Headers are: : tls-profile------asit-wo-101059121-50697</title>
                </step>
                <step start="1556094564599" stop="1556094564599" status="passed">
                    <name>logStep[Headers are: : x-ibm-client-id------cebff59a-4e80-4a47-9c2a-6e25ec3c5397]</name>
                    <title>Headers are: : x-ibm-client-id------cebff59a-4e80-4a47-9c2a-6e25ec3c5397</title>
                </step>
                <step start="1556094565889" stop="1556094565889" status="passed">
                    <name>logStep[Execution Completed and reading response now]</name>
                    <title>Execution Completed and reading response now</title>
                </step>
                <step start="1556094565890" stop="1556094565890" status="passed">
                    <name>logStep[Verify Status code in response]</name>
                    <title>Verify Status code in response</title>
                </step>
                <step start="1556094565891" stop="1556094565891" status="passed">
                    <name>logStep[java.lang.RuntimeException: Failed : HTTP error code : 404]</name>
                    <title>java.lang.RuntimeException: Failed : HTTP error code : 404</title>
                </step>
            </steps>
            <attachments/>
            <labels>
                <label name="host" value="MONO-HYD-LAP-44"/>
                <label name="thread" value="6308@MONO-HYD-LAP-44.main(1)"/>
            </labels>
        </test-case>
        <test-case start="1556094566204" stop="1556094566204" status="canceled">
            <name>checkExecutionCondition</name>
            <description>@BeforeClass</description>
            <failure>
                <message>: Skipped due to dependency on other skipped or failed test methods</message>
                <stack-trace>ru.yandex.qatools.allure.testng.AllureTestListener$1: Skipped due to dependency on other skipped or failed test methods
	at ru.yandex.qatools.allure.testng.AllureTestListener.fireTestCaseCancel(AllureTestListener.java:425)
	at ru.yandex.qatools.allure.testng.AllureTestListener.onConfigurationSkip(AllureTestListener.java:120)
	at org.testng.internal.TestListenerHelper.runPostConfigurationListeners(TestListenerHelper.java:37)
	at org.testng.internal.Invoker.runConfigurationListeners(Invoker.java:1384)
	at org.testng.internal.Invoker.handleConfigurationSkip(Invoker.java:250)
	at org.testng.internal.Invoker.invokeConfigurations(Invoker.java:200)
	at org.testng.internal.Invoker.invokeConfigurations(Invoker.java:142)
	at org.testng.internal.TestMethodWorker.invokeBeforeClassMethods(TestMethodWorker.java:168)
	at org.testng.internal.TestMethodWorker.run(TestMethodWorker.java:105)
	at java.util.concurrent.ThreadPoolExecutor.runWorker(ThreadPoolExecutor.java:1149)
	at java.util.concurrent.ThreadPoolExecutor$Worker.run(ThreadPoolExecutor.java:624)
	at java.lang.Thread.run(Thread.java:748)
</stack-trace>
            </failure>
            <steps/>
            <attachments/>
            <labels>
                <label name="host" value="MONO-HYD-LAP-44"/>
                <label name="thread" value="6308@MONO-HYD-LAP-44.TestNG-test=AssetCreationForPilot-1(70)"/>
            </labels>
        </test-case>
        <test-case start="1556094566205" stop="1556094566206" status="canceled">
            <name>validateAMCNIDForPilot</name>
            <description>Validate AMCN id of WOP</description>
            <failure>
                <message>: Skipped due to dependency on other skipped or failed test methods</message>
                <stack-trace>ru.yandex.qatools.allure.testng.AllureTestListener$1: Skipped due to dependency on other skipped or failed test methods
	at ru.yandex.qatools.allure.testng.AllureTestListener.fireTestCaseCancel(AllureTestListener.java:425)
	at ru.yandex.qatools.allure.testng.AllureTestListener.onTestSkipped(AllureTestListener.java:186)
	at org.testng.internal.TestListenerHelper.runTestListeners(TestListenerHelper.java:61)
	at org.testng.internal.Invoker.runTestListeners(Invoker.java:1389)
	at org.testng.internal.Invoker.registerSkippedTestResult(Invoker.java:1063)
	at org.testng.internal.Invoker.invokeMethod(Invoker.java:529)
	at org.testng.internal.Invoker.invokeTestMethod(Invoker.java:719)
	at org.testng.internal.Invoker.invokeTestMethods(Invoker.java:989)
	at org.testng.internal.TestMethodWorker.invokeTestMethods(TestMethodWorker.java:125)
	at org.testng.internal.TestMethodWorker.run(TestMethodWorker.java:109)
	at java.util.concurrent.ThreadPoolExecutor.runWorker(ThreadPoolExecutor.java:1149)
	at java.util.concurrent.ThreadPoolExecutor$Worker.run(ThreadPoolExecutor.java:624)
	at java.lang.Thread.run(Thread.java:748)
</stack-trace>
            </failure>
            <steps/>
            <attachments/>
            <labels>
                <label name="testSuite" value="Suite"/>
                <label name="testGroup" value="AssetCreationForPilot"/>
                <label name="testClass" value="com.amc.testclasses.RLTestCasesForPilot"/>
                <label name="testMethod" value="validateAMCNIDForPilot"/>
                <label name="host" value="MONO-HYD-LAP-44"/>
                <label name="thread" value="6308@MONO-HYD-LAP-44.TestNG-test=AssetCreationForPilot-1(70)"/>
            </labels>
        </test-case>
        <test-case start="1556094566207" stop="1556094566207" status="canceled">
            <name>validateAlternativeTitleForAKAForPilot</name>
            <description>Validate alternative title of the asset for AKA Type</description>
            <failure>
                <message>: Skipped due to dependency on other skipped or failed test methods</message>
                <stack-trace>ru.yandex.qatools.allure.testng.AllureTestListener$1: Skipped due to dependency on other skipped or failed test methods
	at ru.yandex.qatools.allure.testng.AllureTestListener.fireTestCaseCancel(AllureTestListener.java:425)
	at ru.yandex.qatools.allure.testng.AllureTestListener.onTestSkipped(AllureTestListener.java:186)
	at org.testng.internal.TestListenerHelper.runTestListeners(TestListenerHelper.java:61)
	at org.testng.internal.Invoker.runTestListeners(Invoker.java:1389)
	at org.testng.internal.Invoker.registerSkippedTestResult(Invoker.java:1063)
	at org.testng.internal.Invoker.invokeMethod(Invoker.java:529)
	at org.testng.internal.Invoker.invokeTestMethod(Invoker.java:719)
	at org.testng.internal.Invoker.invokeTestMethods(Invoker.java:989)
	at org.testng.internal.TestMethodWorker.invokeTestMethods(TestMethodWorker.java:125)
	at org.testng.internal.TestMethodWorker.run(TestMethodWorker.java:109)
	at java.util.concurrent.ThreadPoolExecutor.runWorker(ThreadPoolExecutor.java:1149)
	at java.util.concurrent.ThreadPoolExecutor$Worker.run(ThreadPoolExecutor.java:624)
	at java.lang.Thread.run(Thread.java:748)
</stack-trace>
            </failure>
            <steps/>
            <attachments/>
            <labels>
                <label name="testSuite" value="Suite"/>
                <label name="testGroup" value="AssetCreationForPilot"/>
                <label name="testClass" value="com.amc.testclasses.RLTestCasesForPilot"/>
                <label name="testMethod" value="validateAlternativeTitleForAKAForPilot"/>
                <label name="host" value="MONO-HYD-LAP-44"/>
                <label name="thread" value="6308@MONO-HYD-LAP-44.TestNG-test=AssetCreationForPilot-1(70)"/>
            </labels>
        </test-case>
        <test-case start="1556094566209" stop="1556094566209" status="canceled">
            <name>validateAlternativeTitleForLegalForPilot</name>
            <description>Validate alternative title of the asset for Legal Type</description>
            <failure>
                <message>: Skipped due to dependency on other skipped or failed test methods</message>
                <stack-trace>ru.yandex.qatools.allure.testng.AllureTestListener$1: Skipped due to dependency on other skipped or failed test methods
	at ru.yandex.qatools.allure.testng.AllureTestListener.fireTestCaseCancel(AllureTestListener.java:425)
	at ru.yandex.qatools.allure.testng.AllureTestListener.onTestSkipped(AllureTestListener.java:186)
	at org.testng.internal.TestListenerHelper.runTestListeners(TestListenerHelper.java:61)
	at org.testng.internal.Invoker.runTestListeners(Invoker.java:1389)
	at org.testng.internal.Invoker.registerSkippedTestResult(Invoker.java:1063)
	at org.testng.internal.Invoker.invokeMethod(Invoker.java:529)
	at org.testng.internal.Invoker.invokeTestMethod(Invoker.java:719)
	at org.testng.internal.Invoker.invokeTestMethods(Invoker.java:989)
	at org.testng.internal.TestMethodWorker.invokeTestMethods(TestMethodWorker.java:125)
	at org.testng.internal.TestMethodWorker.run(TestMethodWorker.java:109)
	at java.util.concurrent.ThreadPoolExecutor.runWorker(ThreadPoolExecutor.java:1149)
	at java.util.concurrent.ThreadPoolExecutor$Worker.run(ThreadPoolExecutor.java:624)
	at java.lang.Thread.run(Thread.java:748)
</stack-trace>
            </failure>
            <steps/>
            <attachments/>
            <labels>
                <label name="testSuite" value="Suite"/>
                <label name="testGroup" value="AssetCreationForPilot"/>
                <label name="testClass" value="com.amc.testclasses.RLTestCasesForPilot"/>
                <label name="testMethod" value="validateAlternativeTitleForLegalForPilot"/>
                <label name="host" value="MONO-HYD-LAP-44"/>
                <label name="thread" value="6308@MONO-HYD-LAP-44.TestNG-test=AssetCreationForPilot-1(70)"/>
            </labels>
        </test-case>
        <test-case start="1556094566210" stop="1556094566210" status="canceled">
            <name>validateAlternativeTitleTypeForAKAForPilot</name>
            <description>Validate alternative title type of the asset for AKA Type</description>
            <failure>
                <message>: Skipped due to dependency on other skipped or failed test methods</message>
                <stack-trace>ru.yandex.qatools.allure.testng.AllureTestListener$1: Skipped due to dependency on other skipped or failed test methods
	at ru.yandex.qatools.allure.testng.AllureTestListener.fireTestCaseCancel(AllureTestListener.java:425)
	at ru.yandex.qatools.allure.testng.AllureTestListener.onTestSkipped(AllureTestListener.java:186)
	at org.testng.internal.TestListenerHelper.runTestListeners(TestListenerHelper.java:61)
	at org.testng.internal.Invoker.runTestListeners(Invoker.java:1389)
	at org.testng.internal.Invoker.registerSkippedTestResult(Invoker.java:1063)
	at org.testng.internal.Invoker.invokeMethod(Invoker.java:529)
	at org.testng.internal.Invoker.invokeTestMethod(Invoker.java:719)
	at org.testng.internal.Invoker.invokeTestMethods(Invoker.java:989)
	at org.testng.internal.TestMethodWorker.invokeTestMethods(TestMethodWorker.java:125)
	at org.testng.internal.TestMethodWorker.run(TestMethodWorker.java:109)
	at java.util.concurrent.ThreadPoolExecutor.runWorker(ThreadPoolExecutor.java:1149)
	at java.util.concurrent.ThreadPoolExecutor$Worker.run(ThreadPoolExecutor.java:624)
	at java.lang.Thread.run(Thread.java:748)
</stack-trace>
            </failure>
            <steps/>
            <attachments/>
            <labels>
                <label name="testSuite" value="Suite"/>
                <label name="testGroup" value="AssetCreationForPilot"/>
                <label name="testClass" value="com.amc.testclasses.RLTestCasesForPilot"/>
                <label name="testMethod" value="validateAlternativeTitleTypeForAKAForPilot"/>
                <label name="host" value="MONO-HYD-LAP-44"/>
                <label name="thread" value="6308@MONO-HYD-LAP-44.TestNG-test=AssetCreationForPilot-1(70)"/>
            </labels>
        </test-case>
        <test-case start="1556094566211" stop="1556094566211" status="canceled">
            <name>validateAlternativeTitleTypeForLegalTypeForPilot</name>
            <description>Validate alternative title type of the asset for Legal Type</description>
            <failure>
                <message>: Skipped due to dependency on other skipped or failed test methods</message>
                <stack-trace>ru.yandex.qatools.allure.testng.AllureTestListener$1: Skipped due to dependency on other skipped or failed test methods
	at ru.yandex.qatools.allure.testng.AllureTestListener.fireTestCaseCancel(AllureTestListener.java:425)
	at ru.yandex.qatools.allure.testng.AllureTestListener.onTestSkipped(AllureTestListener.java:186)
	at org.testng.internal.TestListenerHelper.runTestListeners(TestListenerHelper.java:61)
	at org.testng.internal.Invoker.runTestListeners(Invoker.java:1389)
	at org.testng.internal.Invoker.registerSkippedTestResult(Invoker.java:1063)
	at org.testng.internal.Invoker.invokeMethod(Invoker.java:529)
	at org.testng.internal.Invoker.invokeTestMethod(Invoker.java:719)
	at org.testng.internal.Invoker.invokeTestMethods(Invoker.java:989)
	at org.testng.internal.TestMethodWorker.invokeTestMethods(TestMethodWorker.java:125)
	at org.testng.internal.TestMethodWorker.run(TestMethodWorker.java:109)
	at java.util.concurrent.ThreadPoolExecutor.runWorker(ThreadPoolExecutor.java:1149)
	at java.util.concurrent.ThreadPoolExecutor$Worker.run(ThreadPoolExecutor.java:624)
	at java.lang.Thread.run(Thread.java:748)
</stack-trace>
            </failure>
            <steps/>
            <attachments/>
            <labels>
                <label name="testSuite" value="Suite"/>
                <label name="testGroup" value="AssetCreationForPilot"/>
                <label name="testClass" value="com.amc.testclasses.RLTestCasesForPilot"/>
                <label name="testMethod" value="validateAlternativeTitleTypeForLegalTypeForPilot"/>
                <label name="host" value="MONO-HYD-LAP-44"/>
                <label name="thread" value="6308@MONO-HYD-LAP-44.TestNG-test=AssetCreationForPilot-1(70)"/>
            </labels>
        </test-case>
        <test-case start="1556094566212" stop="1556094566213" status="canceled">
            <name>validateAssetShowTypeForPilot</name>
            <description>Validate Asset Shpw Type of WOP</description>
            <failure>
                <message>: Skipped due to dependency on other skipped or failed test methods</message>
                <stack-trace>ru.yandex.qatools.allure.testng.AllureTestListener$1: Skipped due to dependency on other skipped or failed test methods
	at ru.yandex.qatools.allure.testng.AllureTestListener.fireTestCaseCancel(AllureTestListener.java:425)
	at ru.yandex.qatools.allure.testng.AllureTestListener.onTestSkipped(AllureTestListener.java:186)
	at org.testng.internal.TestListenerHelper.runTestListeners(TestListenerHelper.java:61)
	at org.testng.internal.Invoker.runTestListeners(Invoker.java:1389)
	at org.testng.internal.Invoker.registerSkippedTestResult(Invoker.java:1063)
	at org.testng.internal.Invoker.invokeMethod(Invoker.java:529)
	at org.testng.internal.Invoker.invokeTestMethod(Invoker.java:719)
	at org.testng.internal.Invoker.invokeTestMethods(Invoker.java:989)
	at org.testng.internal.TestMethodWorker.invokeTestMethods(TestMethodWorker.java:125)
	at org.testng.internal.TestMethodWorker.run(TestMethodWorker.java:109)
	at java.util.concurrent.ThreadPoolExecutor.runWorker(ThreadPoolExecutor.java:1149)
	at java.util.concurrent.ThreadPoolExecutor$Worker.run(ThreadPoolExecutor.java:624)
	at java.lang.Thread.run(Thread.java:748)
</stack-trace>
            </failure>
            <steps/>
            <attachments/>
            <labels>
                <label name="testSuite" value="Suite"/>
                <label name="testGroup" value="AssetCreationForPilot"/>
                <label name="testClass" value="com.amc.testclasses.RLTestCasesForPilot"/>
                <label name="testMethod" value="validateAssetShowTypeForPilot"/>
                <label name="host" value="MONO-HYD-LAP-44"/>
                <label name="thread" value="6308@MONO-HYD-LAP-44.TestNG-test=AssetCreationForPilot-1(70)"/>
            </labels>
        </test-case>
        <test-case start="1556094566214" stop="1556094566214" status="canceled">
            <name>validateAssetSourceForPilot</name>
            <description>Validate Asset Source of WOP</description>
            <failure>
                <message>: Skipped due to dependency on other skipped or failed test methods</message>
                <stack-trace>ru.yandex.qatools.allure.testng.AllureTestListener$1: Skipped due to dependency on other skipped or failed test methods
	at ru.yandex.qatools.allure.testng.AllureTestListener.fireTestCaseCancel(AllureTestListener.java:425)
	at ru.yandex.qatools.allure.testng.AllureTestListener.onTestSkipped(AllureTestListener.java:186)
	at org.testng.internal.TestListenerHelper.runTestListeners(TestListenerHelper.java:61)
	at org.testng.internal.Invoker.runTestListeners(Invoker.java:1389)
	at org.testng.internal.Invoker.registerSkippedTestResult(Invoker.java:1063)
	at org.testng.internal.Invoker.invokeMethod(Invoker.java:529)
	at org.testng.internal.Invoker.invokeTestMethod(Invoker.java:719)
	at org.testng.internal.Invoker.invokeTestMethods(Invoker.java:989)
	at org.testng.internal.TestMethodWorker.invokeTestMethods(TestMethodWorker.java:125)
	at org.testng.internal.TestMethodWorker.run(TestMethodWorker.java:109)
	at java.util.concurrent.ThreadPoolExecutor.runWorker(ThreadPoolExecutor.java:1149)
	at java.util.concurrent.ThreadPoolExecutor$Worker.run(ThreadPoolExecutor.java:624)
	at java.lang.Thread.run(Thread.java:748)
</stack-trace>
            </failure>
            <steps/>
            <attachments/>
            <labels>
                <label name="testSuite" value="Suite"/>
                <label name="testGroup" value="AssetCreationForPilot"/>
                <label name="testClass" value="com.amc.testclasses.RLTestCasesForPilot"/>
                <label name="testMethod" value="validateAssetSourceForPilot"/>
                <label name="host" value="MONO-HYD-LAP-44"/>
                <label name="thread" value="6308@MONO-HYD-LAP-44.TestNG-test=AssetCreationForPilot-1(70)"/>
            </labels>
        </test-case>
        <test-case start="1556094566214" stop="1556094566214" status="canceled">
            <name>validateAssetTitleForPilot</name>
            <description>Validate Asset Title of WOP</description>
            <failure>
                <message>: Skipped due to dependency on other skipped or failed test methods</message>
                <stack-trace>ru.yandex.qatools.allure.testng.AllureTestListener$1: Skipped due to dependency on other skipped or failed test methods
	at ru.yandex.qatools.allure.testng.AllureTestListener.fireTestCaseCancel(AllureTestListener.java:425)
	at ru.yandex.qatools.allure.testng.AllureTestListener.onTestSkipped(AllureTestListener.java:186)
	at org.testng.internal.TestListenerHelper.runTestListeners(TestListenerHelper.java:61)
	at org.testng.internal.Invoker.runTestListeners(Invoker.java:1389)
	at org.testng.internal.Invoker.registerSkippedTestResult(Invoker.java:1063)
	at org.testng.internal.Invoker.invokeMethod(Invoker.java:529)
	at org.testng.internal.Invoker.invokeTestMethod(Invoker.java:719)
	at org.testng.internal.Invoker.invokeTestMethods(Invoker.java:989)
	at org.testng.internal.TestMethodWorker.invokeTestMethods(TestMethodWorker.java:125)
	at org.testng.internal.TestMethodWorker.run(TestMethodWorker.java:109)
	at java.util.concurrent.ThreadPoolExecutor.runWorker(ThreadPoolExecutor.java:1149)
	at java.util.concurrent.ThreadPoolExecutor$Worker.run(ThreadPoolExecutor.java:624)
	at java.lang.Thread.run(Thread.java:748)
</stack-trace>
            </failure>
            <steps/>
            <attachments/>
            <labels>
                <label name="testSuite" value="Suite"/>
                <label name="testGroup" value="AssetCreationForPilot"/>
                <label name="testClass" value="com.amc.testclasses.RLTestCasesForPilot"/>
                <label name="testMethod" value="validateAssetTitleForPilot"/>
                <label name="host" value="MONO-HYD-LAP-44"/>
                <label name="thread" value="6308@MONO-HYD-LAP-44.TestNG-test=AssetCreationForPilot-1(70)"/>
            </labels>
        </test-case>
        <test-case start="1556094566215" stop="1556094566215" status="canceled">
            <name>validateCastTypeForPilot</name>
            <description>Validate Cast Type</description>
            <failure>
                <message>: Skipped due to dependency on other skipped or failed test methods</message>
                <stack-trace>ru.yandex.qatools.allure.testng.AllureTestListener$1: Skipped due to dependency on other skipped or failed test methods
	at ru.yandex.qatools.allure.testng.AllureTestListener.fireTestCaseCancel(AllureTestListener.java:425)
	at ru.yandex.qatools.allure.testng.AllureTestListener.onTestSkipped(AllureTestListener.java:186)
	at org.testng.internal.TestListenerHelper.runTestListeners(TestListenerHelper.java:61)
	at org.testng.internal.Invoker.runTestListeners(Invoker.java:1389)
	at org.testng.internal.Invoker.registerSkippedTestResult(Invoker.java:1063)
	at org.testng.internal.Invoker.invokeMethod(Invoker.java:529)
	at org.testng.internal.Invoker.invokeTestMethod(Invoker.java:719)
	at org.testng.internal.Invoker.invokeTestMethods(Invoker.java:989)
	at org.testng.internal.TestMethodWorker.invokeTestMethods(TestMethodWorker.java:125)
	at org.testng.internal.TestMethodWorker.run(TestMethodWorker.java:109)
	at java.util.concurrent.ThreadPoolExecutor.runWorker(ThreadPoolExecutor.java:1149)
	at java.util.concurrent.ThreadPoolExecutor$Worker.run(ThreadPoolExecutor.java:624)
	at java.lang.Thread.run(Thread.java:748)
</stack-trace>
            </failure>
            <steps/>
            <attachments/>
            <labels>
                <label name="testSuite" value="Suite"/>
                <label name="testGroup" value="AssetCreationForPilot"/>
                <label name="testClass" value="com.amc.testclasses.RLTestCasesForPilot"/>
                <label name="testMethod" value="validateCastTypeForPilot"/>
                <label name="host" value="MONO-HYD-LAP-44"/>
                <label name="thread" value="6308@MONO-HYD-LAP-44.TestNG-test=AssetCreationForPilot-1(70)"/>
            </labels>
        </test-case>
        <test-case start="1556094566216" stop="1556094566217" status="canceled">
            <name>validateFirstNameOfCastMemberForPilot</name>
            <description>Validate name of cast member</description>
            <failure>
                <message>: Skipped due to dependency on other skipped or failed test methods</message>
                <stack-trace>ru.yandex.qatools.allure.testng.AllureTestListener$1: Skipped due to dependency on other skipped or failed test methods
	at ru.yandex.qatools.allure.testng.AllureTestListener.fireTestCaseCancel(AllureTestListener.java:425)
	at ru.yandex.qatools.allure.testng.AllureTestListener.onTestSkipped(AllureTestListener.java:186)
	at org.testng.internal.TestListenerHelper.runTestListeners(TestListenerHelper.java:61)
	at org.testng.internal.Invoker.runTestListeners(Invoker.java:1389)
	at org.testng.internal.Invoker.registerSkippedTestResult(Invoker.java:1063)
	at org.testng.internal.Invoker.invokeMethod(Invoker.java:529)
	at org.testng.internal.Invoker.invokeTestMethod(Invoker.java:719)
	at org.testng.internal.Invoker.invokeTestMethods(Invoker.java:989)
	at org.testng.internal.TestMethodWorker.invokeTestMethods(TestMethodWorker.java:125)
	at org.testng.internal.TestMethodWorker.run(TestMethodWorker.java:109)
	at java.util.concurrent.ThreadPoolExecutor.runWorker(ThreadPoolExecutor.java:1149)
	at java.util.concurrent.ThreadPoolExecutor$Worker.run(ThreadPoolExecutor.java:624)
	at java.lang.Thread.run(Thread.java:748)
</stack-trace>
            </failure>
            <steps/>
            <attachments/>
            <labels>
                <label name="testSuite" value="Suite"/>
                <label name="testGroup" value="AssetCreationForPilot"/>
                <label name="testClass" value="com.amc.testclasses.RLTestCasesForPilot"/>
                <label name="testMethod" value="validateFirstNameOfCastMemberForPilot"/>
                <label name="host" value="MONO-HYD-LAP-44"/>
                <label name="thread" value="6308@MONO-HYD-LAP-44.TestNG-test=AssetCreationForPilot-1(70)"/>
            </labels>
        </test-case>
        <test-case start="1556094566218" stop="1556094566218" status="canceled">
            <name>validateOriginForPilot</name>
            <description>Validate Origin of WOP</description>
            <failure>
                <message>: Skipped due to dependency on other skipped or failed test methods</message>
                <stack-trace>ru.yandex.qatools.allure.testng.AllureTestListener$1: Skipped due to dependency on other skipped or failed test methods
	at ru.yandex.qatools.allure.testng.AllureTestListener.fireTestCaseCancel(AllureTestListener.java:425)
	at ru.yandex.qatools.allure.testng.AllureTestListener.onTestSkipped(AllureTestListener.java:186)
	at org.testng.internal.TestListenerHelper.runTestListeners(TestListenerHelper.java:61)
	at org.testng.internal.Invoker.runTestListeners(Invoker.java:1389)
	at org.testng.internal.Invoker.registerSkippedTestResult(Invoker.java:1063)
	at org.testng.internal.Invoker.invokeMethod(Invoker.java:529)
	at org.testng.internal.Invoker.invokeTestMethod(Invoker.java:719)
	at org.testng.internal.Invoker.invokeTestMethods(Invoker.java:989)
	at org.testng.internal.TestMethodWorker.invokeTestMethods(TestMethodWorker.java:125)
	at org.testng.internal.TestMethodWorker.run(TestMethodWorker.java:109)
	at java.util.concurrent.ThreadPoolExecutor.runWorker(ThreadPoolExecutor.java:1149)
	at java.util.concurrent.ThreadPoolExecutor$Worker.run(ThreadPoolExecutor.java:624)
	at java.lang.Thread.run(Thread.java:748)
</stack-trace>
            </failure>
            <steps/>
            <attachments/>
            <labels>
                <label name="testSuite" value="Suite"/>
                <label name="testGroup" value="AssetCreationForPilot"/>
                <label name="testClass" value="com.amc.testclasses.RLTestCasesForPilot"/>
                <label name="testMethod" value="validateOriginForPilot"/>
                <label name="host" value="MONO-HYD-LAP-44"/>
                <label name="thread" value="6308@MONO-HYD-LAP-44.TestNG-test=AssetCreationForPilot-1(70)"/>
            </labels>
        </test-case>
        <test-case start="1556094566219" stop="1556094566219" status="canceled">
            <name>validateProductionCompanyForPilot</name>
            <description>Validate Production Company of the asset</description>
            <failure>
                <message>: Skipped due to dependency on other skipped or failed test methods</message>
                <stack-trace>ru.yandex.qatools.allure.testng.AllureTestListener$1: Skipped due to dependency on other skipped or failed test methods
	at ru.yandex.qatools.allure.testng.AllureTestListener.fireTestCaseCancel(AllureTestListener.java:425)
	at ru.yandex.qatools.allure.testng.AllureTestListener.onTestSkipped(AllureTestListener.java:186)
	at org.testng.internal.TestListenerHelper.runTestListeners(TestListenerHelper.java:61)
	at org.testng.internal.Invoker.runTestListeners(Invoker.java:1389)
	at org.testng.internal.Invoker.registerSkippedTestResult(Invoker.java:1063)
	at org.testng.internal.Invoker.invokeMethod(Invoker.java:529)
	at org.testng.internal.Invoker.invokeTestMethod(Invoker.java:719)
	at org.testng.internal.Invoker.invokeTestMethods(Invoker.java:989)
	at org.testng.internal.TestMethodWorker.invokeTestMethods(TestMethodWorker.java:125)
	at org.testng.internal.TestMethodWorker.run(TestMethodWorker.java:109)
	at java.util.concurrent.ThreadPoolExecutor.runWorker(ThreadPoolExecutor.java:1149)
	at java.util.concurrent.ThreadPoolExecutor$Worker.run(ThreadPoolExecutor.java:624)
	at java.lang.Thread.run(Thread.java:748)
</stack-trace>
            </failure>
            <steps/>
            <attachments/>
            <labels>
                <label name="testSuite" value="Suite"/>
                <label name="testGroup" value="AssetCreationForPilot"/>
                <label name="testClass" value="com.amc.testclasses.RLTestCasesForPilot"/>
                <label name="testMethod" value="validateProductionCompanyForPilot"/>
                <label name="host" value="MONO-HYD-LAP-44"/>
                <label name="thread" value="6308@MONO-HYD-LAP-44.TestNG-test=AssetCreationForPilot-1(70)"/>
            </labels>
        </test-case>
        <test-case start="1556094566220" stop="1556094566220" status="canceled">
            <name>validateProductionModeForPilot</name>
            <description>Validate Production Mode of WOP</description>
            <failure>
                <message>: Skipped due to dependency on other skipped or failed test methods</message>
                <stack-trace>ru.yandex.qatools.allure.testng.AllureTestListener$1: Skipped due to dependency on other skipped or failed test methods
	at ru.yandex.qatools.allure.testng.AllureTestListener.fireTestCaseCancel(AllureTestListener.java:425)
	at ru.yandex.qatools.allure.testng.AllureTestListener.onTestSkipped(AllureTestListener.java:186)
	at org.testng.internal.TestListenerHelper.runTestListeners(TestListenerHelper.java:61)
	at org.testng.internal.Invoker.runTestListeners(Invoker.java:1389)
	at org.testng.internal.Invoker.registerSkippedTestResult(Invoker.java:1063)
	at org.testng.internal.Invoker.invokeMethod(Invoker.java:529)
	at org.testng.internal.Invoker.invokeTestMethod(Invoker.java:719)
	at org.testng.internal.Invoker.invokeTestMethods(Invoker.java:989)
	at org.testng.internal.TestMethodWorker.invokeTestMethods(TestMethodWorker.java:125)
	at org.testng.internal.TestMethodWorker.run(TestMethodWorker.java:109)
	at java.util.concurrent.ThreadPoolExecutor.runWorker(ThreadPoolExecutor.java:1149)
	at java.util.concurrent.ThreadPoolExecutor$Worker.run(ThreadPoolExecutor.java:624)
	at java.lang.Thread.run(Thread.java:748)
</stack-trace>
            </failure>
            <steps/>
            <attachments/>
            <labels>
                <label name="testSuite" value="Suite"/>
                <label name="testGroup" value="AssetCreationForPilot"/>
                <label name="testClass" value="com.amc.testclasses.RLTestCasesForPilot"/>
                <label name="testMethod" value="validateProductionModeForPilot"/>
                <label name="host" value="MONO-HYD-LAP-44"/>
                <label name="thread" value="6308@MONO-HYD-LAP-44.TestNG-test=AssetCreationForPilot-1(70)"/>
            </labels>
        </test-case>
        <test-case start="1556094566221" stop="1556094566221" status="canceled">
            <name>validateReleaseYearForPilot</name>
            <description>Validate release year of the asset</description>
            <failure>
                <message>: Skipped due to dependency on other skipped or failed test methods</message>
                <stack-trace>ru.yandex.qatools.allure.testng.AllureTestListener$1: Skipped due to dependency on other skipped or failed test methods
	at ru.yandex.qatools.allure.testng.AllureTestListener.fireTestCaseCancel(AllureTestListener.java:425)
	at ru.yandex.qatools.allure.testng.AllureTestListener.onTestSkipped(AllureTestListener.java:186)
	at org.testng.internal.TestListenerHelper.runTestListeners(TestListenerHelper.java:61)
	at org.testng.internal.Invoker.runTestListeners(Invoker.java:1389)
	at org.testng.internal.Invoker.registerSkippedTestResult(Invoker.java:1063)
	at org.testng.internal.Invoker.invokeMethod(Invoker.java:529)
	at org.testng.internal.Invoker.invokeTestMethod(Invoker.java:719)
	at org.testng.internal.Invoker.invokeTestMethods(Invoker.java:989)
	at org.testng.internal.TestMethodWorker.invokeTestMethods(TestMethodWorker.java:125)
	at org.testng.internal.TestMethodWorker.run(TestMethodWorker.java:109)
	at java.util.concurrent.ThreadPoolExecutor.runWorker(ThreadPoolExecutor.java:1149)
	at java.util.concurrent.ThreadPoolExecutor$Worker.run(ThreadPoolExecutor.java:624)
	at java.lang.Thread.run(Thread.java:748)
</stack-trace>
            </failure>
            <steps/>
            <attachments/>
            <labels>
                <label name="testSuite" value="Suite"/>
                <label name="testGroup" value="AssetCreationForPilot"/>
                <label name="testClass" value="com.amc.testclasses.RLTestCasesForPilot"/>
                <label name="testMethod" value="validateReleaseYearForPilot"/>
                <label name="host" value="MONO-HYD-LAP-44"/>
                <label name="thread" value="6308@MONO-HYD-LAP-44.TestNG-test=AssetCreationForPilot-1(70)"/>
            </labels>
        </test-case>
        <test-case start="1556094566222" stop="1556094566222" status="canceled">
            <name>validateTRTForPilot</name>
            <description>Validate TRT of the asset</description>
            <failure>
                <message>: Skipped due to dependency on other skipped or failed test methods</message>
                <stack-trace>ru.yandex.qatools.allure.testng.AllureTestListener$1: Skipped due to dependency on other skipped or failed test methods
	at ru.yandex.qatools.allure.testng.AllureTestListener.fireTestCaseCancel(AllureTestListener.java:425)
	at ru.yandex.qatools.allure.testng.AllureTestListener.onTestSkipped(AllureTestListener.java:186)
	at org.testng.internal.TestListenerHelper.runTestListeners(TestListenerHelper.java:61)
	at org.testng.internal.Invoker.runTestListeners(Invoker.java:1389)
	at org.testng.internal.Invoker.registerSkippedTestResult(Invoker.java:1063)
	at org.testng.internal.Invoker.invokeMethod(Invoker.java:529)
	at org.testng.internal.Invoker.invokeTestMethod(Invoker.java:719)
	at org.testng.internal.Invoker.invokeTestMethods(Invoker.java:989)
	at org.testng.internal.TestMethodWorker.invokeTestMethods(TestMethodWorker.java:125)
	at org.testng.internal.TestMethodWorker.run(TestMethodWorker.java:109)
	at java.util.concurrent.ThreadPoolExecutor.runWorker(ThreadPoolExecutor.java:1149)
	at java.util.concurrent.ThreadPoolExecutor$Worker.run(ThreadPoolExecutor.java:624)
	at java.lang.Thread.run(Thread.java:748)
</stack-trace>
            </failure>
            <steps/>
            <attachments/>
            <labels>
                <label name="testSuite" value="Suite"/>
                <label name="testGroup" value="AssetCreationForPilot"/>
                <label name="testClass" value="com.amc.testclasses.RLTestCasesForPilot"/>
                <label name="testMethod" value="validateTRTForPilot"/>
                <label name="host" value="MONO-HYD-LAP-44"/>
                <label name="thread" value="6308@MONO-HYD-LAP-44.TestNG-test=AssetCreationForPilot-1(70)"/>
            </labels>
        </test-case>
        <test-case start="1556094566223" stop="1556094566224" status="canceled">
            <name>validateTitleTypeForPilot</name>
            <description>Validate title type of the asset</description>
            <failure>
                <message>: Skipped due to dependency on other skipped or failed test methods</message>
                <stack-trace>ru.yandex.qatools.allure.testng.AllureTestListener$1: Skipped due to dependency on other skipped or failed test methods
	at ru.yandex.qatools.allure.testng.AllureTestListener.fireTestCaseCancel(AllureTestListener.java:425)
	at ru.yandex.qatools.allure.testng.AllureTestListener.onTestSkipped(AllureTestListener.java:186)
	at org.testng.internal.TestListenerHelper.runTestListeners(TestListenerHelper.java:61)
	at org.testng.internal.Invoker.runTestListeners(Invoker.java:1389)
	at org.testng.internal.Invoker.registerSkippedTestResult(Invoker.java:1063)
	at org.testng.internal.Invoker.invokeMethod(Invoker.java:529)
	at org.testng.internal.Invoker.invokeTestMethod(Invoker.java:719)
	at org.testng.internal.Invoker.invokeTestMethods(Invoker.java:989)
	at org.testng.internal.TestMethodWorker.invokeTestMethods(TestMethodWorker.java:125)
	at org.testng.internal.TestMethodWorker.run(TestMethodWorker.java:109)
	at java.util.concurrent.ThreadPoolExecutor.runWorker(ThreadPoolExecutor.java:1149)
	at java.util.concurrent.ThreadPoolExecutor$Worker.run(ThreadPoolExecutor.java:624)
	at java.lang.Thread.run(Thread.java:748)
</stack-trace>
            </failure>
            <steps/>
            <attachments/>
            <labels>
                <label name="testSuite" value="Suite"/>
                <label name="testGroup" value="AssetCreationForPilot"/>
                <label name="testClass" value="com.amc.testclasses.RLTestCasesForPilot"/>
                <label name="testMethod" value="validateTitleTypeForPilot"/>
                <label name="host" value="MONO-HYD-LAP-44"/>
                <label name="thread" value="6308@MONO-HYD-LAP-44.TestNG-test=AssetCreationForPilot-1(70)"/>
            </labels>
        </test-case>
        <test-case start="1556094566224" stop="1556094566224" status="canceled">
            <name>setExcelValuesToInitialValue</name>
            <description>@AfterTest</description>
            <failure>
                <message>: Skipped due to dependency on other skipped or failed test methods</message>
                <stack-trace>ru.yandex.qatools.allure.testng.AllureTestListener$1: Skipped due to dependency on other skipped or failed test methods
	at ru.yandex.qatools.allure.testng.AllureTestListener.fireTestCaseCancel(AllureTestListener.java:425)
	at ru.yandex.qatools.allure.testng.AllureTestListener.onConfigurationSkip(AllureTestListener.java:120)
	at org.testng.internal.TestListenerHelper.runPostConfigurationListeners(TestListenerHelper.java:37)
	at org.testng.internal.Invoker.runConfigurationListeners(Invoker.java:1384)
	at org.testng.internal.Invoker.handleConfigurationSkip(Invoker.java:250)
	at org.testng.internal.Invoker.invokeConfigurations(Invoker.java:200)
	at org.testng.internal.Invoker.invokeConfigurations(Invoker.java:142)
	at org.testng.TestRunner.afterRun(TestRunner.java:725)
	at org.testng.TestRunner.run(TestRunner.java:509)
	at org.testng.SuiteRunner.runTest(SuiteRunner.java:455)
	at org.testng.SuiteRunner.runSequentially(SuiteRunner.java:450)
	at org.testng.SuiteRunner.privateRun(SuiteRunner.java:415)
	at org.testng.SuiteRunner.run(SuiteRunner.java:364)
	at org.testng.SuiteRunnerWorker.runSuite(SuiteRunnerWorker.java:52)
	at org.testng.SuiteRunnerWorker.run(SuiteRunnerWorker.java:84)
	at org.testng.TestNG.runSuitesSequentially(TestNG.java:1208)
	at org.testng.TestNG.runSuitesLocally(TestNG.java:1137)
	at org.testng.TestNG.runSuites(TestNG.java:1049)
	at org.testng.TestNG.run(TestNG.java:1017)
	at org.testng.remote.AbstractRemoteTestNG.run(AbstractRemoteTestNG.java:114)
	at org.testng.remote.RemoteTestNG.initAndRun(RemoteTestNG.java:251)
	at org.testng.remote.RemoteTestNG.main(RemoteTestNG.java:77)
</stack-trace>
            </failure>
            <steps/>
            <attachments/>
            <labels>
                <label name="host" value="MONO-HYD-LAP-44"/>
                <label name="thread" value="6308@MONO-HYD-LAP-44.main(1)"/>
            </labels>
        </test-case>
    </test-cases>
    <labels>
        <label name="framework" value="TestNG"/>
        <label name="language" value="JAVA"/>
    </labels>
</ns2:test-suite>
