<?xml version="1.0" encoding="UTF-8" standalone="yes"?>
<ns2:test-suite start="1556881983863" stop="1556881990486" version="1.5.4" xmlns:ns2="urn:model.allure.qatools.yandex.ru">
    <name>Suite : AssetCreationForSpecial[assetType=Special]</name>
    <title>Suite : AssetCreationForSpecial[assetType=Special]</title>
    <test-cases>
        <test-case start="1556881987851" stop="1556881987851" status="broken">
            <name>executeAPI</name>
            <description>@BeforeTest</description>
            <failure>
                <message>RuntimeException: Failed : HTTP error code : 404</message>
                <stack-trace>java.lang.RuntimeException: Failed : HTTP error code : 404
	at com.amc.pageobjects.ApiExecutionTypes.getapiExecute(ApiExecutionTypes.java:155)
	at com.amc.pageobjects.ApiExecutionTypes.APIResponse(ApiExecutionTypes.java:79)
	at com.amc.baseclass.AMCBaseClass.executeAPI(AMCBaseClass.java:176)
	at sun.reflect.NativeMethodAccessorImpl.invoke0(Native Method)
	at sun.reflect.NativeMethodAccessorImpl.invoke(NativeMethodAccessorImpl.java:62)
	at sun.reflect.DelegatingMethodAccessorImpl.invoke(DelegatingMethodAccessorImpl.java:43)
	at java.lang.reflect.Method.invoke(Method.java:498)
	at org.testng.internal.MethodInvocationHelper.invokeMethod(MethodInvocationHelper.java:124)
	at org.testng.internal.MethodInvocationHelper.invokeMethodConsideringTimeout(MethodInvocationHelper.java:59)
	at org.testng.internal.Invoker.invokeConfigurationMethod(Invoker.java:458)
	at org.testng.internal.Invoker.invokeConfigurations(Invoker.java:222)
	at org.testng.internal.Invoker.invokeConfigurations(Invoker.java:142)
	at org.testng.TestRunner.beforeRun(TestRunner.java:529)
	at org.testng.TestRunner.run(TestRunner.java:497)
	at org.testng.SuiteRunner.runTest(SuiteRunner.java:455)
	at org.testng.SuiteRunner.runSequentially(SuiteRunner.java:450)
	at org.testng.SuiteRunner.privateRun(SuiteRunner.java:415)
	at org.testng.SuiteRunner.run(SuiteRunner.java:364)
	at org.testng.SuiteRunnerWorker.runSuite(SuiteRunnerWorker.java:52)
	at org.testng.SuiteRunnerWorker.run(SuiteRunnerWorker.java:84)
	at org.testng.TestNG.runSuitesSequentially(TestNG.java:1208)
	at org.testng.TestNG.runSuitesLocally(TestNG.java:1137)
	at org.testng.TestNG.runSuites(TestNG.java:1049)
	at org.testng.TestNG.run(TestNG.java:1017)
	at org.testng.remote.AbstractRemoteTestNG.run(AbstractRemoteTestNG.java:114)
	at org.testng.remote.RemoteTestNG.initAndRun(RemoteTestNG.java:251)
	at org.testng.remote.RemoteTestNG.main(RemoteTestNG.java:77)
</stack-trace>
            </failure>
            <steps>
                <step start="1556881983869" stop="1556881983869" status="passed">
                    <name>logStep[Get the details from Excel]</name>
                    <title>Get the details from Excel</title>
                </step>
                <step start="1556881983871" stop="1556881983871" status="passed">
                    <name>logStep[Http Client service is invoked]</name>
                    <title>Http Client service is invoked</title>
                </step>
                <step start="1556881983873" stop="1556881983873" status="passed">
                    <name>logStep[apirequest is  : --grant_type=client_credentials&amp;client_id=cebff59a-4e80-4a47-9c2a-6e25ec3c5397&amp;client_secret=xY...]</name>
                    <title>apirequest is  : --grant_type=client_credentials&amp;client_id=cebff59a-4e80-4a47-9c2a-6e25ec3c5397&amp;client_secret=xY2sJ4xW1b...</title>
                </step>
                <step start="1556881983873" stop="1556881983873" status="passed">
                    <name>logStep[Executing request with http Post method]</name>
                    <title>Executing request with http Post method</title>
                </step>
                <step start="1556881985074" stop="1556881985074" status="passed">
                    <name>logStep[Response is : HttpResponseProxy{HTTP/1.1 200 OK [X-Backside-Transport: FAIL FAIL, Connection: Keep-Alive, Transf...]</name>
                    <title>Response is : HttpResponseProxy{HTTP/1.1 200 OK [X-Backside-Transport: FAIL FAIL, Connection: Keep-Alive, Transfer-Encod...</title>
                </step>
                <step start="1556881985075" stop="1556881985075" status="passed">
                    <name>logStep[API Executed Successully : ]</name>
                    <title>API Executed Successully : </title>
                </step>
                <step start="1556881985076" stop="1556881985076" status="passed">
                    <name>logStep[API Executed Successfully]</name>
                    <title>API Executed Successfully</title>
                </step>
                <step start="1556881985076" stop="1556881985076" status="passed">
                    <name>logStep[{"access_token":"AAIkY2ViZmY1OWEtNGU4MC00YTQ3LTljMmEtNmUyNWVjM2M1Mzk3CKWQryQh1_kDtrs0wf2X_L8BZLSlL-LxlN8Y45cv3IK...]</name>
                    <title>{"access_token":"AAIkY2ViZmY1OWEtNGU4MC00YTQ3LTljMmEtNmUyNWVjM2M1Mzk3CKWQryQh1_kDtrs0wf2X_L8BZLSlL-LxlN8Y45cv3IK_lotqPdb...</title>
                </step>
                <step start="1556881985076" stop="1556881985076" status="passed">
                    <name>logStep[access_token value is :AAIkY2ViZmY1OWEtNGU4MC00YTQ3LTljMmEtNmUyNWVjM2M1Mzk3CKWQryQh1_kDtrs0wf2X_L8BZLSlL-LxlN8Y4...]</name>
                    <title>access_token value is :AAIkY2ViZmY1OWEtNGU4MC00YTQ3LTljMmEtNmUyNWVjM2M1Mzk3CKWQryQh1_kDtrs0wf2X_L8BZLSlL-LxlN8Y45cv3IK_l...</title>
                </step>
                <step start="1556881985080" stop="1556881985080" status="passed">
                    <name>logStep[Get the details from Excel]</name>
                    <title>Get the details from Excel</title>
                </step>
                <step start="1556881985080" stop="1556881985080" status="passed">
                    <name>logStep[Http Client service is invoked]</name>
                    <title>Http Client service is invoked</title>
                </step>
                <step start="1556881985084" stop="1556881985084" status="passed">
                    <name>logStep[apirequest is  : --{"username":"restRightsLogic5", "password": "abcd1234"} ]</name>
                    <title>apirequest is  : --{"username":"restRightsLogic5", "password": "abcd1234"} </title>
                </step>
                <step start="1556881985088" stop="1556881985088" status="passed">
                    <name>logStep[Using Access tokena as Bearer : no value]</name>
                    <title>Using Access tokena as Bearer : no value</title>
                </step>
                <step start="1556881985088" stop="1556881985088" status="passed">
                    <name>logStep[Headers are: : Content-Type------application/json]</name>
                    <title>Headers are: : Content-Type------application/json</title>
                </step>
                <step start="1556881985088" stop="1556881985088" status="passed">
                    <name>logStep[Using Access tokena as Bearer : no value]</name>
                    <title>Using Access tokena as Bearer : no value</title>
                </step>
                <step start="1556881985088" stop="1556881985088" status="passed">
                    <name>logStep[Using Access tokena as Bearer : AAIkY2ViZmY1OWEtNGU4MC00YTQ3LTljMmEtNmUyNWVjM2M1Mzk3CKWQryQh1_kDtrs0wf2X_L8BZLSl...]</name>
                    <title>Using Access tokena as Bearer : AAIkY2ViZmY1OWEtNGU4MC00YTQ3LTljMmEtNmUyNWVjM2M1Mzk3CKWQryQh1_kDtrs0wf2X_L8BZLSlL-LxlN8Y...</title>
                </step>
                <step start="1556881985088" stop="1556881985088" status="passed">
                    <name>logStep[Headers are: : Authorization------Bearer AAIkY2ViZmY1OWEtNGU4MC00YTQ3LTljMmEtNmUyNWVjM2M1Mzk3CKWQryQh1_kDtrs0wf2...]</name>
                    <title>Headers are: : Authorization------Bearer AAIkY2ViZmY1OWEtNGU4MC00YTQ3LTljMmEtNmUyNWVjM2M1Mzk3CKWQryQh1_kDtrs0wf2X_L8BZLS...</title>
                </step>
                <step start="1556881985092" stop="1556881985092" status="passed">
                    <name>logStep[Using Access tokena as Bearer : no value]</name>
                    <title>Using Access tokena as Bearer : no value</title>
                </step>
                <step start="1556881985092" stop="1556881985092" status="passed">
                    <name>logStep[Headers are: : Accept------application/json]</name>
                    <title>Headers are: : Accept------application/json</title>
                </step>
                <step start="1556881985092" stop="1556881985092" status="passed">
                    <name>logStep[Using Access tokena as Bearer : no value]</name>
                    <title>Using Access tokena as Bearer : no value</title>
                </step>
                <step start="1556881985092" stop="1556881985092" status="passed">
                    <name>logStep[Headers are: : endpoint------https://cap-sg-prd-4.integration.ibmcloud.com:17433]</name>
                    <title>Headers are: : endpoint------https://cap-sg-prd-4.integration.ibmcloud.com:17433</title>
                </step>
                <step start="1556881985096" stop="1556881985096" status="passed">
                    <name>logStep[Using Access tokena as Bearer : no value]</name>
                    <title>Using Access tokena as Bearer : no value</title>
                </step>
                <step start="1556881985096" stop="1556881985096" status="passed">
                    <name>logStep[Headers are: : resource------/dev/program/login]</name>
                    <title>Headers are: : resource------/dev/program/login</title>
                </step>
                <step start="1556881985096" stop="1556881985096" status="passed">
                    <name>logStep[Using Access tokena as Bearer : no value]</name>
                    <title>Using Access tokena as Bearer : no value</title>
                </step>
                <step start="1556881985096" stop="1556881985096" status="passed">
                    <name>logStep[Headers are: : tls-profile------asit-wo-101059121-50697]</name>
                    <title>Headers are: : tls-profile------asit-wo-101059121-50697</title>
                </step>
                <step start="1556881985096" stop="1556881985096" status="passed">
                    <name>logStep[Using Access tokena as Bearer : no value]</name>
                    <title>Using Access tokena as Bearer : no value</title>
                </step>
                <step start="1556881985100" stop="1556881985100" status="passed">
                    <name>logStep[Headers are: : x-ibm-client-id------cebff59a-4e80-4a47-9c2a-6e25ec3c5397]</name>
                    <title>Headers are: : x-ibm-client-id------cebff59a-4e80-4a47-9c2a-6e25ec3c5397</title>
                </step>
                <step start="1556881985100" stop="1556881985100" status="passed">
                    <name>logStep[Executing post API with Http Post method]</name>
                    <title>Executing post API with Http Post method</title>
                </step>
                <step start="1556881986501" stop="1556881986501" status="passed">
                    <name>logStep[Response is : HttpResponseProxy{HTTP/1.1 200 OK [X-Backside-Transport: OK OK, Connection: Keep-Alive, Transfer-E...]</name>
                    <title>Response is : HttpResponseProxy{HTTP/1.1 200 OK [X-Backside-Transport: OK OK, Connection: Keep-Alive, Transfer-Encoding:...</title>
                </step>
                <step start="1556881986502" stop="1556881986502" status="passed">
                    <name>logStep[API Executed Successully : ]</name>
                    <title>API Executed Successully : </title>
                </step>
                <step start="1556881986506" stop="1556881986506" status="passed">
                    <name>logStep[API Executed Successfully]</name>
                    <title>API Executed Successfully</title>
                </step>
                <step start="1556881986506" stop="1556881986506" status="passed">
                    <name>logStep[{"service":"AMCN Integration Service","message":"Authentication successful","statusCode":"0","token":"eyJhbGciOi...]</name>
                    <title>{"service":"AMCN Integration Service","message":"Authentication successful","statusCode":"0","token":"eyJhbGciOiJIUzI1Ni...</title>
                </step>
                <step start="1556881986506" stop="1556881986506" status="passed">
                    <name>logStep[token value is :eyJhbGciOiJIUzI1NiIsInR5cCI6IkpXVCJ9.eyJ1c2VybmFtZSI6InJlc3RSaWdodHNMb2dpYzUiLCJwYXNzd29yZCI6bnV...]</name>
                    <title>token value is :eyJhbGciOiJIUzI1NiIsInR5cCI6IkpXVCJ9.eyJ1c2VybmFtZSI6InJlc3RSaWdodHNMb2dpYzUiLCJwYXNzd29yZCI6bnVsbCwiaWF...</title>
                </step>
                <step start="1556881986506" stop="1556881986506" status="passed">
                    <name>logStep[Started executing API Testing]</name>
                    <title>Started executing API Testing</title>
                </step>
                <step start="1556881986510" stop="1556881986510" status="passed">
                    <name>logStep[Verify Api Type is Get  or Post]</name>
                    <title>Verify Api Type is Get  or Post</title>
                </step>
                <step start="1556881986510" stop="1556881986510" status="passed">
                    <name>logStep[Given url is Get API continue execution]</name>
                    <title>Given url is Get API continue execution</title>
                </step>
                <step start="1556881986514" stop="1556881986514" status="passed">
                    <name>logStep[Given API is : https://api.us.apiconnect.ibmcloud.com/amc-networks-inc-dev/asit/1.2.0/adam/get]</name>
                    <title>Given API is : https://api.us.apiconnect.ibmcloud.com/amc-networks-inc-dev/asit/1.2.0/adam/get</title>
                </step>
                <step start="1556881986514" stop="1556881986514" status="passed">
                    <name>logStep[Using Access tokena as Bearer : AAIkY2ViZmY1OWEtNGU4MC00YTQ3LTljMmEtNmUyNWVjM2M1Mzk3CKWQryQh1_kDtrs0wf2X_L8BZLSl...]</name>
                    <title>Using Access tokena as Bearer : AAIkY2ViZmY1OWEtNGU4MC00YTQ3LTljMmEtNmUyNWVjM2M1Mzk3CKWQryQh1_kDtrs0wf2X_L8BZLSlL-LxlN8Y...</title>
                </step>
                <step start="1556881986514" stop="1556881986514" status="passed">
                    <name>logStep[Headers are: : Authorization------Bearer AAIkY2ViZmY1OWEtNGU4MC00YTQ3LTljMmEtNmUyNWVjM2M1Mzk3CKWQryQh1_kDtrs0wf2...]</name>
                    <title>Headers are: : Authorization------Bearer AAIkY2ViZmY1OWEtNGU4MC00YTQ3LTljMmEtNmUyNWVjM2M1Mzk3CKWQryQh1_kDtrs0wf2X_L8BZLS...</title>
                </step>
                <step start="1556881986518" stop="1556881986518" status="passed">
                    <name>logStep[Headers are: : Content-Type------application/xml]</name>
                    <title>Headers are: : Content-Type------application/xml</title>
                </step>
                <step start="1556881986518" stop="1556881986518" status="passed">
                    <name>logStep[Using Access tokena as Bearer : eyJhbGciOiJIUzI1NiIsInR5cCI6IkpXVCJ9.eyJ1c2VybmFtZSI6InJlc3RSaWdodHNMb2dpYzUiLCJ...]</name>
                    <title>Using Access tokena as Bearer : eyJhbGciOiJIUzI1NiIsInR5cCI6IkpXVCJ9.eyJ1c2VybmFtZSI6InJlc3RSaWdodHNMb2dpYzUiLCJwYXNzd29...</title>
                </step>
                <step start="1556881986518" stop="1556881986518" status="passed">
                    <name>logStep[Headers are: : auth2------Bearer eyJhbGciOiJIUzI1NiIsInR5cCI6IkpXVCJ9.eyJ1c2VybmFtZSI6InJlc3RSaWdodHNMb2dpYzUiLC...]</name>
                    <title>Headers are: : auth2------Bearer eyJhbGciOiJIUzI1NiIsInR5cCI6IkpXVCJ9.eyJ1c2VybmFtZSI6InJlc3RSaWdodHNMb2dpYzUiLCJwYXNzd2...</title>
                </step>
                <step start="1556881986518" stop="1556881986518" status="passed">
                    <name>logStep[Headers are: : endpoint------https://cap-sg-prd-4.integration.ibmcloud.com:17433]</name>
                    <title>Headers are: : endpoint------https://cap-sg-prd-4.integration.ibmcloud.com:17433</title>
                </step>
                <step start="1556881986522" stop="1556881986522" status="passed">
                    <name>logStep[Headers are: : resource------/dev/program/getEpisodeSeasonSeries/externalReference/RLA217445]</name>
                    <title>Headers are: : resource------/dev/program/getEpisodeSeasonSeries/externalReference/RLA217445</title>
                </step>
                <step start="1556881986522" stop="1556881986522" status="passed">
                    <name>logStep[Headers are: : tls-profile------asit-wo-101059121-50697]</name>
                    <title>Headers are: : tls-profile------asit-wo-101059121-50697</title>
                </step>
                <step start="1556881986522" stop="1556881986522" status="passed">
                    <name>logStep[Headers are: : x-ibm-client-id------cebff59a-4e80-4a47-9c2a-6e25ec3c5397]</name>
                    <title>Headers are: : x-ibm-client-id------cebff59a-4e80-4a47-9c2a-6e25ec3c5397</title>
                </step>
                <step start="1556881987845" stop="1556881987845" status="passed">
                    <name>logStep[Execution Completed and reading response now]</name>
                    <title>Execution Completed and reading response now</title>
                </step>
                <step start="1556881987846" stop="1556881987846" status="passed">
                    <name>logStep[Verify Status code in response]</name>
                    <title>Verify Status code in response</title>
                </step>
                <step start="1556881987846" stop="1556881987846" status="passed">
                    <name>logStep[java.lang.RuntimeException: Failed : HTTP error code : 404]</name>
                    <title>java.lang.RuntimeException: Failed : HTTP error code : 404</title>
                </step>
            </steps>
            <attachments/>
            <labels>
                <label name="story" value="RLRegressionValidation"/>
                <label name="feature" value="RLRegressionValidation"/>
                <label name="host" value="MONO-HYD-LAP-44"/>
                <label name="thread" value="8768@MONO-HYD-LAP-44.main(1)"/>
            </labels>
        </test-case>
        <test-case start="1556881988734" stop="1556881988734" status="canceled">
            <name>checkExecutionCondition</name>
            <description>@BeforeClass</description>
            <failure>
                <message>: Skipped due to dependency on other skipped or failed test methods</message>
                <stack-trace>ru.yandex.qatools.allure.testng.AllureTestListener$1: Skipped due to dependency on other skipped or failed test methods
	at ru.yandex.qatools.allure.testng.AllureTestListener.fireTestCaseCancel(AllureTestListener.java:425)
	at ru.yandex.qatools.allure.testng.AllureTestListener.onConfigurationSkip(AllureTestListener.java:120)
	at org.testng.internal.TestListenerHelper.runPostConfigurationListeners(TestListenerHelper.java:37)
	at org.testng.internal.Invoker.runConfigurationListeners(Invoker.java:1384)
	at org.testng.internal.Invoker.handleConfigurationSkip(Invoker.java:250)
	at org.testng.internal.Invoker.invokeConfigurations(Invoker.java:200)
	at org.testng.internal.Invoker.invokeConfigurations(Invoker.java:142)
	at org.testng.internal.TestMethodWorker.invokeBeforeClassMethods(TestMethodWorker.java:168)
	at org.testng.internal.TestMethodWorker.run(TestMethodWorker.java:105)
	at java.util.concurrent.ThreadPoolExecutor.runWorker(ThreadPoolExecutor.java:1149)
	at java.util.concurrent.ThreadPoolExecutor$Worker.run(ThreadPoolExecutor.java:624)
	at java.lang.Thread.run(Thread.java:748)
</stack-trace>
            </failure>
            <steps/>
            <attachments/>
            <labels>
                <label name="story" value="RLRegressionValidation"/>
                <label name="feature" value="RLRegressionValidation"/>
                <label name="host" value="MONO-HYD-LAP-44"/>
                <label name="thread" value="8768@MONO-HYD-LAP-44.TestNG-test=AssetCreationForSpecial-1(64)"/>
            </labels>
        </test-case>
        <test-case start="1556881988748" stop="1556881988748" status="canceled">
            <name>validateAMCNIDForSpecial</name>
            <description>Validate AMCN id of WOP</description>
            <failure>
                <message>: Skipped due to dependency on other skipped or failed test methods</message>
                <stack-trace>ru.yandex.qatools.allure.testng.AllureTestListener$1: Skipped due to dependency on other skipped or failed test methods
	at ru.yandex.qatools.allure.testng.AllureTestListener.fireTestCaseCancel(AllureTestListener.java:425)
	at ru.yandex.qatools.allure.testng.AllureTestListener.onTestSkipped(AllureTestListener.java:186)
	at org.testng.internal.TestListenerHelper.runTestListeners(TestListenerHelper.java:61)
	at org.testng.internal.Invoker.runTestListeners(Invoker.java:1389)
	at org.testng.internal.Invoker.registerSkippedTestResult(Invoker.java:1063)
	at org.testng.internal.Invoker.invokeMethod(Invoker.java:529)
	at org.testng.internal.Invoker.invokeTestMethod(Invoker.java:719)
	at org.testng.internal.Invoker.invokeTestMethods(Invoker.java:989)
	at org.testng.internal.TestMethodWorker.invokeTestMethods(TestMethodWorker.java:125)
	at org.testng.internal.TestMethodWorker.run(TestMethodWorker.java:109)
	at java.util.concurrent.ThreadPoolExecutor.runWorker(ThreadPoolExecutor.java:1149)
	at java.util.concurrent.ThreadPoolExecutor$Worker.run(ThreadPoolExecutor.java:624)
	at java.lang.Thread.run(Thread.java:748)
</stack-trace>
            </failure>
            <steps/>
            <attachments/>
            <labels>
                <label name="testSuite" value="Suite"/>
                <label name="testGroup" value="AssetCreationForSpecial"/>
                <label name="testClass" value="com.amc.testclasses.RLTestCasesForSpecial"/>
                <label name="testMethod" value="validateAMCNIDForSpecial"/>
                <label name="story" value="RLRegressionValidation"/>
                <label name="feature" value="RLRegressionValidation"/>
                <label name="host" value="MONO-HYD-LAP-44"/>
                <label name="thread" value="8768@MONO-HYD-LAP-44.TestNG-test=AssetCreationForSpecial-1(64)"/>
            </labels>
        </test-case>
        <test-case start="1556881988751" stop="1556881988751" status="canceled">
            <name>validateAlternativeTitleForAKAForSpecial</name>
            <description>Validate alternative title of the asset for AKA Type</description>
            <failure>
                <message>: Skipped due to dependency on other skipped or failed test methods</message>
                <stack-trace>ru.yandex.qatools.allure.testng.AllureTestListener$1: Skipped due to dependency on other skipped or failed test methods
	at ru.yandex.qatools.allure.testng.AllureTestListener.fireTestCaseCancel(AllureTestListener.java:425)
	at ru.yandex.qatools.allure.testng.AllureTestListener.onTestSkipped(AllureTestListener.java:186)
	at org.testng.internal.TestListenerHelper.runTestListeners(TestListenerHelper.java:61)
	at org.testng.internal.Invoker.runTestListeners(Invoker.java:1389)
	at org.testng.internal.Invoker.registerSkippedTestResult(Invoker.java:1063)
	at org.testng.internal.Invoker.invokeMethod(Invoker.java:529)
	at org.testng.internal.Invoker.invokeTestMethod(Invoker.java:719)
	at org.testng.internal.Invoker.invokeTestMethods(Invoker.java:989)
	at org.testng.internal.TestMethodWorker.invokeTestMethods(TestMethodWorker.java:125)
	at org.testng.internal.TestMethodWorker.run(TestMethodWorker.java:109)
	at java.util.concurrent.ThreadPoolExecutor.runWorker(ThreadPoolExecutor.java:1149)
	at java.util.concurrent.ThreadPoolExecutor$Worker.run(ThreadPoolExecutor.java:624)
	at java.lang.Thread.run(Thread.java:748)
</stack-trace>
            </failure>
            <steps/>
            <attachments/>
            <labels>
                <label name="testSuite" value="Suite"/>
                <label name="testGroup" value="AssetCreationForSpecial"/>
                <label name="testClass" value="com.amc.testclasses.RLTestCasesForSpecial"/>
                <label name="testMethod" value="validateAlternativeTitleForAKAForSpecial"/>
                <label name="story" value="RLRegressionValidation"/>
                <label name="feature" value="RLRegressionValidation"/>
                <label name="host" value="MONO-HYD-LAP-44"/>
                <label name="thread" value="8768@MONO-HYD-LAP-44.TestNG-test=AssetCreationForSpecial-1(64)"/>
            </labels>
        </test-case>
        <test-case start="1556881988754" stop="1556881988755" status="canceled">
            <name>validateAlternativeTitleForLegalForSpecial</name>
            <description>Validate alternative title of the asset for Legal Type</description>
            <failure>
                <message>: Skipped due to dependency on other skipped or failed test methods</message>
                <stack-trace>ru.yandex.qatools.allure.testng.AllureTestListener$1: Skipped due to dependency on other skipped or failed test methods
	at ru.yandex.qatools.allure.testng.AllureTestListener.fireTestCaseCancel(AllureTestListener.java:425)
	at ru.yandex.qatools.allure.testng.AllureTestListener.onTestSkipped(AllureTestListener.java:186)
	at org.testng.internal.TestListenerHelper.runTestListeners(TestListenerHelper.java:61)
	at org.testng.internal.Invoker.runTestListeners(Invoker.java:1389)
	at org.testng.internal.Invoker.registerSkippedTestResult(Invoker.java:1063)
	at org.testng.internal.Invoker.invokeMethod(Invoker.java:529)
	at org.testng.internal.Invoker.invokeTestMethod(Invoker.java:719)
	at org.testng.internal.Invoker.invokeTestMethods(Invoker.java:989)
	at org.testng.internal.TestMethodWorker.invokeTestMethods(TestMethodWorker.java:125)
	at org.testng.internal.TestMethodWorker.run(TestMethodWorker.java:109)
	at java.util.concurrent.ThreadPoolExecutor.runWorker(ThreadPoolExecutor.java:1149)
	at java.util.concurrent.ThreadPoolExecutor$Worker.run(ThreadPoolExecutor.java:624)
	at java.lang.Thread.run(Thread.java:748)
</stack-trace>
            </failure>
            <steps/>
            <attachments/>
            <labels>
                <label name="testSuite" value="Suite"/>
                <label name="testGroup" value="AssetCreationForSpecial"/>
                <label name="testClass" value="com.amc.testclasses.RLTestCasesForSpecial"/>
                <label name="testMethod" value="validateAlternativeTitleForLegalForSpecial"/>
                <label name="story" value="RLRegressionValidation"/>
                <label name="feature" value="RLRegressionValidation"/>
                <label name="host" value="MONO-HYD-LAP-44"/>
                <label name="thread" value="8768@MONO-HYD-LAP-44.TestNG-test=AssetCreationForSpecial-1(64)"/>
            </labels>
        </test-case>
        <test-case start="1556881988755" stop="1556881988755" status="canceled">
            <name>validateAlternativeTitleTypeForAKAForSpecial</name>
            <description>Validate alternative title type of the asset for AKA Type</description>
            <failure>
                <message>: Skipped due to dependency on other skipped or failed test methods</message>
                <stack-trace>ru.yandex.qatools.allure.testng.AllureTestListener$1: Skipped due to dependency on other skipped or failed test methods
	at ru.yandex.qatools.allure.testng.AllureTestListener.fireTestCaseCancel(AllureTestListener.java:425)
	at ru.yandex.qatools.allure.testng.AllureTestListener.onTestSkipped(AllureTestListener.java:186)
	at org.testng.internal.TestListenerHelper.runTestListeners(TestListenerHelper.java:61)
	at org.testng.internal.Invoker.runTestListeners(Invoker.java:1389)
	at org.testng.internal.Invoker.registerSkippedTestResult(Invoker.java:1063)
	at org.testng.internal.Invoker.invokeMethod(Invoker.java:529)
	at org.testng.internal.Invoker.invokeTestMethod(Invoker.java:719)
	at org.testng.internal.Invoker.invokeTestMethods(Invoker.java:989)
	at org.testng.internal.TestMethodWorker.invokeTestMethods(TestMethodWorker.java:125)
	at org.testng.internal.TestMethodWorker.run(TestMethodWorker.java:109)
	at java.util.concurrent.ThreadPoolExecutor.runWorker(ThreadPoolExecutor.java:1149)
	at java.util.concurrent.ThreadPoolExecutor$Worker.run(ThreadPoolExecutor.java:624)
	at java.lang.Thread.run(Thread.java:748)
</stack-trace>
            </failure>
            <steps/>
            <attachments/>
            <labels>
                <label name="testSuite" value="Suite"/>
                <label name="testGroup" value="AssetCreationForSpecial"/>
                <label name="testClass" value="com.amc.testclasses.RLTestCasesForSpecial"/>
                <label name="testMethod" value="validateAlternativeTitleTypeForAKAForSpecial"/>
                <label name="story" value="RLRegressionValidation"/>
                <label name="feature" value="RLRegressionValidation"/>
                <label name="host" value="MONO-HYD-LAP-44"/>
                <label name="thread" value="8768@MONO-HYD-LAP-44.TestNG-test=AssetCreationForSpecial-1(64)"/>
            </labels>
        </test-case>
        <test-case start="1556881988755" stop="1556881988755" status="canceled">
            <name>validateAlternativeTitleTypeForLegalTypeForSpecial</name>
            <description>Validate alternative title type of the asset for Legal Type</description>
            <failure>
                <message>: Skipped due to dependency on other skipped or failed test methods</message>
                <stack-trace>ru.yandex.qatools.allure.testng.AllureTestListener$1: Skipped due to dependency on other skipped or failed test methods
	at ru.yandex.qatools.allure.testng.AllureTestListener.fireTestCaseCancel(AllureTestListener.java:425)
	at ru.yandex.qatools.allure.testng.AllureTestListener.onTestSkipped(AllureTestListener.java:186)
	at org.testng.internal.TestListenerHelper.runTestListeners(TestListenerHelper.java:61)
	at org.testng.internal.Invoker.runTestListeners(Invoker.java:1389)
	at org.testng.internal.Invoker.registerSkippedTestResult(Invoker.java:1063)
	at org.testng.internal.Invoker.invokeMethod(Invoker.java:529)
	at org.testng.internal.Invoker.invokeTestMethod(Invoker.java:719)
	at org.testng.internal.Invoker.invokeTestMethods(Invoker.java:989)
	at org.testng.internal.TestMethodWorker.invokeTestMethods(TestMethodWorker.java:125)
	at org.testng.internal.TestMethodWorker.run(TestMethodWorker.java:109)
	at java.util.concurrent.ThreadPoolExecutor.runWorker(ThreadPoolExecutor.java:1149)
	at java.util.concurrent.ThreadPoolExecutor$Worker.run(ThreadPoolExecutor.java:624)
	at java.lang.Thread.run(Thread.java:748)
</stack-trace>
            </failure>
            <steps/>
            <attachments/>
            <labels>
                <label name="testSuite" value="Suite"/>
                <label name="testGroup" value="AssetCreationForSpecial"/>
                <label name="testClass" value="com.amc.testclasses.RLTestCasesForSpecial"/>
                <label name="testMethod" value="validateAlternativeTitleTypeForLegalTypeForSpecial"/>
                <label name="story" value="RLRegressionValidation"/>
                <label name="feature" value="RLRegressionValidation"/>
                <label name="host" value="MONO-HYD-LAP-44"/>
                <label name="thread" value="8768@MONO-HYD-LAP-44.TestNG-test=AssetCreationForSpecial-1(64)"/>
            </labels>
        </test-case>
        <test-case start="1556881988765" stop="1556881988768" status="canceled">
            <name>validateAssetShowTypeForSpecial</name>
            <description>Validate Asset Shpw Type of WOP</description>
            <failure>
                <message>: Skipped due to dependency on other skipped or failed test methods</message>
                <stack-trace>ru.yandex.qatools.allure.testng.AllureTestListener$1: Skipped due to dependency on other skipped or failed test methods
	at ru.yandex.qatools.allure.testng.AllureTestListener.fireTestCaseCancel(AllureTestListener.java:425)
	at ru.yandex.qatools.allure.testng.AllureTestListener.onTestSkipped(AllureTestListener.java:186)
	at org.testng.internal.TestListenerHelper.runTestListeners(TestListenerHelper.java:61)
	at org.testng.internal.Invoker.runTestListeners(Invoker.java:1389)
	at org.testng.internal.Invoker.registerSkippedTestResult(Invoker.java:1063)
	at org.testng.internal.Invoker.invokeMethod(Invoker.java:529)
	at org.testng.internal.Invoker.invokeTestMethod(Invoker.java:719)
	at org.testng.internal.Invoker.invokeTestMethods(Invoker.java:989)
	at org.testng.internal.TestMethodWorker.invokeTestMethods(TestMethodWorker.java:125)
	at org.testng.internal.TestMethodWorker.run(TestMethodWorker.java:109)
	at java.util.concurrent.ThreadPoolExecutor.runWorker(ThreadPoolExecutor.java:1149)
	at java.util.concurrent.ThreadPoolExecutor$Worker.run(ThreadPoolExecutor.java:624)
	at java.lang.Thread.run(Thread.java:748)
</stack-trace>
            </failure>
            <steps/>
            <attachments/>
            <labels>
                <label name="testSuite" value="Suite"/>
                <label name="testGroup" value="AssetCreationForSpecial"/>
                <label name="testClass" value="com.amc.testclasses.RLTestCasesForSpecial"/>
                <label name="testMethod" value="validateAssetShowTypeForSpecial"/>
                <label name="story" value="RLRegressionValidation"/>
                <label name="feature" value="RLRegressionValidation"/>
                <label name="host" value="MONO-HYD-LAP-44"/>
                <label name="thread" value="8768@MONO-HYD-LAP-44.TestNG-test=AssetCreationForSpecial-1(64)"/>
            </labels>
        </test-case>
        <test-case start="1556881988769" stop="1556881988769" status="canceled">
            <name>validateAssetSourceForSpecial</name>
            <description>Validate Asset Source of WOP</description>
            <failure>
                <message>: Skipped due to dependency on other skipped or failed test methods</message>
                <stack-trace>ru.yandex.qatools.allure.testng.AllureTestListener$1: Skipped due to dependency on other skipped or failed test methods
	at ru.yandex.qatools.allure.testng.AllureTestListener.fireTestCaseCancel(AllureTestListener.java:425)
	at ru.yandex.qatools.allure.testng.AllureTestListener.onTestSkipped(AllureTestListener.java:186)
	at org.testng.internal.TestListenerHelper.runTestListeners(TestListenerHelper.java:61)
	at org.testng.internal.Invoker.runTestListeners(Invoker.java:1389)
	at org.testng.internal.Invoker.registerSkippedTestResult(Invoker.java:1063)
	at org.testng.internal.Invoker.invokeMethod(Invoker.java:529)
	at org.testng.internal.Invoker.invokeTestMethod(Invoker.java:719)
	at org.testng.internal.Invoker.invokeTestMethods(Invoker.java:989)
	at org.testng.internal.TestMethodWorker.invokeTestMethods(TestMethodWorker.java:125)
	at org.testng.internal.TestMethodWorker.run(TestMethodWorker.java:109)
	at java.util.concurrent.ThreadPoolExecutor.runWorker(ThreadPoolExecutor.java:1149)
	at java.util.concurrent.ThreadPoolExecutor$Worker.run(ThreadPoolExecutor.java:624)
	at java.lang.Thread.run(Thread.java:748)
</stack-trace>
            </failure>
            <steps/>
            <attachments/>
            <labels>
                <label name="testSuite" value="Suite"/>
                <label name="testGroup" value="AssetCreationForSpecial"/>
                <label name="testClass" value="com.amc.testclasses.RLTestCasesForSpecial"/>
                <label name="testMethod" value="validateAssetSourceForSpecial"/>
                <label name="story" value="RLRegressionValidation"/>
                <label name="feature" value="RLRegressionValidation"/>
                <label name="host" value="MONO-HYD-LAP-44"/>
                <label name="thread" value="8768@MONO-HYD-LAP-44.TestNG-test=AssetCreationForSpecial-1(64)"/>
            </labels>
        </test-case>
        <test-case start="1556881988773" stop="1556881988774" status="canceled">
            <name>validateAssetTitleForSpecial</name>
            <description>Validate Asset Title of WOP</description>
            <failure>
                <message>: Skipped due to dependency on other skipped or failed test methods</message>
                <stack-trace>ru.yandex.qatools.allure.testng.AllureTestListener$1: Skipped due to dependency on other skipped or failed test methods
	at ru.yandex.qatools.allure.testng.AllureTestListener.fireTestCaseCancel(AllureTestListener.java:425)
	at ru.yandex.qatools.allure.testng.AllureTestListener.onTestSkipped(AllureTestListener.java:186)
	at org.testng.internal.TestListenerHelper.runTestListeners(TestListenerHelper.java:61)
	at org.testng.internal.Invoker.runTestListeners(Invoker.java:1389)
	at org.testng.internal.Invoker.registerSkippedTestResult(Invoker.java:1063)
	at org.testng.internal.Invoker.invokeMethod(Invoker.java:529)
	at org.testng.internal.Invoker.invokeTestMethod(Invoker.java:719)
	at org.testng.internal.Invoker.invokeTestMethods(Invoker.java:989)
	at org.testng.internal.TestMethodWorker.invokeTestMethods(TestMethodWorker.java:125)
	at org.testng.internal.TestMethodWorker.run(TestMethodWorker.java:109)
	at java.util.concurrent.ThreadPoolExecutor.runWorker(ThreadPoolExecutor.java:1149)
	at java.util.concurrent.ThreadPoolExecutor$Worker.run(ThreadPoolExecutor.java:624)
	at java.lang.Thread.run(Thread.java:748)
</stack-trace>
            </failure>
            <steps/>
            <attachments/>
            <labels>
                <label name="testSuite" value="Suite"/>
                <label name="testGroup" value="AssetCreationForSpecial"/>
                <label name="testClass" value="com.amc.testclasses.RLTestCasesForSpecial"/>
                <label name="testMethod" value="validateAssetTitleForSpecial"/>
                <label name="story" value="RLRegressionValidation"/>
                <label name="feature" value="RLRegressionValidation"/>
                <label name="host" value="MONO-HYD-LAP-44"/>
                <label name="thread" value="8768@MONO-HYD-LAP-44.TestNG-test=AssetCreationForSpecial-1(64)"/>
            </labels>
        </test-case>
        <test-case start="1556881988776" stop="1556881988777" status="canceled">
            <name>validateCastTypeForSpecial</name>
            <description>Validate Cast Type</description>
            <failure>
                <message>: Skipped due to dependency on other skipped or failed test methods</message>
                <stack-trace>ru.yandex.qatools.allure.testng.AllureTestListener$1: Skipped due to dependency on other skipped or failed test methods
	at ru.yandex.qatools.allure.testng.AllureTestListener.fireTestCaseCancel(AllureTestListener.java:425)
	at ru.yandex.qatools.allure.testng.AllureTestListener.onTestSkipped(AllureTestListener.java:186)
	at org.testng.internal.TestListenerHelper.runTestListeners(TestListenerHelper.java:61)
	at org.testng.internal.Invoker.runTestListeners(Invoker.java:1389)
	at org.testng.internal.Invoker.registerSkippedTestResult(Invoker.java:1063)
	at org.testng.internal.Invoker.invokeMethod(Invoker.java:529)
	at org.testng.internal.Invoker.invokeTestMethod(Invoker.java:719)
	at org.testng.internal.Invoker.invokeTestMethods(Invoker.java:989)
	at org.testng.internal.TestMethodWorker.invokeTestMethods(TestMethodWorker.java:125)
	at org.testng.internal.TestMethodWorker.run(TestMethodWorker.java:109)
	at java.util.concurrent.ThreadPoolExecutor.runWorker(ThreadPoolExecutor.java:1149)
	at java.util.concurrent.ThreadPoolExecutor$Worker.run(ThreadPoolExecutor.java:624)
	at java.lang.Thread.run(Thread.java:748)
</stack-trace>
            </failure>
            <steps/>
            <attachments/>
            <labels>
                <label name="testSuite" value="Suite"/>
                <label name="testGroup" value="AssetCreationForSpecial"/>
                <label name="testClass" value="com.amc.testclasses.RLTestCasesForSpecial"/>
                <label name="testMethod" value="validateCastTypeForSpecial"/>
                <label name="story" value="RLRegressionValidation"/>
                <label name="feature" value="RLRegressionValidation"/>
                <label name="host" value="MONO-HYD-LAP-44"/>
                <label name="thread" value="8768@MONO-HYD-LAP-44.TestNG-test=AssetCreationForSpecial-1(64)"/>
            </labels>
        </test-case>
        <test-case start="1556881988778" stop="1556881988778" status="canceled">
            <name>validateFirstNameOfCastMemberForSpecial</name>
            <description>Validate name of cast member</description>
            <failure>
                <message>: Skipped due to dependency on other skipped or failed test methods</message>
                <stack-trace>ru.yandex.qatools.allure.testng.AllureTestListener$1: Skipped due to dependency on other skipped or failed test methods
	at ru.yandex.qatools.allure.testng.AllureTestListener.fireTestCaseCancel(AllureTestListener.java:425)
	at ru.yandex.qatools.allure.testng.AllureTestListener.onTestSkipped(AllureTestListener.java:186)
	at org.testng.internal.TestListenerHelper.runTestListeners(TestListenerHelper.java:61)
	at org.testng.internal.Invoker.runTestListeners(Invoker.java:1389)
	at org.testng.internal.Invoker.registerSkippedTestResult(Invoker.java:1063)
	at org.testng.internal.Invoker.invokeMethod(Invoker.java:529)
	at org.testng.internal.Invoker.invokeTestMethod(Invoker.java:719)
	at org.testng.internal.Invoker.invokeTestMethods(Invoker.java:989)
	at org.testng.internal.TestMethodWorker.invokeTestMethods(TestMethodWorker.java:125)
	at org.testng.internal.TestMethodWorker.run(TestMethodWorker.java:109)
	at java.util.concurrent.ThreadPoolExecutor.runWorker(ThreadPoolExecutor.java:1149)
	at java.util.concurrent.ThreadPoolExecutor$Worker.run(ThreadPoolExecutor.java:624)
	at java.lang.Thread.run(Thread.java:748)
</stack-trace>
            </failure>
            <steps/>
            <attachments/>
            <labels>
                <label name="testSuite" value="Suite"/>
                <label name="testGroup" value="AssetCreationForSpecial"/>
                <label name="testClass" value="com.amc.testclasses.RLTestCasesForSpecial"/>
                <label name="testMethod" value="validateFirstNameOfCastMemberForSpecial"/>
                <label name="story" value="RLRegressionValidation"/>
                <label name="feature" value="RLRegressionValidation"/>
                <label name="host" value="MONO-HYD-LAP-44"/>
                <label name="thread" value="8768@MONO-HYD-LAP-44.TestNG-test=AssetCreationForSpecial-1(64)"/>
            </labels>
        </test-case>
        <test-case start="1556881988781" stop="1556881988782" status="canceled">
            <name>validateOriginForSpecial</name>
            <description>Validate Origin of WOP</description>
            <failure>
                <message>: Skipped due to dependency on other skipped or failed test methods</message>
                <stack-trace>ru.yandex.qatools.allure.testng.AllureTestListener$1: Skipped due to dependency on other skipped or failed test methods
	at ru.yandex.qatools.allure.testng.AllureTestListener.fireTestCaseCancel(AllureTestListener.java:425)
	at ru.yandex.qatools.allure.testng.AllureTestListener.onTestSkipped(AllureTestListener.java:186)
	at org.testng.internal.TestListenerHelper.runTestListeners(TestListenerHelper.java:61)
	at org.testng.internal.Invoker.runTestListeners(Invoker.java:1389)
	at org.testng.internal.Invoker.registerSkippedTestResult(Invoker.java:1063)
	at org.testng.internal.Invoker.invokeMethod(Invoker.java:529)
	at org.testng.internal.Invoker.invokeTestMethod(Invoker.java:719)
	at org.testng.internal.Invoker.invokeTestMethods(Invoker.java:989)
	at org.testng.internal.TestMethodWorker.invokeTestMethods(TestMethodWorker.java:125)
	at org.testng.internal.TestMethodWorker.run(TestMethodWorker.java:109)
	at java.util.concurrent.ThreadPoolExecutor.runWorker(ThreadPoolExecutor.java:1149)
	at java.util.concurrent.ThreadPoolExecutor$Worker.run(ThreadPoolExecutor.java:624)
	at java.lang.Thread.run(Thread.java:748)
</stack-trace>
            </failure>
            <steps/>
            <attachments/>
            <labels>
                <label name="testSuite" value="Suite"/>
                <label name="testGroup" value="AssetCreationForSpecial"/>
                <label name="testClass" value="com.amc.testclasses.RLTestCasesForSpecial"/>
                <label name="testMethod" value="validateOriginForSpecial"/>
                <label name="story" value="RLRegressionValidation"/>
                <label name="feature" value="RLRegressionValidation"/>
                <label name="host" value="MONO-HYD-LAP-44"/>
                <label name="thread" value="8768@MONO-HYD-LAP-44.TestNG-test=AssetCreationForSpecial-1(64)"/>
            </labels>
        </test-case>
        <test-case start="1556881988785" stop="1556881988785" status="canceled">
            <name>validateProductionCompanyForSpecial</name>
            <description>Validate Production Company of the asset</description>
            <failure>
                <message>: Skipped due to dependency on other skipped or failed test methods</message>
                <stack-trace>ru.yandex.qatools.allure.testng.AllureTestListener$1: Skipped due to dependency on other skipped or failed test methods
	at ru.yandex.qatools.allure.testng.AllureTestListener.fireTestCaseCancel(AllureTestListener.java:425)
	at ru.yandex.qatools.allure.testng.AllureTestListener.onTestSkipped(AllureTestListener.java:186)
	at org.testng.internal.TestListenerHelper.runTestListeners(TestListenerHelper.java:61)
	at org.testng.internal.Invoker.runTestListeners(Invoker.java:1389)
	at org.testng.internal.Invoker.registerSkippedTestResult(Invoker.java:1063)
	at org.testng.internal.Invoker.invokeMethod(Invoker.java:529)
	at org.testng.internal.Invoker.invokeTestMethod(Invoker.java:719)
	at org.testng.internal.Invoker.invokeTestMethods(Invoker.java:989)
	at org.testng.internal.TestMethodWorker.invokeTestMethods(TestMethodWorker.java:125)
	at org.testng.internal.TestMethodWorker.run(TestMethodWorker.java:109)
	at java.util.concurrent.ThreadPoolExecutor.runWorker(ThreadPoolExecutor.java:1149)
	at java.util.concurrent.ThreadPoolExecutor$Worker.run(ThreadPoolExecutor.java:624)
	at java.lang.Thread.run(Thread.java:748)
</stack-trace>
            </failure>
            <steps/>
            <attachments/>
            <labels>
                <label name="testSuite" value="Suite"/>
                <label name="testGroup" value="AssetCreationForSpecial"/>
                <label name="testClass" value="com.amc.testclasses.RLTestCasesForSpecial"/>
                <label name="testMethod" value="validateProductionCompanyForSpecial"/>
                <label name="story" value="RLRegressionValidation"/>
                <label name="feature" value="RLRegressionValidation"/>
                <label name="host" value="MONO-HYD-LAP-44"/>
                <label name="thread" value="8768@MONO-HYD-LAP-44.TestNG-test=AssetCreationForSpecial-1(64)"/>
            </labels>
        </test-case>
        <test-case start="1556881988787" stop="1556881988788" status="canceled">
            <name>validateProductionModeForSpecial</name>
            <description>Validate Production Mode of WOP</description>
            <failure>
                <message>: Skipped due to dependency on other skipped or failed test methods</message>
                <stack-trace>ru.yandex.qatools.allure.testng.AllureTestListener$1: Skipped due to dependency on other skipped or failed test methods
	at ru.yandex.qatools.allure.testng.AllureTestListener.fireTestCaseCancel(AllureTestListener.java:425)
	at ru.yandex.qatools.allure.testng.AllureTestListener.onTestSkipped(AllureTestListener.java:186)
	at org.testng.internal.TestListenerHelper.runTestListeners(TestListenerHelper.java:61)
	at org.testng.internal.Invoker.runTestListeners(Invoker.java:1389)
	at org.testng.internal.Invoker.registerSkippedTestResult(Invoker.java:1063)
	at org.testng.internal.Invoker.invokeMethod(Invoker.java:529)
	at org.testng.internal.Invoker.invokeTestMethod(Invoker.java:719)
	at org.testng.internal.Invoker.invokeTestMethods(Invoker.java:989)
	at org.testng.internal.TestMethodWorker.invokeTestMethods(TestMethodWorker.java:125)
	at org.testng.internal.TestMethodWorker.run(TestMethodWorker.java:109)
	at java.util.concurrent.ThreadPoolExecutor.runWorker(ThreadPoolExecutor.java:1149)
	at java.util.concurrent.ThreadPoolExecutor$Worker.run(ThreadPoolExecutor.java:624)
	at java.lang.Thread.run(Thread.java:748)
</stack-trace>
            </failure>
            <steps/>
            <attachments/>
            <labels>
                <label name="testSuite" value="Suite"/>
                <label name="testGroup" value="AssetCreationForSpecial"/>
                <label name="testClass" value="com.amc.testclasses.RLTestCasesForSpecial"/>
                <label name="testMethod" value="validateProductionModeForSpecial"/>
                <label name="story" value="RLRegressionValidation"/>
                <label name="feature" value="RLRegressionValidation"/>
                <label name="host" value="MONO-HYD-LAP-44"/>
                <label name="thread" value="8768@MONO-HYD-LAP-44.TestNG-test=AssetCreationForSpecial-1(64)"/>
            </labels>
        </test-case>
        <test-case start="1556881988790" stop="1556881988790" status="canceled">
            <name>validateReleaseYearForSpecial</name>
            <description>Validate release year of the asset</description>
            <failure>
                <message>: Skipped due to dependency on other skipped or failed test methods</message>
                <stack-trace>ru.yandex.qatools.allure.testng.AllureTestListener$1: Skipped due to dependency on other skipped or failed test methods
	at ru.yandex.qatools.allure.testng.AllureTestListener.fireTestCaseCancel(AllureTestListener.java:425)
	at ru.yandex.qatools.allure.testng.AllureTestListener.onTestSkipped(AllureTestListener.java:186)
	at org.testng.internal.TestListenerHelper.runTestListeners(TestListenerHelper.java:61)
	at org.testng.internal.Invoker.runTestListeners(Invoker.java:1389)
	at org.testng.internal.Invoker.registerSkippedTestResult(Invoker.java:1063)
	at org.testng.internal.Invoker.invokeMethod(Invoker.java:529)
	at org.testng.internal.Invoker.invokeTestMethod(Invoker.java:719)
	at org.testng.internal.Invoker.invokeTestMethods(Invoker.java:989)
	at org.testng.internal.TestMethodWorker.invokeTestMethods(TestMethodWorker.java:125)
	at org.testng.internal.TestMethodWorker.run(TestMethodWorker.java:109)
	at java.util.concurrent.ThreadPoolExecutor.runWorker(ThreadPoolExecutor.java:1149)
	at java.util.concurrent.ThreadPoolExecutor$Worker.run(ThreadPoolExecutor.java:624)
	at java.lang.Thread.run(Thread.java:748)
</stack-trace>
            </failure>
            <steps/>
            <attachments/>
            <labels>
                <label name="testSuite" value="Suite"/>
                <label name="testGroup" value="AssetCreationForSpecial"/>
                <label name="testClass" value="com.amc.testclasses.RLTestCasesForSpecial"/>
                <label name="testMethod" value="validateReleaseYearForSpecial"/>
                <label name="story" value="RLRegressionValidation"/>
                <label name="feature" value="RLRegressionValidation"/>
                <label name="host" value="MONO-HYD-LAP-44"/>
                <label name="thread" value="8768@MONO-HYD-LAP-44.TestNG-test=AssetCreationForSpecial-1(64)"/>
            </labels>
        </test-case>
        <test-case start="1556881988794" stop="1556881988795" status="canceled">
            <name>validateTRTForSpecial</name>
            <description>Validate TRT of the asset</description>
            <failure>
                <message>: Skipped due to dependency on other skipped or failed test methods</message>
                <stack-trace>ru.yandex.qatools.allure.testng.AllureTestListener$1: Skipped due to dependency on other skipped or failed test methods
	at ru.yandex.qatools.allure.testng.AllureTestListener.fireTestCaseCancel(AllureTestListener.java:425)
	at ru.yandex.qatools.allure.testng.AllureTestListener.onTestSkipped(AllureTestListener.java:186)
	at org.testng.internal.TestListenerHelper.runTestListeners(TestListenerHelper.java:61)
	at org.testng.internal.Invoker.runTestListeners(Invoker.java:1389)
	at org.testng.internal.Invoker.registerSkippedTestResult(Invoker.java:1063)
	at org.testng.internal.Invoker.invokeMethod(Invoker.java:529)
	at org.testng.internal.Invoker.invokeTestMethod(Invoker.java:719)
	at org.testng.internal.Invoker.invokeTestMethods(Invoker.java:989)
	at org.testng.internal.TestMethodWorker.invokeTestMethods(TestMethodWorker.java:125)
	at org.testng.internal.TestMethodWorker.run(TestMethodWorker.java:109)
	at java.util.concurrent.ThreadPoolExecutor.runWorker(ThreadPoolExecutor.java:1149)
	at java.util.concurrent.ThreadPoolExecutor$Worker.run(ThreadPoolExecutor.java:624)
	at java.lang.Thread.run(Thread.java:748)
</stack-trace>
            </failure>
            <steps/>
            <attachments/>
            <labels>
                <label name="testSuite" value="Suite"/>
                <label name="testGroup" value="AssetCreationForSpecial"/>
                <label name="testClass" value="com.amc.testclasses.RLTestCasesForSpecial"/>
                <label name="testMethod" value="validateTRTForSpecial"/>
                <label name="story" value="RLRegressionValidation"/>
                <label name="feature" value="RLRegressionValidation"/>
                <label name="host" value="MONO-HYD-LAP-44"/>
                <label name="thread" value="8768@MONO-HYD-LAP-44.TestNG-test=AssetCreationForSpecial-1(64)"/>
            </labels>
        </test-case>
        <test-case start="1556881988799" stop="1556881988799" status="canceled">
            <name>validateTitleTypeForSpecial</name>
            <description>Validate title type of the asset</description>
            <failure>
                <message>: Skipped due to dependency on other skipped or failed test methods</message>
                <stack-trace>ru.yandex.qatools.allure.testng.AllureTestListener$1: Skipped due to dependency on other skipped or failed test methods
	at ru.yandex.qatools.allure.testng.AllureTestListener.fireTestCaseCancel(AllureTestListener.java:425)
	at ru.yandex.qatools.allure.testng.AllureTestListener.onTestSkipped(AllureTestListener.java:186)
	at org.testng.internal.TestListenerHelper.runTestListeners(TestListenerHelper.java:61)
	at org.testng.internal.Invoker.runTestListeners(Invoker.java:1389)
	at org.testng.internal.Invoker.registerSkippedTestResult(Invoker.java:1063)
	at org.testng.internal.Invoker.invokeMethod(Invoker.java:529)
	at org.testng.internal.Invoker.invokeTestMethod(Invoker.java:719)
	at org.testng.internal.Invoker.invokeTestMethods(Invoker.java:989)
	at org.testng.internal.TestMethodWorker.invokeTestMethods(TestMethodWorker.java:125)
	at org.testng.internal.TestMethodWorker.run(TestMethodWorker.java:109)
	at java.util.concurrent.ThreadPoolExecutor.runWorker(ThreadPoolExecutor.java:1149)
	at java.util.concurrent.ThreadPoolExecutor$Worker.run(ThreadPoolExecutor.java:624)
	at java.lang.Thread.run(Thread.java:748)
</stack-trace>
            </failure>
            <steps/>
            <attachments/>
            <labels>
                <label name="testSuite" value="Suite"/>
                <label name="testGroup" value="AssetCreationForSpecial"/>
                <label name="testClass" value="com.amc.testclasses.RLTestCasesForSpecial"/>
                <label name="testMethod" value="validateTitleTypeForSpecial"/>
                <label name="story" value="RLRegressionValidation"/>
                <label name="feature" value="RLRegressionValidation"/>
                <label name="host" value="MONO-HYD-LAP-44"/>
                <label name="thread" value="8768@MONO-HYD-LAP-44.TestNG-test=AssetCreationForSpecial-1(64)"/>
            </labels>
        </test-case>
        <test-case start="1556881988802" stop="1556881988802" status="canceled">
            <name>setExcelValuesToInitialValue</name>
            <description>@AfterTest</description>
            <failure>
                <message>: Skipped due to dependency on other skipped or failed test methods</message>
                <stack-trace>ru.yandex.qatools.allure.testng.AllureTestListener$1: Skipped due to dependency on other skipped or failed test methods
	at ru.yandex.qatools.allure.testng.AllureTestListener.fireTestCaseCancel(AllureTestListener.java:425)
	at ru.yandex.qatools.allure.testng.AllureTestListener.onConfigurationSkip(AllureTestListener.java:120)
	at org.testng.internal.TestListenerHelper.runPostConfigurationListeners(TestListenerHelper.java:37)
	at org.testng.internal.Invoker.runConfigurationListeners(Invoker.java:1384)
	at org.testng.internal.Invoker.handleConfigurationSkip(Invoker.java:250)
	at org.testng.internal.Invoker.invokeConfigurations(Invoker.java:200)
	at org.testng.internal.Invoker.invokeConfigurations(Invoker.java:142)
	at org.testng.TestRunner.afterRun(TestRunner.java:725)
	at org.testng.TestRunner.run(TestRunner.java:509)
	at org.testng.SuiteRunner.runTest(SuiteRunner.java:455)
	at org.testng.SuiteRunner.runSequentially(SuiteRunner.java:450)
	at org.testng.SuiteRunner.privateRun(SuiteRunner.java:415)
	at org.testng.SuiteRunner.run(SuiteRunner.java:364)
	at org.testng.SuiteRunnerWorker.runSuite(SuiteRunnerWorker.java:52)
	at org.testng.SuiteRunnerWorker.run(SuiteRunnerWorker.java:84)
	at org.testng.TestNG.runSuitesSequentially(TestNG.java:1208)
	at org.testng.TestNG.runSuitesLocally(TestNG.java:1137)
	at org.testng.TestNG.runSuites(TestNG.java:1049)
	at org.testng.TestNG.run(TestNG.java:1017)
	at org.testng.remote.AbstractRemoteTestNG.run(AbstractRemoteTestNG.java:114)
	at org.testng.remote.RemoteTestNG.initAndRun(RemoteTestNG.java:251)
	at org.testng.remote.RemoteTestNG.main(RemoteTestNG.java:77)
</stack-trace>
            </failure>
            <steps/>
            <attachments/>
            <labels>
                <label name="story" value="RLRegressionValidation"/>
                <label name="feature" value="RLRegressionValidation"/>
                <label name="host" value="MONO-HYD-LAP-44"/>
                <label name="thread" value="8768@MONO-HYD-LAP-44.main(1)"/>
            </labels>
        </test-case>
    </test-cases>
    <labels>
        <label name="framework" value="TestNG"/>
        <label name="language" value="JAVA"/>
    </labels>
</ns2:test-suite>
