<?xml version="1.0" encoding="UTF-8" standalone="yes"?>
<ns2:test-suite start="1558001889546" stop="1558001898346" version="1.5.4" xmlns:ns2="urn:model.allure.qatools.yandex.ru">
    <name>Suite : AssetCreationForSpecial[assetType=Special]</name>
    <title>Suite : AssetCreationForSpecial[assetType=Special]</title>
    <test-cases>
        <test-case start="1558001890237" stop="1558001890237" status="failed">
            <name>checkExecutionCondition</name>
            <description>@BeforeClass</description>
            <failure>
                <message>AssertionError: Special did not get created</message>
                <stack-trace>java.lang.AssertionError: Special did not get created
	at org.testng.Assert.fail(Assert.java:96)
	at com.amc.baseclass.AMCBaseClass.checkExecutionCondition(AMCBaseClass.java:193)
	at sun.reflect.NativeMethodAccessorImpl.invoke0(Native Method)
	at sun.reflect.NativeMethodAccessorImpl.invoke(NativeMethodAccessorImpl.java:62)
	at sun.reflect.DelegatingMethodAccessorImpl.invoke(DelegatingMethodAccessorImpl.java:43)
	at java.lang.reflect.Method.invoke(Method.java:498)
	at org.testng.internal.MethodInvocationHelper.invokeMethod(MethodInvocationHelper.java:124)
	at org.testng.internal.MethodInvocationHelper.invokeMethodConsideringTimeout(MethodInvocationHelper.java:59)
	at org.testng.internal.Invoker.invokeConfigurationMethod(Invoker.java:458)
	at org.testng.internal.Invoker.invokeConfigurations(Invoker.java:222)
	at org.testng.internal.Invoker.invokeConfigurations(Invoker.java:142)
	at org.testng.internal.TestMethodWorker.invokeBeforeClassMethods(TestMethodWorker.java:168)
	at org.testng.internal.TestMethodWorker.run(TestMethodWorker.java:105)
	at java.util.concurrent.ThreadPoolExecutor.runWorker(ThreadPoolExecutor.java:1149)
	at java.util.concurrent.ThreadPoolExecutor$Worker.run(ThreadPoolExecutor.java:624)
	at java.lang.Thread.run(Thread.java:748)
</stack-trace>
            </failure>
            <steps/>
            <attachments/>
            <labels>
                <label name="story" value="RLRegressionValidation"/>
                <label name="feature" value="RLRegressionValidation"/>
                <label name="host" value="MONO-HYD-LAP-41"/>
                <label name="thread" value="16232@MONO-HYD-LAP-41.TestNG-test=AssetCreationForSpecial-1(74)"/>
            </labels>
        </test-case>
        <test-case start="1558001890728" stop="1558001890728" status="canceled">
            <name>validateAMCNIDForSpecial</name>
            <description>Validate AMCN id of WOP</description>
            <failure>
                <message>: Skipped due to dependency on other skipped or failed test methods</message>
                <stack-trace>ru.yandex.qatools.allure.testng.AllureTestListener$1: Skipped due to dependency on other skipped or failed test methods
	at ru.yandex.qatools.allure.testng.AllureTestListener.fireTestCaseCancel(AllureTestListener.java:425)
	at ru.yandex.qatools.allure.testng.AllureTestListener.onTestSkipped(AllureTestListener.java:186)
	at org.testng.internal.TestListenerHelper.runTestListeners(TestListenerHelper.java:61)
	at org.testng.internal.Invoker.runTestListeners(Invoker.java:1389)
	at org.testng.internal.Invoker.registerSkippedTestResult(Invoker.java:1063)
	at org.testng.internal.Invoker.invokeMethod(Invoker.java:529)
	at org.testng.internal.Invoker.invokeTestMethod(Invoker.java:719)
	at org.testng.internal.Invoker.invokeTestMethods(Invoker.java:989)
	at org.testng.internal.TestMethodWorker.invokeTestMethods(TestMethodWorker.java:125)
	at org.testng.internal.TestMethodWorker.run(TestMethodWorker.java:109)
	at java.util.concurrent.ThreadPoolExecutor.runWorker(ThreadPoolExecutor.java:1149)
	at java.util.concurrent.ThreadPoolExecutor$Worker.run(ThreadPoolExecutor.java:624)
	at java.lang.Thread.run(Thread.java:748)
</stack-trace>
            </failure>
            <steps/>
            <attachments/>
            <labels>
                <label name="testSuite" value="Suite"/>
                <label name="testGroup" value="AssetCreationForSpecial"/>
                <label name="testClass" value="com.amc.testclasses.RLTestCasesForSpecial"/>
                <label name="testMethod" value="validateAMCNIDForSpecial"/>
                <label name="story" value="RLRegressionValidation"/>
                <label name="feature" value="RLRegressionValidation"/>
                <label name="host" value="MONO-HYD-LAP-41"/>
                <label name="thread" value="16232@MONO-HYD-LAP-41.TestNG-test=AssetCreationForSpecial-1(74)"/>
            </labels>
        </test-case>
        <test-case start="1558001891230" stop="1558001891230" status="canceled">
            <name>validateAlternativeTitleForAKAForSpecial</name>
            <description>Validate alternative title of the asset for AKA Type</description>
            <failure>
                <message>: Skipped due to dependency on other skipped or failed test methods</message>
                <stack-trace>ru.yandex.qatools.allure.testng.AllureTestListener$1: Skipped due to dependency on other skipped or failed test methods
	at ru.yandex.qatools.allure.testng.AllureTestListener.fireTestCaseCancel(AllureTestListener.java:425)
	at ru.yandex.qatools.allure.testng.AllureTestListener.onTestSkipped(AllureTestListener.java:186)
	at org.testng.internal.TestListenerHelper.runTestListeners(TestListenerHelper.java:61)
	at org.testng.internal.Invoker.runTestListeners(Invoker.java:1389)
	at org.testng.internal.Invoker.registerSkippedTestResult(Invoker.java:1063)
	at org.testng.internal.Invoker.invokeMethod(Invoker.java:529)
	at org.testng.internal.Invoker.invokeTestMethod(Invoker.java:719)
	at org.testng.internal.Invoker.invokeTestMethods(Invoker.java:989)
	at org.testng.internal.TestMethodWorker.invokeTestMethods(TestMethodWorker.java:125)
	at org.testng.internal.TestMethodWorker.run(TestMethodWorker.java:109)
	at java.util.concurrent.ThreadPoolExecutor.runWorker(ThreadPoolExecutor.java:1149)
	at java.util.concurrent.ThreadPoolExecutor$Worker.run(ThreadPoolExecutor.java:624)
	at java.lang.Thread.run(Thread.java:748)
</stack-trace>
            </failure>
            <steps/>
            <attachments/>
            <labels>
                <label name="testSuite" value="Suite"/>
                <label name="testGroup" value="AssetCreationForSpecial"/>
                <label name="testClass" value="com.amc.testclasses.RLTestCasesForSpecial"/>
                <label name="testMethod" value="validateAlternativeTitleForAKAForSpecial"/>
                <label name="story" value="RLRegressionValidation"/>
                <label name="feature" value="RLRegressionValidation"/>
                <label name="host" value="MONO-HYD-LAP-41"/>
                <label name="thread" value="16232@MONO-HYD-LAP-41.TestNG-test=AssetCreationForSpecial-1(74)"/>
            </labels>
        </test-case>
        <test-case start="1558001891740" stop="1558001891740" status="canceled">
            <name>validateAlternativeTitleForLegalForSpecial</name>
            <description>Validate alternative title of the asset for Legal Type</description>
            <failure>
                <message>: Skipped due to dependency on other skipped or failed test methods</message>
                <stack-trace>ru.yandex.qatools.allure.testng.AllureTestListener$1: Skipped due to dependency on other skipped or failed test methods
	at ru.yandex.qatools.allure.testng.AllureTestListener.fireTestCaseCancel(AllureTestListener.java:425)
	at ru.yandex.qatools.allure.testng.AllureTestListener.onTestSkipped(AllureTestListener.java:186)
	at org.testng.internal.TestListenerHelper.runTestListeners(TestListenerHelper.java:61)
	at org.testng.internal.Invoker.runTestListeners(Invoker.java:1389)
	at org.testng.internal.Invoker.registerSkippedTestResult(Invoker.java:1063)
	at org.testng.internal.Invoker.invokeMethod(Invoker.java:529)
	at org.testng.internal.Invoker.invokeTestMethod(Invoker.java:719)
	at org.testng.internal.Invoker.invokeTestMethods(Invoker.java:989)
	at org.testng.internal.TestMethodWorker.invokeTestMethods(TestMethodWorker.java:125)
	at org.testng.internal.TestMethodWorker.run(TestMethodWorker.java:109)
	at java.util.concurrent.ThreadPoolExecutor.runWorker(ThreadPoolExecutor.java:1149)
	at java.util.concurrent.ThreadPoolExecutor$Worker.run(ThreadPoolExecutor.java:624)
	at java.lang.Thread.run(Thread.java:748)
</stack-trace>
            </failure>
            <steps/>
            <attachments/>
            <labels>
                <label name="testSuite" value="Suite"/>
                <label name="testGroup" value="AssetCreationForSpecial"/>
                <label name="testClass" value="com.amc.testclasses.RLTestCasesForSpecial"/>
                <label name="testMethod" value="validateAlternativeTitleForLegalForSpecial"/>
                <label name="story" value="RLRegressionValidation"/>
                <label name="feature" value="RLRegressionValidation"/>
                <label name="host" value="MONO-HYD-LAP-41"/>
                <label name="thread" value="16232@MONO-HYD-LAP-41.TestNG-test=AssetCreationForSpecial-1(74)"/>
            </labels>
        </test-case>
        <test-case start="1558001892252" stop="1558001892252" status="canceled">
            <name>validateAlternativeTitleTypeForAKAForSpecial</name>
            <description>Validate alternative title type of the asset for AKA Type</description>
            <failure>
                <message>: Skipped due to dependency on other skipped or failed test methods</message>
                <stack-trace>ru.yandex.qatools.allure.testng.AllureTestListener$1: Skipped due to dependency on other skipped or failed test methods
	at ru.yandex.qatools.allure.testng.AllureTestListener.fireTestCaseCancel(AllureTestListener.java:425)
	at ru.yandex.qatools.allure.testng.AllureTestListener.onTestSkipped(AllureTestListener.java:186)
	at org.testng.internal.TestListenerHelper.runTestListeners(TestListenerHelper.java:61)
	at org.testng.internal.Invoker.runTestListeners(Invoker.java:1389)
	at org.testng.internal.Invoker.registerSkippedTestResult(Invoker.java:1063)
	at org.testng.internal.Invoker.invokeMethod(Invoker.java:529)
	at org.testng.internal.Invoker.invokeTestMethod(Invoker.java:719)
	at org.testng.internal.Invoker.invokeTestMethods(Invoker.java:989)
	at org.testng.internal.TestMethodWorker.invokeTestMethods(TestMethodWorker.java:125)
	at org.testng.internal.TestMethodWorker.run(TestMethodWorker.java:109)
	at java.util.concurrent.ThreadPoolExecutor.runWorker(ThreadPoolExecutor.java:1149)
	at java.util.concurrent.ThreadPoolExecutor$Worker.run(ThreadPoolExecutor.java:624)
	at java.lang.Thread.run(Thread.java:748)
</stack-trace>
            </failure>
            <steps/>
            <attachments/>
            <labels>
                <label name="testSuite" value="Suite"/>
                <label name="testGroup" value="AssetCreationForSpecial"/>
                <label name="testClass" value="com.amc.testclasses.RLTestCasesForSpecial"/>
                <label name="testMethod" value="validateAlternativeTitleTypeForAKAForSpecial"/>
                <label name="story" value="RLRegressionValidation"/>
                <label name="feature" value="RLRegressionValidation"/>
                <label name="host" value="MONO-HYD-LAP-41"/>
                <label name="thread" value="16232@MONO-HYD-LAP-41.TestNG-test=AssetCreationForSpecial-1(74)"/>
            </labels>
        </test-case>
        <test-case start="1558001892740" stop="1558001892741" status="canceled">
            <name>validateAlternativeTitleTypeForLegalTypeForSpecial</name>
            <description>Validate alternative title type of the asset for Legal Type</description>
            <failure>
                <message>: Skipped due to dependency on other skipped or failed test methods</message>
                <stack-trace>ru.yandex.qatools.allure.testng.AllureTestListener$1: Skipped due to dependency on other skipped or failed test methods
	at ru.yandex.qatools.allure.testng.AllureTestListener.fireTestCaseCancel(AllureTestListener.java:425)
	at ru.yandex.qatools.allure.testng.AllureTestListener.onTestSkipped(AllureTestListener.java:186)
	at org.testng.internal.TestListenerHelper.runTestListeners(TestListenerHelper.java:61)
	at org.testng.internal.Invoker.runTestListeners(Invoker.java:1389)
	at org.testng.internal.Invoker.registerSkippedTestResult(Invoker.java:1063)
	at org.testng.internal.Invoker.invokeMethod(Invoker.java:529)
	at org.testng.internal.Invoker.invokeTestMethod(Invoker.java:719)
	at org.testng.internal.Invoker.invokeTestMethods(Invoker.java:989)
	at org.testng.internal.TestMethodWorker.invokeTestMethods(TestMethodWorker.java:125)
	at org.testng.internal.TestMethodWorker.run(TestMethodWorker.java:109)
	at java.util.concurrent.ThreadPoolExecutor.runWorker(ThreadPoolExecutor.java:1149)
	at java.util.concurrent.ThreadPoolExecutor$Worker.run(ThreadPoolExecutor.java:624)
	at java.lang.Thread.run(Thread.java:748)
</stack-trace>
            </failure>
            <steps/>
            <attachments/>
            <labels>
                <label name="testSuite" value="Suite"/>
                <label name="testGroup" value="AssetCreationForSpecial"/>
                <label name="testClass" value="com.amc.testclasses.RLTestCasesForSpecial"/>
                <label name="testMethod" value="validateAlternativeTitleTypeForLegalTypeForSpecial"/>
                <label name="story" value="RLRegressionValidation"/>
                <label name="feature" value="RLRegressionValidation"/>
                <label name="host" value="MONO-HYD-LAP-41"/>
                <label name="thread" value="16232@MONO-HYD-LAP-41.TestNG-test=AssetCreationForSpecial-1(74)"/>
            </labels>
        </test-case>
        <test-case start="1558001893246" stop="1558001893246" status="canceled">
            <name>validateAssetShowTypeForSpecial</name>
            <description>Validate Asset Shpw Type of WOP</description>
            <failure>
                <message>: Skipped due to dependency on other skipped or failed test methods</message>
                <stack-trace>ru.yandex.qatools.allure.testng.AllureTestListener$1: Skipped due to dependency on other skipped or failed test methods
	at ru.yandex.qatools.allure.testng.AllureTestListener.fireTestCaseCancel(AllureTestListener.java:425)
	at ru.yandex.qatools.allure.testng.AllureTestListener.onTestSkipped(AllureTestListener.java:186)
	at org.testng.internal.TestListenerHelper.runTestListeners(TestListenerHelper.java:61)
	at org.testng.internal.Invoker.runTestListeners(Invoker.java:1389)
	at org.testng.internal.Invoker.registerSkippedTestResult(Invoker.java:1063)
	at org.testng.internal.Invoker.invokeMethod(Invoker.java:529)
	at org.testng.internal.Invoker.invokeTestMethod(Invoker.java:719)
	at org.testng.internal.Invoker.invokeTestMethods(Invoker.java:989)
	at org.testng.internal.TestMethodWorker.invokeTestMethods(TestMethodWorker.java:125)
	at org.testng.internal.TestMethodWorker.run(TestMethodWorker.java:109)
	at java.util.concurrent.ThreadPoolExecutor.runWorker(ThreadPoolExecutor.java:1149)
	at java.util.concurrent.ThreadPoolExecutor$Worker.run(ThreadPoolExecutor.java:624)
	at java.lang.Thread.run(Thread.java:748)
</stack-trace>
            </failure>
            <steps/>
            <attachments/>
            <labels>
                <label name="testSuite" value="Suite"/>
                <label name="testGroup" value="AssetCreationForSpecial"/>
                <label name="testClass" value="com.amc.testclasses.RLTestCasesForSpecial"/>
                <label name="testMethod" value="validateAssetShowTypeForSpecial"/>
                <label name="story" value="RLRegressionValidation"/>
                <label name="feature" value="RLRegressionValidation"/>
                <label name="host" value="MONO-HYD-LAP-41"/>
                <label name="thread" value="16232@MONO-HYD-LAP-41.TestNG-test=AssetCreationForSpecial-1(74)"/>
            </labels>
        </test-case>
        <test-case start="1558001893761" stop="1558001893761" status="canceled">
            <name>validateAssetSourceForSpecial</name>
            <description>Validate Asset Source of WOP</description>
            <failure>
                <message>: Skipped due to dependency on other skipped or failed test methods</message>
                <stack-trace>ru.yandex.qatools.allure.testng.AllureTestListener$1: Skipped due to dependency on other skipped or failed test methods
	at ru.yandex.qatools.allure.testng.AllureTestListener.fireTestCaseCancel(AllureTestListener.java:425)
	at ru.yandex.qatools.allure.testng.AllureTestListener.onTestSkipped(AllureTestListener.java:186)
	at org.testng.internal.TestListenerHelper.runTestListeners(TestListenerHelper.java:61)
	at org.testng.internal.Invoker.runTestListeners(Invoker.java:1389)
	at org.testng.internal.Invoker.registerSkippedTestResult(Invoker.java:1063)
	at org.testng.internal.Invoker.invokeMethod(Invoker.java:529)
	at org.testng.internal.Invoker.invokeTestMethod(Invoker.java:719)
	at org.testng.internal.Invoker.invokeTestMethods(Invoker.java:989)
	at org.testng.internal.TestMethodWorker.invokeTestMethods(TestMethodWorker.java:125)
	at org.testng.internal.TestMethodWorker.run(TestMethodWorker.java:109)
	at java.util.concurrent.ThreadPoolExecutor.runWorker(ThreadPoolExecutor.java:1149)
	at java.util.concurrent.ThreadPoolExecutor$Worker.run(ThreadPoolExecutor.java:624)
	at java.lang.Thread.run(Thread.java:748)
</stack-trace>
            </failure>
            <steps/>
            <attachments/>
            <labels>
                <label name="testSuite" value="Suite"/>
                <label name="testGroup" value="AssetCreationForSpecial"/>
                <label name="testClass" value="com.amc.testclasses.RLTestCasesForSpecial"/>
                <label name="testMethod" value="validateAssetSourceForSpecial"/>
                <label name="story" value="RLRegressionValidation"/>
                <label name="feature" value="RLRegressionValidation"/>
                <label name="host" value="MONO-HYD-LAP-41"/>
                <label name="thread" value="16232@MONO-HYD-LAP-41.TestNG-test=AssetCreationForSpecial-1(74)"/>
            </labels>
        </test-case>
        <test-case start="1558001894243" stop="1558001894244" status="canceled">
            <name>validateAssetTitleForSpecial</name>
            <description>Validate Asset Title of WOP</description>
            <failure>
                <message>: Skipped due to dependency on other skipped or failed test methods</message>
                <stack-trace>ru.yandex.qatools.allure.testng.AllureTestListener$1: Skipped due to dependency on other skipped or failed test methods
	at ru.yandex.qatools.allure.testng.AllureTestListener.fireTestCaseCancel(AllureTestListener.java:425)
	at ru.yandex.qatools.allure.testng.AllureTestListener.onTestSkipped(AllureTestListener.java:186)
	at org.testng.internal.TestListenerHelper.runTestListeners(TestListenerHelper.java:61)
	at org.testng.internal.Invoker.runTestListeners(Invoker.java:1389)
	at org.testng.internal.Invoker.registerSkippedTestResult(Invoker.java:1063)
	at org.testng.internal.Invoker.invokeMethod(Invoker.java:529)
	at org.testng.internal.Invoker.invokeTestMethod(Invoker.java:719)
	at org.testng.internal.Invoker.invokeTestMethods(Invoker.java:989)
	at org.testng.internal.TestMethodWorker.invokeTestMethods(TestMethodWorker.java:125)
	at org.testng.internal.TestMethodWorker.run(TestMethodWorker.java:109)
	at java.util.concurrent.ThreadPoolExecutor.runWorker(ThreadPoolExecutor.java:1149)
	at java.util.concurrent.ThreadPoolExecutor$Worker.run(ThreadPoolExecutor.java:624)
	at java.lang.Thread.run(Thread.java:748)
</stack-trace>
            </failure>
            <steps/>
            <attachments/>
            <labels>
                <label name="testSuite" value="Suite"/>
                <label name="testGroup" value="AssetCreationForSpecial"/>
                <label name="testClass" value="com.amc.testclasses.RLTestCasesForSpecial"/>
                <label name="testMethod" value="validateAssetTitleForSpecial"/>
                <label name="story" value="RLRegressionValidation"/>
                <label name="feature" value="RLRegressionValidation"/>
                <label name="host" value="MONO-HYD-LAP-41"/>
                <label name="thread" value="16232@MONO-HYD-LAP-41.TestNG-test=AssetCreationForSpecial-1(74)"/>
            </labels>
        </test-case>
        <test-case start="1558001894741" stop="1558001894741" status="canceled">
            <name>validateCastTypeForSpecial</name>
            <description>Validate Cast Type</description>
            <failure>
                <message>: Skipped due to dependency on other skipped or failed test methods</message>
                <stack-trace>ru.yandex.qatools.allure.testng.AllureTestListener$1: Skipped due to dependency on other skipped or failed test methods
	at ru.yandex.qatools.allure.testng.AllureTestListener.fireTestCaseCancel(AllureTestListener.java:425)
	at ru.yandex.qatools.allure.testng.AllureTestListener.onTestSkipped(AllureTestListener.java:186)
	at org.testng.internal.TestListenerHelper.runTestListeners(TestListenerHelper.java:61)
	at org.testng.internal.Invoker.runTestListeners(Invoker.java:1389)
	at org.testng.internal.Invoker.registerSkippedTestResult(Invoker.java:1063)
	at org.testng.internal.Invoker.invokeMethod(Invoker.java:529)
	at org.testng.internal.Invoker.invokeTestMethod(Invoker.java:719)
	at org.testng.internal.Invoker.invokeTestMethods(Invoker.java:989)
	at org.testng.internal.TestMethodWorker.invokeTestMethods(TestMethodWorker.java:125)
	at org.testng.internal.TestMethodWorker.run(TestMethodWorker.java:109)
	at java.util.concurrent.ThreadPoolExecutor.runWorker(ThreadPoolExecutor.java:1149)
	at java.util.concurrent.ThreadPoolExecutor$Worker.run(ThreadPoolExecutor.java:624)
	at java.lang.Thread.run(Thread.java:748)
</stack-trace>
            </failure>
            <steps/>
            <attachments/>
            <labels>
                <label name="testSuite" value="Suite"/>
                <label name="testGroup" value="AssetCreationForSpecial"/>
                <label name="testClass" value="com.amc.testclasses.RLTestCasesForSpecial"/>
                <label name="testMethod" value="validateCastTypeForSpecial"/>
                <label name="story" value="RLRegressionValidation"/>
                <label name="feature" value="RLRegressionValidation"/>
                <label name="host" value="MONO-HYD-LAP-41"/>
                <label name="thread" value="16232@MONO-HYD-LAP-41.TestNG-test=AssetCreationForSpecial-1(74)"/>
            </labels>
        </test-case>
        <test-case start="1558001895223" stop="1558001895223" status="canceled">
            <name>validateFirstNameOfCastMemberForSpecial</name>
            <description>Validate name of cast member</description>
            <failure>
                <message>: Skipped due to dependency on other skipped or failed test methods</message>
                <stack-trace>ru.yandex.qatools.allure.testng.AllureTestListener$1: Skipped due to dependency on other skipped or failed test methods
	at ru.yandex.qatools.allure.testng.AllureTestListener.fireTestCaseCancel(AllureTestListener.java:425)
	at ru.yandex.qatools.allure.testng.AllureTestListener.onTestSkipped(AllureTestListener.java:186)
	at org.testng.internal.TestListenerHelper.runTestListeners(TestListenerHelper.java:61)
	at org.testng.internal.Invoker.runTestListeners(Invoker.java:1389)
	at org.testng.internal.Invoker.registerSkippedTestResult(Invoker.java:1063)
	at org.testng.internal.Invoker.invokeMethod(Invoker.java:529)
	at org.testng.internal.Invoker.invokeTestMethod(Invoker.java:719)
	at org.testng.internal.Invoker.invokeTestMethods(Invoker.java:989)
	at org.testng.internal.TestMethodWorker.invokeTestMethods(TestMethodWorker.java:125)
	at org.testng.internal.TestMethodWorker.run(TestMethodWorker.java:109)
	at java.util.concurrent.ThreadPoolExecutor.runWorker(ThreadPoolExecutor.java:1149)
	at java.util.concurrent.ThreadPoolExecutor$Worker.run(ThreadPoolExecutor.java:624)
	at java.lang.Thread.run(Thread.java:748)
</stack-trace>
            </failure>
            <steps/>
            <attachments/>
            <labels>
                <label name="testSuite" value="Suite"/>
                <label name="testGroup" value="AssetCreationForSpecial"/>
                <label name="testClass" value="com.amc.testclasses.RLTestCasesForSpecial"/>
                <label name="testMethod" value="validateFirstNameOfCastMemberForSpecial"/>
                <label name="story" value="RLRegressionValidation"/>
                <label name="feature" value="RLRegressionValidation"/>
                <label name="host" value="MONO-HYD-LAP-41"/>
                <label name="thread" value="16232@MONO-HYD-LAP-41.TestNG-test=AssetCreationForSpecial-1(74)"/>
            </labels>
        </test-case>
        <test-case start="1558001895716" stop="1558001895716" status="canceled">
            <name>validateOriginForSpecial</name>
            <description>Validate Origin of WOP</description>
            <failure>
                <message>: Skipped due to dependency on other skipped or failed test methods</message>
                <stack-trace>ru.yandex.qatools.allure.testng.AllureTestListener$1: Skipped due to dependency on other skipped or failed test methods
	at ru.yandex.qatools.allure.testng.AllureTestListener.fireTestCaseCancel(AllureTestListener.java:425)
	at ru.yandex.qatools.allure.testng.AllureTestListener.onTestSkipped(AllureTestListener.java:186)
	at org.testng.internal.TestListenerHelper.runTestListeners(TestListenerHelper.java:61)
	at org.testng.internal.Invoker.runTestListeners(Invoker.java:1389)
	at org.testng.internal.Invoker.registerSkippedTestResult(Invoker.java:1063)
	at org.testng.internal.Invoker.invokeMethod(Invoker.java:529)
	at org.testng.internal.Invoker.invokeTestMethod(Invoker.java:719)
	at org.testng.internal.Invoker.invokeTestMethods(Invoker.java:989)
	at org.testng.internal.TestMethodWorker.invokeTestMethods(TestMethodWorker.java:125)
	at org.testng.internal.TestMethodWorker.run(TestMethodWorker.java:109)
	at java.util.concurrent.ThreadPoolExecutor.runWorker(ThreadPoolExecutor.java:1149)
	at java.util.concurrent.ThreadPoolExecutor$Worker.run(ThreadPoolExecutor.java:624)
	at java.lang.Thread.run(Thread.java:748)
</stack-trace>
            </failure>
            <steps/>
            <attachments/>
            <labels>
                <label name="testSuite" value="Suite"/>
                <label name="testGroup" value="AssetCreationForSpecial"/>
                <label name="testClass" value="com.amc.testclasses.RLTestCasesForSpecial"/>
                <label name="testMethod" value="validateOriginForSpecial"/>
                <label name="story" value="RLRegressionValidation"/>
                <label name="feature" value="RLRegressionValidation"/>
                <label name="host" value="MONO-HYD-LAP-41"/>
                <label name="thread" value="16232@MONO-HYD-LAP-41.TestNG-test=AssetCreationForSpecial-1(74)"/>
            </labels>
        </test-case>
        <test-case start="1558001896230" stop="1558001896231" status="canceled">
            <name>validateProductionCompanyForSpecial</name>
            <description>Validate Production Company of the asset</description>
            <failure>
                <message>: Skipped due to dependency on other skipped or failed test methods</message>
                <stack-trace>ru.yandex.qatools.allure.testng.AllureTestListener$1: Skipped due to dependency on other skipped or failed test methods
	at ru.yandex.qatools.allure.testng.AllureTestListener.fireTestCaseCancel(AllureTestListener.java:425)
	at ru.yandex.qatools.allure.testng.AllureTestListener.onTestSkipped(AllureTestListener.java:186)
	at org.testng.internal.TestListenerHelper.runTestListeners(TestListenerHelper.java:61)
	at org.testng.internal.Invoker.runTestListeners(Invoker.java:1389)
	at org.testng.internal.Invoker.registerSkippedTestResult(Invoker.java:1063)
	at org.testng.internal.Invoker.invokeMethod(Invoker.java:529)
	at org.testng.internal.Invoker.invokeTestMethod(Invoker.java:719)
	at org.testng.internal.Invoker.invokeTestMethods(Invoker.java:989)
	at org.testng.internal.TestMethodWorker.invokeTestMethods(TestMethodWorker.java:125)
	at org.testng.internal.TestMethodWorker.run(TestMethodWorker.java:109)
	at java.util.concurrent.ThreadPoolExecutor.runWorker(ThreadPoolExecutor.java:1149)
	at java.util.concurrent.ThreadPoolExecutor$Worker.run(ThreadPoolExecutor.java:624)
	at java.lang.Thread.run(Thread.java:748)
</stack-trace>
            </failure>
            <steps/>
            <attachments/>
            <labels>
                <label name="testSuite" value="Suite"/>
                <label name="testGroup" value="AssetCreationForSpecial"/>
                <label name="testClass" value="com.amc.testclasses.RLTestCasesForSpecial"/>
                <label name="testMethod" value="validateProductionCompanyForSpecial"/>
                <label name="story" value="RLRegressionValidation"/>
                <label name="feature" value="RLRegressionValidation"/>
                <label name="host" value="MONO-HYD-LAP-41"/>
                <label name="thread" value="16232@MONO-HYD-LAP-41.TestNG-test=AssetCreationForSpecial-1(74)"/>
            </labels>
        </test-case>
        <test-case start="1558001896762" stop="1558001896763" status="canceled">
            <name>validateProductionModeForSpecial</name>
            <description>Validate Production Mode of WOP</description>
            <failure>
                <message>: Skipped due to dependency on other skipped or failed test methods</message>
                <stack-trace>ru.yandex.qatools.allure.testng.AllureTestListener$1: Skipped due to dependency on other skipped or failed test methods
	at ru.yandex.qatools.allure.testng.AllureTestListener.fireTestCaseCancel(AllureTestListener.java:425)
	at ru.yandex.qatools.allure.testng.AllureTestListener.onTestSkipped(AllureTestListener.java:186)
	at org.testng.internal.TestListenerHelper.runTestListeners(TestListenerHelper.java:61)
	at org.testng.internal.Invoker.runTestListeners(Invoker.java:1389)
	at org.testng.internal.Invoker.registerSkippedTestResult(Invoker.java:1063)
	at org.testng.internal.Invoker.invokeMethod(Invoker.java:529)
	at org.testng.internal.Invoker.invokeTestMethod(Invoker.java:719)
	at org.testng.internal.Invoker.invokeTestMethods(Invoker.java:989)
	at org.testng.internal.TestMethodWorker.invokeTestMethods(TestMethodWorker.java:125)
	at org.testng.internal.TestMethodWorker.run(TestMethodWorker.java:109)
	at java.util.concurrent.ThreadPoolExecutor.runWorker(ThreadPoolExecutor.java:1149)
	at java.util.concurrent.ThreadPoolExecutor$Worker.run(ThreadPoolExecutor.java:624)
	at java.lang.Thread.run(Thread.java:748)
</stack-trace>
            </failure>
            <steps/>
            <attachments/>
            <labels>
                <label name="testSuite" value="Suite"/>
                <label name="testGroup" value="AssetCreationForSpecial"/>
                <label name="testClass" value="com.amc.testclasses.RLTestCasesForSpecial"/>
                <label name="testMethod" value="validateProductionModeForSpecial"/>
                <label name="story" value="RLRegressionValidation"/>
                <label name="feature" value="RLRegressionValidation"/>
                <label name="host" value="MONO-HYD-LAP-41"/>
                <label name="thread" value="16232@MONO-HYD-LAP-41.TestNG-test=AssetCreationForSpecial-1(74)"/>
            </labels>
        </test-case>
        <test-case start="1558001897272" stop="1558001897272" status="canceled">
            <name>validateReleaseYearForSpecial</name>
            <description>Validate release year of the asset</description>
            <failure>
                <message>: Skipped due to dependency on other skipped or failed test methods</message>
                <stack-trace>ru.yandex.qatools.allure.testng.AllureTestListener$1: Skipped due to dependency on other skipped or failed test methods
	at ru.yandex.qatools.allure.testng.AllureTestListener.fireTestCaseCancel(AllureTestListener.java:425)
	at ru.yandex.qatools.allure.testng.AllureTestListener.onTestSkipped(AllureTestListener.java:186)
	at org.testng.internal.TestListenerHelper.runTestListeners(TestListenerHelper.java:61)
	at org.testng.internal.Invoker.runTestListeners(Invoker.java:1389)
	at org.testng.internal.Invoker.registerSkippedTestResult(Invoker.java:1063)
	at org.testng.internal.Invoker.invokeMethod(Invoker.java:529)
	at org.testng.internal.Invoker.invokeTestMethod(Invoker.java:719)
	at org.testng.internal.Invoker.invokeTestMethods(Invoker.java:989)
	at org.testng.internal.TestMethodWorker.invokeTestMethods(TestMethodWorker.java:125)
	at org.testng.internal.TestMethodWorker.run(TestMethodWorker.java:109)
	at java.util.concurrent.ThreadPoolExecutor.runWorker(ThreadPoolExecutor.java:1149)
	at java.util.concurrent.ThreadPoolExecutor$Worker.run(ThreadPoolExecutor.java:624)
	at java.lang.Thread.run(Thread.java:748)
</stack-trace>
            </failure>
            <steps/>
            <attachments/>
            <labels>
                <label name="testSuite" value="Suite"/>
                <label name="testGroup" value="AssetCreationForSpecial"/>
                <label name="testClass" value="com.amc.testclasses.RLTestCasesForSpecial"/>
                <label name="testMethod" value="validateReleaseYearForSpecial"/>
                <label name="story" value="RLRegressionValidation"/>
                <label name="feature" value="RLRegressionValidation"/>
                <label name="host" value="MONO-HYD-LAP-41"/>
                <label name="thread" value="16232@MONO-HYD-LAP-41.TestNG-test=AssetCreationForSpecial-1(74)"/>
            </labels>
        </test-case>
        <test-case start="1558001897838" stop="1558001897839" status="canceled">
            <name>validateTRTForSpecial</name>
            <description>Validate TRT of the asset</description>
            <failure>
                <message>: Skipped due to dependency on other skipped or failed test methods</message>
                <stack-trace>ru.yandex.qatools.allure.testng.AllureTestListener$1: Skipped due to dependency on other skipped or failed test methods
	at ru.yandex.qatools.allure.testng.AllureTestListener.fireTestCaseCancel(AllureTestListener.java:425)
	at ru.yandex.qatools.allure.testng.AllureTestListener.onTestSkipped(AllureTestListener.java:186)
	at org.testng.internal.TestListenerHelper.runTestListeners(TestListenerHelper.java:61)
	at org.testng.internal.Invoker.runTestListeners(Invoker.java:1389)
	at org.testng.internal.Invoker.registerSkippedTestResult(Invoker.java:1063)
	at org.testng.internal.Invoker.invokeMethod(Invoker.java:529)
	at org.testng.internal.Invoker.invokeTestMethod(Invoker.java:719)
	at org.testng.internal.Invoker.invokeTestMethods(Invoker.java:989)
	at org.testng.internal.TestMethodWorker.invokeTestMethods(TestMethodWorker.java:125)
	at org.testng.internal.TestMethodWorker.run(TestMethodWorker.java:109)
	at java.util.concurrent.ThreadPoolExecutor.runWorker(ThreadPoolExecutor.java:1149)
	at java.util.concurrent.ThreadPoolExecutor$Worker.run(ThreadPoolExecutor.java:624)
	at java.lang.Thread.run(Thread.java:748)
</stack-trace>
            </failure>
            <steps/>
            <attachments/>
            <labels>
                <label name="testSuite" value="Suite"/>
                <label name="testGroup" value="AssetCreationForSpecial"/>
                <label name="testClass" value="com.amc.testclasses.RLTestCasesForSpecial"/>
                <label name="testMethod" value="validateTRTForSpecial"/>
                <label name="story" value="RLRegressionValidation"/>
                <label name="feature" value="RLRegressionValidation"/>
                <label name="host" value="MONO-HYD-LAP-41"/>
                <label name="thread" value="16232@MONO-HYD-LAP-41.TestNG-test=AssetCreationForSpecial-1(74)"/>
            </labels>
        </test-case>
        <test-case start="1558001898318" stop="1558001898319" status="canceled">
            <name>validateTitleTypeForSpecial</name>
            <description>Validate title type of the asset</description>
            <failure>
                <message>: Skipped due to dependency on other skipped or failed test methods</message>
                <stack-trace>ru.yandex.qatools.allure.testng.AllureTestListener$1: Skipped due to dependency on other skipped or failed test methods
	at ru.yandex.qatools.allure.testng.AllureTestListener.fireTestCaseCancel(AllureTestListener.java:425)
	at ru.yandex.qatools.allure.testng.AllureTestListener.onTestSkipped(AllureTestListener.java:186)
	at org.testng.internal.TestListenerHelper.runTestListeners(TestListenerHelper.java:61)
	at org.testng.internal.Invoker.runTestListeners(Invoker.java:1389)
	at org.testng.internal.Invoker.registerSkippedTestResult(Invoker.java:1063)
	at org.testng.internal.Invoker.invokeMethod(Invoker.java:529)
	at org.testng.internal.Invoker.invokeTestMethod(Invoker.java:719)
	at org.testng.internal.Invoker.invokeTestMethods(Invoker.java:989)
	at org.testng.internal.TestMethodWorker.invokeTestMethods(TestMethodWorker.java:125)
	at org.testng.internal.TestMethodWorker.run(TestMethodWorker.java:109)
	at java.util.concurrent.ThreadPoolExecutor.runWorker(ThreadPoolExecutor.java:1149)
	at java.util.concurrent.ThreadPoolExecutor$Worker.run(ThreadPoolExecutor.java:624)
	at java.lang.Thread.run(Thread.java:748)
</stack-trace>
            </failure>
            <steps/>
            <attachments/>
            <labels>
                <label name="testSuite" value="Suite"/>
                <label name="testGroup" value="AssetCreationForSpecial"/>
                <label name="testClass" value="com.amc.testclasses.RLTestCasesForSpecial"/>
                <label name="testMethod" value="validateTitleTypeForSpecial"/>
                <label name="story" value="RLRegressionValidation"/>
                <label name="feature" value="RLRegressionValidation"/>
                <label name="host" value="MONO-HYD-LAP-41"/>
                <label name="thread" value="16232@MONO-HYD-LAP-41.TestNG-test=AssetCreationForSpecial-1(74)"/>
            </labels>
        </test-case>
        <test-case start="1558001898320" stop="1558001898321" status="broken">
            <name>setExcelValuesToInitialValue</name>
            <description>@AfterTest</description>
            <failure>
                <message>FileNotFoundException: D:\AMC\AMCNetworks\src\main\java\com\amc\datasheets\AssestsIntegration.xlsx (The process cannot access the file because it is being used by another process)</message>
                <stack-trace>java.io.FileNotFoundException: D:\AMC\AMCNetworks\src\main\java\com\amc\datasheets\AssestsIntegration.xlsx (The process cannot access the file because it is being used by another process)
	at java.io.FileOutputStream.open0(Native Method)
	at java.io.FileOutputStream.open(FileOutputStream.java:270)
	at java.io.FileOutputStream.&lt;init&gt;(FileOutputStream.java:213)
	at java.io.FileOutputStream.&lt;init&gt;(FileOutputStream.java:101)
	at com.amc.baseclass.AMCBaseClass.setExcelValuesToInitialValue(AMCBaseClass.java:204)
	at sun.reflect.NativeMethodAccessorImpl.invoke0(Native Method)
	at sun.reflect.NativeMethodAccessorImpl.invoke(NativeMethodAccessorImpl.java:62)
	at sun.reflect.DelegatingMethodAccessorImpl.invoke(DelegatingMethodAccessorImpl.java:43)
	at java.lang.reflect.Method.invoke(Method.java:498)
	at org.testng.internal.MethodInvocationHelper.invokeMethod(MethodInvocationHelper.java:124)
	at org.testng.internal.MethodInvocationHelper.invokeMethodConsideringTimeout(MethodInvocationHelper.java:59)
	at org.testng.internal.Invoker.invokeConfigurationMethod(Invoker.java:458)
	at org.testng.internal.Invoker.invokeConfigurations(Invoker.java:222)
	at org.testng.internal.Invoker.invokeConfigurations(Invoker.java:142)
	at org.testng.TestRunner.afterRun(TestRunner.java:725)
	at org.testng.TestRunner.run(TestRunner.java:509)
	at org.testng.SuiteRunner.runTest(SuiteRunner.java:455)
	at org.testng.SuiteRunner.runSequentially(SuiteRunner.java:450)
	at org.testng.SuiteRunner.privateRun(SuiteRunner.java:415)
	at org.testng.SuiteRunner.run(SuiteRunner.java:364)
	at org.testng.SuiteRunnerWorker.runSuite(SuiteRunnerWorker.java:52)
	at org.testng.SuiteRunnerWorker.run(SuiteRunnerWorker.java:84)
	at org.testng.TestNG.runSuitesSequentially(TestNG.java:1208)
	at org.testng.TestNG.runSuitesLocally(TestNG.java:1137)
	at org.testng.TestNG.runSuites(TestNG.java:1049)
	at org.testng.TestNG.run(TestNG.java:1017)
	at org.testng.remote.AbstractRemoteTestNG.run(AbstractRemoteTestNG.java:114)
	at org.testng.remote.RemoteTestNG.initAndRun(RemoteTestNG.java:251)
	at org.testng.remote.RemoteTestNG.main(RemoteTestNG.java:77)
</stack-trace>
            </failure>
            <steps/>
            <attachments/>
            <labels>
                <label name="story" value="RLRegressionValidation"/>
                <label name="feature" value="RLRegressionValidation"/>
                <label name="host" value="MONO-HYD-LAP-41"/>
                <label name="thread" value="16232@MONO-HYD-LAP-41.main(1)"/>
            </labels>
        </test-case>
    </test-cases>
    <labels>
        <label name="framework" value="TestNG"/>
        <label name="language" value="JAVA"/>
    </labels>
</ns2:test-suite>
