<?xml version="1.0" encoding="UTF-8" standalone="yes"?>
<ns2:test-suite start="1556881990603" stop="1556881997627" version="1.5.4" xmlns:ns2="urn:model.allure.qatools.yandex.ru">
    <name>Suite : AssetCreationForDemo[assetType=Demo]</name>
    <title>Suite : AssetCreationForDemo[assetType=Demo]</title>
    <test-cases>
        <test-case start="1556881996647" stop="1556881996700" status="failed">
            <name>validateAMCNIDForDemo</name>
            <description>Validate AMCN id of WOP</description>
            <failure>
                <message>AssertionError: Expected MP value was RLA217446 but found RLS21331</message>
                <stack-trace>java.lang.AssertionError: Expected MP value was RLA217446 but found RLS21331
	at org.testng.Assert.fail(Assert.java:96)
	at com.amc.pageobjects.LoginModule.validateRLValuesWithMP(LoginModule.java:90)
	at com.amc.testclasses.RLTestCasesForDemo.validateAMCNIDForDemo(RLTestCasesForDemo.java:35)
	at sun.reflect.NativeMethodAccessorImpl.invoke0(Native Method)
	at sun.reflect.NativeMethodAccessorImpl.invoke(NativeMethodAccessorImpl.java:62)
	at sun.reflect.DelegatingMethodAccessorImpl.invoke(DelegatingMethodAccessorImpl.java:43)
	at java.lang.reflect.Method.invoke(Method.java:498)
	at org.testng.internal.MethodInvocationHelper.invokeMethod(MethodInvocationHelper.java:124)
	at org.testng.internal.Invoker.invokeMethod(Invoker.java:583)
	at org.testng.internal.Invoker.invokeTestMethod(Invoker.java:719)
	at org.testng.internal.Invoker.invokeTestMethods(Invoker.java:989)
	at org.testng.internal.TestMethodWorker.invokeTestMethods(TestMethodWorker.java:125)
	at org.testng.internal.TestMethodWorker.run(TestMethodWorker.java:109)
	at java.util.concurrent.ThreadPoolExecutor.runWorker(ThreadPoolExecutor.java:1149)
	at java.util.concurrent.ThreadPoolExecutor$Worker.run(ThreadPoolExecutor.java:624)
	at java.lang.Thread.run(Thread.java:748)
</stack-trace>
            </failure>
            <steps>
                <step start="1556881990611" stop="1556881990611" status="passed">
                    <name>logStep[Get the details from Excel]</name>
                    <title>Get the details from Excel</title>
                </step>
                <step start="1556881990612" stop="1556881990612" status="passed">
                    <name>logStep[Http Client service is invoked]</name>
                    <title>Http Client service is invoked</title>
                </step>
                <step start="1556881990612" stop="1556881990612" status="passed">
                    <name>logStep[apirequest is  : --grant_type=client_credentials&amp;client_id=cebff59a-4e80-4a47-9c2a-6e25ec3c5397&amp;client_secret=xY...]</name>
                    <title>apirequest is  : --grant_type=client_credentials&amp;client_id=cebff59a-4e80-4a47-9c2a-6e25ec3c5397&amp;client_secret=xY2sJ4xW1b...</title>
                </step>
                <step start="1556881990612" stop="1556881990612" status="passed">
                    <name>logStep[Executing request with http Post method]</name>
                    <title>Executing request with http Post method</title>
                </step>
                <step start="1556881991852" stop="1556881991852" status="passed">
                    <name>logStep[Response is : HttpResponseProxy{HTTP/1.1 200 OK [X-Backside-Transport: FAIL FAIL, Connection: Keep-Alive, Transf...]</name>
                    <title>Response is : HttpResponseProxy{HTTP/1.1 200 OK [X-Backside-Transport: FAIL FAIL, Connection: Keep-Alive, Transfer-Encod...</title>
                </step>
                <step start="1556881991853" stop="1556881991853" status="passed">
                    <name>logStep[API Executed Successully : ]</name>
                    <title>API Executed Successully : </title>
                </step>
                <step start="1556881991853" stop="1556881991853" status="passed">
                    <name>logStep[API Executed Successfully]</name>
                    <title>API Executed Successfully</title>
                </step>
                <step start="1556881991853" stop="1556881991853" status="passed">
                    <name>logStep[{"access_token":"AAIkY2ViZmY1OWEtNGU4MC00YTQ3LTljMmEtNmUyNWVjM2M1Mzk3XZzQa4fkh3GXKS17y-XBJ0JdHLUJx4PGXkKBFCOeVDP...]</name>
                    <title>{"access_token":"AAIkY2ViZmY1OWEtNGU4MC00YTQ3LTljMmEtNmUyNWVjM2M1Mzk3XZzQa4fkh3GXKS17y-XBJ0JdHLUJx4PGXkKBFCOeVDPhBpOXrUI...</title>
                </step>
                <step start="1556881991853" stop="1556881991853" status="passed">
                    <name>logStep[access_token value is :AAIkY2ViZmY1OWEtNGU4MC00YTQ3LTljMmEtNmUyNWVjM2M1Mzk3XZzQa4fkh3GXKS17y-XBJ0JdHLUJx4PGXkKBF...]</name>
                    <title>access_token value is :AAIkY2ViZmY1OWEtNGU4MC00YTQ3LTljMmEtNmUyNWVjM2M1Mzk3XZzQa4fkh3GXKS17y-XBJ0JdHLUJx4PGXkKBFCOeVDPhB...</title>
                </step>
                <step start="1556881991853" stop="1556881991853" status="passed">
                    <name>logStep[Get the details from Excel]</name>
                    <title>Get the details from Excel</title>
                </step>
                <step start="1556881991853" stop="1556881991853" status="passed">
                    <name>logStep[Http Client service is invoked]</name>
                    <title>Http Client service is invoked</title>
                </step>
                <step start="1556881991853" stop="1556881991853" status="passed">
                    <name>logStep[apirequest is  : --{"username":"restRightsLogic5", "password": "abcd1234"} ]</name>
                    <title>apirequest is  : --{"username":"restRightsLogic5", "password": "abcd1234"} </title>
                </step>
                <step start="1556881991853" stop="1556881991853" status="passed">
                    <name>logStep[Using Access tokena as Bearer : no value]</name>
                    <title>Using Access tokena as Bearer : no value</title>
                </step>
                <step start="1556881991853" stop="1556881991853" status="passed">
                    <name>logStep[Headers are: : Content-Type------application/json]</name>
                    <title>Headers are: : Content-Type------application/json</title>
                </step>
                <step start="1556881991853" stop="1556881991853" status="passed">
                    <name>logStep[Using Access tokena as Bearer : no value]</name>
                    <title>Using Access tokena as Bearer : no value</title>
                </step>
                <step start="1556881991869" stop="1556881991869" status="passed">
                    <name>logStep[Using Access tokena as Bearer : AAIkY2ViZmY1OWEtNGU4MC00YTQ3LTljMmEtNmUyNWVjM2M1Mzk3XZzQa4fkh3GXKS17y-XBJ0JdHLUJ...]</name>
                    <title>Using Access tokena as Bearer : AAIkY2ViZmY1OWEtNGU4MC00YTQ3LTljMmEtNmUyNWVjM2M1Mzk3XZzQa4fkh3GXKS17y-XBJ0JdHLUJx4PGXkKB...</title>
                </step>
                <step start="1556881991869" stop="1556881991869" status="passed">
                    <name>logStep[Headers are: : Authorization------Bearer AAIkY2ViZmY1OWEtNGU4MC00YTQ3LTljMmEtNmUyNWVjM2M1Mzk3XZzQa4fkh3GXKS17y-X...]</name>
                    <title>Headers are: : Authorization------Bearer AAIkY2ViZmY1OWEtNGU4MC00YTQ3LTljMmEtNmUyNWVjM2M1Mzk3XZzQa4fkh3GXKS17y-XBJ0JdHLU...</title>
                </step>
                <step start="1556881991869" stop="1556881991869" status="passed">
                    <name>logStep[Using Access tokena as Bearer : no value]</name>
                    <title>Using Access tokena as Bearer : no value</title>
                </step>
                <step start="1556881991869" stop="1556881991869" status="passed">
                    <name>logStep[Headers are: : Accept------application/json]</name>
                    <title>Headers are: : Accept------application/json</title>
                </step>
                <step start="1556881991869" stop="1556881991869" status="passed">
                    <name>logStep[Using Access tokena as Bearer : no value]</name>
                    <title>Using Access tokena as Bearer : no value</title>
                </step>
                <step start="1556881991869" stop="1556881991869" status="passed">
                    <name>logStep[Headers are: : endpoint------https://cap-sg-prd-4.integration.ibmcloud.com:17433]</name>
                    <title>Headers are: : endpoint------https://cap-sg-prd-4.integration.ibmcloud.com:17433</title>
                </step>
                <step start="1556881991869" stop="1556881991869" status="passed">
                    <name>logStep[Using Access tokena as Bearer : no value]</name>
                    <title>Using Access tokena as Bearer : no value</title>
                </step>
                <step start="1556881991869" stop="1556881991869" status="passed">
                    <name>logStep[Headers are: : resource------/dev/program/login]</name>
                    <title>Headers are: : resource------/dev/program/login</title>
                </step>
                <step start="1556881991869" stop="1556881991869" status="passed">
                    <name>logStep[Using Access tokena as Bearer : no value]</name>
                    <title>Using Access tokena as Bearer : no value</title>
                </step>
                <step start="1556881991869" stop="1556881991869" status="passed">
                    <name>logStep[Headers are: : tls-profile------asit-wo-101059121-50697]</name>
                    <title>Headers are: : tls-profile------asit-wo-101059121-50697</title>
                </step>
                <step start="1556881991869" stop="1556881991869" status="passed">
                    <name>logStep[Using Access tokena as Bearer : no value]</name>
                    <title>Using Access tokena as Bearer : no value</title>
                </step>
                <step start="1556881991869" stop="1556881991869" status="passed">
                    <name>logStep[Headers are: : x-ibm-client-id------cebff59a-4e80-4a47-9c2a-6e25ec3c5397]</name>
                    <title>Headers are: : x-ibm-client-id------cebff59a-4e80-4a47-9c2a-6e25ec3c5397</title>
                </step>
                <step start="1556881991869" stop="1556881991869" status="passed">
                    <name>logStep[Executing post API with Http Post method]</name>
                    <title>Executing post API with Http Post method</title>
                </step>
                <step start="1556881993342" stop="1556881993342" status="passed">
                    <name>logStep[Response is : HttpResponseProxy{HTTP/1.1 200 OK [X-Backside-Transport: OK OK, Connection: Keep-Alive, Transfer-E...]</name>
                    <title>Response is : HttpResponseProxy{HTTP/1.1 200 OK [X-Backside-Transport: OK OK, Connection: Keep-Alive, Transfer-Encoding:...</title>
                </step>
                <step start="1556881993343" stop="1556881993343" status="passed">
                    <name>logStep[API Executed Successully : ]</name>
                    <title>API Executed Successully : </title>
                </step>
                <step start="1556881993343" stop="1556881993343" status="passed">
                    <name>logStep[API Executed Successfully]</name>
                    <title>API Executed Successfully</title>
                </step>
                <step start="1556881993343" stop="1556881993343" status="passed">
                    <name>logStep[{"service":"AMCN Integration Service","message":"Authentication successful","statusCode":"0","token":"eyJhbGciOi...]</name>
                    <title>{"service":"AMCN Integration Service","message":"Authentication successful","statusCode":"0","token":"eyJhbGciOiJIUzI1Ni...</title>
                </step>
                <step start="1556881993343" stop="1556881993343" status="passed">
                    <name>logStep[token value is :eyJhbGciOiJIUzI1NiIsInR5cCI6IkpXVCJ9.eyJ1c2VybmFtZSI6InJlc3RSaWdodHNMb2dpYzUiLCJwYXNzd29yZCI6bnV...]</name>
                    <title>token value is :eyJhbGciOiJIUzI1NiIsInR5cCI6IkpXVCJ9.eyJ1c2VybmFtZSI6InJlc3RSaWdodHNMb2dpYzUiLCJwYXNzd29yZCI6bnVsbCwiaWF...</title>
                </step>
                <step start="1556881993343" stop="1556881993343" status="passed">
                    <name>logStep[Started executing API Testing]</name>
                    <title>Started executing API Testing</title>
                </step>
                <step start="1556881993343" stop="1556881993343" status="passed">
                    <name>logStep[Verify Api Type is Get  or Post]</name>
                    <title>Verify Api Type is Get  or Post</title>
                </step>
                <step start="1556881993343" stop="1556881993343" status="passed">
                    <name>logStep[Given url is Get API continue execution]</name>
                    <title>Given url is Get API continue execution</title>
                </step>
                <step start="1556881993343" stop="1556881993343" status="passed">
                    <name>logStep[Given API is : https://api.us.apiconnect.ibmcloud.com/amc-networks-inc-dev/asit/1.2.0/adam/get]</name>
                    <title>Given API is : https://api.us.apiconnect.ibmcloud.com/amc-networks-inc-dev/asit/1.2.0/adam/get</title>
                </step>
                <step start="1556881993343" stop="1556881993343" status="passed">
                    <name>logStep[Using Access tokena as Bearer : AAIkY2ViZmY1OWEtNGU4MC00YTQ3LTljMmEtNmUyNWVjM2M1Mzk3XZzQa4fkh3GXKS17y-XBJ0JdHLUJ...]</name>
                    <title>Using Access tokena as Bearer : AAIkY2ViZmY1OWEtNGU4MC00YTQ3LTljMmEtNmUyNWVjM2M1Mzk3XZzQa4fkh3GXKS17y-XBJ0JdHLUJx4PGXkKB...</title>
                </step>
                <step start="1556881993343" stop="1556881993343" status="passed">
                    <name>logStep[Headers are: : Authorization------Bearer AAIkY2ViZmY1OWEtNGU4MC00YTQ3LTljMmEtNmUyNWVjM2M1Mzk3XZzQa4fkh3GXKS17y-X...]</name>
                    <title>Headers are: : Authorization------Bearer AAIkY2ViZmY1OWEtNGU4MC00YTQ3LTljMmEtNmUyNWVjM2M1Mzk3XZzQa4fkh3GXKS17y-XBJ0JdHLU...</title>
                </step>
                <step start="1556881993343" stop="1556881993343" status="passed">
                    <name>logStep[Headers are: : Content-Type------application/xml]</name>
                    <title>Headers are: : Content-Type------application/xml</title>
                </step>
                <step start="1556881993343" stop="1556881993343" status="passed">
                    <name>logStep[Using Access tokena as Bearer : eyJhbGciOiJIUzI1NiIsInR5cCI6IkpXVCJ9.eyJ1c2VybmFtZSI6InJlc3RSaWdodHNMb2dpYzUiLCJ...]</name>
                    <title>Using Access tokena as Bearer : eyJhbGciOiJIUzI1NiIsInR5cCI6IkpXVCJ9.eyJ1c2VybmFtZSI6InJlc3RSaWdodHNMb2dpYzUiLCJwYXNzd29...</title>
                </step>
                <step start="1556881993343" stop="1556881993343" status="passed">
                    <name>logStep[Headers are: : auth2------Bearer eyJhbGciOiJIUzI1NiIsInR5cCI6IkpXVCJ9.eyJ1c2VybmFtZSI6InJlc3RSaWdodHNMb2dpYzUiLC...]</name>
                    <title>Headers are: : auth2------Bearer eyJhbGciOiJIUzI1NiIsInR5cCI6IkpXVCJ9.eyJ1c2VybmFtZSI6InJlc3RSaWdodHNMb2dpYzUiLCJwYXNzd2...</title>
                </step>
                <step start="1556881993343" stop="1556881993343" status="passed">
                    <name>logStep[Headers are: : endpoint------https://cap-sg-prd-4.integration.ibmcloud.com:17433]</name>
                    <title>Headers are: : endpoint------https://cap-sg-prd-4.integration.ibmcloud.com:17433</title>
                </step>
                <step start="1556881993343" stop="1556881993343" status="passed">
                    <name>logStep[Headers are: : resource------/dev/program/getEpisodeSeasonSeries/externalReference/RLA217446]</name>
                    <title>Headers are: : resource------/dev/program/getEpisodeSeasonSeries/externalReference/RLA217446</title>
                </step>
                <step start="1556881993343" stop="1556881993343" status="passed">
                    <name>logStep[Headers are: : tls-profile------asit-wo-101059121-50697]</name>
                    <title>Headers are: : tls-profile------asit-wo-101059121-50697</title>
                </step>
                <step start="1556881993343" stop="1556881993343" status="passed">
                    <name>logStep[Headers are: : x-ibm-client-id------cebff59a-4e80-4a47-9c2a-6e25ec3c5397]</name>
                    <title>Headers are: : x-ibm-client-id------cebff59a-4e80-4a47-9c2a-6e25ec3c5397</title>
                </step>
                <step start="1556881994771" stop="1556881994771" status="passed">
                    <name>logStep[Execution Completed and reading response now]</name>
                    <title>Execution Completed and reading response now</title>
                </step>
                <step start="1556881994772" stop="1556881994772" status="passed">
                    <name>logStep[Verify Status code in response]</name>
                    <title>Verify Status code in response</title>
                </step>
                <step start="1556881994790" stop="1556881994790" status="passed">
                    <name>logStep[Get the details from Excel]</name>
                    <title>Get the details from Excel</title>
                </step>
                <step start="1556881994790" stop="1556881994790" status="passed">
                    <name>logStep[Http Client service is invoked]</name>
                    <title>Http Client service is invoked</title>
                </step>
                <step start="1556881994790" stop="1556881994790" status="passed">
                    <name>logStep[apirequest is  : --&lt;soapenv:Envelope xmlns:soapenv="http://schemas.xmlsoap.org/soap/envelope/" xmlns:xyt="urn:xy...]</name>
                    <title>apirequest is  : --&lt;soapenv:Envelope xmlns:soapenv="http://schemas.xmlsoap.org/soap/envelope/" xmlns:xyt="urn:xytechsyst...</title>
                </step>
                <step start="1556881994790" stop="1556881994790" status="passed">
                    <name>logStep[Using Access tokena as Bearer : eyJhbGciOiJIUzI1NiIsInR5cCI6IkpXVCJ9.eyJ1c2VybmFtZSI6InJlc3RSaWdodHNMb2dpYzUiLCJ...]</name>
                    <title>Using Access tokena as Bearer : eyJhbGciOiJIUzI1NiIsInR5cCI6IkpXVCJ9.eyJ1c2VybmFtZSI6InJlc3RSaWdodHNMb2dpYzUiLCJwYXNzd29...</title>
                </step>
                <step start="1556881994790" stop="1556881994790" status="passed">
                    <name>logStep[Headers are: : Content-Type------text/xml]</name>
                    <title>Headers are: : Content-Type------text/xml</title>
                </step>
                <step start="1556881994790" stop="1556881994790" status="passed">
                    <name>logStep[Using Access tokena as Bearer : eyJhbGciOiJIUzI1NiIsInR5cCI6IkpXVCJ9.eyJ1c2VybmFtZSI6InJlc3RSaWdodHNMb2dpYzUiLCJ...]</name>
                    <title>Using Access tokena as Bearer : eyJhbGciOiJIUzI1NiIsInR5cCI6IkpXVCJ9.eyJ1c2VybmFtZSI6InJlc3RSaWdodHNMb2dpYzUiLCJwYXNzd29...</title>
                </step>
                <step start="1556881994790" stop="1556881994790" status="passed">
                    <name>logStep[Headers are: : SOAPAction------Retrieve]</name>
                    <title>Headers are: : SOAPAction------Retrieve</title>
                </step>
                <step start="1556881994805" stop="1556881994805" status="passed">
                    <name>logStep[Executing post API with Http Post method]</name>
                    <title>Executing post API with Http Post method</title>
                </step>
                <step start="1556881995779" stop="1556881995779" status="passed">
                    <name>logStep[Response is : HttpResponseProxy{HTTP/1.1 200 OK [Content-Length: 10943, Content-Type: text/xml; charset=utf-8, S...]</name>
                    <title>Response is : HttpResponseProxy{HTTP/1.1 200 OK [Content-Length: 10943, Content-Type: text/xml; charset=utf-8, Server: M...</title>
                </step>
                <step start="1556881995779" stop="1556881995779" status="passed">
                    <name>logStep[API Executed Successully : ]</name>
                    <title>API Executed Successully : </title>
                </step>
                <step start="1556881995779" stop="1556881995779" status="passed">
                    <name>logStep[API Executed Successfully]</name>
                    <title>API Executed Successfully</title>
                </step>
                <step start="1556881995779" stop="1556881995779" status="passed">
                    <name>logStep[{"s:Envelope":{"xmlns:s":"http://schemas.xmlsoap.org/soap/envelope/","s:Body":{"RetrieveResponse":{"xmlns":"urn:...]</name>
                    <title>{"s:Envelope":{"xmlns:s":"http://schemas.xmlsoap.org/soap/envelope/","s:Body":{"RetrieveResponse":{"xmlns":"urn:xytechsy...</title>
                </step>
                <step start="1556881996691" stop="1556881996691" status="passed">
                    <name>logStep[Started reading Responses from WOP API ]</name>
                    <title>Started reading Responses from WOP API </title>
                </step>
                <step start="1556881996691" stop="1556881996691" status="passed">
                    <name>logStep[Validating AMCN ID param name in WOP API]</name>
                    <title>Validating AMCN ID param name in WOP API</title>
                </step>
                <step start="1556881996691" stop="1556881996691" status="passed">
                    <name>logStep[ Param values are ------ : [RLA217446]]</name>
                    <title> Param values are ------ : [RLA217446]</title>
                </step>
                <step start="1556881996691" stop="1556881996691" status="passed">
                    <name>logStep[Validating WOP API value RLA217446 with test data value RLA217446]</name>
                    <title>Validating WOP API value RLA217446 with test data value RLA217446</title>
                </step>
                <step start="1556881996700" stop="1556881996700" status="passed">
                    <name>logStep[Started reading Responses from MP API ]</name>
                    <title>Started reading Responses from MP API </title>
                </step>
                <step start="1556881996700" stop="1556881996700" status="passed">
                    <name>logStep[Validating AMCN ID param name in MP API]</name>
                    <title>Validating AMCN ID param name in MP API</title>
                </step>
                <step start="1556881996700" stop="1556881996700" status="passed">
                    <name>logStep[ Param values are ------ : [RLS21331]]</name>
                    <title> Param values are ------ : [RLS21331]</title>
                </step>
                <step start="1556881996700" stop="1556881996700" status="passed">
                    <name>logStep[Validating MP API value RLS21331 with test data value RLA217446]</name>
                    <title>Validating MP API value RLS21331 with test data value RLA217446</title>
                </step>
            </steps>
            <attachments/>
            <labels>
                <label name="testSuite" value="Suite"/>
                <label name="testGroup" value="AssetCreationForDemo"/>
                <label name="testClass" value="com.amc.testclasses.RLTestCasesForDemo"/>
                <label name="testMethod" value="validateAMCNIDForDemo"/>
                <label name="story" value="RLRegressionValidation"/>
                <label name="feature" value="RLRegressionValidation"/>
                <label name="host" value="MONO-HYD-LAP-44"/>
                <label name="thread" value="8768@MONO-HYD-LAP-44.TestNG-test=AssetCreationForDemo-1(65)"/>
            </labels>
        </test-case>
        <test-case start="1556881996700" stop="1556881996753" status="broken">
            <name>validateAlternativeTitleForAKAForDemo</name>
            <description>Validate alternative title of the asset for AKA Type</description>
            <failure>
                <message>JSONException: JSONObject["1"] not found.</message>
                <stack-trace>org.json.JSONException: JSONObject["1"] not found.
	at org.json.JSONObject.get(JSONObject.java:520)
	at com.amc.pageobjects.ApiExecutionTypes.getValue(ApiExecutionTypes.java:456)
	at com.amc.pageobjects.LoginModule.validateRLValuesWithWOP(LoginModule.java:71)
	at com.amc.testclasses.RLTestCasesForDemo.validateAlternativeTitleForAKAForDemo(RLTestCasesForDemo.java:129)
	at sun.reflect.NativeMethodAccessorImpl.invoke0(Native Method)
	at sun.reflect.NativeMethodAccessorImpl.invoke(NativeMethodAccessorImpl.java:62)
	at sun.reflect.DelegatingMethodAccessorImpl.invoke(DelegatingMethodAccessorImpl.java:43)
	at java.lang.reflect.Method.invoke(Method.java:498)
	at org.testng.internal.MethodInvocationHelper.invokeMethod(MethodInvocationHelper.java:124)
	at org.testng.internal.Invoker.invokeMethod(Invoker.java:583)
	at org.testng.internal.Invoker.invokeTestMethod(Invoker.java:719)
	at org.testng.internal.Invoker.invokeTestMethods(Invoker.java:989)
	at org.testng.internal.TestMethodWorker.invokeTestMethods(TestMethodWorker.java:125)
	at org.testng.internal.TestMethodWorker.run(TestMethodWorker.java:109)
	at java.util.concurrent.ThreadPoolExecutor.runWorker(ThreadPoolExecutor.java:1149)
	at java.util.concurrent.ThreadPoolExecutor$Worker.run(ThreadPoolExecutor.java:624)
	at java.lang.Thread.run(Thread.java:748)
</stack-trace>
            </failure>
            <steps>
                <step start="1556881996753" stop="1556881996753" status="passed">
                    <name>logStep[Started reading Responses from WOP API ]</name>
                    <title>Started reading Responses from WOP API </title>
                </step>
                <step start="1556881996753" stop="1556881996753" status="passed">
                    <name>logStep[Validating Alt Title param name in WOP API]</name>
                    <title>Validating Alt Title param name in WOP API</title>
                </step>
            </steps>
            <attachments/>
            <labels>
                <label name="testSuite" value="Suite"/>
                <label name="testGroup" value="AssetCreationForDemo"/>
                <label name="testClass" value="com.amc.testclasses.RLTestCasesForDemo"/>
                <label name="testMethod" value="validateAlternativeTitleForAKAForDemo"/>
                <label name="story" value="RLRegressionValidation"/>
                <label name="feature" value="RLRegressionValidation"/>
                <label name="host" value="MONO-HYD-LAP-44"/>
                <label name="thread" value="8768@MONO-HYD-LAP-44.TestNG-test=AssetCreationForDemo-1(65)"/>
            </labels>
        </test-case>
        <test-case start="1556881996753" stop="1556881996812" status="broken">
            <name>validateAlternativeTitleForLegalForDemo</name>
            <description>Validate alternative title of the asset for Legal Type</description>
            <failure>
                <message>JSONException: JSONObject["2"] not found.</message>
                <stack-trace>org.json.JSONException: JSONObject["2"] not found.
	at org.json.JSONObject.get(JSONObject.java:520)
	at com.amc.pageobjects.ApiExecutionTypes.getValue(ApiExecutionTypes.java:456)
	at com.amc.pageobjects.LoginModule.validateRLValuesWithWOP(LoginModule.java:71)
	at com.amc.testclasses.RLTestCasesForDemo.validateAlternativeTitleForLegalForDemo(RLTestCasesForDemo.java:145)
	at sun.reflect.NativeMethodAccessorImpl.invoke0(Native Method)
	at sun.reflect.NativeMethodAccessorImpl.invoke(NativeMethodAccessorImpl.java:62)
	at sun.reflect.DelegatingMethodAccessorImpl.invoke(DelegatingMethodAccessorImpl.java:43)
	at java.lang.reflect.Method.invoke(Method.java:498)
	at org.testng.internal.MethodInvocationHelper.invokeMethod(MethodInvocationHelper.java:124)
	at org.testng.internal.Invoker.invokeMethod(Invoker.java:583)
	at org.testng.internal.Invoker.invokeTestMethod(Invoker.java:719)
	at org.testng.internal.Invoker.invokeTestMethods(Invoker.java:989)
	at org.testng.internal.TestMethodWorker.invokeTestMethods(TestMethodWorker.java:125)
	at org.testng.internal.TestMethodWorker.run(TestMethodWorker.java:109)
	at java.util.concurrent.ThreadPoolExecutor.runWorker(ThreadPoolExecutor.java:1149)
	at java.util.concurrent.ThreadPoolExecutor$Worker.run(ThreadPoolExecutor.java:624)
	at java.lang.Thread.run(Thread.java:748)
</stack-trace>
            </failure>
            <steps>
                <step start="1556881996811" stop="1556881996811" status="passed">
                    <name>logStep[Started reading Responses from WOP API ]</name>
                    <title>Started reading Responses from WOP API </title>
                </step>
                <step start="1556881996812" stop="1556881996812" status="passed">
                    <name>logStep[Validating Alt Title For Legal param name in WOP API]</name>
                    <title>Validating Alt Title For Legal param name in WOP API</title>
                </step>
            </steps>
            <attachments/>
            <labels>
                <label name="testSuite" value="Suite"/>
                <label name="testGroup" value="AssetCreationForDemo"/>
                <label name="testClass" value="com.amc.testclasses.RLTestCasesForDemo"/>
                <label name="testMethod" value="validateAlternativeTitleForLegalForDemo"/>
                <label name="story" value="RLRegressionValidation"/>
                <label name="feature" value="RLRegressionValidation"/>
                <label name="host" value="MONO-HYD-LAP-44"/>
                <label name="thread" value="8768@MONO-HYD-LAP-44.TestNG-test=AssetCreationForDemo-1(65)"/>
            </labels>
        </test-case>
        <test-case start="1556881996812" stop="1556881996861" status="broken">
            <name>validateAlternativeTitleTypeForAKAForDemo</name>
            <description>Validate alternative title type of the asset for AKA Type</description>
            <failure>
                <message>JSONException: JSONObject["1"] not found.</message>
                <stack-trace>org.json.JSONException: JSONObject["1"] not found.
	at org.json.JSONObject.get(JSONObject.java:520)
	at com.amc.pageobjects.ApiExecutionTypes.getValue(ApiExecutionTypes.java:456)
	at com.amc.pageobjects.LoginModule.validateRLValuesWithWOP(LoginModule.java:71)
	at com.amc.testclasses.RLTestCasesForDemo.validateAlternativeTitleTypeForAKAForDemo(RLTestCasesForDemo.java:137)
	at sun.reflect.NativeMethodAccessorImpl.invoke0(Native Method)
	at sun.reflect.NativeMethodAccessorImpl.invoke(NativeMethodAccessorImpl.java:62)
	at sun.reflect.DelegatingMethodAccessorImpl.invoke(DelegatingMethodAccessorImpl.java:43)
	at java.lang.reflect.Method.invoke(Method.java:498)
	at org.testng.internal.MethodInvocationHelper.invokeMethod(MethodInvocationHelper.java:124)
	at org.testng.internal.Invoker.invokeMethod(Invoker.java:583)
	at org.testng.internal.Invoker.invokeTestMethod(Invoker.java:719)
	at org.testng.internal.Invoker.invokeTestMethods(Invoker.java:989)
	at org.testng.internal.TestMethodWorker.invokeTestMethods(TestMethodWorker.java:125)
	at org.testng.internal.TestMethodWorker.run(TestMethodWorker.java:109)
	at java.util.concurrent.ThreadPoolExecutor.runWorker(ThreadPoolExecutor.java:1149)
	at java.util.concurrent.ThreadPoolExecutor$Worker.run(ThreadPoolExecutor.java:624)
	at java.lang.Thread.run(Thread.java:748)
</stack-trace>
            </failure>
            <steps>
                <step start="1556881996861" stop="1556881996861" status="passed">
                    <name>logStep[Started reading Responses from WOP API ]</name>
                    <title>Started reading Responses from WOP API </title>
                </step>
                <step start="1556881996861" stop="1556881996861" status="passed">
                    <name>logStep[Validating Alt Title Type param name in WOP API]</name>
                    <title>Validating Alt Title Type param name in WOP API</title>
                </step>
            </steps>
            <attachments/>
            <labels>
                <label name="testSuite" value="Suite"/>
                <label name="testGroup" value="AssetCreationForDemo"/>
                <label name="testClass" value="com.amc.testclasses.RLTestCasesForDemo"/>
                <label name="testMethod" value="validateAlternativeTitleTypeForAKAForDemo"/>
                <label name="story" value="RLRegressionValidation"/>
                <label name="feature" value="RLRegressionValidation"/>
                <label name="host" value="MONO-HYD-LAP-44"/>
                <label name="thread" value="8768@MONO-HYD-LAP-44.TestNG-test=AssetCreationForDemo-1(65)"/>
            </labels>
        </test-case>
        <test-case start="1556881996861" stop="1556881996910" status="broken">
            <name>validateAlternativeTitleTypeForLegalTypeForDemo</name>
            <description>Validate alternative title type of the asset for Legal Type</description>
            <failure>
                <message>JSONException: JSONObject["2"] not found.</message>
                <stack-trace>org.json.JSONException: JSONObject["2"] not found.
	at org.json.JSONObject.get(JSONObject.java:520)
	at com.amc.pageobjects.ApiExecutionTypes.getValue(ApiExecutionTypes.java:456)
	at com.amc.pageobjects.LoginModule.validateRLValuesWithWOP(LoginModule.java:71)
	at com.amc.testclasses.RLTestCasesForDemo.validateAlternativeTitleTypeForLegalTypeForDemo(RLTestCasesForDemo.java:153)
	at sun.reflect.NativeMethodAccessorImpl.invoke0(Native Method)
	at sun.reflect.NativeMethodAccessorImpl.invoke(NativeMethodAccessorImpl.java:62)
	at sun.reflect.DelegatingMethodAccessorImpl.invoke(DelegatingMethodAccessorImpl.java:43)
	at java.lang.reflect.Method.invoke(Method.java:498)
	at org.testng.internal.MethodInvocationHelper.invokeMethod(MethodInvocationHelper.java:124)
	at org.testng.internal.Invoker.invokeMethod(Invoker.java:583)
	at org.testng.internal.Invoker.invokeTestMethod(Invoker.java:719)
	at org.testng.internal.Invoker.invokeTestMethods(Invoker.java:989)
	at org.testng.internal.TestMethodWorker.invokeTestMethods(TestMethodWorker.java:125)
	at org.testng.internal.TestMethodWorker.run(TestMethodWorker.java:109)
	at java.util.concurrent.ThreadPoolExecutor.runWorker(ThreadPoolExecutor.java:1149)
	at java.util.concurrent.ThreadPoolExecutor$Worker.run(ThreadPoolExecutor.java:624)
	at java.lang.Thread.run(Thread.java:748)
</stack-trace>
            </failure>
            <steps>
                <step start="1556881996910" stop="1556881996910" status="passed">
                    <name>logStep[Started reading Responses from WOP API ]</name>
                    <title>Started reading Responses from WOP API </title>
                </step>
                <step start="1556881996910" stop="1556881996910" status="passed">
                    <name>logStep[Validating Alt Title Type For Legal param name in WOP API]</name>
                    <title>Validating Alt Title Type For Legal param name in WOP API</title>
                </step>
            </steps>
            <attachments/>
            <labels>
                <label name="testSuite" value="Suite"/>
                <label name="testGroup" value="AssetCreationForDemo"/>
                <label name="testClass" value="com.amc.testclasses.RLTestCasesForDemo"/>
                <label name="testMethod" value="validateAlternativeTitleTypeForLegalTypeForDemo"/>
                <label name="story" value="RLRegressionValidation"/>
                <label name="feature" value="RLRegressionValidation"/>
                <label name="host" value="MONO-HYD-LAP-44"/>
                <label name="thread" value="8768@MONO-HYD-LAP-44.TestNG-test=AssetCreationForDemo-1(65)"/>
            </labels>
        </test-case>
        <test-case start="1556881996910" stop="1556881996968" status="failed">
            <name>validateAssetShowTypeForDemo</name>
            <description>Validate Asset Shpw Type of WOP</description>
            <failure>
                <message>AssertionError: Expected WOP value was Pilot but found Series</message>
                <stack-trace>java.lang.AssertionError: Expected WOP value was Pilot but found Series
	at org.testng.Assert.fail(Assert.java:96)
	at com.amc.pageobjects.LoginModule.validateRLValuesWithWOP(LoginModule.java:77)
	at com.amc.testclasses.RLTestCasesForDemo.validateAssetShowTypeForDemo(RLTestCasesForDemo.java:50)
	at sun.reflect.NativeMethodAccessorImpl.invoke0(Native Method)
	at sun.reflect.NativeMethodAccessorImpl.invoke(NativeMethodAccessorImpl.java:62)
	at sun.reflect.DelegatingMethodAccessorImpl.invoke(DelegatingMethodAccessorImpl.java:43)
	at java.lang.reflect.Method.invoke(Method.java:498)
	at org.testng.internal.MethodInvocationHelper.invokeMethod(MethodInvocationHelper.java:124)
	at org.testng.internal.Invoker.invokeMethod(Invoker.java:583)
	at org.testng.internal.Invoker.invokeTestMethod(Invoker.java:719)
	at org.testng.internal.Invoker.invokeTestMethods(Invoker.java:989)
	at org.testng.internal.TestMethodWorker.invokeTestMethods(TestMethodWorker.java:125)
	at org.testng.internal.TestMethodWorker.run(TestMethodWorker.java:109)
	at java.util.concurrent.ThreadPoolExecutor.runWorker(ThreadPoolExecutor.java:1149)
	at java.util.concurrent.ThreadPoolExecutor$Worker.run(ThreadPoolExecutor.java:624)
	at java.lang.Thread.run(Thread.java:748)
</stack-trace>
            </failure>
            <steps>
                <step start="1556881996952" stop="1556881996952" status="passed">
                    <name>logStep[Started reading Responses from WOP API ]</name>
                    <title>Started reading Responses from WOP API </title>
                </step>
                <step start="1556881996952" stop="1556881996952" status="passed">
                    <name>logStep[Validating ShowType param name in WOP API]</name>
                    <title>Validating ShowType param name in WOP API</title>
                </step>
                <step start="1556881996952" stop="1556881996952" status="passed">
                    <name>logStep[ Param values are ------ : [Series]]</name>
                    <title> Param values are ------ : [Series]</title>
                </step>
                <step start="1556881996952" stop="1556881996952" status="passed">
                    <name>logStep[Validating WOP API value Series with test data value Pilot]</name>
                    <title>Validating WOP API value Series with test data value Pilot</title>
                </step>
            </steps>
            <attachments/>
            <labels>
                <label name="testSuite" value="Suite"/>
                <label name="testGroup" value="AssetCreationForDemo"/>
                <label name="testClass" value="com.amc.testclasses.RLTestCasesForDemo"/>
                <label name="testMethod" value="validateAssetShowTypeForDemo"/>
                <label name="story" value="RLRegressionValidation"/>
                <label name="feature" value="RLRegressionValidation"/>
                <label name="host" value="MONO-HYD-LAP-44"/>
                <label name="thread" value="8768@MONO-HYD-LAP-44.TestNG-test=AssetCreationForDemo-1(65)"/>
            </labels>
        </test-case>
        <test-case start="1556881996970" stop="1556881997012" status="failed">
            <name>validateAssetSourceForDemo</name>
            <description>Validate Asset Source of WOP</description>
            <failure>
                <message>AssertionError: Expected MP value was Original but found Acquired</message>
                <stack-trace>java.lang.AssertionError: Expected MP value was Original but found Acquired
	at org.testng.Assert.fail(Assert.java:96)
	at com.amc.pageobjects.LoginModule.validateRLValuesWithMP(LoginModule.java:90)
	at com.amc.testclasses.RLTestCasesForDemo.validateAssetSourceForDemo(RLTestCasesForDemo.java:65)
	at sun.reflect.NativeMethodAccessorImpl.invoke0(Native Method)
	at sun.reflect.NativeMethodAccessorImpl.invoke(NativeMethodAccessorImpl.java:62)
	at sun.reflect.DelegatingMethodAccessorImpl.invoke(DelegatingMethodAccessorImpl.java:43)
	at java.lang.reflect.Method.invoke(Method.java:498)
	at org.testng.internal.MethodInvocationHelper.invokeMethod(MethodInvocationHelper.java:124)
	at org.testng.internal.Invoker.invokeMethod(Invoker.java:583)
	at org.testng.internal.Invoker.invokeTestMethod(Invoker.java:719)
	at org.testng.internal.Invoker.invokeTestMethods(Invoker.java:989)
	at org.testng.internal.TestMethodWorker.invokeTestMethods(TestMethodWorker.java:125)
	at org.testng.internal.TestMethodWorker.run(TestMethodWorker.java:109)
	at java.util.concurrent.ThreadPoolExecutor.runWorker(ThreadPoolExecutor.java:1149)
	at java.util.concurrent.ThreadPoolExecutor$Worker.run(ThreadPoolExecutor.java:624)
	at java.lang.Thread.run(Thread.java:748)
</stack-trace>
            </failure>
            <steps>
                <step start="1556881997012" stop="1556881997012" status="passed">
                    <name>logStep[Started reading Responses from WOP API ]</name>
                    <title>Started reading Responses from WOP API </title>
                </step>
                <step start="1556881997012" stop="1556881997012" status="passed">
                    <name>logStep[Validating Asset Source param name in WOP API]</name>
                    <title>Validating Asset Source param name in WOP API</title>
                </step>
                <step start="1556881997012" stop="1556881997012" status="passed">
                    <name>logStep[ Param values are ------ : [Original]]</name>
                    <title> Param values are ------ : [Original]</title>
                </step>
                <step start="1556881997012" stop="1556881997012" status="passed">
                    <name>logStep[Validating WOP API value Original with test data value Original]</name>
                    <title>Validating WOP API value Original with test data value Original</title>
                </step>
                <step start="1556881997012" stop="1556881997012" status="passed">
                    <name>logStep[Started reading Responses from MP API ]</name>
                    <title>Started reading Responses from MP API </title>
                </step>
                <step start="1556881997012" stop="1556881997012" status="passed">
                    <name>logStep[Validating Asset Source param name in MP API]</name>
                    <title>Validating Asset Source param name in MP API</title>
                </step>
                <step start="1556881997012" stop="1556881997012" status="passed">
                    <name>logStep[ Param values are ------ : [Acquired]]</name>
                    <title> Param values are ------ : [Acquired]</title>
                </step>
                <step start="1556881997012" stop="1556881997012" status="passed">
                    <name>logStep[Validating MP API value Acquired with test data value Original]</name>
                    <title>Validating MP API value Acquired with test data value Original</title>
                </step>
            </steps>
            <attachments/>
            <labels>
                <label name="testSuite" value="Suite"/>
                <label name="testGroup" value="AssetCreationForDemo"/>
                <label name="testClass" value="com.amc.testclasses.RLTestCasesForDemo"/>
                <label name="testMethod" value="validateAssetSourceForDemo"/>
                <label name="story" value="RLRegressionValidation"/>
                <label name="feature" value="RLRegressionValidation"/>
                <label name="host" value="MONO-HYD-LAP-44"/>
                <label name="thread" value="8768@MONO-HYD-LAP-44.TestNG-test=AssetCreationForDemo-1(65)"/>
            </labels>
        </test-case>
        <test-case start="1556881997029" stop="1556881997069" status="failed">
            <name>validateAssetTitleForDemo</name>
            <description>Validate Asset Title of WOP</description>
            <failure>
                <message>AssertionError: Expected WOP value was ProgramDemoTestJCy but found Test Series 11 march</message>
                <stack-trace>java.lang.AssertionError: Expected WOP value was ProgramDemoTestJCy but found Test Series 11 march
	at org.testng.Assert.fail(Assert.java:96)
	at com.amc.pageobjects.LoginModule.validateRLValuesWithWOP(LoginModule.java:77)
	at com.amc.testclasses.RLTestCasesForDemo.validateAssetTitleForDemo(RLTestCasesForDemo.java:43)
	at sun.reflect.NativeMethodAccessorImpl.invoke0(Native Method)
	at sun.reflect.NativeMethodAccessorImpl.invoke(NativeMethodAccessorImpl.java:62)
	at sun.reflect.DelegatingMethodAccessorImpl.invoke(DelegatingMethodAccessorImpl.java:43)
	at java.lang.reflect.Method.invoke(Method.java:498)
	at org.testng.internal.MethodInvocationHelper.invokeMethod(MethodInvocationHelper.java:124)
	at org.testng.internal.Invoker.invokeMethod(Invoker.java:583)
	at org.testng.internal.Invoker.invokeTestMethod(Invoker.java:719)
	at org.testng.internal.Invoker.invokeTestMethods(Invoker.java:989)
	at org.testng.internal.TestMethodWorker.invokeTestMethods(TestMethodWorker.java:125)
	at org.testng.internal.TestMethodWorker.run(TestMethodWorker.java:109)
	at java.util.concurrent.ThreadPoolExecutor.runWorker(ThreadPoolExecutor.java:1149)
	at java.util.concurrent.ThreadPoolExecutor$Worker.run(ThreadPoolExecutor.java:624)
	at java.lang.Thread.run(Thread.java:748)
</stack-trace>
            </failure>
            <steps>
                <step start="1556881997069" stop="1556881997069" status="passed">
                    <name>logStep[Started reading Responses from WOP API ]</name>
                    <title>Started reading Responses from WOP API </title>
                </step>
                <step start="1556881997069" stop="1556881997069" status="passed">
                    <name>logStep[Validating Title param name in WOP API]</name>
                    <title>Validating Title param name in WOP API</title>
                </step>
                <step start="1556881997069" stop="1556881997069" status="passed">
                    <name>logStep[ Param values are ------ : [Test Series 11 march]]</name>
                    <title> Param values are ------ : [Test Series 11 march]</title>
                </step>
                <step start="1556881997069" stop="1556881997069" status="passed">
                    <name>logStep[Validating WOP API value Test Series 11 march with test data value ProgramDemoTestJCy]</name>
                    <title>Validating WOP API value Test Series 11 march with test data value ProgramDemoTestJCy</title>
                </step>
            </steps>
            <attachments/>
            <labels>
                <label name="testSuite" value="Suite"/>
                <label name="testGroup" value="AssetCreationForDemo"/>
                <label name="testClass" value="com.amc.testclasses.RLTestCasesForDemo"/>
                <label name="testMethod" value="validateAssetTitleForDemo"/>
                <label name="story" value="RLRegressionValidation"/>
                <label name="feature" value="RLRegressionValidation"/>
                <label name="host" value="MONO-HYD-LAP-44"/>
                <label name="thread" value="8768@MONO-HYD-LAP-44.TestNG-test=AssetCreationForDemo-1(65)"/>
            </labels>
        </test-case>
        <test-case start="1556881997086" stop="1556881997126" status="passed">
            <name>validateCastTypeForDemo</name>
            <description>Validate Cast Type</description>
            <steps>
                <step start="1556881997126" stop="1556881997126" status="passed">
                    <name>logStep[Started reading Responses from WOP API ]</name>
                    <title>Started reading Responses from WOP API </title>
                    <attachments/>
                    <steps/>
                </step>
                <step start="1556881997126" stop="1556881997126" status="passed">
                    <name>logStep[Validating Cast Type param name in WOP API]</name>
                    <title>Validating Cast Type param name in WOP API</title>
                    <attachments/>
                    <steps/>
                </step>
                <step start="1556881997126" stop="1556881997126" status="passed">
                    <name>logStep[ Param values are ------ : [Director]]</name>
                    <title> Param values are ------ : [Director]</title>
                    <attachments/>
                    <steps/>
                </step>
                <step start="1556881997126" stop="1556881997126" status="passed">
                    <name>logStep[Validating WOP API value Director with test data value Director]</name>
                    <title>Validating WOP API value Director with test data value Director</title>
                    <attachments/>
                    <steps/>
                </step>
            </steps>
            <attachments/>
            <labels>
                <label name="testSuite" value="Suite"/>
                <label name="testGroup" value="AssetCreationForDemo"/>
                <label name="testClass" value="com.amc.testclasses.RLTestCasesForDemo"/>
                <label name="testMethod" value="validateCastTypeForDemo"/>
                <label name="story" value="RLRegressionValidation"/>
                <label name="feature" value="RLRegressionValidation"/>
                <label name="host" value="MONO-HYD-LAP-44"/>
                <label name="thread" value="8768@MONO-HYD-LAP-44.TestNG-test=AssetCreationForDemo-1(65)"/>
            </labels>
        </test-case>
        <test-case start="1556881997126" stop="1556881997193" status="failed">
            <name>validateFirstNameOfCastMemberForDemo</name>
            <description>Validate name of cast member</description>
            <failure>
                <message>AssertionError: Expected WOP value was Caroline Apperre but found Paul A. Partain</message>
                <stack-trace>java.lang.AssertionError: Expected WOP value was Caroline Apperre but found Paul A. Partain
	at org.testng.Assert.fail(Assert.java:96)
	at com.amc.pageobjects.LoginModule.validateRLValuesWithWOP(LoginModule.java:77)
	at com.amc.testclasses.RLTestCasesForDemo.validateFirstNameOfCastMemberForDemo(RLTestCasesForDemo.java:121)
	at sun.reflect.NativeMethodAccessorImpl.invoke0(Native Method)
	at sun.reflect.NativeMethodAccessorImpl.invoke(NativeMethodAccessorImpl.java:62)
	at sun.reflect.DelegatingMethodAccessorImpl.invoke(DelegatingMethodAccessorImpl.java:43)
	at java.lang.reflect.Method.invoke(Method.java:498)
	at org.testng.internal.MethodInvocationHelper.invokeMethod(MethodInvocationHelper.java:124)
	at org.testng.internal.Invoker.invokeMethod(Invoker.java:583)
	at org.testng.internal.Invoker.invokeTestMethod(Invoker.java:719)
	at org.testng.internal.Invoker.invokeTestMethods(Invoker.java:989)
	at org.testng.internal.TestMethodWorker.invokeTestMethods(TestMethodWorker.java:125)
	at org.testng.internal.TestMethodWorker.run(TestMethodWorker.java:109)
	at java.util.concurrent.ThreadPoolExecutor.runWorker(ThreadPoolExecutor.java:1149)
	at java.util.concurrent.ThreadPoolExecutor$Worker.run(ThreadPoolExecutor.java:624)
	at java.lang.Thread.run(Thread.java:748)
</stack-trace>
            </failure>
            <steps>
                <step start="1556881997176" stop="1556881997176" status="passed">
                    <name>logStep[Started reading Responses from WOP API ]</name>
                    <title>Started reading Responses from WOP API </title>
                </step>
                <step start="1556881997192" stop="1556881997192" status="passed">
                    <name>logStep[Validating First Name param name in WOP API]</name>
                    <title>Validating First Name param name in WOP API</title>
                </step>
                <step start="1556881997192" stop="1556881997192" status="passed">
                    <name>logStep[ Param values are ------ : [Paul A. Partain]]</name>
                    <title> Param values are ------ : [Paul A. Partain]</title>
                </step>
                <step start="1556881997193" stop="1556881997193" status="passed">
                    <name>logStep[Validating WOP API value Paul A. Partain with test data value Caroline Apperre]</name>
                    <title>Validating WOP API value Paul A. Partain with test data value Caroline Apperre</title>
                </step>
            </steps>
            <attachments/>
            <labels>
                <label name="testSuite" value="Suite"/>
                <label name="testGroup" value="AssetCreationForDemo"/>
                <label name="testClass" value="com.amc.testclasses.RLTestCasesForDemo"/>
                <label name="testMethod" value="validateFirstNameOfCastMemberForDemo"/>
                <label name="story" value="RLRegressionValidation"/>
                <label name="feature" value="RLRegressionValidation"/>
                <label name="host" value="MONO-HYD-LAP-44"/>
                <label name="thread" value="8768@MONO-HYD-LAP-44.TestNG-test=AssetCreationForDemo-1(65)"/>
            </labels>
        </test-case>
        <test-case start="1556881997193" stop="1556881997250" status="failed">
            <name>validateOriginForDemo</name>
            <description>Validate Origin of WOP</description>
            <failure>
                <message>AssertionError: Expected MP value was Licensed but found {"xsi:nil":true}</message>
                <stack-trace>java.lang.AssertionError: Expected MP value was Licensed but found {"xsi:nil":true}
	at org.testng.Assert.fail(Assert.java:96)
	at com.amc.pageobjects.LoginModule.validateRLValuesWithMP(LoginModule.java:90)
	at com.amc.testclasses.RLTestCasesForDemo.validateOriginForDemo(RLTestCasesForDemo.java:94)
	at sun.reflect.NativeMethodAccessorImpl.invoke0(Native Method)
	at sun.reflect.NativeMethodAccessorImpl.invoke(NativeMethodAccessorImpl.java:62)
	at sun.reflect.DelegatingMethodAccessorImpl.invoke(DelegatingMethodAccessorImpl.java:43)
	at java.lang.reflect.Method.invoke(Method.java:498)
	at org.testng.internal.MethodInvocationHelper.invokeMethod(MethodInvocationHelper.java:124)
	at org.testng.internal.Invoker.invokeMethod(Invoker.java:583)
	at org.testng.internal.Invoker.invokeTestMethod(Invoker.java:719)
	at org.testng.internal.Invoker.invokeTestMethods(Invoker.java:989)
	at org.testng.internal.TestMethodWorker.invokeTestMethods(TestMethodWorker.java:125)
	at org.testng.internal.TestMethodWorker.run(TestMethodWorker.java:109)
	at java.util.concurrent.ThreadPoolExecutor.runWorker(ThreadPoolExecutor.java:1149)
	at java.util.concurrent.ThreadPoolExecutor$Worker.run(ThreadPoolExecutor.java:624)
	at java.lang.Thread.run(Thread.java:748)
</stack-trace>
            </failure>
            <steps>
                <step start="1556881997244" stop="1556881997244" status="passed">
                    <name>logStep[Started reading Responses from WOP API ]</name>
                    <title>Started reading Responses from WOP API </title>
                </step>
                <step start="1556881997244" stop="1556881997244" status="passed">
                    <name>logStep[Validating Origin param name in WOP API]</name>
                    <title>Validating Origin param name in WOP API</title>
                </step>
                <step start="1556881997244" stop="1556881997244" status="passed">
                    <name>logStep[ Param values are ------ : [Licensed]]</name>
                    <title> Param values are ------ : [Licensed]</title>
                </step>
                <step start="1556881997244" stop="1556881997244" status="passed">
                    <name>logStep[Validating WOP API value Licensed with test data value Licensed]</name>
                    <title>Validating WOP API value Licensed with test data value Licensed</title>
                </step>
                <step start="1556881997244" stop="1556881997244" status="passed">
                    <name>logStep[Started reading Responses from MP API ]</name>
                    <title>Started reading Responses from MP API </title>
                </step>
                <step start="1556881997244" stop="1556881997244" status="passed">
                    <name>logStep[Validating Origin param name in MP API]</name>
                    <title>Validating Origin param name in MP API</title>
                </step>
                <step start="1556881997250" stop="1556881997250" status="passed">
                    <name>logStep[ Param values are ------ : [{"xsi:nil":true}]]</name>
                    <title> Param values are ------ : [{"xsi:nil":true}]</title>
                </step>
                <step start="1556881997250" stop="1556881997250" status="passed">
                    <name>logStep[Validating MP API value {"xsi:nil":true} with test data value Licensed]</name>
                    <title>Validating MP API value {"xsi:nil":true} with test data value Licensed</title>
                </step>
            </steps>
            <attachments/>
            <labels>
                <label name="testSuite" value="Suite"/>
                <label name="testGroup" value="AssetCreationForDemo"/>
                <label name="testClass" value="com.amc.testclasses.RLTestCasesForDemo"/>
                <label name="testMethod" value="validateOriginForDemo"/>
                <label name="story" value="RLRegressionValidation"/>
                <label name="feature" value="RLRegressionValidation"/>
                <label name="host" value="MONO-HYD-LAP-44"/>
                <label name="thread" value="8768@MONO-HYD-LAP-44.TestNG-test=AssetCreationForDemo-1(65)"/>
            </labels>
        </test-case>
        <test-case start="1556881997250" stop="1556881997312" status="failed">
            <name>validateProductionCompanyForDemo</name>
            <description>Validate Production Company of the asset</description>
            <failure>
                <message>AssertionError: Expected WOP value was Apple Inc. but found AMC Networks International Broadcasting Limited</message>
                <stack-trace>java.lang.AssertionError: Expected WOP value was Apple Inc. but found AMC Networks International Broadcasting Limited
	at org.testng.Assert.fail(Assert.java:96)
	at com.amc.pageobjects.LoginModule.validateRLValuesWithWOP(LoginModule.java:77)
	at com.amc.testclasses.RLTestCasesForDemo.validateProductionCompanyForDemo(RLTestCasesForDemo.java:187)
	at sun.reflect.NativeMethodAccessorImpl.invoke0(Native Method)
	at sun.reflect.NativeMethodAccessorImpl.invoke(NativeMethodAccessorImpl.java:62)
	at sun.reflect.DelegatingMethodAccessorImpl.invoke(DelegatingMethodAccessorImpl.java:43)
	at java.lang.reflect.Method.invoke(Method.java:498)
	at org.testng.internal.MethodInvocationHelper.invokeMethod(MethodInvocationHelper.java:124)
	at org.testng.internal.Invoker.invokeMethod(Invoker.java:583)
	at org.testng.internal.Invoker.invokeTestMethod(Invoker.java:719)
	at org.testng.internal.Invoker.invokeTestMethods(Invoker.java:989)
	at org.testng.internal.TestMethodWorker.invokeTestMethods(TestMethodWorker.java:125)
	at org.testng.internal.TestMethodWorker.run(TestMethodWorker.java:109)
	at java.util.concurrent.ThreadPoolExecutor.runWorker(ThreadPoolExecutor.java:1149)
	at java.util.concurrent.ThreadPoolExecutor$Worker.run(ThreadPoolExecutor.java:624)
	at java.lang.Thread.run(Thread.java:748)
</stack-trace>
            </failure>
            <steps>
                <step start="1556881997294" stop="1556881997294" status="passed">
                    <name>logStep[Started reading Responses from WOP API ]</name>
                    <title>Started reading Responses from WOP API </title>
                </step>
                <step start="1556881997309" stop="1556881997309" status="passed">
                    <name>logStep[Validating Production Company param name in WOP API]</name>
                    <title>Validating Production Company param name in WOP API</title>
                </step>
                <step start="1556881997309" stop="1556881997309" status="passed">
                    <name>logStep[ Param values are ------ : [AMC Networks International Broadcasting Limited]]</name>
                    <title> Param values are ------ : [AMC Networks International Broadcasting Limited]</title>
                </step>
                <step start="1556881997309" stop="1556881997309" status="passed">
                    <name>logStep[Validating WOP API value AMC Networks International Broadcasting Limited with test data value Apple Inc.]</name>
                    <title>Validating WOP API value AMC Networks International Broadcasting Limited with test data value Apple Inc.</title>
                </step>
            </steps>
            <attachments/>
            <labels>
                <label name="testSuite" value="Suite"/>
                <label name="testGroup" value="AssetCreationForDemo"/>
                <label name="testClass" value="com.amc.testclasses.RLTestCasesForDemo"/>
                <label name="testMethod" value="validateProductionCompanyForDemo"/>
                <label name="story" value="RLRegressionValidation"/>
                <label name="feature" value="RLRegressionValidation"/>
                <label name="host" value="MONO-HYD-LAP-44"/>
                <label name="thread" value="8768@MONO-HYD-LAP-44.TestNG-test=AssetCreationForDemo-1(65)"/>
            </labels>
        </test-case>
        <test-case start="1556881997314" stop="1556881997365" status="failed">
            <name>validateProductionModeForDemo</name>
            <description>Validate Production Mode of WOP</description>
            <failure>
                <message>AssertionError: Expected MP value was Scripted but found {"xsi:nil":true}</message>
                <stack-trace>java.lang.AssertionError: Expected MP value was Scripted but found {"xsi:nil":true}
	at org.testng.Assert.fail(Assert.java:96)
	at com.amc.pageobjects.LoginModule.validateRLValuesWithMP(LoginModule.java:90)
	at com.amc.testclasses.RLTestCasesForDemo.validateProductionModeForDemo(RLTestCasesForDemo.java:82)
	at sun.reflect.NativeMethodAccessorImpl.invoke0(Native Method)
	at sun.reflect.NativeMethodAccessorImpl.invoke(NativeMethodAccessorImpl.java:62)
	at sun.reflect.DelegatingMethodAccessorImpl.invoke(DelegatingMethodAccessorImpl.java:43)
	at java.lang.reflect.Method.invoke(Method.java:498)
	at org.testng.internal.MethodInvocationHelper.invokeMethod(MethodInvocationHelper.java:124)
	at org.testng.internal.Invoker.invokeMethod(Invoker.java:583)
	at org.testng.internal.Invoker.invokeTestMethod(Invoker.java:719)
	at org.testng.internal.Invoker.invokeTestMethods(Invoker.java:989)
	at org.testng.internal.TestMethodWorker.invokeTestMethods(TestMethodWorker.java:125)
	at org.testng.internal.TestMethodWorker.run(TestMethodWorker.java:109)
	at java.util.concurrent.ThreadPoolExecutor.runWorker(ThreadPoolExecutor.java:1149)
	at java.util.concurrent.ThreadPoolExecutor$Worker.run(ThreadPoolExecutor.java:624)
	at java.lang.Thread.run(Thread.java:748)
</stack-trace>
            </failure>
            <steps>
                <step start="1556881997350" stop="1556881997350" status="passed">
                    <name>logStep[Started reading Responses from WOP API ]</name>
                    <title>Started reading Responses from WOP API </title>
                </step>
                <step start="1556881997350" stop="1556881997350" status="passed">
                    <name>logStep[Validating Production Mode param name in WOP API]</name>
                    <title>Validating Production Mode param name in WOP API</title>
                </step>
                <step start="1556881997350" stop="1556881997350" status="passed">
                    <name>logStep[ Param values are ------ : [Scripted]]</name>
                    <title> Param values are ------ : [Scripted]</title>
                </step>
                <step start="1556881997350" stop="1556881997350" status="passed">
                    <name>logStep[Validating WOP API value Scripted with test data value Scripted]</name>
                    <title>Validating WOP API value Scripted with test data value Scripted</title>
                </step>
                <step start="1556881997350" stop="1556881997350" status="passed">
                    <name>logStep[Started reading Responses from MP API ]</name>
                    <title>Started reading Responses from MP API </title>
                </step>
                <step start="1556881997365" stop="1556881997365" status="passed">
                    <name>logStep[Validating Production Mode param name in MP API]</name>
                    <title>Validating Production Mode param name in MP API</title>
                </step>
                <step start="1556881997365" stop="1556881997365" status="passed">
                    <name>logStep[ Param values are ------ : [{"xsi:nil":true}]]</name>
                    <title> Param values are ------ : [{"xsi:nil":true}]</title>
                </step>
                <step start="1556881997365" stop="1556881997365" status="passed">
                    <name>logStep[Validating MP API value {"xsi:nil":true} with test data value Scripted]</name>
                    <title>Validating MP API value {"xsi:nil":true} with test data value Scripted</title>
                </step>
            </steps>
            <attachments/>
            <labels>
                <label name="testSuite" value="Suite"/>
                <label name="testGroup" value="AssetCreationForDemo"/>
                <label name="testClass" value="com.amc.testclasses.RLTestCasesForDemo"/>
                <label name="testMethod" value="validateProductionModeForDemo"/>
                <label name="story" value="RLRegressionValidation"/>
                <label name="feature" value="RLRegressionValidation"/>
                <label name="host" value="MONO-HYD-LAP-44"/>
                <label name="thread" value="8768@MONO-HYD-LAP-44.TestNG-test=AssetCreationForDemo-1(65)"/>
            </labels>
        </test-case>
        <test-case start="1556881997365" stop="1556881997413" status="failed">
            <name>validateReleaseYearForDemo</name>
            <description>Validate release year of the asset</description>
            <failure>
                <message>AssertionError: Expected WOP value was 2030 but found 2019</message>
                <stack-trace>java.lang.AssertionError: Expected WOP value was 2030 but found 2019
	at org.testng.Assert.fail(Assert.java:96)
	at com.amc.pageobjects.LoginModule.validateRLValuesWithWOP(LoginModule.java:77)
	at com.amc.testclasses.RLTestCasesForDemo.validateReleaseYearForDemo(RLTestCasesForDemo.java:169)
	at sun.reflect.NativeMethodAccessorImpl.invoke0(Native Method)
	at sun.reflect.NativeMethodAccessorImpl.invoke(NativeMethodAccessorImpl.java:62)
	at sun.reflect.DelegatingMethodAccessorImpl.invoke(DelegatingMethodAccessorImpl.java:43)
	at java.lang.reflect.Method.invoke(Method.java:498)
	at org.testng.internal.MethodInvocationHelper.invokeMethod(MethodInvocationHelper.java:124)
	at org.testng.internal.Invoker.invokeMethod(Invoker.java:583)
	at org.testng.internal.Invoker.invokeTestMethod(Invoker.java:719)
	at org.testng.internal.Invoker.invokeTestMethods(Invoker.java:989)
	at org.testng.internal.TestMethodWorker.invokeTestMethods(TestMethodWorker.java:125)
	at org.testng.internal.TestMethodWorker.run(TestMethodWorker.java:109)
	at java.util.concurrent.ThreadPoolExecutor.runWorker(ThreadPoolExecutor.java:1149)
	at java.util.concurrent.ThreadPoolExecutor$Worker.run(ThreadPoolExecutor.java:624)
	at java.lang.Thread.run(Thread.java:748)
</stack-trace>
            </failure>
            <steps>
                <step start="1556881997413" stop="1556881997413" status="passed">
                    <name>logStep[Started reading Responses from WOP API ]</name>
                    <title>Started reading Responses from WOP API </title>
                </step>
                <step start="1556881997413" stop="1556881997413" status="passed">
                    <name>logStep[Validating Release Year param name in WOP API]</name>
                    <title>Validating Release Year param name in WOP API</title>
                </step>
                <step start="1556881997413" stop="1556881997413" status="passed">
                    <name>logStep[ Param values are ------ : [2019]]</name>
                    <title> Param values are ------ : [2019]</title>
                </step>
                <step start="1556881997413" stop="1556881997413" status="passed">
                    <name>logStep[Validating WOP API value 2019 with test data value 2030]</name>
                    <title>Validating WOP API value 2019 with test data value 2030</title>
                </step>
            </steps>
            <attachments/>
            <labels>
                <label name="testSuite" value="Suite"/>
                <label name="testGroup" value="AssetCreationForDemo"/>
                <label name="testClass" value="com.amc.testclasses.RLTestCasesForDemo"/>
                <label name="testMethod" value="validateReleaseYearForDemo"/>
                <label name="story" value="RLRegressionValidation"/>
                <label name="feature" value="RLRegressionValidation"/>
                <label name="host" value="MONO-HYD-LAP-44"/>
                <label name="thread" value="8768@MONO-HYD-LAP-44.TestNG-test=AssetCreationForDemo-1(65)"/>
            </labels>
        </test-case>
        <test-case start="1556881997422" stop="1556881997473" status="failed">
            <name>validateTRTForDemo</name>
            <description>Validate TRT of the asset</description>
            <failure>
                <message>AssertionError: Expected WOP value was 36380 but found 3600</message>
                <stack-trace>java.lang.AssertionError: Expected WOP value was 36380 but found 3600
	at org.testng.Assert.fail(Assert.java:96)
	at com.amc.pageobjects.LoginModule.validateRLValuesWithWOP(LoginModule.java:77)
	at com.amc.testclasses.RLTestCasesForDemo.validateTRTForDemo(RLTestCasesForDemo.java:178)
	at sun.reflect.NativeMethodAccessorImpl.invoke0(Native Method)
	at sun.reflect.NativeMethodAccessorImpl.invoke(NativeMethodAccessorImpl.java:62)
	at sun.reflect.DelegatingMethodAccessorImpl.invoke(DelegatingMethodAccessorImpl.java:43)
	at java.lang.reflect.Method.invoke(Method.java:498)
	at org.testng.internal.MethodInvocationHelper.invokeMethod(MethodInvocationHelper.java:124)
	at org.testng.internal.Invoker.invokeMethod(Invoker.java:583)
	at org.testng.internal.Invoker.invokeTestMethod(Invoker.java:719)
	at org.testng.internal.Invoker.invokeTestMethods(Invoker.java:989)
	at org.testng.internal.TestMethodWorker.invokeTestMethods(TestMethodWorker.java:125)
	at org.testng.internal.TestMethodWorker.run(TestMethodWorker.java:109)
	at java.util.concurrent.ThreadPoolExecutor.runWorker(ThreadPoolExecutor.java:1149)
	at java.util.concurrent.ThreadPoolExecutor$Worker.run(ThreadPoolExecutor.java:624)
	at java.lang.Thread.run(Thread.java:748)
</stack-trace>
            </failure>
            <steps>
                <step start="1556881997465" stop="1556881997465" status="passed">
                    <name>logStep[Started reading Responses from WOP API ]</name>
                    <title>Started reading Responses from WOP API </title>
                </step>
                <step start="1556881997465" stop="1556881997465" status="passed">
                    <name>logStep[Validating Theatrical TRT param name in WOP API]</name>
                    <title>Validating Theatrical TRT param name in WOP API</title>
                </step>
                <step start="1556881997473" stop="1556881997473" status="passed">
                    <name>logStep[ Param values are ------ : [3600]]</name>
                    <title> Param values are ------ : [3600]</title>
                </step>
                <step start="1556881997473" stop="1556881997473" status="passed">
                    <name>logStep[Validating WOP API value 3600 with test data value 36380]</name>
                    <title>Validating WOP API value 3600 with test data value 36380</title>
                </step>
            </steps>
            <attachments/>
            <labels>
                <label name="testSuite" value="Suite"/>
                <label name="testGroup" value="AssetCreationForDemo"/>
                <label name="testClass" value="com.amc.testclasses.RLTestCasesForDemo"/>
                <label name="testMethod" value="validateTRTForDemo"/>
                <label name="story" value="RLRegressionValidation"/>
                <label name="feature" value="RLRegressionValidation"/>
                <label name="host" value="MONO-HYD-LAP-44"/>
                <label name="thread" value="8768@MONO-HYD-LAP-44.TestNG-test=AssetCreationForDemo-1(65)"/>
            </labels>
        </test-case>
        <test-case start="1556881997475" stop="1556881997524" status="passed">
            <name>validateTitleTypeForDemo</name>
            <description>Validate title type of the asset</description>
            <steps>
                <step start="1556881997517" stop="1556881997517" status="passed">
                    <name>logStep[Started reading Responses from MP API ]</name>
                    <title>Started reading Responses from MP API </title>
                    <attachments/>
                    <steps/>
                </step>
                <step start="1556881997524" stop="1556881997524" status="passed">
                    <name>logStep[Validating Title Type param name in MP API]</name>
                    <title>Validating Title Type param name in MP API</title>
                    <attachments/>
                    <steps/>
                </step>
                <step start="1556881997524" stop="1556881997524" status="passed">
                    <name>logStep[ Param values are ------ : [Episode/Theatrical]]</name>
                    <title> Param values are ------ : [Episode/Theatrical]</title>
                    <attachments/>
                    <steps/>
                </step>
                <step start="1556881997524" stop="1556881997524" status="passed">
                    <name>logStep[Validating MP API value Episode/Theatrical with test data value Episode/Theatrical]</name>
                    <title>Validating MP API value Episode/Theatrical with test data value Episode/Theatrical</title>
                    <attachments/>
                    <steps/>
                </step>
            </steps>
            <attachments/>
            <labels>
                <label name="testSuite" value="Suite"/>
                <label name="testGroup" value="AssetCreationForDemo"/>
                <label name="testClass" value="com.amc.testclasses.RLTestCasesForDemo"/>
                <label name="testMethod" value="validateTitleTypeForDemo"/>
                <label name="story" value="RLRegressionValidation"/>
                <label name="feature" value="RLRegressionValidation"/>
                <label name="host" value="MONO-HYD-LAP-44"/>
                <label name="thread" value="8768@MONO-HYD-LAP-44.TestNG-test=AssetCreationForDemo-1(65)"/>
            </labels>
        </test-case>
    </test-cases>
    <labels>
        <label name="framework" value="TestNG"/>
        <label name="language" value="JAVA"/>
    </labels>
</ns2:test-suite>
