<?xml version="1.0" encoding="UTF-8"?>
<!-- Generated by org.testng.reporters.JUnitXMLReporter -->
<testsuite hostname="MONO-HYD-LAP-41" ignored="0" name="AssetCreationForShortFilm" tests="16" failures="1" timestamp="16 May 2019 09:00:52 GMT" time="16.345" errors="0">
  <testcase name="validateAMCNIDForShortFilm" time="0.025" classname="com.amc.testclasses.RLTestCasesForShortFilm"/>
  <testcase name="validateAlternativeTitleForAKAForShortFilm" time="0.024" classname="com.amc.testclasses.RLTestCasesForShortFilm"/>
  <testcase name="validateAlternativeTitleForLegalForShortFilm" time="0.02" classname="com.amc.testclasses.RLTestCasesForShortFilm"/>
  <testcase name="validateAlternativeTitleTypeForAKAForShortFilm" time="0.057" classname="com.amc.testclasses.RLTestCasesForShortFilm"/>
  <testcase name="validateAlternativeTitleTypeForLegalTypeForShortFilm" time="0.024" classname="com.amc.testclasses.RLTestCasesForShortFilm"/>
  <testcase name="validateAssetShowTypeForShortFilm" time="0.024" classname="com.amc.testclasses.RLTestCasesForShortFilm"/>
  <testcase name="validateAssetSourceForShortFilm" time="0.035" classname="com.amc.testclasses.RLTestCasesForShortFilm"/>
  <testcase name="validateAssetTitleForShortFilm" time="0.024" classname="com.amc.testclasses.RLTestCasesForShortFilm"/>
  <testcase name="validateCastTypeForShortFilm" time="0.024" classname="com.amc.testclasses.RLTestCasesForShortFilm"/>
  <testcase name="validateFirstNameOfCastMemberForShortFilm" time="0.025" classname="com.amc.testclasses.RLTestCasesForShortFilm"/>
  <testcase name="validateOriginForShortFilm" time="0.034" classname="com.amc.testclasses.RLTestCasesForShortFilm"/>
  <testcase name="validateProductionCompanyForShortFilm" time="0.024" classname="com.amc.testclasses.RLTestCasesForShortFilm"/>
  <testcase name="validateProductionModeForShortFilm" time="0.033" classname="com.amc.testclasses.RLTestCasesForShortFilm"/>
  <testcase name="validateReleaseYearForShortFilm" time="0.023" classname="com.amc.testclasses.RLTestCasesForShortFilm"/>
  <testcase name="validateTRTForShortFilm" time="0.032" classname="com.amc.testclasses.RLTestCasesForShortFilm">
    <failure type="org.json.JSONException" message="JSONObject[&amp;quot;tdc:TITLE_CUST_field_83&amp;quot;] not found.">
      <![CDATA[org.json.JSONException: JSONObject["tdc:TITLE_CUST_field_83"] not found.
at org.json.JSONObject.get(JSONObject.java:520)
at com.amc.pageobjects.ApiExecutionTypes.getValue(ApiExecutionTypes.java:473)
at com.amc.pageobjects.LoginModule.validateRLValuesWithMP(LoginModule.java:83)
at com.amc.testclasses.RLTestCasesForShortFilm.validateTRTForShortFilm(RLTestCasesForShortFilm.java:178)
at java.util.concurrent.ThreadPoolExecutor.runWorker(ThreadPoolExecutor.java:1149)
at java.util.concurrent.ThreadPoolExecutor$Worker.run(ThreadPoolExecutor.java:624)
at java.lang.Thread.run(Thread.java:748)
... Removed 10 stack frames]]>
    </failure>
  </testcase> <!-- validateTRTForShortFilm -->
  <testcase name="validateTitleTypeForShortFilm" time="0.042" classname="com.amc.testclasses.RLTestCasesForShortFilm"/>
</testsuite> <!-- AssetCreationForShortFilm -->
