<?xml version="1.0" encoding="UTF-8"?>
<!-- Generated by org.testng.reporters.JUnitXMLReporter -->
<testsuite hostname="MONO-HYD-LAP-41" ignored="0" name="AssetCreationForDemo" tests="16" failures="1" timestamp="16 May 2019 08:59:12 GMT" time="15.554" errors="0">
  <testcase name="validateAMCNIDForDemo" time="0.036" classname="com.amc.testclasses.RLTestCasesForDemo"/>
  <testcase name="validateAlternativeTitleForAKAForDemo" time="0.023" classname="com.amc.testclasses.RLTestCasesForDemo"/>
  <testcase name="validateAlternativeTitleForLegalForDemo" time="0.027" classname="com.amc.testclasses.RLTestCasesForDemo"/>
  <testcase name="validateAlternativeTitleTypeForAKAForDemo" time="0.048" classname="com.amc.testclasses.RLTestCasesForDemo"/>
  <testcase name="validateAlternativeTitleTypeForLegalTypeForDemo" time="0.02" classname="com.amc.testclasses.RLTestCasesForDemo"/>
  <testcase name="validateAssetShowTypeForDemo" time="0.024" classname="com.amc.testclasses.RLTestCasesForDemo"/>
  <testcase name="validateAssetSourceForDemo" time="0.022" classname="com.amc.testclasses.RLTestCasesForDemo"/>
  <testcase name="validateAssetTitleForDemo" time="0.023" classname="com.amc.testclasses.RLTestCasesForDemo"/>
  <testcase name="validateCastTypeForDemo" time="0.029" classname="com.amc.testclasses.RLTestCasesForDemo"/>
  <testcase name="validateFirstNameOfCastMemberForDemo" time="0.023" classname="com.amc.testclasses.RLTestCasesForDemo"/>
  <testcase name="validateOriginForDemo" time="0.025" classname="com.amc.testclasses.RLTestCasesForDemo"/>
  <testcase name="validateProductionCompanyForDemo" time="0.025" classname="com.amc.testclasses.RLTestCasesForDemo"/>
  <testcase name="validateProductionModeForDemo" time="0.026" classname="com.amc.testclasses.RLTestCasesForDemo"/>
  <testcase name="validateReleaseYearForDemo" time="0.022" classname="com.amc.testclasses.RLTestCasesForDemo"/>
  <testcase name="validateTRTForDemo" time="0.025" classname="com.amc.testclasses.RLTestCasesForDemo">
    <failure type="org.json.JSONException" message="JSONObject[&amp;quot;tdc:TITLE_CUST_field_83&amp;quot;] not found.">
      <![CDATA[org.json.JSONException: JSONObject["tdc:TITLE_CUST_field_83"] not found.
at org.json.JSONObject.get(JSONObject.java:520)
at com.amc.pageobjects.ApiExecutionTypes.getValue(ApiExecutionTypes.java:473)
at com.amc.pageobjects.LoginModule.validateRLValuesWithMP(LoginModule.java:83)
at com.amc.testclasses.RLTestCasesForDemo.validateTRTForDemo(RLTestCasesForDemo.java:179)
at java.util.concurrent.ThreadPoolExecutor.runWorker(ThreadPoolExecutor.java:1149)
at java.util.concurrent.ThreadPoolExecutor$Worker.run(ThreadPoolExecutor.java:624)
at java.lang.Thread.run(Thread.java:748)
... Removed 10 stack frames]]>
    </failure>
  </testcase> <!-- validateTRTForDemo -->
  <testcase name="validateTitleTypeForDemo" time="0.024" classname="com.amc.testclasses.RLTestCasesForDemo"/>
</testsuite> <!-- AssetCreationForDemo -->
