<?xml version="1.0" encoding="UTF-8"?>
<!-- Generated by org.testng.reporters.JUnitXMLReporter -->
<testsuite hostname="MONO-HYD-LAP-41" ignored="0" name="AssetCreationForPilot" tests="16" failures="1" timestamp="16 May 2019 08:59:46 GMT" time="16.916" errors="0">
  <testcase name="validateAMCNIDForPilot" time="0.061" classname="com.amc.testclasses.RLTestCasesForPilot"/>
  <testcase name="validateAlternativeTitleForAKAForPilot" time="0.02" classname="com.amc.testclasses.RLTestCasesForPilot"/>
  <testcase name="validateAlternativeTitleForLegalForPilot" time="0.023" classname="com.amc.testclasses.RLTestCasesForPilot"/>
  <testcase name="validateAlternativeTitleTypeForAKAForPilot" time="0.038" classname="com.amc.testclasses.RLTestCasesForPilot"/>
  <testcase name="validateAlternativeTitleTypeForLegalTypeForPilot" time="0.04" classname="com.amc.testclasses.RLTestCasesForPilot"/>
  <testcase name="validateAssetShowTypeForPilot" time="0.024" classname="com.amc.testclasses.RLTestCasesForPilot"/>
  <testcase name="validateAssetSourceForPilot" time="0.024" classname="com.amc.testclasses.RLTestCasesForPilot"/>
  <testcase name="validateAssetTitleForPilot" time="0.035" classname="com.amc.testclasses.RLTestCasesForPilot"/>
  <testcase name="validateCastTypeForPilot" time="0.037" classname="com.amc.testclasses.RLTestCasesForPilot"/>
  <testcase name="validateFirstNameOfCastMemberForPilot" time="0.034" classname="com.amc.testclasses.RLTestCasesForPilot"/>
  <testcase name="validateOriginForPilot" time="0.026" classname="com.amc.testclasses.RLTestCasesForPilot"/>
  <testcase name="validateProductionCompanyForPilot" time="0.029" classname="com.amc.testclasses.RLTestCasesForPilot"/>
  <testcase name="validateProductionModeForPilot" time="0.03" classname="com.amc.testclasses.RLTestCasesForPilot"/>
  <testcase name="validateReleaseYearForPilot" time="0.035" classname="com.amc.testclasses.RLTestCasesForPilot"/>
  <testcase name="validateTRTForPilot" time="0.023" classname="com.amc.testclasses.RLTestCasesForPilot">
    <failure type="org.json.JSONException" message="JSONObject[&amp;quot;tdc:TITLE_CUST_field_83&amp;quot;] not found.">
      <![CDATA[org.json.JSONException: JSONObject["tdc:TITLE_CUST_field_83"] not found.
at org.json.JSONObject.get(JSONObject.java:520)
at com.amc.pageobjects.ApiExecutionTypes.getValue(ApiExecutionTypes.java:473)
at com.amc.pageobjects.LoginModule.validateRLValuesWithMP(LoginModule.java:83)
at com.amc.testclasses.RLTestCasesForPilot.validateTRTForPilot(RLTestCasesForPilot.java:180)
at java.util.concurrent.ThreadPoolExecutor.runWorker(ThreadPoolExecutor.java:1149)
at java.util.concurrent.ThreadPoolExecutor$Worker.run(ThreadPoolExecutor.java:624)
at java.lang.Thread.run(Thread.java:748)
... Removed 10 stack frames]]>
    </failure>
  </testcase> <!-- validateTRTForPilot -->
  <testcase name="validateTitleTypeForPilot" time="0.029" classname="com.amc.testclasses.RLTestCasesForPilot"/>
</testsuite> <!-- AssetCreationForPilot -->
