<?xml version="1.0" encoding="UTF-8"?>
<!-- Generated by org.testng.reporters.JUnitXMLReporter -->
<testsuite hostname="MONO-HYD-LAP-41" ignored="0" name="AssetCreationForDocumentary" tests="16" failures="1" timestamp="16 May 2019 08:59:29 GMT" time="16.962" errors="0">
  <testcase name="validateAMCNIDForDocumentary" time="0.047" classname="com.amc.testclasses.RLTestCasesForDocumentary"/>
  <testcase name="validateAlternativeTitleForAKAForDocumentary" time="0.021" classname="com.amc.testclasses.RLTestCasesForDocumentary"/>
  <testcase name="validateAlternativeTitleForLegalForDocumentary" time="0.019" classname="com.amc.testclasses.RLTestCasesForDocumentary"/>
  <testcase name="validateAlternativeTitleTypeForAKAForDocumentary" time="0.037" classname="com.amc.testclasses.RLTestCasesForDocumentary"/>
  <testcase name="validateAlternativeTitleTypeForLegalTypeForDocumentary" time="0.04" classname="com.amc.testclasses.RLTestCasesForDocumentary"/>
  <testcase name="validateAssetShowTypeForDocumentary" time="0.026" classname="com.amc.testclasses.RLTestCasesForDocumentary"/>
  <testcase name="validateAssetSourceForDocumentary" time="0.025" classname="com.amc.testclasses.RLTestCasesForDocumentary"/>
  <testcase name="validateAssetTitleForDocumentary" time="0.038" classname="com.amc.testclasses.RLTestCasesForDocumentary"/>
  <testcase name="validateCastTypeForDocumentary" time="0.022" classname="com.amc.testclasses.RLTestCasesForDocumentary"/>
  <testcase name="validateFirstNameOfCastMemberForDocumentary" time="0.022" classname="com.amc.testclasses.RLTestCasesForDocumentary"/>
  <testcase name="validateOriginForDocumentary" time="0.029" classname="com.amc.testclasses.RLTestCasesForDocumentary"/>
  <testcase name="validateProductionCompanyForDocumentary" time="0.02" classname="com.amc.testclasses.RLTestCasesForDocumentary"/>
  <testcase name="validateProductionModeForDocumentary" time="0.035" classname="com.amc.testclasses.RLTestCasesForDocumentary"/>
  <testcase name="validateReleaseYearForDocumentary" time="0.025" classname="com.amc.testclasses.RLTestCasesForDocumentary"/>
  <testcase name="validateTRTForDocumentary" time="0.021" classname="com.amc.testclasses.RLTestCasesForDocumentary">
    <failure type="org.json.JSONException" message="JSONObject[&amp;quot;tdc:TITLE_CUST_field_83&amp;quot;] not found.">
      <![CDATA[org.json.JSONException: JSONObject["tdc:TITLE_CUST_field_83"] not found.
at org.json.JSONObject.get(JSONObject.java:520)
at com.amc.pageobjects.ApiExecutionTypes.getValue(ApiExecutionTypes.java:473)
at com.amc.pageobjects.LoginModule.validateRLValuesWithMP(LoginModule.java:83)
at com.amc.testclasses.RLTestCasesForDocumentary.validateTRTForDocumentary(RLTestCasesForDocumentary.java:180)
at java.util.concurrent.ThreadPoolExecutor.runWorker(ThreadPoolExecutor.java:1149)
at java.util.concurrent.ThreadPoolExecutor$Worker.run(ThreadPoolExecutor.java:624)
at java.lang.Thread.run(Thread.java:748)
... Removed 10 stack frames]]>
    </failure>
  </testcase> <!-- validateTRTForDocumentary -->
  <testcase name="validateTitleTypeForDocumentary" time="0.037" classname="com.amc.testclasses.RLTestCasesForDocumentary"/>
</testsuite> <!-- AssetCreationForDocumentary -->
