<?xml version="1.0" encoding="UTF-8"?>
<!-- Generated by org.testng.reporters.JUnitReportReporter -->
<testsuite skipped="16" hostname="MONO-HYD-LAP-41" name="com.amc.testclasses.RLTestCasesForSpecial" tests="18" failures="1" timestamp="16 May 2019 10:19:43 GMT" time="0.103" errors="1">
  <testcase name="validateFirstNameOfCastMemberForSpecial" time="0.000" classname="com.amc.testclasses.RLTestCasesForSpecial">
    <skipped/>
  </testcase> <!-- validateFirstNameOfCastMemberForSpecial -->
  <testcase name="validateTRTForSpecial" time="0.000" classname="com.amc.testclasses.RLTestCasesForSpecial">
    <skipped/>
  </testcase> <!-- validateTRTForSpecial -->
  <testcase name="validateAlternativeTitleTypeForAKAForSpecial" time="0.000" classname="com.amc.testclasses.RLTestCasesForSpecial">
    <skipped/>
  </testcase> <!-- validateAlternativeTitleTypeForAKAForSpecial -->
  <testcase name="validateCastTypeForSpecial" time="0.000" classname="com.amc.testclasses.RLTestCasesForSpecial">
    <skipped/>
  </testcase> <!-- validateCastTypeForSpecial -->
  <testcase name="validateProductionCompanyForSpecial" time="0.000" classname="com.amc.testclasses.RLTestCasesForSpecial">
    <skipped/>
  </testcase> <!-- validateProductionCompanyForSpecial -->
  <testcase name="validateAlternativeTitleTypeForLegalTypeForSpecial" time="0.000" classname="com.amc.testclasses.RLTestCasesForSpecial">
    <skipped/>
  </testcase> <!-- validateAlternativeTitleTypeForLegalTypeForSpecial -->
  <testcase name="validateTitleTypeForSpecial" time="0.000" classname="com.amc.testclasses.RLTestCasesForSpecial">
    <skipped/>
  </testcase> <!-- validateTitleTypeForSpecial -->
  <testcase name="validateReleaseYearForSpecial" time="0.000" classname="com.amc.testclasses.RLTestCasesForSpecial">
    <skipped/>
  </testcase> <!-- validateReleaseYearForSpecial -->
  <testcase name="validateAlternativeTitleForLegalForSpecial" time="0.000" classname="com.amc.testclasses.RLTestCasesForSpecial">
    <skipped/>
  </testcase> <!-- validateAlternativeTitleForLegalForSpecial -->
  <testcase name="setExcelValuesToInitialValue" time="0.001" classname="com.amc.testclasses.RLTestCasesForSpecial">
    <error type="java.io.FileNotFoundException" message="D:\AMC\AMCNetworks\src\main\java\com\amc\datasheets\AssestsIntegration.xlsx (The process cannot access the file because it is being used by another process)">
      <![CDATA[java.io.FileNotFoundException: D:\AMC\AMCNetworks\src\main\java\com\amc\datasheets\AssestsIntegration.xlsx (The process cannot access the file because it is being used by another process)
at java.io.FileOutputStream.open0(Native Method)
at java.io.FileOutputStream.open(FileOutputStream.java:270)
at java.io.FileOutputStream.<init>(FileOutputStream.java:213)
at java.io.FileOutputStream.<init>(FileOutputStream.java:101)
at com.amc.baseclass.AMCBaseClass.setExcelValuesToInitialValue(AMCBaseClass.java:204)
at sun.reflect.NativeMethodAccessorImpl.invoke0(Native Method)
at sun.reflect.NativeMethodAccessorImpl.invoke(NativeMethodAccessorImpl.java:62)
at sun.reflect.DelegatingMethodAccessorImpl.invoke(DelegatingMethodAccessorImpl.java:43)
at java.lang.reflect.Method.invoke(Method.java:498)
at org.testng.internal.MethodInvocationHelper.invokeMethod(MethodInvocationHelper.java:124)
at org.testng.internal.MethodInvocationHelper.invokeMethodConsideringTimeout(MethodInvocationHelper.java:59)
at org.testng.internal.Invoker.invokeConfigurationMethod(Invoker.java:458)
at org.testng.internal.Invoker.invokeConfigurations(Invoker.java:222)
at org.testng.internal.Invoker.invokeConfigurations(Invoker.java:142)
at org.testng.TestRunner.afterRun(TestRunner.java:725)
at org.testng.TestRunner.run(TestRunner.java:509)
at org.testng.SuiteRunner.runTest(SuiteRunner.java:455)
at org.testng.SuiteRunner.runSequentially(SuiteRunner.java:450)
at org.testng.SuiteRunner.privateRun(SuiteRunner.java:415)
at org.testng.SuiteRunner.run(SuiteRunner.java:364)
at org.testng.SuiteRunnerWorker.runSuite(SuiteRunnerWorker.java:52)
at org.testng.SuiteRunnerWorker.run(SuiteRunnerWorker.java:84)
at org.testng.TestNG.runSuitesSequentially(TestNG.java:1208)
at org.testng.TestNG.runSuitesLocally(TestNG.java:1137)
at org.testng.TestNG.runSuites(TestNG.java:1049)
at org.testng.TestNG.run(TestNG.java:1017)
at org.testng.remote.AbstractRemoteTestNG.run(AbstractRemoteTestNG.java:114)
at org.testng.remote.RemoteTestNG.initAndRun(RemoteTestNG.java:251)
at org.testng.remote.RemoteTestNG.main(RemoteTestNG.java:77)
]]>
    </error>
  </testcase> <!-- setExcelValuesToInitialValue -->
  <testcase name="validateAMCNIDForSpecial" time="0.000" classname="com.amc.testclasses.RLTestCasesForSpecial">
    <skipped/>
  </testcase> <!-- validateAMCNIDForSpecial -->
  <testcase name="validateProductionModeForSpecial" time="0.000" classname="com.amc.testclasses.RLTestCasesForSpecial">
    <skipped/>
  </testcase> <!-- validateProductionModeForSpecial -->
  <testcase name="validateAssetShowTypeForSpecial" time="0.000" classname="com.amc.testclasses.RLTestCasesForSpecial">
    <skipped/>
  </testcase> <!-- validateAssetShowTypeForSpecial -->
  <testcase name="validateOriginForSpecial" time="0.000" classname="com.amc.testclasses.RLTestCasesForSpecial">
    <skipped/>
  </testcase> <!-- validateOriginForSpecial -->
  <testcase name="validateAssetSourceForSpecial" time="0.000" classname="com.amc.testclasses.RLTestCasesForSpecial">
    <skipped/>
  </testcase> <!-- validateAssetSourceForSpecial -->
  <testcase name="validateAlternativeTitleForAKAForSpecial" time="0.000" classname="com.amc.testclasses.RLTestCasesForSpecial">
    <skipped/>
  </testcase> <!-- validateAlternativeTitleForAKAForSpecial -->
  <testcase name="validateAssetTitleForSpecial" time="0.000" classname="com.amc.testclasses.RLTestCasesForSpecial">
    <skipped/>
  </testcase> <!-- validateAssetTitleForSpecial -->
  <testcase name="checkExecutionCondition" time="0.102" classname="com.amc.testclasses.RLTestCasesForSpecial">
    <failure type="java.lang.AssertionError" message="Special did not get created">
      <![CDATA[java.lang.AssertionError: Special did not get created
at org.testng.Assert.fail(Assert.java:96)
at com.amc.baseclass.AMCBaseClass.checkExecutionCondition(AMCBaseClass.java:193)
at sun.reflect.NativeMethodAccessorImpl.invoke0(Native Method)
at sun.reflect.NativeMethodAccessorImpl.invoke(NativeMethodAccessorImpl.java:62)
at sun.reflect.DelegatingMethodAccessorImpl.invoke(DelegatingMethodAccessorImpl.java:43)
at java.lang.reflect.Method.invoke(Method.java:498)
at org.testng.internal.MethodInvocationHelper.invokeMethod(MethodInvocationHelper.java:124)
at org.testng.internal.MethodInvocationHelper.invokeMethodConsideringTimeout(MethodInvocationHelper.java:59)
at org.testng.internal.Invoker.invokeConfigurationMethod(Invoker.java:458)
at org.testng.internal.Invoker.invokeConfigurations(Invoker.java:222)
at org.testng.internal.Invoker.invokeConfigurations(Invoker.java:142)
at org.testng.internal.TestMethodWorker.invokeBeforeClassMethods(TestMethodWorker.java:168)
at org.testng.internal.TestMethodWorker.run(TestMethodWorker.java:105)
at java.util.concurrent.ThreadPoolExecutor.runWorker(ThreadPoolExecutor.java:1149)
at java.util.concurrent.ThreadPoolExecutor$Worker.run(ThreadPoolExecutor.java:624)
at java.lang.Thread.run(Thread.java:748)
]]>
    </failure>
  </testcase> <!-- checkExecutionCondition -->
</testsuite> <!-- com.amc.testclasses.RLTestCasesForSpecial -->
