<?xml version="1.0" encoding="UTF-8"?>
<!-- Generated by org.testng.reporters.JUnitReportReporter -->
<testsuite skipped="16" hostname="MONO-HYD-LAP-41" name="com.amc.testclasses.RLTestCasesForFeatureLength" tests="18" failures="1" timestamp="16 May 2019 10:19:43 GMT" time="0.103" errors="1">
  <testcase name="validateAMCNIDForFeatureLength" time="0.000" classname="com.amc.testclasses.RLTestCasesForFeatureLength">
    <skipped/>
  </testcase> <!-- validateAMCNIDForFeatureLength -->
  <testcase name="validateFirstNameOfCastMemberForFeatureLength" time="0.000" classname="com.amc.testclasses.RLTestCasesForFeatureLength">
    <skipped/>
  </testcase> <!-- validateFirstNameOfCastMemberForFeatureLength -->
  <testcase name="validateAlternativeTitleTypeForLegalTypeForFeatureLength" time="0.000" classname="com.amc.testclasses.RLTestCasesForFeatureLength">
    <skipped/>
  </testcase> <!-- validateAlternativeTitleTypeForLegalTypeForFeatureLength -->
  <testcase name="setExcelValuesToInitialValue" time="0.002" classname="com.amc.testclasses.RLTestCasesForFeatureLength">
    <error type="java.io.FileNotFoundException" message="D:\AMC\AMCNetworks\src\main\java\com\amc\datasheets\AssestsIntegration.xlsx (The process cannot access the file because it is being used by another process)">
      <![CDATA[java.io.FileNotFoundException: D:\AMC\AMCNetworks\src\main\java\com\amc\datasheets\AssestsIntegration.xlsx (The process cannot access the file because it is being used by another process)
at java.io.FileOutputStream.open0(Native Method)
at java.io.FileOutputStream.open(FileOutputStream.java:270)
at java.io.FileOutputStream.<init>(FileOutputStream.java:213)
at java.io.FileOutputStream.<init>(FileOutputStream.java:101)
at com.amc.baseclass.AMCBaseClass.setExcelValuesToInitialValue(AMCBaseClass.java:204)
at sun.reflect.NativeMethodAccessorImpl.invoke0(Native Method)
at sun.reflect.NativeMethodAccessorImpl.invoke(NativeMethodAccessorImpl.java:62)
at sun.reflect.DelegatingMethodAccessorImpl.invoke(DelegatingMethodAccessorImpl.java:43)
at java.lang.reflect.Method.invoke(Method.java:498)
at org.testng.internal.MethodInvocationHelper.invokeMethod(MethodInvocationHelper.java:124)
at org.testng.internal.MethodInvocationHelper.invokeMethodConsideringTimeout(MethodInvocationHelper.java:59)
at org.testng.internal.Invoker.invokeConfigurationMethod(Invoker.java:458)
at org.testng.internal.Invoker.invokeConfigurations(Invoker.java:222)
at org.testng.internal.Invoker.invokeConfigurations(Invoker.java:142)
at org.testng.TestRunner.afterRun(TestRunner.java:725)
at org.testng.TestRunner.run(TestRunner.java:509)
at org.testng.SuiteRunner.runTest(SuiteRunner.java:455)
at org.testng.SuiteRunner.runSequentially(SuiteRunner.java:450)
at org.testng.SuiteRunner.privateRun(SuiteRunner.java:415)
at org.testng.SuiteRunner.run(SuiteRunner.java:364)
at org.testng.SuiteRunnerWorker.runSuite(SuiteRunnerWorker.java:52)
at org.testng.SuiteRunnerWorker.run(SuiteRunnerWorker.java:84)
at org.testng.TestNG.runSuitesSequentially(TestNG.java:1208)
at org.testng.TestNG.runSuitesLocally(TestNG.java:1137)
at org.testng.TestNG.runSuites(TestNG.java:1049)
at org.testng.TestNG.run(TestNG.java:1017)
at org.testng.remote.AbstractRemoteTestNG.run(AbstractRemoteTestNG.java:114)
at org.testng.remote.RemoteTestNG.initAndRun(RemoteTestNG.java:251)
at org.testng.remote.RemoteTestNG.main(RemoteTestNG.java:77)
]]>
    </error>
  </testcase> <!-- setExcelValuesToInitialValue -->
  <testcase name="validateCastTypeForFeatureLength" time="0.000" classname="com.amc.testclasses.RLTestCasesForFeatureLength">
    <skipped/>
  </testcase> <!-- validateCastTypeForFeatureLength -->
  <testcase name="validateProductionModeForFeatureLength" time="0.000" classname="com.amc.testclasses.RLTestCasesForFeatureLength">
    <skipped/>
  </testcase> <!-- validateProductionModeForFeatureLength -->
  <testcase name="validateAlternativeTitleForAKAForFeatureLength" time="0.000" classname="com.amc.testclasses.RLTestCasesForFeatureLength">
    <skipped/>
  </testcase> <!-- validateAlternativeTitleForAKAForFeatureLength -->
  <testcase name="checkExecutionCondition" time="0.101" classname="com.amc.testclasses.RLTestCasesForFeatureLength">
    <failure type="java.lang.AssertionError" message="Feature Length did not get created">
      <![CDATA[java.lang.AssertionError: Feature Length did not get created
at org.testng.Assert.fail(Assert.java:96)
at com.amc.baseclass.AMCBaseClass.checkExecutionCondition(AMCBaseClass.java:193)
at sun.reflect.NativeMethodAccessorImpl.invoke0(Native Method)
at sun.reflect.NativeMethodAccessorImpl.invoke(NativeMethodAccessorImpl.java:62)
at sun.reflect.DelegatingMethodAccessorImpl.invoke(DelegatingMethodAccessorImpl.java:43)
at java.lang.reflect.Method.invoke(Method.java:498)
at org.testng.internal.MethodInvocationHelper.invokeMethod(MethodInvocationHelper.java:124)
at org.testng.internal.MethodInvocationHelper.invokeMethodConsideringTimeout(MethodInvocationHelper.java:59)
at org.testng.internal.Invoker.invokeConfigurationMethod(Invoker.java:458)
at org.testng.internal.Invoker.invokeConfigurations(Invoker.java:222)
at org.testng.internal.Invoker.invokeConfigurations(Invoker.java:142)
at org.testng.internal.TestMethodWorker.invokeBeforeClassMethods(TestMethodWorker.java:168)
at org.testng.internal.TestMethodWorker.run(TestMethodWorker.java:105)
at java.util.concurrent.ThreadPoolExecutor.runWorker(ThreadPoolExecutor.java:1149)
at java.util.concurrent.ThreadPoolExecutor$Worker.run(ThreadPoolExecutor.java:624)
at java.lang.Thread.run(Thread.java:748)
]]>
    </failure>
  </testcase> <!-- checkExecutionCondition -->
  <testcase name="validateTitleTypeForFeatureLength" time="0.000" classname="com.amc.testclasses.RLTestCasesForFeatureLength">
    <skipped/>
  </testcase> <!-- validateTitleTypeForFeatureLength -->
  <testcase name="validateProductionCompanyForFeatureLength" time="0.000" classname="com.amc.testclasses.RLTestCasesForFeatureLength">
    <skipped/>
  </testcase> <!-- validateProductionCompanyForFeatureLength -->
  <testcase name="validateAssetShowTypeForFeatureLength" time="0.000" classname="com.amc.testclasses.RLTestCasesForFeatureLength">
    <skipped/>
  </testcase> <!-- validateAssetShowTypeForFeatureLength -->
  <testcase name="validateAlternativeTitleForLegalForFeatureLength" time="0.000" classname="com.amc.testclasses.RLTestCasesForFeatureLength">
    <skipped/>
  </testcase> <!-- validateAlternativeTitleForLegalForFeatureLength -->
  <testcase name="validateOriginForFeatureLength" time="0.000" classname="com.amc.testclasses.RLTestCasesForFeatureLength">
    <skipped/>
  </testcase> <!-- validateOriginForFeatureLength -->
  <testcase name="validateAssetSourceForFeatureLength" time="0.000" classname="com.amc.testclasses.RLTestCasesForFeatureLength">
    <skipped/>
  </testcase> <!-- validateAssetSourceForFeatureLength -->
  <testcase name="validateTRTForFeatureLength" time="0.000" classname="com.amc.testclasses.RLTestCasesForFeatureLength">
    <skipped/>
  </testcase> <!-- validateTRTForFeatureLength -->
  <testcase name="validateReleaseYearForFeatureLength" time="0.000" classname="com.amc.testclasses.RLTestCasesForFeatureLength">
    <skipped/>
  </testcase> <!-- validateReleaseYearForFeatureLength -->
  <testcase name="validateAssetTitleForFeatureLength" time="0.000" classname="com.amc.testclasses.RLTestCasesForFeatureLength">
    <skipped/>
  </testcase> <!-- validateAssetTitleForFeatureLength -->
  <testcase name="validateAlternativeTitleTypeForAKAForFeatureLength" time="0.000" classname="com.amc.testclasses.RLTestCasesForFeatureLength">
    <skipped/>
  </testcase> <!-- validateAlternativeTitleTypeForAKAForFeatureLength -->
</testsuite> <!-- com.amc.testclasses.RLTestCasesForFeatureLength -->
